<?xml version="1.0" ?>
<jcml>
	<judgedsentence id="52" langsrc="en" langtgt="fr" rank="1" src-length="17" src-long="0" src-short="0" src-toolong="0" testset="test2008">
		<src>
			It is our job to continue to support Latvia with the integration of the Russian population.
		</src>
		<tgt system="rbmt3">
			Il est notre travail de continuer à soutenir la Lettonie avec l'intégration de la population russe.
		</tgt>
		<tgt system="limsi">
			Il est de notre devoir de continuer à soutenir la Lettonie, avec l'intégration de la population russe.
		</tgt>
		<ref>
			?
		</ref>
	</judgedsentence>
	<judgedsentence id="82" langsrc="en" langtgt="fr" rank="-1" src-length="31" src-long="1" src-short="0" src-toolong="0" testset="test2008">
		<src>
			I think specifically that in going too quickly to six then to fifteen we have displayed our inability to build a Europe which respects the disparities between its initial members.
		</src>
		<tgt system="rbmt3">
			Je pense précisément qu'en allant trop rapidement à six alors à quinze nous avons montré notre incapacité de bâtir l'une Europe qui respecte les disparités entre ses membres initiaux.
		</tgt>
		<tgt system="limsi">
			Je pense en particulier à aller trop vite à six, à quinze, nous avons manifesté notre incapacité à construire une Europe qui respecte les disparités entre les États membres.
		</tgt>
		<ref>
			?
		</ref>
	</judgedsentence>
	<judgedsentence id="85" langsrc="en" langtgt="fr" rank="0" src-length="48" src-long="1" src-short="0" src-toolong="0" testset="test2008">
		<src>
			It is for these reasons and, more importantly, because of our own experience in Greece, that our opposition to the enlargement of the European Union is meant as an expression of brotherly solidarity to the workers and people in general in the candidate countries.
		</src>
		<tgt system="rbmt3">
			Il est pour ces raisons et, de façon plus importante, à cause de notre propre expérience en Grèce, que notre opposition à l'agrandissement de l'Union européenne est eue en tête comme expression de solidarité fraternelle aux travailleurs et aux personnes en général dans les pays de candidat.
		</tgt>
		<tgt system="limsi">
			C' est pour ces raisons et, plus important encore, en raison de notre propre expérience en Grèce, que notre opposition à l'élargissement de l'Union européenne est une expression de solidarité fraternelle pour les travailleurs et les citoyens en général dans les pays candidats.
		</tgt>
		<ref>
			?
		</ref>
	</judgedsentence>
	<judgedsentence id="103" langsrc="en" langtgt="fr" rank="-1" src-length="24" src-long="0" src-short="0" src-toolong="0" testset="test2008">
		<src>
			And, in addition, we really must see to it at the same time that the proper administrative practices are in place.
		</src>
		<tgt system="rbmt3">
			Et en plus, nous devons vraiment nous en occuper à la fois que les bonnes pratiques administratives sont à la place.
		</tgt>
		<tgt system="saar">
			Et, en outre, nous devons veiller à ce que, dans le même temps que les pratiques administratives nécessaires sont en place.
		</tgt>
		<ref>
			?
		</ref>
	</judgedsentence>
	<judgedsentence id="104" langsrc="en" langtgt="fr" rank="-1" src-length="41" src-long="1" src-short="0" src-toolong="0" testset="test2008">
		<src>
			As Vice-President of our joint parliamentary committee with the Czech Republic, I can vouch for the fact that this is true of the Czech Republic, but I assume the same applies to a number of other States too.
		</src>
		<tgt system="rbmt3">
			Comme Vice-Président de notre articulation comité parlementaire avec la République Tchèque, je peux témoigner pour le fait que c'est vrai pour la République Tchèque, mais je suppose que le même s'applique à un nombre d'autres États-Unis aussi.
		</tgt>
		<tgt system="saar">
			En tant que vice-président de la commission parlementaire mixte avec la République tchèque, je peux témoigner du fait que c ’ est le cas de la République tchèque, mais je suppose que la même chose s ’ applique à un certain nombre d' autres États.
		</tgt>
		<ref>
			?
		</ref>
	</judgedsentence>
	<judgedsentence id="153" langsrc="en" langtgt="fr" rank="0" src-length="36" src-long="1" src-short="0" src-toolong="0" testset="test2008">
		<src>
			It is to be hoped that the governments of the applicant countries will continue strengthening their administrative capacity so that the EU' s acquis communautaire can be implemented in these countries prior to accession.
		</src>
		<tgt system="rbmt3">
			Il est d'être espéré que les gouvernements des pays de candidat continueront à renforcer leur capacité administrative pour que l'UE' s acquis communautaire peut être exécuté dans ces pays avant l'accession.
		</tgt>
		<tgt system="saar">
			Il est à espérer que les gouvernements des pays candidats vont continuer à renforcer leur capacité administrative afin que l' acquis de l' UE peut être mis en œuvre dans ces pays avant l ’ adhésion.
		</tgt>
		<ref>
			?
		</ref>
	</judgedsentence>
	<judgedsentence id="182" langsrc="en" langtgt="fr" rank="0" src-length="29" src-long="1" src-short="0" src-toolong="0" testset="test2008">
		<src>
			The President of Italy addressed this House today and I was interested when he said that it was not the aim of this Union to negate national values.
		</src>
		<tgt system="rbmt3">
			Le Président de l'Italie adressait cette Maison aujourd'hui et j'étais intéressé quand il disait qu'il n'était pas le but de cette Union de nier des valeurs nationales.
		</tgt>
		<tgt system="saar">
			Le président de l ’ Italie adressé à cette Assemblée aujourd ’ hui et je me suis intéressé lorsqu' il dit qu' il n' était pas l' objectif de l' Union de réduire à néant les valeurs.
		</tgt>
		<ref>
			?
		</ref>
	</judgedsentence>
	<judgedsentence id="303" langsrc="en" langtgt="fr" rank="0" src-length="52" src-long="1" src-short="0" src-toolong="1" testset="test2008">
		<src>
			We Independents therefore support - above all, in the interests of enabling the Internal Market to function successfully - the demand of the Committee on Legal Affairs and the Internal Market, for the Commission to draft a legislative proposal concerning the place in which the customs debt was incurred.
		</src>
		<tgt system="rbmt3">
			Nous non-inscrits soutenons par conséquent - au-dessus de tout, dans les intérêts de permettre au Marché Interne de fonctionner de façon réussie - la demande du Comité sur des Affaires Légales et le Marché Interne, pour que la Commission prépare une proposition législative quant à l'endroit dans lequel la dette de coutumes était encourue.
		</tgt>
		<tgt system="saar">
			En tant que libéraux, nous avons donc, avant tout, dans l ’ intérêt de permettre au marché intérieur de fonctionner avec succès - la demande de la commission juridique et du marché intérieur, pour la Commission d' élaborer une proposition législative sur la place de la dette douanière a été occasionnés.
		</tgt>
		<ref>
			?
		</ref>
	</judgedsentence>
	<judgedsentence id="303" langsrc="en" langtgt="fr" rank="-1" src-length="52" src-long="1" src-short="0" src-toolong="1" testset="test2008">
		<src>
			We Independents therefore support - above all, in the interests of enabling the Internal Market to function successfully - the demand of the Committee on Legal Affairs and the Internal Market, for the Commission to draft a legislative proposal concerning the place in which the customs debt was incurred.
		</src>
		<tgt system="rbmt3">
			Nous non-inscrits soutenons par conséquent - au-dessus de tout, dans les intérêts de permettre au Marché Interne de fonctionner de façon réussie - la demande du Comité sur des Affaires Légales et le Marché Interne, pour que la Commission prépare une proposition législative quant à l'endroit dans lequel la dette de coutumes était encourue.
		</tgt>
		<tgt system="limsi">
			Nous ne soutenons donc - surtout dans l'intérêt du marché intérieur de fonctionner avec succès - la demande de la commission juridique et du marché intérieur, pour la Commission d'élaborer une proposition législative concernant le lieu où la dette douanière, a été acquittée.
		</tgt>
		<ref>
			?
		</ref>
	</judgedsentence>
	<judgedsentence id="421" langsrc="en" langtgt="fr" rank="-1" src-length="22" src-long="0" src-short="0" src-toolong="0" testset="test2008">
		<src>
			As a result, I consider that Article 7(4) of our Rules of Procedure has not been respected.
		</src>
		<tgt system="rbmt3">
			En conséquence, je considère cet Article 7 (4) de nos Règles de la Procédure n'a pas été respecté.
		</tgt>
		<tgt system="saar">
			En conséquence, je considère que l ’ article 7, paragraphe 4, de notre règlement n ’ a pas été respecté.
		</tgt>
		<ref>
			?
		</ref>
	</judgedsentence>
	<judgedsentence id="428" langsrc="en" langtgt="fr" rank="1" src-length="20" src-long="0" src-short="0" src-toolong="0" testset="test2008">
		<src>
			There is one basic issue, however, that I would like the President-in-Office of the Council to clarify.
		</src>
		<tgt system="rbmt3">
			Il y a une question fondamentale, pourtant, que moi would comme le Président-dedans-Office du Conseil à s'expliquer.
		</tgt>
		<tgt system="saar">
			Il y a un problème fondamental, toutefois, que je voudrais que le président en exercice du Conseil à clarifier.
		</tgt>
		<ref>
			?
		</ref>
	</judgedsentence>
	<judgedsentence id="453" langsrc="en" langtgt="fr" rank="-1" src-length="28" src-long="1" src-short="0" src-toolong="0" testset="test2008">
		<src>
			Thirty years ago, great countries in the South of Europe lived under dictatorship, and Eastern Europe was subsisting under the yoke of the Soviet Union.
		</src>
		<tgt system="rbmt3">
			Il y a trente ans, les grands pays dans le Sud de l'Europe vivaient sous la dictature, et Europe de l'Est subsistait sous le joug de l'Union soviétique.
		</tgt>
		<tgt system="limsi">
			Il y a trente ans, beaucoup de pays du Sud de l'Europe ont vécu sous la dictature, et l'Europe orientale a été survivre sous le joug de l'Union soviétique.
		</tgt>
		<ref>
			?
		</ref>
	</judgedsentence>
	<judgedsentence id="499" langsrc="en" langtgt="fr" rank="-1" src-length="15" src-long="0" src-short="0" src-toolong="0" testset="test2008">
		<src>
			But I would also urge Parliament to be prepared to negotiate in these matters.
		</src>
		<tgt system="rbmt3">
			Mais je pousserais aussi du Parlement à être préparé négocier dans cesmatières.
		</tgt>
		<tgt system="saar">
			Mais je voudrais également inviter le Parlement à être prêts à négocier en ces matières.
		</tgt>
		<ref>
			?
		</ref>
	</judgedsentence>
	<judgedsentence id="515" langsrc="en" langtgt="fr" rank="-1" src-length="48" src-long="1" src-short="0" src-toolong="0" testset="test2008">
		<src>
			What we are not prepared to do though, is to simply dismiss out of hand, things we believe to be necessary, and which have been recognised as necessities following negotiations with yourself and the Commission, when there are new items on the agenda.
		</src>
		<tgt system="rbmt3">
			Que nous ne sommes pas préparés faire toutefois, doit simplement renvoyer en dehors de main, choses qui nous croyons que sont nécessaires, et qu'ont été reconnus comme des nécessités suite à des négociations avec vous-même et la Commission, quand il y a de nouveaux articles sur le programme.
		</tgt>
		<tgt system="limsi">
			Ce que nous ne sommes pas prêts à faire est de simplement rejeter, nous estimons nécessaire et qui ont été reconnues comme des produits de première nécessité à la suite de négociations avec la Commission et à vous-même, quand il y a de nouveaux points à l'ordre du jour.
		</tgt>
		<ref>
			?
		</ref>
	</judgedsentence>
	<judgedsentence id="556" langsrc="en" langtgt="fr" rank="-1" src-length="48" src-long="1" src-short="0" src-toolong="0" testset="test2008">
		<src>
			Mr President, it is a promising development that, this year, we are close to sharing the Council' s views where most of the important points are concerned and that we can show budgetary discipline but still uphold most of Parliament' s priorities.
		</src>
		<tgt system="rbmt3">
			M. Président, il est un développement prometteur que, cette année, nous soyons près de partager le Conseil' que s considère où la plupart des points importants s'inquiètent et que nous pouvons montrer de la discipline budgétaire mais soutenir encore la Plupart de Parlement' priorités de s.
		</tgt>
		<tgt system="limsi">
			Monsieur le Président, c'est une évolution que, cette année, nous sommes proches de partager la position du Conseil où la plupart des points importants sont concernés et que nous puissions montrer à la discipline budgétaire, mais encore soutenir la plupart des priorités du Parlement.
		</tgt>
		<ref>
			?
		</ref>
	</judgedsentence>
	<judgedsentence id="603" langsrc="en" langtgt="fr" rank="-1" src-length="23" src-long="0" src-short="0" src-toolong="0" testset="test2008">
		<src>
			From now on, the policy will be tackled in a coordinated and integrated manner and will embrace the entire food chain.
		</src>
		<tgt system="rbmt3">
			Désormais, la politique sera maîtrisée dans une manière coordonnée et intégrée et embrassera la chaîne de nourriture entière.
		</tgt>
		<tgt system="limsi">
			À partir de maintenant, la politique sera abordé d'une manière coordonnée et intégrée et embrasse l'ensemble de la chaîne alimentaire.
		</tgt>
		<ref>
			?
		</ref>
	</judgedsentence>
	<judgedsentence id="676" langsrc="en" langtgt="fr" rank="1" src-length="36" src-long="1" src-short="0" src-toolong="0" testset="test2008">
		<src>
			Considerable sums have already been awarded to the bosses in this sector, allowing them to diversify into juicy new sectors, while many workers - whose jobs have been eliminated - are still unemployed.
		</src>
		<tgt system="rbmt3">
			Les sommes considérables ont déjà été décernées aux patrons dans ce secteur, en les laissant se diversifier en de nouveaux secteurs juteux, pendant que beaucoup de travailleurs - dont les travaux ont été éliminés - sont encore des chômeurs.
		</tgt>
		<tgt system="uedin">
			Des sommes considérables ont déjà été attribué au patronat de ce secteur, leur permettant de diversifier juteux de nouveaux secteurs, tandis que de nombreux travailleurs - dont les emplois ont été éliminées - sont toujours au chômage.
		</tgt>
		<ref>
			?
		</ref>
	</judgedsentence>
	<judgedsentence id="709" langsrc="en" langtgt="fr" rank="-1" src-length="60" src-long="1" src-short="0" src-toolong="1" testset="test2008">
		<src>
			Because of its financial limitations, I think the multiannual programme merely acknowledges the problem and gives a positive political bearing and encouragement, but is not in a position to give any substantial help or, more importantly, to reverse the prevalent trends in the present economy, which are literally crushing small enterprises in every sector.
		</src>
		<tgt system="rbmt3">
			À cause de ses limitations financières, je pense que le programme multi-annuel reconnaît simplement le problème et que donne un rapport politique positif et de l'encouragement, mais n'est pas dans une position pour donner toute aide considérable ou pour inverser, de façon plus importante, les tendances courantes dans l'économie présente, qui écrasent littéralement de petites entreprises dans tous les secteurs.
		</tgt>
		<tgt system="limsi">
			En raison de ses limites financières, je pense que le programme pluriannuel simplement reconnaît le problème et donne une influence politique positif et d'encouragements, mais ce n'est pas en mesure d'apporter une aide substantielle et, surtout, d'inverser la tendance dominante dans la situation actuelle de l'économie, qui sont littéralement étouffer les petites entreprises dans tous les secteurs.
		</tgt>
		<ref>
			?
		</ref>
	</judgedsentence>
	<judgedsentence id="753" langsrc="en" langtgt="fr" rank="-1" src-length="24" src-long="0" src-short="0" src-toolong="0" testset="test2008">
		<src>
			But it is not about language teachers; it is all about an example, in this case about a citizens' Europe.
		</src>
		<tgt system="rbmt3">
			Mais il n'est pas à propos de professeurs de langage ; c'est tout à propos d'un exemple, dans ce cas à propos d'un citoyens 'l'Europe.
		</tgt>
		<tgt system="limsi">
			Mais il ne s'agit pas de professeurs de langue ; il s'agit d'un exemple, dans ce cas sur une Europe des citoyens.
		</tgt>
		<ref>
			?
		</ref>
	</judgedsentence>
	<judgedsentence id="761" langsrc="en" langtgt="fr" rank="-1" src-length="28" src-long="1" src-short="0" src-toolong="0" testset="test2008">
		<src>
			We are once again in the middle of an infringement procedure and we hope that the Court of Justice will give its opinion as soon as possible.
		</src>
		<tgt system="rbmt3">
			Nous sommes encore une fois dans le milieu d'une procédure d'infraction et nous espérons que le Tribunal de la Justice donnera son avis dès que possible.
		</tgt>
		<tgt system="uedin">
			Nous sommes une fois de plus au milieu d ’ une procédure d ’ infraction et nous espérons que la Cour de justice donnera son avis aussi rapidement que possible.
		</tgt>
		<ref>
			?
		</ref>
	</judgedsentence>
	<judgedsentence id="883" langsrc="en" langtgt="fr" rank="-1" src-length="19" src-long="0" src-short="0" src-toolong="0" testset="test2008">
		<src>
			It is not my place to give Parliament advice or to criticise - nor shall I do so.
		</src>
		<tgt system="rbmt3">
			Il n'est pas mon endroit de donner du conseil de Parlement ou de critiquer - ni est-ce que je ferai ainsi.
		</tgt>
		<tgt system="saar">
			Il ne m' appartient pas de donner des conseils du Parlement ou de critiquer - je ne vais pas non plus le faire.
		</tgt>
		<ref>
			?
		</ref>
	</judgedsentence>
	<judgedsentence id="892" langsrc="en" langtgt="fr" rank="-1" src-length="54" src-long="1" src-short="0" src-toolong="1" testset="test2008">
		<src>
			A few days ago, in Barcelona, at various meetings of the Círculo de Economía, the Secretary General of the Council, Mr Solana, told us that the priorities for European external activity are firstly with our neighbours, and our closest neighbours are the Mediterraneans.
		</src>
		<tgt system="rbmt3">
			Il y a quelques jours, à Barcelone, à des diverses réunions du Círculo de Economía, le Secretary General du Conseil, M. Solana, nous racontait que les priorités pour l'activité externe européenne sont d'abord avec nos voisins, et nos voisins les plus proches sont les Mediterraneans.
		</tgt>
		<tgt system="limsi">
			Il y a quelques jours, à Barcelone, lors de diverses réunions du cercle de Economía, le secrétaire général du Conseil, M. Solana, nous a dit que les priorités d'action extérieure européenne sont d'abord avec nos voisins et nos voisins les plus proches sont les Méditerranéens.
		</tgt>
		<ref>
			?
		</ref>
	</judgedsentence>
	<judgedsentence id="903" langsrc="en" langtgt="fr" rank="-1" src-length="125" src-long="1" src-short="0" src-toolong="1" testset="test2008">
		<src>
			At the same time, in order to include a specifically cultural angle, not in abstract or generic terms but in terms of solidarity, we have proposed amendments which have found favour in the Committee on Industry, External Trade, Research and Energy and which, I feel, contribute to providing, on the one hand, economic, civil, supportive assistance while restoring the civil society of these very unfortunate areas and, on the other, the possibility for cultural and institutional - and I stress the word institutional - support, to give these areas a sense of association with Europe, association in terms of civilisation, in terms of cultural initiatives, as well.
		</src>
		<tgt system="rbmt3">
			À la fois, afin d'inclure un angle précisément culturel, non dans des termes abstraits ou génériques mais en termes de solidarité, nous avons suggéré des amendements qui ont trouvé faveur dans le Comité sur l'Industrie, Externe Commerce, Recherche et Énergie et que, je me sens, contribuer à fournir, d'une part assistance civile, d'appui, économique, pendant que restaurant la société civile de ceux-ci très malheureux régions et, sur l'autre, la possibilité pour culturel et institutionnel - et j'insiste sur le mot institutionnel - soutien, donner ces régions un sens d'association avec l'Europe, association en termes de civilisation, dans des termes de culturel initiatives, aussi.
		</tgt>
		<tgt system="uedin">
			Dans le même temps, afin d ’ inclure une dimension culturelle spécifiquement, non pas dans l ’ abstrait mais génériques ou en termes de solidarité, nous avons proposé des amendements qui ont trouvé faveur au sein de la commission de l'industrie, du commerce extérieur, de la recherche et de l'énergie et qui, je crois, contribuer à fournir, d'une part, économique, civile, aide solidaire et restaurer la société civile de ces zones très malheureux et, de l'autre, la possibilité pour culturelle et institutionnelle - et j ’ insiste sur ce mot - soutien institutionnel, à donner à ces régions un sentiment d'association avec l'Europe, d ’ association en termes de civilisation, en termes d ’ initiatives culturelles, ainsi.
		</tgt>
		<ref>
			?
		</ref>
	</judgedsentence>
	<judgedsentence id="934" langsrc="en" langtgt="fr" rank="-1" src-length="20" src-long="0" src-short="0" src-toolong="0" testset="test2008">
		<src>
			The Member States make grandiose declarations of their intentions but these must be followed by a concrete financial undertaking.
		</src>
		<tgt system="rbmt3">
			Le Membre que les États-Unis font des déclarations grandioses de leurs intentions mais ceux-ci doivent être suivis par un engagement financier concret.
		</tgt>
		<tgt system="uedin">
			Les états membres faire de grandes déclarations de leurs intentions mais ces doit être suivie d ’ une entreprise financière concrète.
		</tgt>
		<ref>
			?
		</ref>
	</judgedsentence>
	<judgedsentence id="949" langsrc="en" langtgt="fr" rank="1" src-length="3" src-long="0" src-short="1" src-toolong="0" testset="test2008">
		<src>
			COM in pigmeat
		</src>
		<tgt system="rbmt3">
			COM en pigmeat
		</tgt>
		<tgt system="uedin">
			OCM de la viande porcine
		</tgt>
		<ref>
			?
		</ref>
	</judgedsentence>
	<judgedsentence id="951" langsrc="en" langtgt="fr" rank="-1" src-length="17" src-long="0" src-short="0" src-toolong="0" testset="test2008">
		<src>
			The last one caused prices to fall by over 30% from mid-1998 to early 2000.
		</src>
		<tgt system="rbmt3">
			Le dernier causait des prix pour tomber par plus de 30 % demid-1998 à tôt 2000.
		</tgt>
		<tgt system="limsi">
			Le dernier a provoqué la chute des prix de 30 % de 1998 pour le début de l'année 2000.
		</tgt>
		<ref>
			?
		</ref>
	</judgedsentence>
	<judgedsentence id="994" langsrc="en" langtgt="fr" rank="-1" src-length="37" src-long="1" src-short="0" src-toolong="0" testset="test2008">
		<src>
			The only new requirement is that distributors, within the limits of their respective activities, are to safeguard and provide to the authorities on request the available documentation necessary for tracing the origin of products.
		</src>
		<tgt system="rbmt3">
			La seule nouvelle exigence est que les distributeurs, dans les limites de leurs activités respectives, sont de sauvegarder et de fournir aux autorités sur demande la documentation disponible nécessaire pour retrouver l'origine de produits.
		</tgt>
		<tgt system="saar">
			La seule nouvelle exigence est que les distributeurs, dans les limites de leurs activités respectives, est de protéger et de fournir aux autorités sur demande la documentation nécessaire pour remonter à l' origine des produits.
		</tgt>
		<ref>
			?
		</ref>
	</judgedsentence>
	<judgedsentence id="1000" langsrc="en" langtgt="fr" rank="1" src-length="7" src-long="0" src-short="1" src-toolong="0" testset="test2008">
		<src>
			(Parliament adopted the legislative resolution)
		</src>
		<tgt system="rbmt3">
			(Le parlement adoptait la résolution législative)
		</tgt>
		<tgt system="uedin">
			(Le Parlement adopte la résolution législative)
		</tgt>
		<ref>
			?
		</ref>
	</judgedsentence>
	<judgedsentence id="1019" langsrc="en" langtgt="fr" rank="-1" src-length="46" src-long="1" src-short="0" src-toolong="0" testset="test2008">
		<src>
			Nonetheless, the system that has been put in place will do its work and will impose its logic on us until the time comes when this awkward position will become so untenable that our relations with Turkey will be in serious and deep crisis.
		</src>
		<tgt system="rbmt3">
			Néanmoins, le système qui a été mis à la place fera son travail et nous imposera sa logique jusqu'à ce que le temps vienne quand cette position difficile deviendra si intenable que nos relations avec la Turquie seront dans la crise grave et profonde.
		</tgt>
		<tgt system="saar">
			Quoi qu ’ il en soit, le système qui a été mis en place doit faire son travail et nous imposer sa logique sur nous jusqu ’ à l ’ heure où cette position sera aussi intolérable que nos relations avec la Turquie aura de graves et une crise profonde.
		</tgt>
		<ref>
			?
		</ref>
	</judgedsentence>
	<judgedsentence id="1048" langsrc="en" langtgt="fr" rank="-1" src-length="25" src-long="0" src-short="0" src-toolong="0" testset="test2008">
		<src>
			Finally, we shall assess to what extent the national budgets presented each year are compatible with more ambitious medium-term strategies for public finances.
		</src>
		<tgt system="rbmt3">
			Finalement, nous évaluerons à quelle étendue les budgets nationaux présentés chaque année sont compatibles avec plus de stratégies de terme moyen ambitieuses pour des finances publiques.
		</tgt>
		<tgt system="limsi">
			Enfin, nous allons évaluer dans quelle mesure les budgets nationaux présentés chaque année sont compatibles avec les stratégies à moyen terme plus ambitieux pour les finances publiques.
		</tgt>
		<ref>
			?
		</ref>
	</judgedsentence>
	<judgedsentence id="1053" langsrc="en" langtgt="fr" rank="-1" src-length="24" src-long="0" src-short="0" src-toolong="0" testset="test2008">
		<src>
			This action plan places public health and transparency at the top of the agenda, this being a requirement of the French Government.
		</src>
		<tgt system="rbmt3">
			Ce plan d'action met de la santé publique et de la transparence au sommet du programme, c'étant une exigence du Gouvernement Français.
		</tgt>
		<tgt system="uedin">
			Ce plan d ’ action endroits de la santé publique et de la transparence au sommet de l'ordre du jour, c'est une exigence du gouvernement français.
		</tgt>
		<ref>
			?
		</ref>
	</judgedsentence>
	<judgedsentence id="1155" langsrc="en" langtgt="fr" rank="-1" src-length="32" src-long="1" src-short="0" src-toolong="0" testset="test2008">
		<src>
			According to reports, this regulation on public access has rarely been discussed in the college, and has been regarded by it up until now as a predominantly official matter.
		</src>
		<tgt system="rbmt3">
			D'après des rapports, ce règlement sur l'accès public a rarement été discuté dans la faculté, et a été considéré par cela jusqu'à maintenant comme matière principalement officielle.
		</tgt>
		<tgt system="limsi">
			Selon certains rapports, ce règlement sur l'accès du public a rarement été discuté au sein du collège, et a été considéré jusqu'à présent essentiellement comme une question officielle.
		</tgt>
		<ref>
			?
		</ref>
	</judgedsentence>
	<judgedsentence id="1193" langsrc="en" langtgt="fr" rank="-1" src-length="10" src-long="0" src-short="0" src-toolong="0" testset="test2008">
		<src>
			I therefore thank Mrs Rothe for her good report.
		</src>
		<tgt system="rbmt3">
			Je remercie par conséquent Mrs Rothe pour son bon rapport.
		</tgt>
		<tgt system="uedin">
			Donc, je remercie Mme Rothe pour son excellent rapport.
		</tgt>
		<ref>
			?
		</ref>
	</judgedsentence>
	<judgedsentence id="1253" langsrc="en" langtgt="fr" rank="-1" src-length="30" src-long="1" src-short="0" src-toolong="0" testset="test2008">
		<src>
			As long as such matters have not been clarified, I have to say to you in all honesty that I myself cannot consent to the basic idea.
		</src>
		<tgt system="rbmt3">
			Pourvu que ces matières n'aient pas été éclaircies, je dois vous dire en toute sincérité que je ne peux pas consentir moi-même à l'idée fondamentale.
		</tgt>
		<tgt system="uedin">
			Tant que ces questions n ’ ont pas été clarifiées, je dois vous dire très honnêtement que je ne peux consentir à l ’ idée de base.
		</tgt>
		<ref>
			?
		</ref>
	</judgedsentence>
	<judgedsentence id="1253" langsrc="en" langtgt="fr" rank="0" src-length="30" src-long="1" src-short="0" src-toolong="0" testset="test2008">
		<src>
			As long as such matters have not been clarified, I have to say to you in all honesty that I myself cannot consent to the basic idea.
		</src>
		<tgt system="rbmt3">
			Pourvu que ces matières n'aient pas été éclaircies, je dois vous dire en toute sincérité que je ne peux pas consentir moi-même à l'idée fondamentale.
		</tgt>
		<tgt system="saar">
			Tant que ces questions n ’ ont pas été clarifiées, je dois vous dire, en toute honnêteté, que j ’ ai moi-même ne peut consentir à l ’ idée de base.
		</tgt>
		<ref>
			?
		</ref>
	</judgedsentence>
	<judgedsentence id="1303" langsrc="en" langtgt="fr" rank="-1" src-length="26" src-long="1" src-short="0" src-toolong="0" testset="test2008">
		<src>
			If democracy is to be strengthened, this naturally implies that majority voting must be accompanied by a right of codecision for the European Parliament.
		</src>
		<tgt system="rbmt3">
			Si la démocratie doit être renforcée, cela insinue naturellement que le scrutin de majorité doit être accompagné par un droit de codécision vers le Parlement européen.
		</tgt>
		<tgt system="saar">
			Si la démocratie doit être renforcé, ce qui implique que le vote à la majorité doit être accompagnée d' un droit de codécision pour le Parlement européen.
		</tgt>
		<ref>
			?
		</ref>
	</judgedsentence>
	<judgedsentence id="1403" langsrc="en" langtgt="fr" rank="1" src-length="58" src-long="1" src-short="0" src-toolong="1" testset="test2008">
		<src>
			All lie at the very heart of the regulations of shipping as a whole and I want to remind you that, in addition to the three proposals which are to be discussed here today, the 'Erika II' package, as Mr Gayssot has already mentioned, will be put on the table next week.
		</src>
		<tgt system="rbmt3">
			Tout le mensonge au même coeur des règlements de la navigation dans l'ensemble et je veux vous rappeler que, en plus des trois propositions qui doivent être discutées ici aujourd'hui, le Colis d' 'Erika II', comme M. Gayssot a déjà mentionné, sera mis sur la table la semaine prochaine.
		</tgt>
		<tgt system="limsi">
			Tous sont au cœur même de la réglementation de la navigation dans son ensemble, et je tiens à vous rappeler que, en plus des trois propositions qui devront être discuté ici aujourd'hui, le paquet &quot; Erika II &quot;, comme M. Gayssot l'a déjà évoqué, sera mis sur la table la semaine prochaine.
		</tgt>
		<ref>
			?
		</ref>
	</judgedsentence>
	<judgedsentence id="1403" langsrc="en" langtgt="fr" rank="-1" src-length="58" src-long="1" src-short="0" src-toolong="1" testset="test2008">
		<src>
			All lie at the very heart of the regulations of shipping as a whole and I want to remind you that, in addition to the three proposals which are to be discussed here today, the 'Erika II' package, as Mr Gayssot has already mentioned, will be put on the table next week.
		</src>
		<tgt system="rbmt3">
			Tout le mensonge au même coeur des règlements de la navigation dans l'ensemble et je veux vous rappeler que, en plus des trois propositions qui doivent être discutées ici aujourd'hui, le Colis d' 'Erika II', comme M. Gayssot a déjà mentionné, sera mis sur la table la semaine prochaine.
		</tgt>
		<tgt system="saar">
			Tous sont au c? ur de la réglementation de la navigation maritime, dans son ensemble, et je tiens à vous rappeler que, en plus des trois propositions qui doivent être discutés ici aujourd ’ hui, le paquet &quot;Erika II&quot;, comme M. Gayssot a déjà mentionné, va être mis sur la table la semaine prochaine.
		</tgt>
		<ref>
			?
		</ref>
	</judgedsentence>
	<judgedsentence id="1403" langsrc="en" langtgt="fr" rank="-1" src-length="58" src-long="1" src-short="0" src-toolong="1" testset="test2008">
		<src>
			All lie at the very heart of the regulations of shipping as a whole and I want to remind you that, in addition to the three proposals which are to be discussed here today, the 'Erika II' package, as Mr Gayssot has already mentioned, will be put on the table next week.
		</src>
		<tgt system="rbmt3">
			Tout le mensonge au même coeur des règlements de la navigation dans l'ensemble et je veux vous rappeler que, en plus des trois propositions qui doivent être discutées ici aujourd'hui, le Colis d' 'Erika II', comme M. Gayssot a déjà mentionné, sera mis sur la table la semaine prochaine.
		</tgt>
		<tgt system="uedin">
			Tous sont au cœur même de la réglementation de la navigation dans son ensemble, et je voudrais vous rappeler que, en plus des trois propositions qui seront débattues ici aujourd ’ hui, le paquet &quot;Erika II&quot;, comme M. Gayssot a déjà mentionné, sera mis sur la table la semaine prochaine.
		</tgt>
		<ref>
			?
		</ref>
	</judgedsentence>
	<judgedsentence id="1416" langsrc="en" langtgt="fr" rank="-1" src-length="48" src-long="1" src-short="0" src-toolong="0" testset="test2008">
		<src>
			How, with the European Union under a French Presidency, will we be able to explain to the people of France that the European Parliament has abolished the necessary incentive and financial deterrence measures proposed in order to expedite the phasing in of double-hull oil tankers?
		</src>
		<tgt system="rbmt3">
			Comment, avec l'Union européenne sous un French Presidency, est-ce que nous pourrons pour expliquer aux personnes de la France que le Parlement européen a aboli la motivation nécessaire et les mesures de force de dissuasion financières suggérées afin d'accélérer l'introduire dedans des pétroliers de coque double ?
		</tgt>
		<tgt system="saar">
			Comment, avec l ’ Union européenne sous la présidence française, que nous serons en mesure d ’ expliquer à la population de la France que le Parlement européen a supprimé la motivation nécessaire et d' introduire des mesures proposées en vue d' accélérer la suppression des pétroliers à double coque?
		</tgt>
		<ref>
			?
		</ref>
	</judgedsentence>
	<judgedsentence id="1553" langsrc="en" langtgt="fr" rank="-1" src-length="19" src-long="0" src-short="0" src-toolong="0" testset="test2008">
		<src>
			In the last six months, Europe has also made progress in the field of growth and employment.
		</src>
		<tgt system="rbmt3">
			Durant les six derniers mois, l'Europe a aussi fait du progrès dans le champ de la croissance et l'emploi.
		</tgt>
		<tgt system="uedin">
			Au cours des six derniers mois, l ’ Europe a également progressé dans le domaine de la croissance et de l'emploi.
		</tgt>
		<ref>
			?
		</ref>
	</judgedsentence>
	<judgedsentence id="1595" langsrc="en" langtgt="fr" rank="-1" src-length="39" src-long="1" src-short="0" src-toolong="0" testset="test2008">
		<src>
			The outermost regions deserve better and Parliament will continue to work flat out - with Commissioner Barnier' s help, I am sure - to give them all the space they are entitled to within the Union.
		</src>
		<tgt system="rbmt3">
			Les régions outermost méritent mieux et le Parlement continuera à résoudre appartement - avec le Commissaire Barnier' s aident, je suis du sûr - donner à de tous l'espace auquel ils ont droit dans l'Union.
		</tgt>
		<tgt system="limsi">
			Les régions ultrapériphériques méritent mieux et le Parlement continueront à travailler d'arrache-pied - avec l'aide du commissaire Barnier, j'en suis sûr - pour leur apporter tout l'espace qui leur sont reconnus au sein de l'Union.
		</tgt>
		<ref>
			?
		</ref>
	</judgedsentence>
	<judgedsentence id="1603" langsrc="en" langtgt="fr" rank="-1" src-length="31" src-long="1" src-short="0" src-toolong="0" testset="test2008">
		<src>
			Then when I discovered that there would be no discussions on that revision regarding Article 25 of the IIA, I was, to say the least, somewhat disappointed.
		</src>
		<tgt system="rbmt3">
			Alors quand je découvrais qu'il n'y aurait pas de discussions sur cette révision quant à l'Article 25 de l'IIA, j'étais, pour dire le plus moindre, un peu déçu.
		</tgt>
		<tgt system="limsi">
			Lorsque j'ai découvert qu'il n'y aurait pas de discussions sur cette révision en ce qui concerne l'article 25 de l'accord interinstitutionnel, j'ai été pour le moins quelque peu déçus.
		</tgt>
		<ref>
			?
		</ref>
	</judgedsentence>
	<judgedsentence id="1653" langsrc="en" langtgt="fr" rank="1" src-length="21" src-long="0" src-short="0" src-toolong="0" testset="test2008">
		<src>
			The revolution in the country and the way in which it took place, remain the basis for cautious optimism.
		</src>
		<tgt system="rbmt3">
			La révolution dans le pays et la façon dans lesquels il avait lieu, reste la base pour de l'optimisme prudent.
		</tgt>
		<tgt system="saar">
			La révolution dans le pays et la manière dont il a eu lieu, reste la base pour l' optimisme prudent.
		</tgt>
		<ref>
			?
		</ref>
	</judgedsentence>
	<judgedsentence id="1664" langsrc="en" langtgt="fr" rank="1" src-length="40" src-long="1" src-short="0" src-toolong="0" testset="test2008">
		<src>
			We do not believe that more solutions at Community level can improve the fight against crime because the efforts will be characterised by just as much indifference, slovenliness and secrecy as the EU' s administration in general.
		</src>
		<tgt system="rbmt3">
			Nous ne pensons pas que plus de solutions au niveau de Communauté peuvent améliorer le combat contre le crime parce que les efforts seront caractérisés par juste autant d'indifférence, de négligence et de secret que l'UE' administration de s en général.
		</tgt>
		<tgt system="uedin">
			Nous ne pensons pas que plus des solutions au niveau communautaire peut améliorer la lutte contre la criminalité car les efforts sera caractérisé par tout autant indifférence, slovenliness du secret et l'administration de l'UE en général.
		</tgt>
		<ref>
			?
		</ref>
	</judgedsentence>
	<judgedsentence id="1673" langsrc="en" langtgt="fr" rank="0" src-length="27" src-long="1" src-short="0" src-toolong="0" testset="test2008">
		<src>
			For in fact, the Commission is still withholding information and has still not answered questions, especially with regard to the Fléchard affair.
		</src>
		<tgt system="rbmt3">
			Parce qu'en fait, la Commission cache encore de l'information et n'a pas encore répondu à des questions, spécialement quant à l'affaire de Fléchard.
		</tgt>
		<tgt system="saar">
			En fait, la Commission est toujours prévarication et n ’ a toujours pas répondu aux questions, en particulier pour ce qui est de l' affaire Fléchard.
		</tgt>
		<ref>
			?
		</ref>
	</judgedsentence>
	<judgedsentence id="1681" langsrc="en" langtgt="fr" rank="-1" src-length="30" src-long="1" src-short="0" src-toolong="0" testset="test2008">
		<src>
			Lastly, the issue of clarity: the lack of this is especially evident in the debate about jurisdiction, an issue of which I have a little experience.
		</src>
		<tgt system="rbmt3">
			En dernier lieu, la question de la clarté : le manque de cela est spécialement évident dans le débat au sujet de juridiction, une question dont j'ai un peu d'expérience.
		</tgt>
		<tgt system="limsi">
			Enfin, la question de la clarté : l'absence de cette est particulièrement évidente dans le débat sur la juridiction, un problème que j'ai un peu d'expérience.
		</tgt>
		<ref>
			?
		</ref>
	</judgedsentence>
	<judgedsentence id="1753" langsrc="en" langtgt="fr" rank="-1" src-length="5" src-long="0" src-short="1" src-toolong="0" testset="test2008">
		<src>
			Maij-Weggen report (A5-0323/2000)
		</src>
		<tgt system="rbmt3">
			Rapport de Maij-Weggen (A5-0323/2000)
		</tgt>
		<tgt system="limsi">
			Rapport Maij-Weggen (A5-0323 / 2000)
		</tgt>
		<ref>
			?
		</ref>
	</judgedsentence>
	<judgedsentence id="1845" langsrc="en" langtgt="fr" rank="-1" src-length="39" src-long="1" src-short="0" src-toolong="0" testset="test2008">
		<src>
			So we do need a framework directive and we need the combined approach, and I therefore regard much of what the Committee on the Environment, Public Health and Consumer Policy has decided as right and proper.
		</src>
		<tgt system="rbmt3">
			Nous avons donc besoin d'une directive de structure et nous avons besoin de l'approche combinée, et je considère par conséquent beaucoup de de ce que le Comité sur l'Environnement, la Santé Publique et la Politique de Consommateur a aussi bien décidé et convenable.
		</tgt>
		<tgt system="uedin">
			Nous avons besoin d'une directive-cadre et nous avons besoin de l'approche combinée, et je considère donc beaucoup de ce que la commission de l'environnement, de la santé publique et de la politique des consommateurs a décidé comme juste.
		</tgt>
		<ref>
			?
		</ref>
	</judgedsentence>
	<judgedsentence id="1853" langsrc="en" langtgt="fr" rank="-1" src-length="27" src-long="1" src-short="0" src-toolong="0" testset="test2008">
		<src>
			In my opinion, our Parliament is tightening up on the Council' s common position considerably and I recommend approval of the common draft text.
		</src>
		<tgt system="rbmt3">
			Dans mon avis, notre Parlement serre sur le Conseil' position commune de s considérablement et je recommande de l'approbation du texte préliminaire commun.
		</tgt>
		<tgt system="uedin">
			à mon avis, notre Parlement est durcie sur la position commune du Conseil considérablement et je recommande l'approbation du projet de texte commun.
		</tgt>
		<ref>
			?
		</ref>
	</judgedsentence>
	<judgedsentence id="1875" langsrc="en" langtgt="fr" rank="-1" src-length="32" src-long="1" src-short="0" src-toolong="0" testset="test2008">
		<src>
			Ladies and gentlemen, as democrats, we are, of course, in favour of dialogue between different democratic parties, because democracy itself is embodied in that ongoing dialogue.
		</src>
		<tgt system="rbmt3">
			Dames et messieurs, comme des démocrates, nous sommes, bien sûr, en faveur de dialogue entre des partis démocrates différents, parce que la démocratie est concrétisée soi-même dans ce dialogue continuel.
		</tgt>
		<tgt system="limsi">
			Mesdames et Messieurs, en tant que démocrates, nous sommes, bien sûr, en faveur du dialogue entre les différents partis démocratiques, parce que la démocratie est incarné dans ce dialogue permanent.
		</tgt>
		<ref>
			?
		</ref>
	</judgedsentence>
	<judgedsentence id="1903" langsrc="en" langtgt="fr" rank="-1" src-length="53" src-long="1" src-short="0" src-toolong="1" testset="test2008">
		<src>
			In our view, for as long as Europe is what it is, questions of a constitutional nature or of fundamental interest for the States, such as those that were debated in Nice, should not be resolved by any other means; that is, they should require unanimity.
		</src>
		<tgt system="rbmt3">
			Dans notre vue, parce que pourvu que l'Europe soit ce que c'est, les questions d'une nature constitutionnelle ou de l'intérêt fondamental pour les États, comme ceux qui étaient discutés à Nice, ne devraient pas être résolues par d'autres moyens ; c'est-à-dire, ils devraient exiger de l'unanimité.
		</tgt>
		<tgt system="uedin">
			à notre avis, aussi longtemps que l ’ Europe est ce qu'il est, les questions de nature constitutionnelle ou d'intérêt fondamental pour les états, comme celles qui ont été débattus à Nice, ne devrait pas être résolu par un autre moyen; c'est, ils devraient requièrent l'unanimité.
		</tgt>
		<ref>
			?
		</ref>
	</judgedsentence>
	<judgedsentence id="1931" langsrc="en" langtgt="fr" rank="-1" src-length="28" src-long="1" src-short="0" src-toolong="0" testset="test2008">
		<src>
			Honourable Members have asked a number of questions relating to the presence of the British nuclear submarine HMS Tireless in Gibraltar for repairs to her nuclear reactor.
		</src>
		<tgt system="rbmt3">
			Les Membres Honorables ont demandé un nombre de questions quant à la présence au HMS sous-marin nucléaire britannique Infatigable dans Gibraltar pour des réparations à son réacteur nucléaire.
		</tgt>
		<tgt system="saar">
			Les honorables députés ont demandé un certain nombre de questions relatives à la présence de la British Nuclear sous-marin HMS Tireless à Gibraltar pour la réparation de son réacteur nucléaire.
		</tgt>
		<ref>
			?
		</ref>
	</judgedsentence>
	<judgedsentence id="1942" langsrc="en" langtgt="fr" rank="1" src-length="30" src-long="1" src-short="0" src-toolong="0" testset="test2008">
		<src>
			It has taken part in specific operations when asked to do so by the Secretary-General or another authority of the United Nations, in agreement with the countries concerned.
		</src>
		<tgt system="rbmt3">
			Cela a participé quand demandé de faire ainsi par le Général de Secrétaire ou une autre autorité des Nations Unies, en accord avec les pays concernés, à des opérations spécifiques.
		</tgt>
		<tgt system="saar">
			Il a participé à des opérations spécifiques a demandé de le faire par le secrétaire général ou d ’ une autre autorité des Nations unies, en accord avec les pays concernés.
		</tgt>
		<ref>
			?
		</ref>
	</judgedsentence>
	<judgedsentence id="1958" langsrc="en" langtgt="fr" rank="-1" src-length="19" src-long="0" src-short="0" src-toolong="0" testset="test2008">
		<src>
			The Aloes publishing house, which has been closed down several times, is prevented from publishing freely.
		</src>
		<tgt system="rbmt3">
			La maison d'édition d'Aloès, qui a été fermée en bas de plusieurs fois, est empêchée de publier librement.
		</tgt>
		<tgt system="saar">
			La maison d' édition, qui a été fermé à plusieurs reprises, est empêché de publier librement.
		</tgt>
		<ref>
			?
		</ref>
	</judgedsentence>
	<judgedsentence id="1963" langsrc="en" langtgt="fr" rank="-1" src-length="33" src-long="1" src-short="0" src-toolong="0" testset="test2008">
		<src>
			We will, over the coming weeks, have to take account of the results of the dialogue between the two political leaders, or of the absence of such a dialogue.
		</src>
		<tgt system="rbmt3">
			Nous will, sur l'arrivée semaines, devoir faire effet compte rendu des résultats du dialogue entre les deux chefs politiques, ou de l'absence d'un tel dialogue.
		</tgt>
		<tgt system="limsi">
			Nous allons, dans les semaines à venir, nous devons tenir compte des résultats du dialogue entre les deux dirigeants politiques, ou de l'absence d'un tel dialogue.
		</tgt>
		<ref>
			?
		</ref>
	</judgedsentence>
	<judgedsentence id="1965" langsrc="en" langtgt="fr" rank="1" src-length="22" src-long="0" src-short="0" src-toolong="0" testset="test2008">
		<src>
			It is no coincidence that the OAU and numerous African Heads of State have condemned the concept of Ivorian identity outright.
		</src>
		<tgt system="rbmt3">
			Ce n'est aucune coïncidence que l'OAU et nombreuses Têtes africaines d'État ont condamné le concept de l'identité ivoirienne entièrement.
		</tgt>
		<tgt system="limsi">
			Ce n'est pas un hasard si l'OUA et de nombreux chefs d'État africains ont condamné le concept d'identité ivoirienne.
		</tgt>
		<ref>
			?
		</ref>
	</judgedsentence>
	<judgedsentence id="193" langsrc="en" langtgt="fr" rank="1" src-length="4" src-long="0" src-short="1" src-toolong="0" testset="newstest2008">
		<src>
			Informal dress is fine
		</src>
		<tgt system="rbmt3">
			La robe simple est bien
		</tgt>
		<tgt system="uedin">
			Habiller informel est belles
		</tgt>
		<ref>
			?
		</ref>
	</judgedsentence>
	<judgedsentence id="209" langsrc="en" langtgt="fr" rank="-1" src-length="31" src-long="1" src-short="0" src-toolong="0" testset="newstest2008">
		<src>
			Its reception will be at a Vajdahunyad castle in the City Park, and the ministry reported that it plans to spend 1,000 forints per guest, for 100 guests.
		</src>
		<tgt system="rbmt3">
			Sa réception sera à un château de Vajdahunyad dans le Parc de Ville, et le ministère signalait que cela projette dépenser 1,000 forints par invité, pour 100 invités.
		</tgt>
		<tgt system="saar">
			Ses motifs sera un château dans le parc de la ville, et le ministère a signalé qu' elle projette de passer par invité, pour 100 habitants.
		</tgt>
		<ref>
			?
		</ref>
	</judgedsentence>
	<judgedsentence id="265" langsrc="en" langtgt="fr" rank="0" src-length="16" src-long="0" src-short="0" src-toolong="0" testset="newstest2008">
		<src>
			Non-working days are for the most part religious holidays and anniversaries of significant historical events.
		</src>
		<tgt system="rbmt3">
			Les jours non-actifs sont des vacances dans l'ensemble religieuses et des anniversaires d'événements historiques importants.
		</tgt>
		<tgt system="limsi">
			Des journées de travail sont pour la plupart des fêtes religieuses et anniversaires d'importants événements historiques.
		</tgt>
		<ref>
			?
		</ref>
	</judgedsentence>
	<judgedsentence id="309" langsrc="en" langtgt="fr" rank="0" src-length="20" src-long="0" src-short="0" src-toolong="0" testset="newstest2008">
		<src>
			Have you ever been totally immersed in your work, only to lose your concentration because of guffawing colleagues?
		</src>
		<tgt system="rbmt3">
			Est-ce que vous avez totalement été plongé quelquefois dans votre travail, pour perdre seulement votre concentration à cause de collègues s'esclaffant ?
		</tgt>
		<tgt system="saar">
			Est-ce que vous avez été totalement plongés dans votre travail, seulement à perdre votre concentration à cause de collègues?
		</tgt>
		<ref>
			?
		</ref>
	</judgedsentence>
	<judgedsentence id="309" langsrc="en" langtgt="fr" rank="1" src-length="20" src-long="0" src-short="0" src-toolong="0" testset="newstest2008">
		<src>
			Have you ever been totally immersed in your work, only to lose your concentration because of guffawing colleagues?
		</src>
		<tgt system="rbmt3">
			Est-ce que vous avez totalement été plongé quelquefois dans votre travail, pour perdre seulement votre concentration à cause de collègues s'esclaffant ?
		</tgt>
		<tgt system="limsi">
			Avez-vous jamais été totalement immergés dans votre travail, seulement à perdre votre concentration parce que des collègues guffawing ?
		</tgt>
		<ref>
			?
		</ref>
	</judgedsentence>
	<judgedsentence id="309" langsrc="en" langtgt="fr" rank="1" src-length="20" src-long="0" src-short="0" src-toolong="0" testset="newstest2008">
		<src>
			Have you ever been totally immersed in your work, only to lose your concentration because of guffawing colleagues?
		</src>
		<tgt system="rbmt3">
			Est-ce que vous avez totalement été plongé quelquefois dans votre travail, pour perdre seulement votre concentration à cause de collègues s'esclaffant ?
		</tgt>
		<tgt system="saar">
			Est-ce que vous avez été totalement plongés dans votre travail, seulement à perdre votre concentration à cause de collègues?
		</tgt>
		<ref>
			?
		</ref>
	</judgedsentence>
	<judgedsentence id="359" langsrc="en" langtgt="fr" rank="-1" src-length="29" src-long="1" src-short="0" src-toolong="0" testset="newstest2008">
		<src>
			The role of the audience comes out at the concerts when the effects are contagious, but even that comes from the intangible changes triggered by the moment.
		</src>
		<tgt system="rbmt3">
			Le rôle du public s'élève aux concerts quand les effets sont contagieux, mais cela vient même des changements intangibles déclenchés par le moment.
		</tgt>
		<tgt system="saar">
			Le rôle de l' assistance s' élève à des concerts lorsque les effets sont contagieux, mais même que des changements provoquée par le moment.
		</tgt>
		<ref>
			?
		</ref>
	</judgedsentence>
	<judgedsentence id="363" langsrc="en" langtgt="fr" rank="1" src-length="21" src-long="0" src-short="0" src-toolong="0" testset="newstest2008">
		<src>
			B.Zs.: We're not really following his path even though sometimes people claim to hear him in our music.
		</src>
		<tgt system="rbmt3">
			B.Zs. : Nous ne sommes pas vraiment suite à son sentier même si quelquefois les personnes prétendent l'entendre dans notre musique.
		</tgt>
		<tgt system="limsi">
			B.Zs. : nous sommes pas vraiment à la suite de son chemin, même si parfois, les gens prétendent l'entendre dans notre musique.
		</tgt>
		<ref>
			?
		</ref>
	</judgedsentence>
	<judgedsentence id="370" langsrc="en" langtgt="fr" rank="1" src-length="7" src-long="0" src-short="1" src-toolong="0" testset="newstest2008">
		<src>
			That song is about much more.
		</src>
		<tgt system="rbmt3">
			Cette chanson est à propos de beaucoup plus.
		</tgt>
		<tgt system="saar">
			Cette chanson est bien plus.
		</tgt>
		<ref>
			?
		</ref>
	</judgedsentence>
	<judgedsentence id="409" langsrc="en" langtgt="fr" rank="0" src-length="12" src-long="0" src-short="0" src-toolong="0" testset="newstest2008">
		<src>
			He had found the opportunity at the beginning of the year.
		</src>
		<tgt system="rbmt3">
			Il avait trouvé l'occasion au début de l'année.
		</tgt>
		<tgt system="saar">
			Il a trouvé l' occasion au début de l' année.
		</tgt>
		<ref>
			?
		</ref>
	</judgedsentence>
	<judgedsentence id="455" langsrc="en" langtgt="fr" rank="1" src-length="28" src-long="1" src-short="0" src-toolong="0" testset="newstest2008">
		<src>
			As for the actual extraction of money from the EU funds, the Czech Republic is thus far among the least successful within the newly accepted countries.
		</src>
		<tgt system="rbmt3">
			Quant à l'extraction réelle d'argent des fonds d'UE, la République Tchèque est jusqu'à présent parmi le moins réussi dans les pays nouvellement acceptés.
		</tgt>
		<tgt system="uedin">
			Pour ce qui est de l'extraction de l'argent des fonds de l'UE, la République tchèque est donc bien parmi les moins fructueux dans les pays nouvellement admis.
		</tgt>
		<ref>
			?
		</ref>
	</judgedsentence>
	<judgedsentence id="524" langsrc="en" langtgt="fr" rank="0" src-length="28" src-long="1" src-short="0" src-toolong="0" testset="newstest2008">
		<src>
			In Vienna, where he presented his book &quot;A Blue, Not a Green Planet&quot;, he said that the environmentalists' debates were unbelievable.
		</src>
		<tgt system="rbmt3">
			À Vienne, où il présentait son livre &quot;Un Bleu, Pas une Planète Verte,&quot; il disait que les débats des écologistes étaient incroyables.
		</tgt>
		<tgt system="uedin">
			à Vienne, où il a présenté son livre &quot;une bleue, pas une planète vert&quot;, il a déclaré que les écologistes &quot;les débats étaient incroyable.
		</tgt>
		<ref>
			?
		</ref>
	</judgedsentence>
	<judgedsentence id="609" langsrc="en" langtgt="fr" rank="-1" src-length="19" src-long="0" src-short="0" src-toolong="0" testset="newstest2008">
		<src>
			According to his lawyer, the case has probably not reached its end and his client will appeal.
		</src>
		<tgt system="rbmt3">
			D'après son avocat, le cas n'a probablement pas atteint sa fin et son client se pourvoira en appel.
		</tgt>
		<tgt system="uedin">
			Selon son avocat, le cas a probablement pas atteint son terme et son client fera appel.
		</tgt>
		<ref>
			?
		</ref>
	</judgedsentence>
	<judgedsentence id="616" langsrc="en" langtgt="fr" rank="0" src-length="20" src-long="0" src-short="0" src-toolong="0" testset="newstest2008">
		<src>
			&quot;After some years, they realized that the project was successful and that he could profit from it.
		</src>
		<tgt system="rbmt3">
			&quot;Après quelques années, ils réalisaient que le projet avait du succès et qu'il pourrait en profiter.
		</tgt>
		<tgt system="limsi">
			&quot; Après quelques années, ils ont compris que le projet a été couronné de succès et qu'il pourrait en tirer profit.
		</tgt>
		<ref>
			?
		</ref>
	</judgedsentence>
	<judgedsentence id="659" langsrc="en" langtgt="fr" rank="1" src-length="18" src-long="0" src-short="0" src-toolong="0" testset="newstest2008">
		<src>
			It doesn't block space, it can be dilated and yet it holds even heavier objects.
		</src>
		<tgt system="rbmt3">
			Cela ne bloque pas d'espace, il peut être dilaté et pourtant celacontient des objets même plus lourds.
		</tgt>
		<tgt system="uedin">
			Il n'est pas bloquer l'espace, il peut être dilated et pourtant elle détient encore plus lourde objets.
		</tgt>
		<ref>
			?
		</ref>
	</judgedsentence>
	<judgedsentence id="709" langsrc="en" langtgt="fr" rank="0" src-length="7" src-long="0" src-short="1" src-toolong="0" testset="newstest2008">
		<src>
			And then the American era came.
		</src>
		<tgt system="rbmt3">
			Et alors l'époque américaine venait.
		</tgt>
		<tgt system="uedin">
			Et puis la période américain venait.
		</tgt>
		<ref>
			?
		</ref>
	</judgedsentence>
	<judgedsentence id="709" langsrc="en" langtgt="fr" rank="-1" src-length="7" src-long="0" src-short="1" src-toolong="0" testset="newstest2008">
		<src>
			And then the American era came.
		</src>
		<tgt system="rbmt3">
			Et alors l'époque américaine venait.
		</tgt>
		<tgt system="limsi">
			Et puis l'ère américaine.
		</tgt>
		<ref>
			?
		</ref>
	</judgedsentence>
	<judgedsentence id="724" langsrc="en" langtgt="fr" rank="0" src-length="41" src-long="1" src-short="0" src-toolong="0" testset="newstest2008">
		<src>
			In the last 15 years, new hotels were built not only in Havana, but in particular in Varadero, on the Holguín coast and on small islands such as Cayo Coco, Cayo Guillermo and others.
		</src>
		<tgt system="rbmt3">
			Durant les 15 dernières années, les nouveaux hôtels étaient bâtis non seulement à La Havane, mais en particulier dans Varadero, sur la côte d'Holguín et sur de petites îles comme Cayo Coco, Cayo Guillermo et d'autres.
		</tgt>
		<tgt system="uedin">
			Au cours des 15 dernières années, de nouvelles hôtels ont été construites non seulement à La Havane, mais en particulier dans varadero, sur la côte holguín et sur les petites îles comme cayo Coco, cayo Guillermo et autres.
		</tgt>
		<ref>
			?
		</ref>
	</judgedsentence>
	<judgedsentence id="750" langsrc="en" langtgt="fr" rank="-1" src-length="12" src-long="0" src-short="0" src-toolong="0" testset="newstest2008">
		<src>
			This opinion is certainly influenced by the road leading there itself.
		</src>
		<tgt system="rbmt3">
			Cet avis s'est certainement influencé par la route conduisant là.
		</tgt>
		<tgt system="saar">
			Cette opinion est certainement influencé par la route conduisant là.
		</tgt>
		<ref>
			?
		</ref>
	</judgedsentence>
	<judgedsentence id="759" langsrc="en" langtgt="fr" rank="0" src-length="35" src-long="1" src-short="0" src-toolong="0" testset="newstest2008">
		<src>
			The mission in Afghanistan is not proceeding according to the original concept, the representatives of the countries which have posted units in the southern part of the country agreed in Edinburgh, Scotland.
		</src>
		<tgt system="rbmt3">
			La mission dans Afghanistan n'avance pas d'après le concept originel, les représentants des pays qui ont posté des unités dans la partie méridionale du pays convenu à Édimbourg, Écosse.
		</tgt>
		<tgt system="saar">
			La mission en Afghanistan ne procède pas selon le concept original, les représentants des pays qui ont des unités dans la partie du sud du pays ont convenu à Édimbourg, en Écosse.
		</tgt>
		<ref>
			?
		</ref>
	</judgedsentence>
	<judgedsentence id="759" langsrc="en" langtgt="fr" rank="-1" src-length="35" src-long="1" src-short="0" src-toolong="0" testset="newstest2008">
		<src>
			The mission in Afghanistan is not proceeding according to the original concept, the representatives of the countries which have posted units in the southern part of the country agreed in Edinburgh, Scotland.
		</src>
		<tgt system="rbmt3">
			La mission dans Afghanistan n'avance pas d'après le concept originel, les représentants des pays qui ont posté des unités dans la partie méridionale du pays convenu à Édimbourg, Écosse.
		</tgt>
		<tgt system="limsi">
			La mission en Afghanistan n'est pas procéder selon le concept original, les représentants des pays qui ont des unités détachés dans le sud du pays convenu à Édimbourg, en Écosse.
		</tgt>
		<ref>
			?
		</ref>
	</judgedsentence>
	<judgedsentence id="759" langsrc="en" langtgt="fr" rank="1" src-length="35" src-long="1" src-short="0" src-toolong="0" testset="newstest2008">
		<src>
			The mission in Afghanistan is not proceeding according to the original concept, the representatives of the countries which have posted units in the southern part of the country agreed in Edinburgh, Scotland.
		</src>
		<tgt system="rbmt3">
			La mission dans Afghanistan n'avance pas d'après le concept originel, les représentants des pays qui ont posté des unités dans la partie méridionale du pays convenu à Édimbourg, Écosse.
		</tgt>
		<tgt system="uedin">
			La mission en Afghanistan ne procède pas selon le concept original, les représentants des pays qui ont unités détachés dans la région du sud du pays convenu à édimbourg, en écosse.
		</tgt>
		<ref>
			?
		</ref>
	</judgedsentence>
	<judgedsentence id="821" langsrc="en" langtgt="fr" rank="-1" src-length="21" src-long="0" src-short="0" src-toolong="0" testset="newstest2008">
		<src>
			At the end, after the class'vote, 20 children out of 23 have choosen Muhammad as their favourite name.
		</src>
		<tgt system="rbmt3">
			À la fin, après le class'vote, 20 enfants sur 23 ont choosen Muhammad comme leur nom favori.
		</tgt>
		<tgt system="limsi">
			À la fin, après les class'vote, 20 enfants de 23 ont choosen Muhammad comme leur nom.
		</tgt>
		<ref>
			?
		</ref>
	</judgedsentence>
	<judgedsentence id="859" langsrc="en" langtgt="fr" rank="-1" src-length="11" src-long="0" src-short="0" src-toolong="0" testset="newstest2008">
		<src>
			«Those negotiations have been going on for two years.
		</src>
		<tgt system="rbmt3">
			«Ces négociations se sont passées pendant deux ans.
		</tgt>
		<tgt system="uedin">
			Des &quot;négociations durent depuis deux ans.
		</tgt>
		<ref>
			?
		</ref>
	</judgedsentence>
	<judgedsentence id="859" langsrc="en" langtgt="fr" rank="0" src-length="11" src-long="0" src-short="0" src-toolong="0" testset="newstest2008">
		<src>
			«Those negotiations have been going on for two years.
		</src>
		<tgt system="rbmt3">
			«Ces négociations se sont passées pendant deux ans.
		</tgt>
		<tgt system="saar">
			« Les négociations sont en cours depuis deux ans.
		</tgt>
		<ref>
			?
		</ref>
	</judgedsentence>
	<judgedsentence id="873" langsrc="en" langtgt="fr" rank="1" src-length="46" src-long="1" src-short="0" src-toolong="0" testset="newstest2008">
		<src>
			Charged by all Arabic conutries, Arabia, whose participation in Annapolis is a success for Washington, is at the origin of a plan which proposes peace to Israel in exchange for its own territories occupied during the 1967's war, East-Jerusalem included.
		</src>
		<tgt system="rbmt3">
			Inculpé par tous les conutries arabes, l'Arabie, dont la participation à Annapolis est un succès vers Washington, est à l'origine d'un plan qui suggère de la paix à Israël en échange pour ses propres territoires occupée pendant la guerre du 1967, Jérusalem Oriental incluait.
		</tgt>
		<tgt system="limsi">
			Accusés par tous les conutries arabes, l'Arabie, dont la participation à Annapolis est un succès pour Washington, est à l'origine d'un plan qui propose la paix à Israël en échange de ses propres territoires occupés pendant la guerre, 1967's East-Jerusalem inclus.
		</tgt>
		<ref>
			?
		</ref>
	</judgedsentence>
	<judgedsentence id="909" langsrc="en" langtgt="fr" rank="-1" src-length="25" src-long="0" src-short="0" src-toolong="0" testset="newstest2008">
		<src>
			The Pakistani police repressed on Monday the first demonstrations since the instauration of the state of emergency by General Musharraf, two days before.
		</src>
		<tgt system="rbmt3">
			La police pakistanaise réprimait lundi les premières démonstrations depuis l'instauration de l'état du cas urgent par Musharraf Général, deux jours avant.
		</tgt>
		<tgt system="uedin">
			La répression policière pakistanais lundi les premières manifestations depuis l ’ instauration de l ’ état d ’ urgence par le général Musharraf, deux jours avant.
		</tgt>
		<ref>
			?
		</ref>
	</judgedsentence>
	<judgedsentence id="917" langsrc="en" langtgt="fr" rank="-1" src-length="20" src-long="0" src-short="0" src-toolong="0" testset="newstest2008">
		<src>
			Other demonstrations took place in Multan (in the centre) and in Peshawar (in the North-West).
		</src>
		<tgt system="rbmt3">
			D'autres démonstrations avaient lieu dans Multan (dans le centre) et dans Peshawar (dans le Nord-Ouest).
		</tgt>
		<tgt system="limsi">
			D' autres manifestations ont eu lieu à Multan (centre) et à Peshawar (nord-ouest).
		</tgt>
		<ref>
			?
		</ref>
	</judgedsentence>
	<judgedsentence id="920" langsrc="en" langtgt="fr" rank="-1" src-length="18" src-long="0" src-short="0" src-toolong="0" testset="newstest2008">
		<src>
			The Supreme Court of Pakistan is directly concerned with emergency measures which were announced on Saturday evening.
		</src>
		<tgt system="rbmt3">
			Le Tribunal Suprême du Pakistan est directement occupé des mesures d'urgence qui étaient annoncées sur la soirée de samedi.
		</tgt>
		<tgt system="uedin">
			La Cour suprême du Pakistan est directement concernée par des mesures d'urgence qui ont été annoncé samedi soir.
		</tgt>
		<ref>
			?
		</ref>
	</judgedsentence>
	<judgedsentence id="929" langsrc="en" langtgt="fr" rank="0" src-length="19" src-long="0" src-short="0" src-toolong="0" testset="newstest2008">
		<src>
			This estimate takes into consideration the unwanted pregnancies (24 %) as well as the unplanned births.
		</src>
		<tgt system="rbmt3">
			Cette estimation prend en considération les grossesses superflues (24 %) aussi bien que les naissances imprévues.
		</tgt>
		<tgt system="limsi">
			Cette estimation prend en considération les grossesses non désirées (24 %) ainsi que les naissances imprévus.
		</tgt>
		<ref>
			?
		</ref>
	</judgedsentence>
	<judgedsentence id="934" langsrc="en" langtgt="fr" rank="0" src-length="13" src-long="0" src-short="0" src-toolong="0" testset="newstest2008">
		<src>
			Finally, nowadays eight births out of ten would be well planned.
		</src>
		<tgt system="rbmt3">
			Finalement, de nos jours huit naissances sur dix seraient bienprojetées.
		</tgt>
		<tgt system="limsi">
			Enfin, à l'heure actuelle huit naissances sur dix serait bien planifiée.
		</tgt>
		<ref>
			?
		</ref>
	</judgedsentence>
	<judgedsentence id="959" langsrc="en" langtgt="fr" rank="-1" src-length="35" src-long="1" src-short="0" src-toolong="0" testset="newstest2008">
		<src>
			The group had to re-examine its forecasts for the 2007 operative result since the delay caused by the slow developement progression of the A400M engine, which affects the inauguration flight of the plane.
		</src>
		<tgt system="rbmt3">
			Le groupe devait réexaminer ses prévisions pour le 2007 résultat operative depuis le retard causé par la progression de developement lente du moteur de A400M, qui affecte le vol d'inauguration de l'avion.
		</tgt>
		<tgt system="saar">
			Le groupe avait à réévaluer ses prévisions pour 2007 le résultat en vigueur depuis le délai causées par ralentir la progression de l' A400M moteur, qui affecte le vol d' inauguration de l' avion.
		</tgt>
		<ref>
			?
		</ref>
	</judgedsentence>
	<judgedsentence id="971" langsrc="en" langtgt="fr" rank="-1" src-length="29" src-long="1" src-short="0" src-toolong="0" testset="newstest2008">
		<src>
			« We know the price of a true democracy and we are expecting fair, absolutely clear and open elections, without any obstacles.», he added.
		</src>
		<tgt system="rbmt3">
			« Nous connaître le prix d'une démocratie vraie et nous attendons foire, nous éclaircissons absolument et ouvrons des élections, sans obstacles. », il s'ajoutait.
		</tgt>
		<tgt system="limsi">
			&quot; Nous savons que le prix d'une véritable démocratie et nous nous attendons à juste, tout à fait clair et des élections transparentes, sans aucune obstacles.», a-t-il ajouté.
		</tgt>
		<ref>
			?
		</ref>
	</judgedsentence>
	<judgedsentence id="989" langsrc="en" langtgt="fr" rank="-1" src-length="53" src-long="1" src-short="0" src-toolong="1" testset="newstest2008">
		<src>
			After the liberal reformes of the 1990s, « Putin returned to the model of a paternalistic state, perfectly accepted by the population, considering that the new paternalism wasn't followed by a period of terror but by economic affluence », states Maria Lipman, of the Carnegie Foundation.
		</src>
		<tgt system="rbmt3">
			Après les reformes libéraux des années 1990«, Putin rendu au modèle d'un état paternaliste, parfaitement accepté par la population, vu que le nouveau paternalisme n'était pas suivi par une période de terreur mais près économique richesse », états Maria Lipman, de la Fondation de Carnegie.
		</tgt>
		<tgt system="saar">
			Après les réformes libérales des années 1990, « Poutine dans le modèle d' un État paternaliste, tout à fait accepté par la population, en considérant que la nouvelle paternalisme n' a pas été suivi par une période de terreur mais par un bien-être économique », les États lipman Maria, de la fondation Carnegie.
		</tgt>
		<ref>
			?
		</ref>
	</judgedsentence>
	<judgedsentence id="1009" langsrc="en" langtgt="fr" rank="0" src-length="19" src-long="0" src-short="0" src-toolong="0" testset="newstest2008">
		<src>
			Nowadays, in Bad Arolsen, more than 300 permanent employees still receive tens of thousands individual requests.
		</src>
		<tgt system="rbmt3">
			De nos jours, dans Bad Arolsen, plus de 300 salariés permanents encore reçoivent des dizaines de requêtes d'individu de milliers.
		</tgt>
		<tgt system="saar">
			De nos jours, dans de mauvaises, plus de 300 employés permanents reçoivent toujours des dizaines de milliers de demandes individuelles.
		</tgt>
		<ref>
			?
		</ref>
	</judgedsentence>
	<judgedsentence id="1172" langsrc="en" langtgt="fr" rank="-1" src-length="43" src-long="1" src-short="0" src-toolong="0" testset="newstest2008">
		<src>
			In addition, the transposition took advantage of the directive to legally define the functions that can develop graduates in Economics and Finance in 30 years after the decree approbation in 1977, that delimits the professional functions reserved to professional economists.
		</src>
		<tgt system="rbmt3">
			En plus, la transposition profitait de la directive pour définir légalement les fonctions qui peuvent développer des licenciés d'Économie et Finance en 30 ans après l'approbation de décret dans 1977, cela délimite les fonctions professionnelles réservé à professionnel économistes.
		</tgt>
		<tgt system="saar">
			En outre, la transposition a profité de la directive avait pour définir les fonctions qui peut se développer de diplômés dans l' économie et finances dans 30 ans après l' approbation de décret en 1977, qui délimite le fonctions professionnelles réservées aux économistes professionnels.
		</tgt>
		<ref>
			?
		</ref>
	</judgedsentence>
	<judgedsentence id="1181" langsrc="en" langtgt="fr" rank="-1" src-length="43" src-long="1" src-short="0" src-toolong="0" testset="newstest2008">
		<src>
			In any case Solbes has emphasized in the Congress corridors that &quot;although the figure is not good&quot; Spanish inflation differential with respect to the monetary union continues to be &quot;more or less&quot; the same as in recent years.
		</src>
		<tgt system="rbmt3">
			En tout cas Solbes a accentué dans les couloirs de Congrès que &quot;bien que le chiffre ne soit pas bon&quot; écart d'inflation espagnol quant à l'union monétaire continue à être &quot;plus ou moins&quot; de la même façon que ces dernières années.
		</tgt>
		<tgt system="limsi">
			En tout cas Pedro Solbes a souligné dans les couloirs du Congrès que &quot; bien que le chiffre n'est pas bon &quot; différentiel d'inflation espagnole à l'égard de l'Union monétaire continue à être &quot; plus ou moins &quot; les mêmes qu'au cours des dernières années.
		</tgt>
		<ref>
			?
		</ref>
	</judgedsentence>
	<judgedsentence id="1207" langsrc="en" langtgt="fr" rank="1" src-length="37" src-long="1" src-short="0" src-toolong="0" testset="newstest2008">
		<src>
			If he gains office, Bono hopes to turn the House into &quot;the house of respect and not insult or shout&quot;. And make it &quot;more and more visible to the citizens&quot;.
		</src>
		<tgt system="rbmt3">
			S'il gagne bureau, Bono espère qu'on tourne la Maison dans &quot;la maison de respect et non insulte ou cri&quot;. Et rendez-le &quot;de plus en plus visible pour les citoyens&quot;.
		</tgt>
		<tgt system="saar">
			S' il arrive au pouvoir, Bono espoirs à son tour la maison dans &quot;la maison de respect et de ne pas insulter ou de hurler&quot;, et de le faire &quot;de plus en plus visible pour les citoyens ».
		</tgt>
		<ref>
			?
		</ref>
	</judgedsentence>
	<judgedsentence id="1226" langsrc="en" langtgt="fr" rank="0" src-length="30" src-long="1" src-short="0" src-toolong="0" testset="newstest2008">
		<src>
			Always, if the contract part is limited to being only virtual, and we only pretend to move around by bicycle or to stay fresh with a fan.
		</src>
		<tgt system="rbmt3">
			Toujours, si le contrat est en partie limité à être seulement virtuel, et nous prétendons seulement voyager en bicyclette ou rester frais avec un fan.
		</tgt>
		<tgt system="saar">
			Toujours, si le contrat est limité à la seule véritable, et nous avons seulement pour se déplacer en bicyclette ou de rester une nouvelle avec un fan.
		</tgt>
		<ref>
			?
		</ref>
	</judgedsentence>
	<judgedsentence id="1259" langsrc="en" langtgt="fr" rank="1" src-length="36" src-long="1" src-short="0" src-toolong="0" testset="newstest2008">
		<src>
			To participate in a big fight carries a penalty of three months to a year (article 154 of the Penal Code) and the interchange would have a penalty of six months to two years
		</src>
		<tgt system="rbmt3">
			Pour participer dedans un grand combat porte une peine de trois mois à une année (article 154 du Code Pénal) et l'échange aurait une peine de six mois à deux ans
		</tgt>
		<tgt system="limsi">
			Pour participer à un gros combat porte une peine de trois mois à un an (article 154 du code pénal) et l'échange aurait une peine de six mois à deux ans
		</tgt>
		<ref>
			?
		</ref>
	</judgedsentence>
	<judgedsentence id="1259" langsrc="en" langtgt="fr" rank="1" src-length="36" src-long="1" src-short="0" src-toolong="0" testset="newstest2008">
		<src>
			To participate in a big fight carries a penalty of three months to a year (article 154 of the Penal Code) and the interchange would have a penalty of six months to two years
		</src>
		<tgt system="rbmt3">
			Pour participer dedans un grand combat porte une peine de trois mois à une année (article 154 du Code Pénal) et l'échange aurait une peine de six mois à deux ans
		</tgt>
		<tgt system="uedin">
			à participer à une grande lutte porte une peine de trois mois à un an (article 154 du code pénal) et les échanges aurait une sanction de six mois à deux ans
		</tgt>
		<ref>
			?
		</ref>
	</judgedsentence>
	<judgedsentence id="1267" langsrc="en" langtgt="fr" rank="1" src-length="28" src-long="1" src-short="0" src-toolong="0" testset="newstest2008">
		<src>
			A study has been made by tomographic magnetic resonances at the University of Bonn, and the results have been published in the last issue of Science.
		</src>
		<tgt system="rbmt3">
			Une étude a été faite par des résonances magnétiques tomographic à l'Université de Bonn, et les résultats ont été publiés dans la dernière question de la Science.
		</tgt>
		<tgt system="uedin">
			Une étude a été faite par tomographic resonances magnétique à l ’ université de Bonn, et les résultats ont été publiés dans la dernière question de la science.
		</tgt>
		<ref>
			?
		</ref>
	</judgedsentence>
	<judgedsentence id="1289" langsrc="en" langtgt="fr" rank="0" src-length="24" src-long="0" src-short="0" src-toolong="0" testset="newstest2008">
		<src>
			It is for this reason, that the driver has to study his situation to choose the insurance that better adjusts his profile.
		</src>
		<tgt system="rbmt3">
			Il est pour cette raison, que le conducteur doit étudier sa situation pour choisir l'assurance qui ajuste mieux son profil.
		</tgt>
		<tgt system="limsi">
			C' est pour cette raison, que le conducteur ait à examiner sa situation de choisir la meilleure assurance que adapte son profil.
		</tgt>
		<ref>
			?
		</ref>
	</judgedsentence>
	<judgedsentence id="1309" langsrc="en" langtgt="fr" rank="0" src-length="47" src-long="1" src-short="0" src-toolong="0" testset="newstest2008">
		<src>
			In this case the best one is a fully comprehensive insurance with tax exemption (this being of 300 euros), or, when it is had, a high benefit level, a third-party extended as the third life's year of the vehicle.
		</src>
		<tgt system="rbmt3">
			Dans ce cas le meilleur est une assurance complètement compréhensive avec l'exonération d'impôt (cela étant de 300 euros), ou, quand il est eu, un niveau d'avantage élevé, un troisième parti répandu comme l'année de la troisième vie du véhicule.
		</tgt>
		<tgt system="limsi">
			Dans ce cas, la meilleure est une assurance totale avec l'exemption fiscale (c'est de 300 euros), ou, quand il y avait, d'un haut niveau de bénéfice, un pays tiers, comme l'extension de la troisième année de la vie du véhicule.
		</tgt>
		<ref>
			?
		</ref>
	</judgedsentence>
	<judgedsentence id="1319" langsrc="en" langtgt="fr" rank="-1" src-length="61" src-long="1" src-short="0" src-toolong="1" testset="newstest2008">
		<src>
			Thus, Milanists threaten to make it a bitter night for the Scots, who rely on getting into the quarters for the second time in a row in the restructured Champions League, after they were precisely defeated in this last round by a goal from Kaka in the extended time (1-0) after 0-0 in the round.
		</src>
		<tgt system="rbmt3">
			Ainsi, Milanists menacent de le faire une nuit amère pour l'écossais, que comptent sur se mettre dans les quarts pendant la deuxième fois de suite dans la Ligue de Champions restructurée, après qu'ils soient précisément vaincus dans cela en dernier lieu autour de par un but de Kaka dans le temps répandu (1-0) après 0-0 en ronde-bosse.
		</tgt>
		<tgt system="uedin">
			Ainsi, milanists menacent de rendre amère nuit pour les écossais, qui dépendent d 'entrer dans les milieux pour la deuxième fois consécutive à la Ligue des champions restructurée, après qu ’ elles ont été précisément rejeté dans ce dernier cycle par un objectif de kaka dans les délais supplémentaires (1-0) Après 0-0 dans le cycle de négociations.
		</tgt>
		<ref>
			?
		</ref>
	</judgedsentence>
	<judgedsentence id="1320" langsrc="en" langtgt="fr" rank="1" src-length="37" src-long="1" src-short="0" src-toolong="0" testset="newstest2008">
		<src>
			Waiting for the victory of the &quot;rossoneri&quot; will be the Shakhtar to which only the win will do, in the event that Celtic lost both get into quarters to continue in the UEFA.
		</src>
		<tgt system="rbmt3">
			Attendant parce que la victoire du &quot;rossoneri&quot; sera la Shakhtar auquel seulement la victoire fera l'affaire, dans l'événement que le celtique perdait les deux arrivent dans des quarts pour continuer dans l'UEFA.
		</tgt>
		<tgt system="limsi">
			Dans l'attente de la victoire de la &quot; rossoneri &quot; sera le Shakhtar à laquelle seule la victoire fera, dans le cas où le Celtic perdu à la fois en quarts de continuer à l'UEFA.
		</tgt>
		<ref>
			?
		</ref>
	</judgedsentence>
	<judgedsentence id="1330" langsrc="en" langtgt="fr" rank="1" src-length="47" src-long="1" src-short="0" src-toolong="0" testset="newstest2008">
		<src>
			&quot;Sporty Spice&quot; whose departure from the group in 1998 &quot;for the differences between us&quot; led the dissolution of the quintet two years later, also expressed nervousness during a meeting with the press, two hours before the start of the show.
		</src>
		<tgt system="rbmt3">
			&quot;Épice sportive&quot; dont le départ du groupe en 1998 &quot;pour les différences entre nous&quot; menait la dissolution du quintet deux ans plus tard, exprimait aussi de la nervosité pendant une réunion avec la presse, deux heures avant le commencement de l'exposition.
		</tgt>
		<tgt system="saar">
			« sportive &quot;dont le départ du groupe en 1998 » pour les différences entre nous&quot; dirigé la dissolution du quintette il y a deux ans plus tard, également exprimé la nervosité lors d' une réunion avec la presse, deux heures avant le début de l' exposition.
		</tgt>
		<ref>
			?
		</ref>
	</judgedsentence>
	<judgedsentence id="1359" langsrc="en" langtgt="fr" rank="0" src-length="21" src-long="0" src-short="0" src-toolong="0" testset="newstest2008">
		<src>
			Mr Black also raised concerns that NHS Scotland had no accurate picture of the number of overseas staff it had.
		</src>
		<tgt system="rbmt3">
			M. Black soulevait aussi des soucis que NHS Écosse n'avait aucune image précise du nombre de personnel étranger que cela avait.
		</tgt>
		<tgt system="saar">
			M. Black a également soulevé des inquiétudes que l' Ecosse n' avaient aucune idée précise du nombre de personnel étranger il avait.
		</tgt>
		<ref>
			?
		</ref>
	</judgedsentence>
	<judgedsentence id="1370" langsrc="en" langtgt="fr" rank="-1" src-length="31" src-long="1" src-short="0" src-toolong="0" testset="newstest2008">
		<src>
			&quot;The report suggests that current pre-employment checks are working well in NHS Scotland and it is not clear what added value the recommendations will deliver,&quot; he said.
		</src>
		<tgt system="rbmt3">
			&quot;Le rapport suggère que les contrôles de pré-emploi actuels fonctionnent bien en NHS Écosse et il n'est pas clair quelle valeur ajoutée les recommandations distribueront&quot;, il disait.
		</tgt>
		<tgt system="saar">
			Le rapport suggère que ces contrôles fonctionnent correctement dans l' Ecosse et il n' est pas clairement quelle valeur ajoutée les recommandations fourniront &quot;, a-t-il déclaré.
		</tgt>
		<ref>
			?
		</ref>
	</judgedsentence>
	<judgedsentence id="1409" langsrc="en" langtgt="fr" rank="0" src-length="25" src-long="0" src-short="0" src-toolong="0" testset="newstest2008">
		<src>
			&quot;This was a very large effort by security forces over the past... five months,&quot; an interior ministry spokesman told state television.
		</src>
		<tgt system="rbmt3">
			&quot;C'était un effort très grand par forces de sécurité pendant le passé... cinq mois&quot;, un porte-parole de ministère intérieur racontait à l'état de la télévision.
		</tgt>
		<tgt system="limsi">
			&quot; C'était un très grand effort par les forces de sécurité au cours de la dernière... cinq mois &quot;, un porte-parole du ministère de l'Intérieur a déclaré à la télévision d'État.
		</tgt>
		<ref>
			?
		</ref>
	</judgedsentence>
	<judgedsentence id="1459" langsrc="en" langtgt="fr" rank="-1" src-length="13" src-long="0" src-short="0" src-toolong="0" testset="newstest2008">
		<src>
			As British political scandals go, this one is not particularly juicy.
		</src>
		<tgt system="rbmt3">
			Comme les scandales politiques britanniques vont, celui-ci n'est pasparticulièrement juteux.
		</tgt>
		<tgt system="saar">
			Comme les scandales de politique, celle-ci n' est pas particulièrement juteux.
		</tgt>
		<ref>
			?
		</ref>
	</judgedsentence>
	<judgedsentence id="1459" langsrc="en" langtgt="fr" rank="-1" src-length="13" src-long="0" src-short="0" src-toolong="0" testset="newstest2008">
		<src>
			As British political scandals go, this one is not particularly juicy.
		</src>
		<tgt system="rbmt3">
			Comme les scandales politiques britanniques vont, celui-ci n'est pasparticulièrement juteux.
		</tgt>
		<tgt system="uedin">
			Comme les scandales politiques britanniques, celui-ci n'est pas particulièrement juteux.
		</tgt>
		<ref>
			?
		</ref>
	</judgedsentence>
	<judgedsentence id="1509" langsrc="en" langtgt="fr" rank="1" src-length="18" src-long="0" src-short="0" src-toolong="0" testset="newstest2008">
		<src>
			And confidence in credit-card asset-backed securities is pretty firm despite paralysis in other corners of structured finance.
		</src>
		<tgt system="rbmt3">
			Et confiance en carte de crédit sécurités soutenues de capital est assez affermir malgré la paralysie dans d'autres coins de finance structurée.
		</tgt>
		<tgt system="limsi">
			Et la confiance dans les asset-backed des titres à crédit est assez ferme malgré la paralysie dans d'autres coins de financement structuré.
		</tgt>
		<ref>
			?
		</ref>
	</judgedsentence>
	<judgedsentence id="1557" langsrc="en" langtgt="fr" rank="1" src-length="21" src-long="0" src-short="0" src-toolong="0" testset="newstest2008">
		<src>
			Fueled by an oil boom, the Russian capital seems as awash in cash as Dallas was in its heyday.
		</src>
		<tgt system="rbmt3">
			Alimenté par un grondement d'huile, le capital russe semble aussi inondé en espèces que Dallas ne l'était dans son âge d'or.
		</tgt>
		<tgt system="uedin">
			Fueled par une explosion du pétrole, les capitaux russes « semble en espèces comme de Dallas était dans sa heyday.
		</tgt>
		<ref>
			?
		</ref>
	</judgedsentence>
	<judgedsentence id="1559" langsrc="en" langtgt="fr" rank="1" src-length="27" src-long="1" src-short="0" src-toolong="0" testset="newstest2008">
		<src>
			Like the Saudi high rollers of the 1970s and the Japanese in the 1990s, Russians are emerging as the world's most visible free spenders.
		</src>
		<tgt system="rbmt3">
			Comme les rouleaux hauts saoudiens des années 1970 et le japonais durant les années 1990, les Russes émergent comme les dépensiers libres les plus visibles du monde.
		</tgt>
		<tgt system="limsi">
			À l'instar de l'Union européenne, élevé en Arabie Saoudite des années 1970 et les Japonais dans les années 1990, les Russes sont en train de devenir la plus visible du monde libre dépensiers.
		</tgt>
		<ref>
			?
		</ref>
	</judgedsentence>
	<judgedsentence id="1559" langsrc="en" langtgt="fr" rank="1" src-length="27" src-long="1" src-short="0" src-toolong="0" testset="newstest2008">
		<src>
			Like the Saudi high rollers of the 1970s and the Japanese in the 1990s, Russians are emerging as the world's most visible free spenders.
		</src>
		<tgt system="rbmt3">
			Comme les rouleaux hauts saoudiens des années 1970 et le japonais durant les années 1990, les Russes émergent comme les dépensiers libres les plus visibles du monde.
		</tgt>
		<tgt system="saar">
			Comme l' élevé cylindres des années 1970 et le Japon dans les années 1990, les Russes sont en train de devenir le plus visible la liberté.
		</tgt>
		<ref>
			?
		</ref>
	</judgedsentence>
	<judgedsentence id="1586" langsrc="en" langtgt="fr" rank="1" src-length="34" src-long="1" src-short="0" src-toolong="0" testset="newstest2008">
		<src>
			&quot;If you bought an apartment in Moscow three or four years ago, you are probably already a millionaire, at least on paper if not in cash,&quot; he said.
		</src>
		<tgt system="rbmt3">
			&quot;Si vous achetiez un appartement à Moscou trois ou il y a quatre ans, vous êtes probablement déjà un millionnaire, au moins sur le papier si non en espèces&quot;, il disait.
		</tgt>
		<tgt system="uedin">
			&quot;Si vous acheté un appartement à Moscou trois ou quatre ans, vous êtes probablement déjà un milliardaire, du moins sur le papier, si pas en liquide, a-t-il dit.
		</tgt>
		<ref>
			?
		</ref>
	</judgedsentence>
	<judgedsentence id="1597" langsrc="en" langtgt="fr" rank="1" src-length="26" src-long="1" src-short="0" src-toolong="0" testset="newstest2008">
		<src>
			&quot;Then I saw the medical examiner's van pull up,&quot; Mr. Livingston, a supervisor at the restaurant, said on Wednesday.
		</src>
		<tgt system="rbmt3">
			&quot;Alors je voyais la camionnette de l'examinateur médical s'arrêter&quot;, M. Livingston, un surveillant au restaurant, disait mercredi.
		</tgt>
		<tgt system="saar">
			&quot;J' ai vu le fourgon du médecin van tirer vers le haut, M. livingston, un directeur au restaurant, a déclaré ce mercredi.
		</tgt>
		<ref>
			?
		</ref>
	</judgedsentence>
	<judgedsentence id="1605" langsrc="en" langtgt="fr" rank="1" src-length="5" src-long="0" src-short="1" src-toolong="0" testset="newstest2008">
		<src>
			She would protect me.&quot;
		</src>
		<tgt system="rbmt3">
			Elle me protégerait.&quot;
		</tgt>
		<tgt system="limsi">
			Elle me protéger. &quot;
		</tgt>
		<ref>
			?
		</ref>
	</judgedsentence>
	<judgedsentence id="1672" langsrc="en" langtgt="fr" rank="1" src-length="42" src-long="1" src-short="0" src-toolong="0" testset="newstest2008">
		<src>
			At the Mansour bus station, even before the arrival from Damascus of 800 people in an official government convoy of a dozen buses, the terminal was busy with refugees from Syria and Jordan who had returned in private transport.
		</src>
		<tgt system="rbmt3">
			À la gare de bus de Mansour, même avant l'arrivée de Damas de 800 personnes dans un convoi de gouvernement officiel d'une douzaine de bus, le terminal était animé avec les réfugiés de Syrie et de la Jordanie qui étaient retournés dans le transport privé.
		</tgt>
		<tgt system="saar">
			À la station de bus, même avant l' arrivée de Damas de 800 personnes dans un convoi gouvernemental officiel d' une dizaine de bus, le terminus est occupée avec les réfugiés de la Syrie et la Jordanie qui avait rendu dans le transport privé.
		</tgt>
		<ref>
			?
		</ref>
	</judgedsentence>
	<judgedsentence id="1705" langsrc="en" langtgt="fr" rank="0" src-length="20" src-long="0" src-short="0" src-toolong="0" testset="newstest2008">
		<src>
			Consequently, Saarlands Department of Education is committing university-level institutions to a marketing campaign for engineering sciences.
		</src>
		<tgt system="rbmt3">
			Conséquemment, Saarlands Department de l'Éducation engage des institutions plates d'université à une campagne de commercialisation pour les sciences d'ingénierie.
		</tgt>
		<tgt system="limsi">
			Par conséquent, Saarlands ministère de l'Éducation commet des institutions university-level à une campagne de marketing pour les sciences de l'ingénierie.
		</tgt>
		<ref>
			?
		</ref>
	</judgedsentence>
	<judgedsentence id="1710" langsrc="en" langtgt="fr" rank="1" src-length="17" src-long="0" src-short="0" src-toolong="0" testset="newstest2008">
		<src>
			The 2003 PISA survey showed the share of at-risk students shrinking from 29 to 20 percent.
		</src>
		<tgt system="rbmt3">
			La 2003 enquête de PISE indiquait à la part de l'à-risque des étudiants rétrécissant de 29 à 20 pour cent.
		</tgt>
		<tgt system="limsi">
			L' étude PISA 2003 a montré de la part des étudiants à risque réduit de 29 à 20 %.
		</tgt>
		<ref>
			?
		</ref>
	</judgedsentence>
	<judgedsentence id="1759" langsrc="en" langtgt="fr" rank="1" src-length="20" src-long="0" src-short="0" src-toolong="0" testset="newstest2008">
		<src>
			Water accumulated on both planets. On Earth it remained in oceans, whereas on Venus it escaped into space.
		</src>
		<tgt system="rbmt3">
			L'eau s'accumulait sur les deux planètes. Sur la Terre il restait dans des océans, tandis que sur vénus il s'échappait dans l'espace.
		</tgt>
		<tgt system="limsi">
			L' eau accumulée sur deux planètes. Sur la Terre, elle est restée dans les océans, alors qu'elle a échappé à sur Vénus dans l'espace.
		</tgt>
		<ref>
			?
		</ref>
	</judgedsentence>
	<judgedsentence id="1759" langsrc="en" langtgt="fr" rank="1" src-length="20" src-long="0" src-short="0" src-toolong="0" testset="newstest2008">
		<src>
			Water accumulated on both planets. On Earth it remained in oceans, whereas on Venus it escaped into space.
		</src>
		<tgt system="rbmt3">
			L'eau s'accumulait sur les deux planètes. Sur la Terre il restait dans des océans, tandis que sur vénus il s'échappait dans l'espace.
		</tgt>
		<tgt system="saar">
			L' eau accumulée sur les deux ethnies. Sur terre, il est resté dans les océans, tandis que de Vénus il échappé dans l' espace.
		</tgt>
		<ref>
			?
		</ref>
	</judgedsentence>
	<judgedsentence id="1759" langsrc="en" langtgt="fr" rank="-1" src-length="20" src-long="0" src-short="0" src-toolong="0" testset="newstest2008">
		<src>
			Water accumulated on both planets. On Earth it remained in oceans, whereas on Venus it escaped into space.
		</src>
		<tgt system="rbmt3">
			L'eau s'accumulait sur les deux planètes. Sur la Terre il restait dans des océans, tandis que sur vénus il s'échappait dans l'espace.
		</tgt>
		<tgt system="limsi">
			L' eau accumulée sur deux planètes. Sur la Terre, elle est restée dans les océans, alors qu'elle a échappé à sur Vénus dans l'espace.
		</tgt>
		<ref>
			?
		</ref>
	</judgedsentence>
	<judgedsentence id="1809" langsrc="en" langtgt="fr" rank="0" src-length="11" src-long="0" src-short="0" src-toolong="0" testset="newstest2008">
		<src>
			In the following night, the unrest encroached upon Toulouse.
		</src>
		<tgt system="rbmt3">
			Dans la nuit suivante, l'agitation empiétait sur Toulouse.
		</tgt>
		<tgt system="limsi">
			Dans la nuit suivante, les troubles empiété sur Toulouse.
		</tgt>
		<ref>
			?
		</ref>
	</judgedsentence>
	<judgedsentence id="1837" langsrc="en" langtgt="fr" rank="1" src-length="16" src-long="0" src-short="0" src-toolong="0" testset="newstest2008">
		<src>
			The self-made 30-second videos submitted via Youtube by internet users contribute little more than cues.
		</src>
		<tgt system="rbmt3">
			L'accompli magnétoscopes soumis 30-deuxième via Youtube par internet les utilisateurs contribuent peu plus que les répliques.
		</tgt>
		<tgt system="saar">
			La seconde ayant soumis de via des utilisateurs d' Internet contribuer un peu plus que les signaux.
		</tgt>
		<ref>
			?
		</ref>
	</judgedsentence>
	<judgedsentence id="1859" langsrc="en" langtgt="fr" rank="-1" src-length="6" src-long="0" src-short="1" src-toolong="0" testset="newstest2008">
		<src>
			The Fathers of Krautrock Are Back
		</src>
		<tgt system="rbmt3">
			Les Pères de Krautrock Retournent
		</tgt>
		<tgt system="saar">
			Les pères de retour sont les
		</tgt>
		<ref>
			?
		</ref>
	</judgedsentence>
	<judgedsentence id="1909" langsrc="en" langtgt="fr" rank="-1" src-length="14" src-long="0" src-short="0" src-toolong="0" testset="newstest2008">
		<src>
			Images of the producer, in a farmhouse room with Harmonia, appear.
		</src>
		<tgt system="rbmt3">
			Images du producteur, dans un farmhouse loger chez Harmonia,apparaître.
		</tgt>
		<tgt system="limsi">
			Images du producteur, dans une salle avec Harmonia farmhouse, semblent.
		</tgt>
		<ref>
			?
		</ref>
	</judgedsentence>
	<judgedsentence id="1909" langsrc="en" langtgt="fr" rank="0" src-length="14" src-long="0" src-short="0" src-toolong="0" testset="newstest2008">
		<src>
			Images of the producer, in a farmhouse room with Harmonia, appear.
		</src>
		<tgt system="rbmt3">
			Images du producteur, dans un farmhouse loger chez Harmonia,apparaître.
		</tgt>
		<tgt system="uedin">
			Les images du producteur, dans une salle farmhouse harmonia, apparaissent.
		</tgt>
		<ref>
			?
		</ref>
	</judgedsentence>
	<judgedsentence id="1945" langsrc="en" langtgt="fr" rank="1" src-length="48" src-long="1" src-short="0" src-toolong="0" testset="newstest2008">
		<src>
			It wants to condemn the fact that Karadzic and Mladic are still free as they please, and it suspects the Americans and the French (apparently they agree here, for once) of not being overly concerned with their pursuit due to secret political horse-trading.
		</src>
		<tgt system="rbmt3">
			Cela veut condamner le fait que Karadzic et Mladic sont encore libre comme ils plaisent, et cela soupçonne les Américains et le français (apparemment ils sont d'accord ici, pour une fois) de ne pas s'inquiéter trop pour leur poursuite à cause de secret politique commerce de cheval.
		</tgt>
		<tgt system="saar">
			Il veut condamner le fait que Karadzic et Mladic sont encore la liberté à leur guise, et il soupçonne les Américains et les Français (apparemment qu' ils s' accordent à dire ici, pour une fois, de ne pas être trop préoccupés par leur poursuite en raison du secret maquignonnage politique.
		</tgt>
		<ref>
			?
		</ref>
	</judgedsentence>
	<judgedsentence id="1980" langsrc="en" langtgt="fr" rank="-1" src-length="29" src-long="1" src-short="0" src-toolong="0" testset="newstest2008">
		<src>
			There, Von Beust had insisted that Hamburgs application for the 2015 Universiade was no substitute for Olympic Games in Hamburg, he said.
		</src>
		<tgt system="rbmt3">
			Là, Von Beust avait insisté que la demande d'Hamburgs au 2015 Universiade n'ait été aucun remplaçant de Jeux Olympiques à Hambourg, il disait.
		</tgt>
		<tgt system="saar">
			Il y a, von avait insisté sur le fait que la demande pour 2015 n' était pas pour les Jeux olympiques de Hambourg, il a déclaré.
		</tgt>
		<ref>
			?
		</ref>
	</judgedsentence>
	<judgedsentence id="2024" langsrc="en" langtgt="fr" rank="-1" src-length="11" src-long="0" src-short="0" src-toolong="0" testset="newstest2008">
		<src>
			Her government has been facing allegations of corruptions for months.
		</src>
		<tgt system="rbmt3">
			Son gouvernement a affronté des allégations de corruptions pendantdes mois.
		</tgt>
		<tgt system="uedin">
			Son gouvernement a été confrontée à des allégations de corruptions depuis des mois.
		</tgt>
		<ref>
			?
		</ref>
	</judgedsentence>
	<judgedsentence id="2042" langsrc="en" langtgt="fr" rank="-1" src-length="16" src-long="0" src-short="0" src-toolong="0" testset="newstest2008">
		<src>
			The two companies have founded the joint venture MSP in order to buy competitor Freenet.
		</src>
		<tgt system="rbmt3">
			Les deux compagnies ont fondé le MSP de projet collectif afin d'acheter le concurrent Freenet.
		</tgt>
		<tgt system="limsi">
			Les deux entreprises ont fondé la joint venture MSP afin d'acheter son concurrent Freenet.
		</tgt>
		<ref>
			?
		</ref>
	</judgedsentence>
	<judgedsentence id="5" langsrc="en" langtgt="de" rank="-1" src-length="26" src-long="1" src-short="0" src-toolong="0" testset="test2008">
		<src>
			On this issue I would like to indicate, if not my disagreement, then at least some slight differences in opinion on two points.
		</src>
		<tgt system="rbmt3">
			Auf dieser Frage, die ich anzeigen möchte, wenn nicht mein Zerwürfnis, dann mindestens einige leichte Unterschiede in Meinung auf zwei Punkten.
		</tgt>
		<tgt system="limsi">
			Zu diesem Thema möchte ich darauf hinweisen, dass ich nicht zustimme, wenn nicht, dann zumindest einige kleine Meinungsverschiedenheiten auf zwei Punkte eingehen.
		</tgt>
		<ref>
			?
		</ref>
	</judgedsentence>
	<judgedsentence id="41" langsrc="en" langtgt="de" rank="-1" src-length="39" src-long="1" src-short="0" src-toolong="0" testset="test2008">
		<src>
			Unmistakably, the personal commitment of the rapporteurs of the Committee on Foreign Affairs, Human Rights, Common Security and Defence Policy and the productive exchange of ideas in those circles, point in the same direction.
		</src>
		<tgt system="rbmt3">
			Ohne Zweifel, die persönliche Verpflichtung von den rapporteurs des Ausschusses auf Außenpolitik, Menschlichen Rechten, Üblicher Sicherheit und Verteidigungs-Politik und dem produktiven Gedankenaustausch in jenen Kreisen, Punkt in der gleichen Richtung.
		</tgt>
		<tgt system="liu">
			Unverkennbar, das persönliche Engagement von den Berichterstattern des Ausschusses für auswärtige Angelegenheiten, Menschenrechte, gemeinsame Sicherheit und Verteidigungspolitik und die produktionsaustausch von Ideen in diesen Kreisen in dieselbe Richtung.
		</tgt>
		<ref>
			?
		</ref>
	</judgedsentence>
	<judgedsentence id="105" langsrc="en" langtgt="de" rank="1" src-length="47" src-long="1" src-short="0" src-toolong="0" testset="test2008">
		<src>
			The fact that there has been a reunited Germany in the European Union for ten years now, bears witness to the solidarity between us. Other countries should now be given the chance to share in this, even though enlargement is not just about solidarity.
		</src>
		<tgt system="rbmt3">
			Die Tatsache, dass es ein wiedervereinigtes Deutschland in der Europäischen Union für zehn Jahre jetzt, Bärenzeugen der Solidarität zwischen uns gegeben hat. Anderen Ländern sollte die Gelegenheit, sich darin zu teilen, jetzt gegeben werden, auch wenn Vergrößerung nicht einfach über Solidarität ist.
		</tgt>
		<tgt system="uedin">
			Die Tatsache, dass es das wiedervereinigte Deutschland in der Europäischen Union seit zehn Jahren, zeugt von der Solidarität zwischen uns und die anderen Länder sollten jetzt die Möglichkeit eingeräumt werden, das, auch wenn die Erweiterung ist nicht nur eine Frage der Solidarität.
		</tgt>
		<ref>
			?
		</ref>
	</judgedsentence>
	<judgedsentence id="126" langsrc="en" langtgt="de" rank="1" src-length="15" src-long="0" src-short="0" src-toolong="0" testset="test2008">
		<src>
			If hygiene legislation is inadequate in this area it will have to be amended.
		</src>
		<tgt system="rbmt3">
			Wenn Hygienegesetzgebung in diesem Gebietunzureichend ist, wird es berichtigt werden müssen.
		</tgt>
		<tgt system="limsi">
			Wenn die Hygienegesetzgebung unzureichend ist in diesem Bereich wird es geändert werden müssen.
		</tgt>
		<ref>
			?
		</ref>
	</judgedsentence>
	<judgedsentence id="155" langsrc="en" langtgt="de" rank="-1" src-length="45" src-long="1" src-short="0" src-toolong="0" testset="test2008">
		<src>
			I would like to take this opportunity to extend a greeting to the pensioners and elderly people of Poland, some of which belong to a Pensioners' Party which is similar to the Pensioners' Party which I represent in the European Union.
		</src>
		<tgt system="rbmt3">
			Ich wurde wie diese Gelegenheit dafür zu nehmen, einen Gruß an die Rentner und ältliche Leute von Polen zu übermitteln, von dem einige gehören zu ein Rentner 'Partei, die der Partei der Rentner ähnlich ist, die ich in der Europäischen Union repräsentiere.
		</tgt>
		<tgt system="limsi">
			Bei dieser Gelegenheit möchte ich auch an die Rentner und älteren Menschen in Polen, von denen einige gehören zu der Rentnerpartei, ähnlich der, die Rentnerpartei, die ich in der Europäischen Union.
		</tgt>
		<ref>
			?
		</ref>
	</judgedsentence>
	<judgedsentence id="155" langsrc="en" langtgt="de" rank="1" src-length="45" src-long="1" src-short="0" src-toolong="0" testset="test2008">
		<src>
			I would like to take this opportunity to extend a greeting to the pensioners and elderly people of Poland, some of which belong to a Pensioners' Party which is similar to the Pensioners' Party which I represent in the European Union.
		</src>
		<tgt system="rbmt3">
			Ich wurde wie diese Gelegenheit dafür zu nehmen, einen Gruß an die Rentner und ältliche Leute von Polen zu übermitteln, von dem einige gehören zu ein Rentner 'Partei, die der Partei der Rentner ähnlich ist, die ich in der Europäischen Union repräsentiere.
		</tgt>
		<tgt system="uedin">
			Ich möchte diese Gelegenheit ergreifen, um auch die älteren Bürger und die Rentner von Polen, von denen einige auf eine Rentnerpartei angehöre, ähnlich der italienischen Rentnerpartei, die ich hier vertrete, in der Europäischen Union.
		</tgt>
		<ref>
			?
		</ref>
	</judgedsentence>
	<judgedsentence id="251" langsrc="en" langtgt="de" rank="-1" src-length="23" src-long="0" src-short="0" src-toolong="0" testset="test2008">
		<src>
			Unlike the internal audit, the traditional form of financial control checks budgetary processes even before agreements are signed and payments made.
		</src>
		<tgt system="rbmt3">
			Im Gegensatz zur internen Revision überprüft die traditionelle Form von Finanzkontrolle Haushaltsprozesse sogar, bevor Abkommen unterschrieben werden und Zahlungen machten.
		</tgt>
		<tgt system="limsi">
			Im Gegensatz zu den internen Auditdienst, die traditionelle Form der finanziellen Kontrollen durch die Prozesse, noch bevor die Abkommen unterzeichnet sind und Zahlungen.
		</tgt>
		<ref>
			?
		</ref>
	</judgedsentence>
	<judgedsentence id="255" langsrc="en" langtgt="de" rank="-1" src-length="75" src-long="1" src-short="0" src-toolong="1" testset="test2008">
		<src>
			Clearly, we cannot attempt to harmonise legislation on the protection of minors in that, under the principle of subsidiarity, each Member State is sovereign in this matter, but also because cultural and moral concepts and therefore views on these issues differ widely from country to country: for example, there are differences in the definition of who exactly is a minor and the definition of violence, etc.
		</src>
		<tgt system="rbmt3">
			Deutlich können wir nicht versuchen Gesetzgebung auf dem Schutz von Nebenfächern zu harmonisieren dadurch, dass jeder Mitgliedstaat unter dem Prinzip von subsidiarity in dieser Angelegenheit am höchsten ist, aber auch weil kulturelle und moralische Begriffe und deswegen unterscheiden sich Aussichten auf diesen Fragen weit von Land zu Land: zum Beispiel gibt es Unterschiede in der Definition von dem, der genau ein Nebenfach ist, und der Definition von Tätlichkeit, etc.
		</tgt>
		<tgt system="uedin">
			Es ist klar, daß wir nicht Versuch zur Harmonisierung der Rechtsvorschriften zum Schutz der Minderjährigen, gemäß dem Grundsatz der Subsidiarität, jeder Mitgliedstaat in dieser Angelegenheit souverän ist, sondern auch, weil die kulturellen und moralischen Konzepte und daher Ansichten über diese Fragen von Land zu Land sehr unterschiedlich: beispielsweise gibt es Unterschiede in der Definition, wer genau ist eine kleine und der Definition der Gewalt usw..
		</tgt>
		<ref>
			?
		</ref>
	</judgedsentence>
	<judgedsentence id="297" langsrc="en" langtgt="de" rank="1" src-length="30" src-long="1" src-short="0" src-toolong="0" testset="test2008">
		<src>
			Finally, Amendment No 11 requested that this modification to the Community Customs Code enter into force before 1 January 2000 and is, therefore, no longer valid.
		</src>
		<tgt system="rbmt3">
			Schließlich, Änderung, die Kein 11 verlangte, dass diese Modifikation zum Gemeinschaft-Zoll-Code vor dem 1 Januar 2000 in Kraft betreten und ist deswegen nicht mehr gültig.
		</tgt>
		<tgt system="liu">
			Schließlich Änderungsantrag 11 gefordert, daß diese Änderung des Zollkodex der Gemeinschaften in Kraft treten, vor dem 1. Januar 2000, und sie ist deshalb nicht mehr gültig.
		</tgt>
		<ref>
			?
		</ref>
	</judgedsentence>
	<judgedsentence id="371" langsrc="en" langtgt="de" rank="1" src-length="20" src-long="0" src-short="0" src-toolong="0" testset="test2008">
		<src>
			You are aware of the situation in Campo de Gibraltar, where there is a damaged British nuclear submarine.
		</src>
		<tgt system="rbmt3">
			Sie sind der Situation in Campo de Gibraltar, wo es ein beschädigtes britisches nukleares U-Boot gibt, bewusst.
		</tgt>
		<tgt system="limsi">
			Sie kennen die Situation im Campo de Gibraltar, wo es einen britischen Atom-U-Boots.
		</tgt>
		<ref>
			?
		</ref>
	</judgedsentence>
	<judgedsentence id="405" langsrc="en" langtgt="de" rank="1" src-length="44" src-long="1" src-short="0" src-toolong="0" testset="test2008">
		<src>
			When a decision is to be taken in matters of competition policy, account must be taken of the social, structural and industrial implications, and if this is not done then competition policy will degenerate to the level of pure ideology.
		</src>
		<tgt system="rbmt3">
			Wenn eine Entscheidung in Fragen von Wettbewerbspolitik genommen werden soll, muss in Betracht gezogen werden von den Gesellschaftlich-, Strukturell- und Industrieimplikationen, und wenn dies nicht gemacht wird dann Wettbewerbspolitik wird zum Niveau von reiner Ideologie degenerieren.
		</tgt>
		<tgt system="liu">
			Wenn eine Entscheidung getroffen wird, in dem Bereich der Wettbewerbspolitik zu berücksichtigen, die sozialen, strukturellen und industriellen Folgen, und wenn das nicht geschieht, dann Arten Wettbewerbspolitik auf der Ebene der reinen Ideologie.
		</tgt>
		<ref>
			?
		</ref>
	</judgedsentence>
	<judgedsentence id="405" langsrc="en" langtgt="de" rank="-1" src-length="44" src-long="1" src-short="0" src-toolong="0" testset="test2008">
		<src>
			When a decision is to be taken in matters of competition policy, account must be taken of the social, structural and industrial implications, and if this is not done then competition policy will degenerate to the level of pure ideology.
		</src>
		<tgt system="rbmt3">
			Wenn eine Entscheidung in Fragen von Wettbewerbspolitik genommen werden soll, muss in Betracht gezogen werden von den Gesellschaftlich-, Strukturell- und Industrieimplikationen, und wenn dies nicht gemacht wird dann Wettbewerbspolitik wird zum Niveau von reiner Ideologie degenerieren.
		</tgt>
		<tgt system="limsi">
			Bei einer Entscheidung getroffen werden, um im Bereich der Wettbewerbspolitik, muss berücksichtigt werden, die die sozialen und industriellen Folgen, und wenn das nicht geschieht, dann verkommt Wettbewerbspolitik auf der Ebene der reinen Ideologie.
		</tgt>
		<ref>
			?
		</ref>
	</judgedsentence>
	<judgedsentence id="415" langsrc="en" langtgt="de" rank="-1" src-length="50" src-long="1" src-short="0" src-toolong="0" testset="test2008">
		<src>
			In view of the current level of economic, financial and monetary integration, the likelihood that these Member States will encounter difficulties related to the balance of payments is extremely low from the institutional point of view, but the mechanism must, nevertheless, remain in force.
		</src>
		<tgt system="rbmt3">
			Angesichts des gegenwärtigen Niveaus von Wirtschaftlich-, Finanz- und Finanziellintegration ist die Wahrscheinlichkeit, dass diese Mitgliedstaaten auf die Zahlungsbilanz bezogene Schwierigkeiten finden werden, äußerst niedrig vom Anstaltsstandpunkt, aber der Mechanismus muss trotzdem in Kraft übrig bleiben.
		</tgt>
		<tgt system="liu">
			Angesichts der derzeitigen Höhe der Wirtschafts-, Finanz- und Währungsintegration, die Wahrscheinlichkeit, dass diese Mitgliedstaaten werden auf Schwierigkeiten im Zusammenhang mit der Zahlungsbilanz extrem niedrig ist unter dem Gesichtspunkt der Institutionen, aber der Mechanismus muss jedoch in Kraft bleiben.
		</tgt>
		<ref>
			?
		</ref>
	</judgedsentence>
	<judgedsentence id="430" langsrc="en" langtgt="de" rank="-1" src-length="27" src-long="1" src-short="0" src-toolong="0" testset="test2008">
		<src>
			This would require majority decisions in the Council to become the rule, and likewise, codecision for Parliament, in agricultural matters, for example.
		</src>
		<tgt system="rbmt3">
			Dies würde Mehrheitsentscheidungen im Rat benötigen um die Regel zu werden, und gleichfalls, Coentscheidung für Parlament, in landwirtschaftlichen Angelegenheiten, zum Beispiel.
		</tgt>
		<tgt system="limsi">
			Dies würde voraussetzen, daß die Mehrheitsentscheidung im Rat zur Regel wird, und auch die Mitentscheidung für das Parlament, im Bereich der Landwirtschaft.
		</tgt>
		<ref>
			?
		</ref>
	</judgedsentence>
	<judgedsentence id="447" langsrc="en" langtgt="de" rank="1" src-length="11" src-long="0" src-short="0" src-toolong="0" testset="test2008">
		<src>
			This procedure is unacceptable from a democratic and integrationist perspective.
		</src>
		<tgt system="rbmt3">
			Dieses Verfahren ist inakzeptabel von einer demokratischenund integrationist Perspektive.
		</tgt>
		<tgt system="uedin">
			Dieses Verfahren ist inakzeptabel, von einer demokratischen und integrierenden Perspektive.
		</tgt>
		<ref>
			?
		</ref>
	</judgedsentence>
	<judgedsentence id="455" langsrc="en" langtgt="de" rank="1" src-length="58" src-long="1" src-short="0" src-toolong="1" testset="test2008">
		<src>
			Anyone who has studied the issue is aware of the mystery of the translations: while the Italian version adopts the principle that island status is one of the valid criteria for Community intervention, the French and other translations express a different concept and the English translation is ambiguous and could be interpreted in either way.
		</src>
		<tgt system="rbmt3">
			Irgendjemand, der die Frage studiert hat, ist des Mysteriums der Übersetzungen bewusst: während die italienische Version das Prinzip annimmt, ist jener Inselstatus eins der gültigen Kriterien für Gemeinschaft-Eingreifen, die französischen und anderen Übersetzungen drücken einen unterschiedlichen Begriff aus und die englische Übersetzung ist mehrdeutig und könnte in jeder Weise interpretiert werden.
		</tgt>
		<tgt system="limsi">
			Jeder, der sich mit der Frage bewusst ist, das Geheimnis der Übersetzungen: während der italienischen Fassung auf dem Grundsatz, dass die Insel Status ist eines der gültige Kriterien für die Intervention, die französische und die anderen Übersetzungen ein anderes Konzept und die englische Übersetzung ist unklar und interpretiert werden könnte, weder in den Weg.
		</tgt>
		<ref>
			?
		</ref>
	</judgedsentence>
	<judgedsentence id="496" langsrc="en" langtgt="de" rank="-1" src-length="34" src-long="1" src-short="0" src-toolong="0" testset="test2008">
		<src>
			The Council has not deemed it desirable to take up the programming proposed by the Commission, either in the proposal for a framework regulation or in its preliminary draft budget for 2001.
		</src>
		<tgt system="rbmt3">
			Der Rat hat es nicht für wünschenswert erachtet sich mit dem von der Kommission vorgeschlagenen Programmieren zu befassen, jedes im Vorschlag für eine Rahmenregelung oder in seinem vorläufigen Entwurf veranschlagt für 2001 die Kosten.
		</tgt>
		<tgt system="liu">
			Der Rat hat es nicht für wünschenswert, die Programmplanung von der Kommission vorgeschlagen wird, weder in dem Vorschlag für eine Rahmenverordnung oder in ihrem Haushaltsvorentwurf für 2001.
		</tgt>
		<ref>
			?
		</ref>
	</judgedsentence>
	<judgedsentence id="505" langsrc="en" langtgt="de" rank="1" src-length="22" src-long="0" src-short="0" src-toolong="0" testset="test2008">
		<src>
			In that regard, I would draw the Commission' s and the House' s attention to the following issues.
		</src>
		<tgt system="rbmt3">
			In jener Hinsicht würde ich die Kommission ziehen' s und das Haus' S-Aufmerksamkeit auf das Folgende strömt hervor.
		</tgt>
		<tgt system="limsi">
			In diesem Zusammenhang möchte ich die Kommission und die Aufmerksamkeit des Hauses auf die folgenden Fragen.
		</tgt>
		<ref>
			?
		</ref>
	</judgedsentence>
	<judgedsentence id="512" langsrc="en" langtgt="de" rank="-1" src-length="15" src-long="0" src-short="0" src-toolong="0" testset="test2008">
		<src>
			We must remember that there are other means than necessarily revising the financial perspective.
		</src>
		<tgt system="rbmt3">
			Wir müssen uns daran erinnern, dass es andere Mittel gibt, als notwendigerweise die Finanzperspektive zu revidieren.
		</tgt>
		<tgt system="uedin">
			Wir dürfen nicht vergessen, daß es andere Möglichkeiten als notwendigerweise die Revision der Finanziellen Vorausschau.
		</tgt>
		<ref>
			?
		</ref>
	</judgedsentence>
	<judgedsentence id="520" langsrc="en" langtgt="de" rank="1" src-length="27" src-long="1" src-short="0" src-toolong="0" testset="test2008">
		<src>
			This has got to be the worst possible message to be sending out to our friends and neighbours around the Mediterranean at the time of enlargement.
		</src>
		<tgt system="rbmt3">
			Dies hat die schlechteste mögliche Nachricht sein müssen, die Aussendung zu unseren Freunden und Nachbarn ums Mittelmeer zurzeit von Vergrößerung ist.
		</tgt>
		<tgt system="limsi">
			Dies ist eine der schlimmsten Botschaft an unsere Freunde und Nachbarn im Mittelmeerraum zum Zeitpunkt der Erweiterung.
		</tgt>
		<ref>
			?
		</ref>
	</judgedsentence>
	<judgedsentence id="550" langsrc="en" langtgt="de" rank="1" src-length="25" src-long="0" src-short="0" src-toolong="0" testset="test2008">
		<src>
			The Commission is now quoting a figure of 1.07, and the Council wants a figure of 1.05. 1.27 is really the Agenda figure.
		</src>
		<tgt system="rbmt3">
			Die Kommission zitiert jetzt eine Zahl von 1.07, und der Rat will eine Zahl von 1.05. 1.27 ist wirklich die Tagesordnungs-Zahl.
		</tgt>
		<tgt system="limsi">
			Die Kommission ist nun mit einer Zahl von 1,07, und der Rat will 1.05. ein Betrag von 1, 27 ist wirklich die Tagesordnung.
		</tgt>
		<ref>
			?
		</ref>
	</judgedsentence>
	<judgedsentence id="555" langsrc="en" langtgt="de" rank="-1" src-length="42" src-long="1" src-short="0" src-toolong="0" testset="test2008">
		<src>
			The mainstay of Parliament' s strategy should be to force the Council to guarantee that new resources will be allocated to new objectives, in order to prevent these new objectives from being implemented using resources earmarked for existing priorities.
		</src>
		<tgt system="rbmt3">
			Die Hauptstütze von Parlament' S-Strategie sollte sein den Rat zwingen neuen Zielen zu garantieren dass neue Mittel verteilt werden werden, um diese neuen Ziele davon abzuhalten, realisiert zu werden für existierende Prioritäten vorgesehene Mittel benutzend.
		</tgt>
		<tgt system="uedin">
			Das Fundament des Parlaments sollte die Strategie, um den Rat zu zwingen, um zu gewährleisten, dass die neuen Mittel für neue Ziele bereitgestellt werden, um zu verhindern, dass diese neuen Ziele umgesetzt werden die Mittel für die bestehenden Prioritäten.
		</tgt>
		<ref>
			?
		</ref>
	</judgedsentence>
	<judgedsentence id="631" langsrc="en" langtgt="de" rank="-1" src-length="23" src-long="0" src-short="0" src-toolong="0" testset="test2008">
		<src>
			It is imperative for a ban to be imposed on producing mines in the EU and on exporting mines from the EU.
		</src>
		<tgt system="rbmt3">
			Es ist unbedingt, da ein aufzuerlegendes Verbot darauf zu produzieren in der EU abbaut, und baut darauf zu exportieren von der EU ab.
		</tgt>
		<tgt system="liu">
			Es ist unabdingbar für ein Verbot verhängt werden für die Produktion von Minen in der EU und für den Export von Minen aus der EU.
		</tgt>
		<ref>
			?
		</ref>
	</judgedsentence>
	<judgedsentence id="712" langsrc="en" langtgt="de" rank="1" src-length="17" src-long="0" src-short="0" src-toolong="0" testset="test2008">
		<src>
			The multiannual programme will be committed to improving the modus operandi of small and medium-sized businesses.
		</src>
		<tgt system="rbmt3">
			Das Multijahresprogramm wird darauf festgelegt werden, das modus operandi von kleinen und mittelständischen Geschäften zu verbessern.
		</tgt>
		<tgt system="liu">
			Das Mehrjahresprogramm für die Verbesserung der modus operandi der kleinen und mittleren Unternehmen.
		</tgt>
		<ref>
			?
		</ref>
	</judgedsentence>
	<judgedsentence id="759" langsrc="en" langtgt="de" rank="-1" src-length="21" src-long="0" src-short="0" src-toolong="0" testset="test2008">
		<src>
			So far the European Commission has proven unwilling to enforce the Treaties when the number of people affected are few.
		</src>
		<tgt system="rbmt3">
			Bisher hat sich die Europäische Kommission widerwillig erwiesen, die Verträge durchzusetzen als die Anzahl von Leuten sich auswirkte, sind wenige.
		</tgt>
		<tgt system="liu">
			Die Europäische Kommission hat bisher nicht bereit für die Einhaltung der Verträge erwiesen, wenn die Zahl der Menschen betroffen sind.
		</tgt>
		<ref>
			?
		</ref>
	</judgedsentence>
	<judgedsentence id="805" langsrc="en" langtgt="de" rank="0" src-length="18" src-long="0" src-short="0" src-toolong="0" testset="test2008">
		<src>
			I am sure the Convention members that are to speak here will be able to confirm that.
		</src>
		<tgt system="rbmt3">
			Ich bin sicher die Konventions-Mitglieder, die hier sprechen sollen, wird fähig sein, das zu bestätigen.
		</tgt>
		<tgt system="uedin">
			Ich bin sicher, dass die Mitglieder des Konvents hier in der Lage sein werden, das zu bestätigen.
		</tgt>
		<ref>
			?
		</ref>
	</judgedsentence>
	<judgedsentence id="814" langsrc="en" langtgt="de" rank="1" src-length="26" src-long="1" src-short="0" src-toolong="0" testset="test2008">
		<src>
			And we want a Europe which blossoms, prospers and grows, which is why we wanted and were right to refer to our roots.
		</src>
		<tgt system="rbmt3">
			Und wir wollen ein Europa den blüht, gedeiht und wächst, was ist warum wir wollten und Recht hatten um uns auf unsere Wurzeln zu beziehen.
		</tgt>
		<tgt system="liu">
			Und wir wollen ein Europa, das Blüten, gedeiht und wächst, weshalb wir wollten, und Sie haben zu Recht auf unsere Wurzeln.
		</tgt>
		<ref>
			?
		</ref>
	</judgedsentence>
	<judgedsentence id="855" langsrc="en" langtgt="de" rank="1" src-length="7" src-long="0" src-short="1" src-toolong="0" testset="test2008">
		<src>
			Articles establishing new obligations without justification.
		</src>
		<tgt system="rbmt3">
			Artikel, die neue Verpflichtungen ohne Rechtfertigung feststellen.
		</tgt>
		<tgt system="liu">
			Artikel über neue Verpflichtungen ohne Rechtfertigung.
		</tgt>
		<ref>
			?
		</ref>
	</judgedsentence>
	<judgedsentence id="955" langsrc="en" langtgt="de" rank="1" src-length="58" src-long="1" src-short="0" src-toolong="1" testset="test2008">
		<src>
			In this way, far from creating an exceptional system from the standpoint of international practice, with this flexible system of preventing and managing crises we would be moving, at reasonable cost, towards what is practised in certain third countries, such as the insurance-cum-income systems in force in the United States and Canada.
		</src>
		<tgt system="rbmt3">
			In dieser Weise, weit ein außerordentliches System vom Standpunkt von internationaler Praktik, mit diesem flexiblen System zu schaffen, Krisen zu verhindern und zu bewältigen, die wir an sinnvollen Kosten bewegen würden, gegen das, was in geübt wird, gewiss dritte Länder, wie die Versicherungs-cum-Einkommen Systeme in Kraft in den Vereinigten Staaten und Kanada.
		</tgt>
		<tgt system="liu">
			Auf diese Weise schaffen, weit davon entfernt, eine Ausnahmeregelung vom Standpunkt der internationalen Praxis, mit diesem flexiblen System der Prävention und Krisenmanagement würden wir bewegen, zu vernünftigen Kosten auf die Praxis in bestimmten Drittländern, wie z. B. die insurance-cum-income Systeme in Kraft in den Vereinigten Staaten und Kanada.
		</tgt>
		<ref>
			?
		</ref>
	</judgedsentence>
	<judgedsentence id="955" langsrc="en" langtgt="de" rank="0" src-length="58" src-long="1" src-short="0" src-toolong="1" testset="test2008">
		<src>
			In this way, far from creating an exceptional system from the standpoint of international practice, with this flexible system of preventing and managing crises we would be moving, at reasonable cost, towards what is practised in certain third countries, such as the insurance-cum-income systems in force in the United States and Canada.
		</src>
		<tgt system="rbmt3">
			In dieser Weise, weit ein außerordentliches System vom Standpunkt von internationaler Praktik, mit diesem flexiblen System zu schaffen, Krisen zu verhindern und zu bewältigen, die wir an sinnvollen Kosten bewegen würden, gegen das, was in geübt wird, gewiss dritte Länder, wie die Versicherungs-cum-Einkommen Systeme in Kraft in den Vereinigten Staaten und Kanada.
		</tgt>
		<tgt system="saar">
			Auf diese Weise von der Erstellung eines außergewöhnlichen System von der Einstellung der internationalen Praxis, mit diesem flexiblen Systems der Verhütung und der Bewältigung von Krisen, die wir bewegen, zu vernünftigen Kosten, was in bestimmten Drittländern, wie zum Beispiel die versicherungs-cum-einkommenssystemen in Kraft in den Vereinigten Staaten und Kanada.
		</tgt>
		<ref>
			?
		</ref>
	</judgedsentence>
	<judgedsentence id="1010" langsrc="en" langtgt="de" rank="-1" src-length="38" src-long="1" src-short="0" src-toolong="0" testset="test2008">
		<src>
			- (EL) The remit of the European Agency for Reconstruction should have been extended to the Federal Republic of Yugoslavia a long time ago and should not be linked to the internal changes in Yugoslavia.
		</src>
		<tgt system="rbmt3">
			- (EL) Der überweisen von der Europäischen Agentur da Rekonstruktion vor langer Zeit bis die Bundesrepublik von Jugoslawien hätte erweitert werden sollen und nicht mit den inneren Änderungen von Jugoslawien verbunden sein sollte.
		</tgt>
		<tgt system="limsi">
			- (EL) die Zuständigkeit der Europäischen Agentur für Wiederaufbau ausgedehnt hätte für die Bundesrepublik Jugoslawien eine lange Zeit sein und darf nicht mit der internen Veränderungen in Jugoslawien.
		</tgt>
		<ref>
			?
		</ref>
	</judgedsentence>
	<judgedsentence id="1013" langsrc="en" langtgt="de" rank="-1" src-length="16" src-long="0" src-short="0" src-toolong="0" testset="test2008">
		<src>
			There is no point in setting up funds to ameliorate the effects of recurring crises.
		</src>
		<tgt system="rbmt3">
			Es gibt keinen Punkt, wenn man Fonds aufstellt, um die Wirkungen von sich wiederholenden Krisen zu verbessern.
		</tgt>
		<tgt system="liu">
			Es hat keinen Sinn, die Einrichtung von Fonds zur Beseitigung der Folgen immer wiederkehrender Krisen.
		</tgt>
		<ref>
			?
		</ref>
	</judgedsentence>
	<judgedsentence id="1048" langsrc="en" langtgt="de" rank="1" src-length="25" src-long="0" src-short="0" src-toolong="0" testset="test2008">
		<src>
			Finally, we shall assess to what extent the national budgets presented each year are compatible with more ambitious medium-term strategies for public finances.
		</src>
		<tgt system="rbmt3">
			Catalan-English English-Catalan Catalan-Spanish Spanish-Catalan Catalan-French French-Catalan English-French English-German English-Italian English-Russian English-Spanish French-English French-German French-Spanish German-English German-French German-Spanish German-Russian Russian-English Russian-German Spanish-English Spanish-French Spanish-Galician Spanish-German
		</tgt>
		<tgt system="liu">
			Schließlich werden wir beurteilen, inwieweit die nationalen Haushalte jedes Jahr vorgelegt werden, im Einklang mit mehr ehrgeizige mittelfristige Strategien für die öffentlichen Finanzen.
		</tgt>
		<ref>
			?
		</ref>
	</judgedsentence>
	<judgedsentence id="1055" langsrc="en" langtgt="de" rank="1" src-length="31" src-long="1" src-short="0" src-toolong="0" testset="test2008">
		<src>
			There has been a worrying increase in the number of cases of BSE detected in France over the past year, in part due to the introduction of targeted testing.
		</src>
		<tgt system="rbmt3">
			Es hat eine beunruhigende Zunahme der Anzahl von Fällen von in Frankreich über dem ehemaligen Jahr entdecktem BSE gegeben, teils auf Grund der Einführung von abgezieltem Test.
		</tgt>
		<tgt system="limsi">
			Es wurde eine beunruhigende Zunahme der Fälle von BSE in Frankreich im vergangenen Jahr, zum Teil aufgrund der Einführung gezielter.
		</tgt>
		<ref>
			?
		</ref>
	</judgedsentence>
	<judgedsentence id="1092" langsrc="en" langtgt="de" rank="1" src-length="15" src-long="0" src-short="0" src-toolong="0" testset="test2008">
		<src>
			During the measurement campaign elevated levels of sulphur dioxide were observed in some hot-spots.
		</src>
		<tgt system="rbmt3">
			Während der Messungskampagne wurden gehobene Niveaus von Schwefeldioxid in einigen Heißflecken beobachtet.
		</tgt>
		<tgt system="liu">
			Während die Messung erhöhte schwefeldioxidkampagne in einigen Herde festgestellt wurden.
		</tgt>
		<ref>
			?
		</ref>
	</judgedsentence>
	<judgedsentence id="1105" langsrc="en" langtgt="de" rank="0" src-length="25" src-long="0" src-short="0" src-toolong="0" testset="test2008">
		<src>
			Finally, I would like to respond to your concerns about the involvement of different actors and institutions in the implementation of this programme.
		</src>
		<tgt system="rbmt3">
			Schließlich möchte ich auf Ihre Bedenken über die Verwicklung von verschiedenen Schauspielern und Institutionen in die Durchführung dieses Programms reagieren.
		</tgt>
		<tgt system="limsi">
			Abschließend möchte ich eine Antwort auf ihre Sorgen über die Beteiligung der verschiedenen Akteure und Institutionen bei der Umsetzung dieses Programms.
		</tgt>
		<ref>
			?
		</ref>
	</judgedsentence>
	<judgedsentence id="1105" langsrc="en" langtgt="de" rank="1" src-length="25" src-long="0" src-short="0" src-toolong="0" testset="test2008">
		<src>
			Finally, I would like to respond to your concerns about the involvement of different actors and institutions in the implementation of this programme.
		</src>
		<tgt system="rbmt3">
			Schließlich möchte ich auf Ihre Bedenken über die Verwicklung von verschiedenen Schauspielern und Institutionen in die Durchführung dieses Programms reagieren.
		</tgt>
		<tgt system="liu">
			Abschließend möchte ich auf Ihre Besorgnis über die Beteiligung der verschiedenen Akteuren und Institutionen bei der Umsetzung dieses Programms.
		</tgt>
		<ref>
			?
		</ref>
	</judgedsentence>
	<judgedsentence id="1114" langsrc="en" langtgt="de" rank="1" src-length="40" src-long="1" src-short="0" src-toolong="0" testset="test2008">
		<src>
			I think we not only need to develop renewable energy sources but a modern energy savings programme to run in parallel with that process, as this dependence is also starting to become a matter of security for us.
		</src>
		<tgt system="rbmt3">
			Ich denke wir müssen nicht nur erneuerbare Energiequellen aber ein modernes Energieersparnisseprogramm entwickeln, um parallel zu jenem Prozess hereinzulaufen, wie diese Abhängigkeit auch anfängt eine Frage von Sicherheit für uns zu werden.
		</tgt>
		<tgt system="liu">
			Ich glaube, wir müssen nicht nur die Entwicklung der erneuerbaren Energiequellen, sondern ein modernes Energiesparprogramm mit diesem Prozess parallel verlaufen, wie diese Abhängigkeit ist auch eine Frage der Sicherheit für uns.
		</tgt>
		<ref>
			?
		</ref>
	</judgedsentence>
	<judgedsentence id="1115" langsrc="en" langtgt="de" rank="1" src-length="23" src-long="0" src-short="0" src-toolong="0" testset="test2008">
		<src>
			Also, I would like to inform the Commissioner that Ireland can be competitive in wind energy in a very short time.
		</src>
		<tgt system="rbmt3">
			Auch möchte ich den Kommissar darüber informieren, dass Irland in Windenergie in einer sehr kurzen Zeit konkurrenzfähig sein kann.
		</tgt>
		<tgt system="limsi">
			Außerdem möchte ich dem Kommissar mitteilen, dass Irland wettbewerbsfähig sein können, in die Windenergie in sehr kurzer Zeit.
		</tgt>
		<ref>
			?
		</ref>
	</judgedsentence>
	<judgedsentence id="1131" langsrc="en" langtgt="de" rank="1" src-length="43" src-long="1" src-short="0" src-toolong="0" testset="test2008">
		<src>
			Mr President, the report by Mrs Theorin includes many bizarre and curious elements, and I have to say we should avoid the notion that armies are some sort of social service and that their guiding motive should be political correctness.
		</src>
		<tgt system="rbmt3">
			Hr. Präsident, der Bericht von Mrs Theorin schließt viele bizarre und seltsame Elemente ein, und ich muss sagen dass wir die Ahnung vermeiden sollten, dass Armeen einige Arten von Sozialdienst sind und dass ihr lenkendes Motiv politische Richtigkeit sein sollte.
		</tgt>
		<tgt system="limsi">
			Herr Präsident, der Bericht von Frau Theorin beinhaltet viele Elemente absonderliche und gespannt, und ich muß sagen, wir sollten nicht die Auffassung, dass die Armeen sind eine soziale Dienstleistung und ihre Ausrichtung Motiv der politischen Korrektheit werden sollte.
		</tgt>
		<ref>
			?
		</ref>
	</judgedsentence>
	<judgedsentence id="1132" langsrc="en" langtgt="de" rank="-1" src-length="23" src-long="0" src-short="0" src-toolong="0" testset="test2008">
		<src>
			Mr President, please tell me who is representing the Council at the moment, or the High Representative for the CFSP.
		</src>
		<tgt system="rbmt3">
			Hr. Präsident, bitte mir den, der den Rat im Augenblick repräsentiert, oder den Hohen Vertreter für das CFSP sagen.
		</tgt>
		<tgt system="uedin">
			Herr Präsident, gestatten Sie mir sagen, wer vertritt der Rat im Moment oder der Hohe Vertreter für die GASP.
		</tgt>
		<ref>
			?
		</ref>
	</judgedsentence>
	<judgedsentence id="1168" langsrc="en" langtgt="de" rank="1" src-length="27" src-long="1" src-short="0" src-toolong="0" testset="test2008">
		<src>
			Mr Cashman was right to say that it is not up to the Commission to tell the political groups how they should vote here in plenary.
		</src>
		<tgt system="rbmt3">
			Hr. Cashman hatte Recht um zu sagen dass es nicht bis die Kommission ist wie sie hier in stimmen sollten die politischen Gruppen voll zu sagen.
		</tgt>
		<tgt system="liu">
			Herr Cashman hat zu Recht gesagt, dass es nicht Sache der Kommission ist, wie Sie sagen, die Fraktionen hier im Plenum abstimmen sollten.
		</tgt>
		<ref>
			?
		</ref>
	</judgedsentence>
	<judgedsentence id="1198" langsrc="en" langtgt="de" rank="-1" src-length="58" src-long="1" src-short="0" src-toolong="1" testset="test2008">
		<src>
			This is one of those questions on which we all feel practically the same, not only in this House but also amongst those many Members who, as result of our own origins, view with great sympathy the processes of cooperation and consolidation of the institutions in countries which we consider to be our own.
		</src>
		<tgt system="rbmt3">
			Dies ist eine jener Fragen, auf denen wir alle uns praktisch gleich fühlen, nicht nur in diesem Haus sondern auch unter jenen vielen Mitgliedern, die als Ergebnis unserer eigenen Ursprünge mit großem Mitleid ansehen, die Prozesse von Zusammenarbeit und Konsolidierung der Institutionen in Ländern, von denen wir meinen dass sie unsere eigenen sind.
		</tgt>
		<tgt system="limsi">
			Dies ist eine der Fragen, bei denen wir alle praktisch die gleichen, nicht nur in diesem Haus, sondern auch bei den zahlreichen Abgeordneten, die als Ergebnis unserer eigenen Ursprünge, mit großer Sympathie die Verfahren der Zusammenarbeit und der Konsolidierung der Institutionen in den Ländern, die wir für unsere eigenen.
		</tgt>
		<ref>
			?
		</ref>
	</judgedsentence>
	<judgedsentence id="1216" langsrc="en" langtgt="de" rank="-1" src-length="48" src-long="1" src-short="0" src-toolong="0" testset="test2008">
		<src>
			We in the Commission fully share your concerns about this situation and we agree wholeheartedly with the numerous criticisms expressed here today of the way in which the military regime usually makes a mockery of each and every principle contained in the Universal Declaration of Human Rights.
		</src>
		<tgt system="rbmt3">
			Wir in der Kommission völlig Ihre Bedenken über diese Situation gemeinsam nutzen und wir stimmen hier heute uneingeschränkt mit den zahlreichen Kritiken überein ausgedrückt von der Weise, in der das militärische Regime üblicherweise von jedem lächerlich macht und jedes Prinzip in der Universellen Erklärung von Menschlichen Rechten enthielt.
		</tgt>
		<tgt system="liu">
			Wir in der Kommission teilen Ihre Besorgnis über diese Situation, und wir stimmen voll mit den zahlreichen Kritikpunkten hier heute über die Art und Weise, in der das Militärregime gewöhnlich eine Verhöhnung von jedem Prinzip in der Universellen Erklärung der Menschenrechte.
		</tgt>
		<ref>
			?
		</ref>
	</judgedsentence>
	<judgedsentence id="1227" langsrc="en" langtgt="de" rank="1" src-length="48" src-long="1" src-short="0" src-toolong="0" testset="test2008">
		<src>
			But let me specially emphasise the accuracy of the statement that all other health protection should be a matter for Member States rather than the European Union and that publicly funded healthcare systems should remain, as ever, within the exclusive competence of the Member States.
		</src>
		<tgt system="rbmt3">
			Aber lassen Sie mich besonders die Genauigkeit von der Erklärung betonen, dass aller andere Gesundheitsschutz eine Angelegenheit für Mitgliedstaaten eher als die Europäische Union sein sollte und dass öffentlich finanzierte Gesundheitsfürsorgesysteme so jemals übrig bleiben sollten, innerhalb der ausschließlichen Kompetenz der Mitgliedstaaten.
		</tgt>
		<tgt system="limsi">
			Aber lassen Sie mich speziell auf die Richtigkeit der Aussage, daß alle anderen Gesundheitsschutz sollte eine Sache der Mitgliedstaaten ist und nicht die Europäische Union und öffentlich finanzierten Gesundheitssystemen erhalten bleiben sollte, wie immer, in die ausschließliche Zuständigkeit der Mitgliedstaaten.
		</tgt>
		<ref>
			?
		</ref>
	</judgedsentence>
	<judgedsentence id="1255" langsrc="en" langtgt="de" rank="1" src-length="28" src-long="1" src-short="0" src-toolong="0" testset="test2008">
		<src>
			Coming from a different part of the political spectrum, it is very interesting to hear him repeat, with the same hysteria, the same concerns.
		</src>
		<tgt system="rbmt3">
			Von einem unterschiedlichen Teil des politischen Spektrums kommend, ist es sehr interessant, ihn mit der gleichen Hysterie die gleichen Bedenken wiederholen zu hören.
		</tgt>
		<tgt system="liu">
			Ich komme aus einem anderen Teil des politischen Spektrums, es ist sehr interessant zu hören, daß ihm wiederholen, mit der gleichen Hysterie, die gleichen Bedenken.
		</tgt>
		<ref>
			?
		</ref>
	</judgedsentence>
	<judgedsentence id="1305" langsrc="en" langtgt="de" rank="0" src-length="16" src-long="0" src-short="0" src-toolong="0" testset="test2008">
		<src>
			Home affairs and legal policy are to be subject to majority voting as from 2004.
		</src>
		<tgt system="rbmt3">
			Zu Hause Angelegenheiten und gesetzlichePolitik sind abhängig von Mehrheitsabstimmung ab2004 zu sein.
		</tgt>
		<tgt system="liu">
			Innen- und Rechtspolitik, zur Mehrheitsentscheidung ab 2004.
		</tgt>
		<ref>
			?
		</ref>
	</judgedsentence>
	<judgedsentence id="1310" langsrc="en" langtgt="de" rank="1" src-length="48" src-long="1" src-short="0" src-toolong="0" testset="test2008">
		<src>
			A decision in Nice to the effect that, for example, the applicant States must have the opportunity to participate in the next elections to the European Parliament could help put the necessary pressure on the EU itself, so that enlargement can become a reality.
		</src>
		<tgt system="rbmt3">
			Eine Entscheidung in Nizza zu der Wirkung, die der Bewerber Vereinigte Staaten zum Beispiel haben muss, könnte die Gelegenheit, an den nächsten Wahlen nach dem European Parliament teilzunehmen, dabei helfen, den notwendigen Druck auf der EU selbst zu stellen, so dass Vergrößerung eine Realität werden kann.
		</tgt>
		<tgt system="limsi">
			In Nizza eine Entscheidung in dem Sinne, dass beispielsweise die beitrittswilligen Staaten müssen die Möglichkeit zur Teilnahme an den nächsten Wahlen zum Europäischen Parlament dazu beitragen könnte, den notwendigen Druck auf die EU selbst, so dass die Erweiterung Wirklichkeit werden kann.
		</tgt>
		<ref>
			?
		</ref>
	</judgedsentence>
	<judgedsentence id="1312" langsrc="en" langtgt="de" rank="-1" src-length="104" src-long="1" src-short="0" src-toolong="1" testset="test2008">
		<src>
			It is now the eve of its conclusion and we are aware of the progress which has been made, the partial results which have been achieved, but frankly, over almost ten months of a major Intergovernmental Conference, there has been no rapprochement of the positions, Mr Védrine, and no definition of agreements, not to mention the fact that some of the topics indicated by Parliament in its resolution of 13 April, ranging from the regulation of the economy to the institutional implications of the common defence policy, have not even been debated.
		</src>
		<tgt system="rbmt3">
			Es ist jetzt der Vorabend seines Abschlusses und wir sind des Fortschritts, der gemacht worden ist, bewusst, die teilweisen Ergebnisse, die erreicht worden sind, aber offen hat es über fast zehn Monaten einer größeren Interregierungs-Konferenz keine Annäherung der Positionen gegeben, Hr. Védrine, und keine Definition von Abkommen, nicht die Tatsache zu erwähnen dass einige von Parlament in seiner Entschlossenheit angezeigte Gesprächsthemen von dem 13 April, der von der Regelung der Wirtschaft zu den institutionellen Implikationen der üblichen Verteidigungspolitik schwankt, ist nicht einmal debattiert worden.
		</tgt>
		<tgt system="liu">
			Es ist jetzt an der Schwelle zum Abschluss, und wir wissen, welche Fortschritte erzielt wurden, die die Teilergebnisse erreicht worden, aber offen gesagt, über fast zehn Monate einer großen Regierungskonferenz, und es wurde keine Annäherung der Positionen, Védrine und keine Definition von Vereinbarungen, ganz zu schweigen von der Tatsache, dass einige der Themen, die vom Parlament in seiner Entschließung vom 13. April, angefangen von der Verordnung der Wirtschaft auf die institutionellen Auswirkungen der gemeinsamen Verteidigungspolitik noch nicht diskutiert wurde.
		</tgt>
		<ref>
			?
		</ref>
	</judgedsentence>
	<judgedsentence id="1355" langsrc="en" langtgt="de" rank="-1" src-length="37" src-long="1" src-short="0" src-toolong="0" testset="test2008">
		<src>
			Nevertheless, the 'Republic of Fear' , as Saddam' s reign of terror was appropriately dubbed many years ago, is still greatly underestimated by many western politicians, also within the European Parliament.
		</src>
		<tgt system="rbmt3">
			Trotzdem, die 'Republik von Angst', als Saddam' S-Schreckensherrschaft war angemessen vor vielen Jahren synchronisiert, noch wird sehr von vielen westlichen Politikern auch innerhalb des European Parliament unterschätzt.
		</tgt>
		<tgt system="uedin">
			Dennoch ist der 'Angstrepublik', wie Saddams Schreckensherrschaft war vor vielen Jahren angemessen bezeichnet, ist immer noch stark unterschätzt, durch zahlreiche westliche Politiker, auch im Europäischen Parlament.
		</tgt>
		<ref>
			?
		</ref>
	</judgedsentence>
	<judgedsentence id="1355" langsrc="en" langtgt="de" rank="1" src-length="37" src-long="1" src-short="0" src-toolong="0" testset="test2008">
		<src>
			Nevertheless, the 'Republic of Fear' , as Saddam' s reign of terror was appropriately dubbed many years ago, is still greatly underestimated by many western politicians, also within the European Parliament.
		</src>
		<tgt system="rbmt3">
			Trotzdem, die 'Republik von Angst', als Saddam' S-Schreckensherrschaft war angemessen vor vielen Jahren synchronisiert, noch wird sehr von vielen westlichen Politikern auch innerhalb des European Parliament unterschätzt.
		</tgt>
		<tgt system="liu">
			Dennoch, der 'Angstrepublik', wie die Schreckensherrschaft Saddam 'vor vielen Jahren angemessen bezeichnet wurde, ist noch sehr viele westliche Politiker unterschätzt, auch im Europäischen Parlament.
		</tgt>
		<ref>
			?
		</ref>
	</judgedsentence>
	<judgedsentence id="1381" langsrc="en" langtgt="de" rank="0" src-length="44" src-long="1" src-short="0" src-toolong="0" testset="test2008">
		<src>
			Indeed, we believe that the establishment of new posts has been very tentative; given the current tasks of the Commission and the forthcoming eastward enlargement, there will certainly be a need to increase the rate of staff recruitment in future.
		</src>
		<tgt system="rbmt3">
			Tatsächlich glauben wir, dass die Errichtung von neuen Stellen sehr vorläufig gewesen ist; auf Grund von den gegenwärtigen Aufgaben der Kommission und der bevorstehenden östlichen Vergrößerung wird es sicherlich einen Bedarf geben, künftig die Rate von Personalwerbung zu vergrößern.
		</tgt>
		<tgt system="saar">
			In der Tat glauben wir, dass die Schaffung von neuen Stellen sehr vorläufig gewesen ist, und in Anbetracht der gegenwärtigen Aufgaben der Kommission und die bevorstehende Osterweiterung wird es sicher ein erhöhen müssen, um das Tempo der Werbung in der Zukunft.
		</tgt>
		<ref>
			?
		</ref>
	</judgedsentence>
	<judgedsentence id="1411" langsrc="en" langtgt="de" rank="0" src-length="5" src-long="0" src-short="1" src-toolong="0" testset="test2008">
		<src>
			The choice is yours.
		</src>
		<tgt system="rbmt3">
			Die Wahl ist Ihre.
		</tgt>
		<tgt system="saar">
			Sie haben die Wahl.
		</tgt>
		<ref>
			?
		</ref>
	</judgedsentence>
	<judgedsentence id="1440" langsrc="en" langtgt="de" rank="1" src-length="5" src-long="0" src-short="1" src-toolong="0" testset="test2008">
		<src>
			Watts report (A5-0343/2000)
		</src>
		<tgt system="rbmt3">
			Watts-Bericht (A5-0343/2000)
		</tgt>
		<tgt system="limsi">
			Bericht Watts (A5-0343 / 2000)
		</tgt>
		<ref>
			?
		</ref>
	</judgedsentence>
	<judgedsentence id="1455" langsrc="en" langtgt="de" rank="0" src-length="56" src-long="1" src-short="0" src-toolong="1" testset="test2008">
		<src>
			All the advocates of a liberal Europe are enlarging is the scale of misery of peoples already crushed by poverty and not only that but, on this occasion, they are imposing a political agenda which involves placing on an official footing a core of rich countries which will control an expanded European market.
		</src>
		<tgt system="rbmt3">
			Alle Verfechter von einem Liberalen Europa vergrößern sich ist die Skala von Elend von besiedelt schon von Armut zerstampft und nicht nur das aber, zu dieser Gelegenheit, auch sie erlegen einem amtlichen Fundament eine politische Tagesordnung auf, die Platzierung betrifft, ein Kern von reichen Ländern, die einen ausgedehnten europäischen Markt kontrollieren werden.
		</tgt>
		<tgt system="limsi">
			Alle Befürworter eines liberalen Europas erweitern wird der Umfang der Elend der Völker, die bereits unter Armut und nicht nur, aber in diesem Fall, sie sind eine politische Agenda zu setzen, die offiziell ein Kernstück der reichen Länder, das eine erweiterte Europäischen Markt.
		</tgt>
		<ref>
			?
		</ref>
	</judgedsentence>
	<judgedsentence id="1471" langsrc="en" langtgt="de" rank="-1" src-length="26" src-long="1" src-short="0" src-toolong="0" testset="test2008">
		<src>
			- (NL) Female labour has a long history of poor pay, poor working conditions, a poor legal position and sexual intimidation.
		</src>
		<tgt system="rbmt3">
			- (NL) Weibliche Arbeit hat eine lange Geschichte von armem Sold, armen Arbeitsbedingungen, einer armen gesetzlichen Position und sexueller Einschüchterung.
		</tgt>
		<tgt system="uedin">
			- (NL) Female Arbeit hat eine lange Geschichte der armen Entlohnung, schlechte Arbeitsbedingungen, geringe Rechtslage und sexuelle Belästigung.
		</tgt>
		<ref>
			?
		</ref>
	</judgedsentence>
	<judgedsentence id="1486" langsrc="en" langtgt="de" rank="-1" src-length="20" src-long="0" src-short="0" src-toolong="0" testset="test2008">
		<src>
			If this proves not to be the case, at least the responsibilities will be clear and easily identifiable.
		</src>
		<tgt system="rbmt3">
			Wenn man sich erweist, dass dies nicht der Fall ist, wird die Verantwortung mindestens klar und leicht erkennbar sein.
		</tgt>
		<tgt system="liu">
			Wenn dies doch nicht der Fall sein wird, zumindest die Verantwortlichkeiten klar und leicht erkennbar sein.
		</tgt>
		<ref>
			?
		</ref>
	</judgedsentence>
	<judgedsentence id="1536" langsrc="en" langtgt="de" rank="-1" src-length="38" src-long="1" src-short="0" src-toolong="0" testset="test2008">
		<src>
			Perhaps another reason why we should discuss this on our knees is the attitude of some Members of this House, as all they seem to want to do is blindly obey the instructions of the Council.
		</src>
		<tgt system="rbmt3">
			Catalan-English English-Catalan Catalan-Spanish Spanish-Catalan Catalan-French French-Catalan English-French English-German English-Italian English-Russian English-Spanish French-English French-German French-Spanish German-English German-French German-Spanish German-Russian Russian-English Russian-German Spanish-English Spanish-French Spanish-Galician Spanish-German
		</tgt>
		<tgt system="limsi">
			Vielleicht ein weiterer Grund, weshalb wir diskutieren sollten diese auf Knien rutschen ist die Haltung einiger Mitglieder dieses Hohen Hauses, als sie scheinbar wollen blind gehorchen die Anweisungen des Rates.
		</tgt>
		<ref>
			?
		</ref>
	</judgedsentence>
	<judgedsentence id="1553" langsrc="en" langtgt="de" rank="1" src-length="19" src-long="0" src-short="0" src-toolong="0" testset="test2008">
		<src>
			In the last six months, Europe has also made progress in the field of growth and employment.
		</src>
		<tgt system="rbmt3">
			In den letzten sechs Monaten hat Europa auch Fortschritt im Feld von Wachstum und Verwendung gemacht.
		</tgt>
		<tgt system="liu">
			In den letzten sechs Monaten hat sich Europa auch Fortschritte im Bereich des Wachstums und der Beschäftigung.
		</tgt>
		<ref>
			?
		</ref>
	</judgedsentence>
	<judgedsentence id="1563" langsrc="en" langtgt="de" rank="-1" src-length="42" src-long="1" src-short="0" src-toolong="0" testset="test2008">
		<src>
			Besides, what a cruel illustration of the crisis which is not only institutional, but which, at a deeper level, is an identity crisis for European integration in the face of the titanic issues confronting the European Union!
		</src>
		<tgt system="rbmt3">
			Außer, welche grausame Illustration von der Krise, die ist, nicht nur institutionell außer dem an einem tieferen Niveau eine Identitätskrise für europäische Integration angesichts der titanischen die Europäische Union konfrontierenden Fragen ist!
		</tgt>
		<tgt system="liu">
			Außerdem, was eine grausame Illustration der Krise, die nicht nur institutioneller, aber in einer vertieften Ebene ist eine Identitätskrise für die europäische Integration in das Gesicht der Titanic Fragen, denen sich die Europäische Union!
		</tgt>
		<ref>
			?
		</ref>
	</judgedsentence>
	<judgedsentence id="1573" langsrc="en" langtgt="de" rank="-1" src-length="32" src-long="1" src-short="0" src-toolong="0" testset="test2008">
		<src>
			Madam President, I wholeheartedly support this report on better protection for victims of crime which demonstrates yet again in the EU's commitment to combating crime and protecting our citizens.
		</src>
		<tgt system="rbmt3">
			Madames-Präsident, ich stütze uneingeschränkt diesen Bericht über besseren Schutz für Opfer Verbrechens, das dennoch wieder in der Verpflichtung der EU demonstriert zu kämpfendem Verbrechen und unsere Bürger schützend.
		</tgt>
		<tgt system="uedin">
			Frau Präsidentin, ich unterstütze voll und ganz diesen Bericht auf einen besseren Schutz der Opfer von Verbrechen, das zeigt wieder einmal auf die Verpflichtung der EU zur Bekämpfung der Kriminalität und den Schutz unserer Bürger.
		</tgt>
		<ref>
			?
		</ref>
	</judgedsentence>
	<judgedsentence id="1605" langsrc="en" langtgt="de" rank="-1" src-length="37" src-long="1" src-short="0" src-toolong="0" testset="test2008">
		<src>
			When we make use of 1.06 per cent of the Member States' GDP, this gives us a margin greater than ever before and greater than that predicted in Berlin less than two years ago.
		</src>
		<tgt system="rbmt3">
			Wenn wir Verwendung von 1.06 zu Prozent der Mitgliedstaaten machen 'GDP, gibt dies uns einen Rand größer als jemals vor und größer als das vor weniger als zwei Jahren in Berlin vorausgesagt.
		</tgt>
		<tgt system="liu">
			Wenn wir Verwendung von 1,06% des BIP der Mitgliedstaaten, das gibt uns eine Marge größer als je zuvor und größer als vorhergesagt in Berlin, in weniger als zwei Jahren.
		</tgt>
		<ref>
			?
		</ref>
	</judgedsentence>
	<judgedsentence id="1605" langsrc="en" langtgt="de" rank="-1" src-length="37" src-long="1" src-short="0" src-toolong="0" testset="test2008">
		<src>
			When we make use of 1.06 per cent of the Member States' GDP, this gives us a margin greater than ever before and greater than that predicted in Berlin less than two years ago.
		</src>
		<tgt system="rbmt3">
			Wenn wir Verwendung von 1.06 zu Prozent der Mitgliedstaaten machen 'GDP, gibt dies uns einen Rand größer als jemals vor und größer als das vor weniger als zwei Jahren in Berlin vorausgesagt.
		</tgt>
		<tgt system="uedin">
			Wenn wir die Verwendung von 1,06% des BIP der Mitgliedstaaten haben hier eine Marge mehr als je zuvor, und mehr als das in Berlin weniger als zwei Jahren.
		</tgt>
		<ref>
			?
		</ref>
	</judgedsentence>
	<judgedsentence id="1636" langsrc="en" langtgt="de" rank="0" src-length="29" src-long="1" src-short="0" src-toolong="0" testset="test2008">
		<src>
			The Presidency is very pleased with this result, which marks a significant stage in the implementation of the pre-accession strategy for Turkey defined last year in Helsinki.
		</src>
		<tgt system="rbmt3">
			Das Präsidentenamt ist sehr zufrieden mit diesem Ergebnis, das eine bedeutende Bühne in der Durchführung der letztes Jahr in Helsinki definierten Vorantrittsstrategie für die Türkei kennzeichnet.
		</tgt>
		<tgt system="liu">
			Die Präsidentschaft ist sehr zufrieden mit diesem Ergebnis, das kennzeichnet eine wichtige Etappe bei der Umsetzung der Heranführungsstrategie für die Türkei im vergangenen Jahr in Helsinki definiert.
		</tgt>
		<ref>
			?
		</ref>
	</judgedsentence>
	<judgedsentence id="1652" langsrc="en" langtgt="de" rank="1" src-length="84" src-long="1" src-short="0" src-toolong="1" testset="test2008">
		<src>
			But the level of this cooperation must take into account the effective progress the country may make in solving regional problems and the methods used for solving them, its respect for human rights, and also the country' s collaboration in the positive development of the Timor Lorosae independence process, particularly in solving the problems faced by the West Timor refugees and in prosecuting and sentencing militia members who have behaved criminally and only recently murdered three United Nations workers.
		</src>
		<tgt system="rbmt3">
			Aber das Niveau von dieser Zusammenarbeit muss den wirksamen Fortschritt berücksichtigen, den das Land beim Lösen regionaler Probleme machen kann und den die Methoden für das Lösen benutzten, sie, seine Achtung vor menschlichen Rechten, und auch das Land' S-Zusammenarbeit in der positiven Entwicklung des Timor-Lorosae-Unabhängigkeitsprozesses, besonders sahen die Probleme beim Lösen von den West-Timor-Flüchtlingen und wenn man verfolgte und verurteilte ermordeten Milizmitglieder, die sich kürzlich kriminell und nur benommen haben, drei Vereint-Nationen-Arbeiter.
		</tgt>
		<tgt system="liu">
			Aber die Höhe dieser Zusammenarbeit berücksichtigen müssen die wirksame Fortschritte des Landes in der Lösung regionaler Probleme und die Methoden zu ihrer Lösung, die Achtung der Menschenrechte, aber auch die Zusammenarbeit auf die positive Entwicklung der Timor lorosae Unabhängigkeitsprozess, insbesondere bei der Lösung der Probleme der Flüchtlinge in West-Timor und Verfolgung und Verurteilung Milizen Mitglieder, die kriminell und erst kürzlich Verhalten haben drei Vereinten Nationen ermordet.
		</tgt>
		<ref>
			?
		</ref>
	</judgedsentence>
	<judgedsentence id="1655" langsrc="en" langtgt="de" rank="1" src-length="53" src-long="1" src-short="0" src-toolong="1" testset="test2008">
		<src>
			Mrs Maij-Weggen has written an outstanding report and I would therefore conclude that Europe must do all it can to support the country on its way to democracy, but at the end of the day, it is up to the Indonesians themselves to erase the traces of the Suharto regime.
		</src>
		<tgt system="rbmt3">
			Fr. Maij-Weggen hat einen hervorragenden Bericht geschrieben und ich würde deswegen schlussfolgern dass Europa alles machen muss es können stützen das Land auf seiner Weise zu Demokratie, aber letztlich ist es bis die Indonesier sich, um die Hauche vom Suharto-Regime auszuradieren.
		</tgt>
		<tgt system="liu">
			Frau Maij-Weggen hat einen hervorragenden Bericht verfasst, und deshalb möchte ich feststellen, dass Europa muss alles tun, um zu der Unterstützung des Landes auf dem Weg zur Demokratie, aber am Ende des Tages, die Indonesier selbst zu löschen, die Spuren des Suharto-Regime.
		</tgt>
		<ref>
			?
		</ref>
	</judgedsentence>
	<judgedsentence id="1705" langsrc="en" langtgt="de" rank="1" src-length="10" src-long="0" src-short="0" src-toolong="0" testset="test2008">
		<src>
			I would be very clear on one particular matter.
		</src>
		<tgt system="rbmt3">
			Ich wäre sehr klar über eine besondere Angelegenheit.
		</tgt>
		<tgt system="liu">
			Ich wäre sehr klar auf ein bestimmtes Thema.
		</tgt>
		<ref>
			?
		</ref>
	</judgedsentence>
	<judgedsentence id="1801" langsrc="en" langtgt="de" rank="1" src-length="37" src-long="1" src-short="0" src-toolong="0" testset="test2008">
		<src>
			The overall aim of this legislation was the elimination of distortions of competition through the establishment of fair mechanisms for charging infrastructure costs to hauliers and the harmonisation of levy systems within the EU internal market.
		</src>
		<tgt system="rbmt3">
			Das umfassende Ziel dieser Gesetzgebung war die Eliminierung von Verzerrungen von Wettbewerb durch die Errichtung von gerechten Mechanismen, Infrastrukturkosten Spediteuren in Rechnung stellen, und die Harmonisierung von Erhebungssystemen innerhalb des EU-Internmarktes.
		</tgt>
		<tgt system="saar">
			Das Ziel dieser Richtlinie war die Beseitigung von Wettbewerbsverzerrungen durch die Schaffung einer gerechten Mechanismen für Spediteuren kostet, und die Angleichung von in den EU-Binnenmarkt.
		</tgt>
		<ref>
			?
		</ref>
	</judgedsentence>
	<judgedsentence id="1805" langsrc="en" langtgt="de" rank="0" src-length="20" src-long="0" src-short="0" src-toolong="0" testset="test2008">
		<src>
			I have asked you about the Commission' s participation in educational programmes, and you avoided the question.
		</src>
		<tgt system="rbmt3">
			Ich habe Sie nach der Kommission gefragt' S-Teilnahme an pädagogischen Programmen, und Sie vermieden die Frage.
		</tgt>
		<tgt system="liu">
			Ich habe die Kommission gebeten, sie über die Teilnahme an Ausbildungsprogrammen vermieden, und Sie haben die Frage.
		</tgt>
		<ref>
			?
		</ref>
	</judgedsentence>
	<judgedsentence id="1805" langsrc="en" langtgt="de" rank="1" src-length="20" src-long="0" src-short="0" src-toolong="0" testset="test2008">
		<src>
			I have asked you about the Commission' s participation in educational programmes, and you avoided the question.
		</src>
		<tgt system="rbmt3">
			Ich habe Sie nach der Kommission gefragt' S-Teilnahme an pädagogischen Programmen, und Sie vermieden die Frage.
		</tgt>
		<tgt system="uedin">
			Ich habe Ihnen über die Teilnahme der Kommission an Bildungsprogrammen, und Sie haben die Frage vermieden.
		</tgt>
		<ref>
			?
		</ref>
	</judgedsentence>
	<judgedsentence id="1905" langsrc="en" langtgt="de" rank="0" src-length="19" src-long="0" src-short="0" src-toolong="0" testset="test2008">
		<src>
			Not only reduced staffing levels and other cuts, but also government policy have brought the prices down.
		</src>
		<tgt system="rbmt3">
			Nicht nur nivelliert reduzierte Stellenbesetzung und andere Schnitte, aber auch Regierungspolitik haben die Preise herabgesetzt.
		</tgt>
		<tgt system="limsi">
			Nicht nur reduziert die personelle und andere, die Politik der Regierung, sondern auch die Preise niedrig zu halten.
		</tgt>
		<ref>
			?
		</ref>
	</judgedsentence>
	<judgedsentence id="1920" langsrc="en" langtgt="de" rank="1" src-length="23" src-long="0" src-short="0" src-toolong="0" testset="test2008">
		<src>
			Mr President, it seems to have become an end-of-year tradition to hold a debate on the situation in the shipbuilding industry.
		</src>
		<tgt system="rbmt3">
			Hr. Präsident, es scheint eine End-Of-Year-Tradition geworden zu haben um eine Debatte über die Situation in der Schiffsbauindustrie abzuhalten.
		</tgt>
		<tgt system="limsi">
			Herr Präsident, es ist eine abschließende Tradition, eine Debatte über die Lage in der Schiffbauindustrie.
		</tgt>
		<ref>
			?
		</ref>
	</judgedsentence>
	<judgedsentence id="4" langsrc="en" langtgt="de" rank="1" src-length="46" src-long="1" src-short="0" src-toolong="0" testset="newstest2008">
		<src>
			As opposed to the US, UK, and Canadian central banks, the European Central Bank (ECB) did not cut interest rates, arguing that a rate drop combined with rising raw material prices and declining unemployment would trigger an inflationary spiral.
		</src>
		<tgt system="rbmt3">
			Im Gegensatz zu den US, UK, und kanadischen zentralen Banken schnitt die europäische Zentrale Bank (ECB) Zinssätze nicht, behauptend, dass ein Ratentropfen sich mit Anstiegsrohstoffpreisen verband und rückgängige Arbeitslosigkeit eine Inflationsspirale auslösen würde.
		</tgt>
		<tgt system="limsi">
			Im Gegensatz zu den USA, Großbritannien und kanadischen Zentralbanken, die Europäische Zentralbank (EZB) nicht Senkung der Zinssätze, argumentieren, dass ein Tropfen, kombiniert mit einer steigenden Rohstoffpreise und abnehmender Arbeitslosigkeit auslösen würde eine Inflationsspirale in Gang setzen.
		</tgt>
		<ref>
			?
		</ref>
	</judgedsentence>
	<judgedsentence id="11" langsrc="en" langtgt="de" rank="1" src-length="28" src-long="1" src-short="0" src-toolong="0" testset="newstest2008">
		<src>
			The world market price of crude oil shot up by 52 percent this year, with the black gold costing nearly 100 dollars a barrel last month.
		</src>
		<tgt system="rbmt3">
			Der Weltmarktpreis von Rohöl schoss von 52 Prozent dieses Jahr, mit dem schwarzen Gold, in die Höhe, das letzten Monat beinah 100 Dollar ein Fass kostete.
		</tgt>
		<tgt system="liu">
			Der Weltmarktpreis von Rohöl Schuß von 52% in diesem Jahr mit dem schwarzen Gold Kosten fast 100 Dollar pro Barrel im vergangenen Monat.
		</tgt>
		<ref>
			?
		</ref>
	</judgedsentence>
	<judgedsentence id="61" langsrc="en" langtgt="de" rank="1" src-length="14" src-long="0" src-short="0" src-toolong="0" testset="newstest2008">
		<src>
			They tended to shop in bulk, buying durable foodstuffs by the pallet.
		</src>
		<tgt system="rbmt3">
			Sie neigten dazu, en gros, beim Kaufen dauerhafter Nahrungsmittel vonder Palette einzukaufen.
		</tgt>
		<tgt system="liu">
			Sie einkaufen, eher im wesentlichen von der pallet nachhaltige Lebensmittel kaufen.
		</tgt>
		<ref>
			?
		</ref>
	</judgedsentence>
	<judgedsentence id="92" langsrc="en" langtgt="de" rank="1" src-length="29" src-long="1" src-short="0" src-toolong="0" testset="newstest2008">
		<src>
			The goal should be targeted therapy, meaning that microbiology tests should be conducted to prevent resistance from evolving, but hospitals do not always keep to this.
		</src>
		<tgt system="rbmt3">
			Auf das Tor sollte Therapie abgezielt werden, bedeutend dass Mikrobiologietests durchgeführt werden sollten um Widerstand davon abzuhalten, sich zu entwickeln, aber Krankenhäuser nicht immer dafür behalten.
		</tgt>
		<tgt system="liu">
			Das Ziel sollte sein, was bedeutet, dass microbiology gezielte Therapie Tests durchgeführt werden sollte, um zu verhindern, dass Widerstand von Krankenhäusern entwickelt, aber nicht immer daran halten.
		</tgt>
		<ref>
			?
		</ref>
	</judgedsentence>
	<judgedsentence id="92" langsrc="en" langtgt="de" rank="1" src-length="29" src-long="1" src-short="0" src-toolong="0" testset="newstest2008">
		<src>
			The goal should be targeted therapy, meaning that microbiology tests should be conducted to prevent resistance from evolving, but hospitals do not always keep to this.
		</src>
		<tgt system="rbmt3">
			Auf das Tor sollte Therapie abgezielt werden, bedeutend dass Mikrobiologietests durchgeführt werden sollten um Widerstand davon abzuhalten, sich zu entwickeln, aber Krankenhäuser nicht immer dafür behalten.
		</tgt>
		<tgt system="saar">
			Das Ziel sollte sein, auf Therapie, die bedeutet, dass durchgeführt werden sollten, um zu verhindern, dass sich die Widerstand, aber nicht immer zu diesem halten.
		</tgt>
		<ref>
			?
		</ref>
	</judgedsentence>
	<judgedsentence id="93" langsrc="en" langtgt="de" rank="1" src-length="24" src-long="0" src-short="0" src-toolong="0" testset="newstest2008">
		<src>
			It is even rarer to take a microbiology sample among outpatients in primary or specialized care, Böröcz added.
		</src>
		<tgt system="rbmt3">
			Es ist noch seltener, eine Mikrobiologieprobe unter ambulanten Patienten in erster oder spezialisierter Sorgfalt zu nehmen, Böröcz fügte hinzu.
		</tgt>
		<tgt system="liu">
			Es ist sogar eine microbiology rarer unter outpatients Muster in der Primärversorgung böröcz oder besonderer hinzukommen.
		</tgt>
		<ref>
			?
		</ref>
	</judgedsentence>
	<judgedsentence id="100" langsrc="en" langtgt="de" rank="-1" src-length="33" src-long="1" src-short="0" src-toolong="0" testset="newstest2008">
		<src>
			According to Böröcz, there are demonstrably fewer infections, and those that occur are easier to prevent from spreading, in hospitals that take appropriate protective measures.
		</src>
		<tgt system="rbmt3">
			Entsprechend Böröcz gibt es offensichtlich wenige Infektionen, und jene, die auftreten, sind leichter, davon abzuhalten, in Krankenhäusern, auszubreiten, die angemessene Abwehrmaßnahmen nehmen.
		</tgt>
		<tgt system="liu">
			Nach böröcz, es gibt nachweislich weniger Infektionen auftreten, und diejenigen, die die Verbreitung leichter vermeiden, in den Krankenhäusern, dass entsprechende Schutzmaßnahmen.
		</tgt>
		<ref>
			?
		</ref>
	</judgedsentence>
	<judgedsentence id="111" langsrc="en" langtgt="de" rank="1" src-length="31" src-long="1" src-short="0" src-toolong="0" testset="newstest2008">
		<src>
			(The absence of an official crossing point is not a mitigating circumstance, since traffic rules mandate that pedestrians have the right of way over a turning vehicle,)
		</src>
		<tgt system="rbmt3">
			(Der Mangel an einem amtlichen Kreuzungspunkt ist kein mildernder Umstand, seit Verkehrsregelnauftrag, über dem Fußgänger die Vorfahrt haben, ein Abzweigungsfahrzeug)
		</tgt>
		<tgt system="uedin">
			(Die Abwesenheit eines offiziellen Zugangsortes ist kein mildernder Umstand, da Verkehrsregeln Fußgänger, das Recht haben, in einem entscheidenden Fahrzeug,)
		</tgt>
		<ref>
			?
		</ref>
	</judgedsentence>
	<judgedsentence id="137" langsrc="en" langtgt="de" rank="-1" src-length="18" src-long="0" src-short="0" src-toolong="0" testset="newstest2008">
		<src>
			Analysts suggest that people who buy real estate in Bulgaria would also like to change their lifestyles.
		</src>
		<tgt system="rbmt3">
			Analytiker deuten an, dass Leute, die Immobilien in Bulgarien kaufen, auch ihre Lebensstile verändern möchten.
		</tgt>
		<tgt system="liu">
			Analysten vorschlagen, dass Menschen kaufen, Immobilien in Bulgarien möchte auch Ihre Lebensstil ändern.
		</tgt>
		<ref>
			?
		</ref>
	</judgedsentence>
	<judgedsentence id="145" langsrc="en" langtgt="de" rank="1" src-length="17" src-long="0" src-short="0" src-toolong="0" testset="newstest2008">
		<src>
			Real estate prices in Sofia, the capital, are rising steadily, as is demand.
		</src>
		<tgt system="rbmt3">
			Immobilien-Preise in Sofia, der Hauptstadt,steigen ständig, wie Bedarf ist.
		</tgt>
		<tgt system="liu">
			Immobilienpreise in Sofia, der Hauptstadt steigt ständig, wie Nachfrage.
		</tgt>
		<ref>
			?
		</ref>
	</judgedsentence>
	<judgedsentence id="161" langsrc="en" langtgt="de" rank="1" src-length="89" src-long="1" src-short="0" src-toolong="1" testset="newstest2008">
		<src>
			The stakes in Bali are high, for a long-term international agreement on climate policy needs to be under wraps within two years or it surely will not be able to go into effect by 2012.. Should that happen, the pledges made during the validity of the Kyoto Protocol would not be followed up immediately by another emissions-reduction regime, the need for which the UN's Nobel-Prize winning scientific body, the Intergovernmental Panel on Climate Change - IPCC- has pointed out in its latest report.
		</src>
		<tgt system="rbmt3">
			Die Anteile an Bali sind hoch, da ein langfristiges internationales Abkommen auf Klimapolitik unter Hüllen innerhalb zwei Jahre sein muss oder da es sicherlich nicht fähig sein wird in Wirkung von 2012 zu gehen.. Sollte das geschehen, würden die während der Gültigkeit vom Kyoto-Protokoll gemachten Pfänder nicht sofort von einem anderen Emissionsreduktionsregime weiterverfolgt werden, der Bedarf für den der Nobel-Prize der United Nations wissenschaftlichen Körper gewinnend, die Interregierungs-Tafel auf Klimawechsel - IPCC- hat in seinem spätesten Bericht hingewiesen.
		</tgt>
		<tgt system="limsi">
			Der Einsatz in Bali hoch sind, für eine langfristige internationale Abkommen über die Klimapolitik muss unter Verschluss innerhalb von zwei Jahren oder es sicherlich nicht in der Lage sein wird, in Kraft, die von 2012.. Sollte das geschehen, die Versprechen während der Geltungsdauer des Protokolls von Kyoto werden nicht von einem anderen umgehend emissions-reduction Regime, die Notwendigkeit, die die UNO Nobel-Prize zu gewinnen, wissenschaftlichen Gremium, das Intergovernmental Panel on Climate Change - IPCC- hingewiesen hat in seinem jüngsten Bericht.
		</tgt>
		<ref>
			?
		</ref>
	</judgedsentence>
	<judgedsentence id="169" langsrc="en" langtgt="de" rank="1" src-length="46" src-long="1" src-short="0" src-toolong="0" testset="newstest2008">
		<src>
			The UK defence ministry has been registered since spring 2007 as &quot;defence headquarters&quot;, regularly uploading video clips on Iraqi and Afghanistani actions, while the Commonwealth Office and the Multinational Force - Iraq (MNF-I) have their own You Tube channels.
		</src>
		<tgt system="rbmt3">
			Das UK-Verteidigungsministerium ist seit Frühjahr 2007 als &quot;Verteidigungshauptquartier&quot; angemeldet worden, das regelmäßig Videoclips auf Iraker und Afghanistani-Aktionen exportierte, während das Commonwealth Office und der Multinationale Konzern Zwingen - Irak (MNF-ich) ihr eigenes haben Sie Rohr-Kanäle.
		</tgt>
		<tgt system="liu">
			Das Vereinigte Königreich Verteidigungsministerium registriert worden seit dem Frühjahr 2007 als &quot;verteidigungssitz&quot; Bereitstellung von video- clips regelmäßig auf dem irakischen und afghanischen Aktionen, während der Commonwealth Büro und der multinationalen Truppe - Irak (mnf-i) Sie haben eigene Röhre Kanäle.
		</tgt>
		<ref>
			?
		</ref>
	</judgedsentence>
	<judgedsentence id="211" langsrc="en" langtgt="de" rank="1" src-length="33" src-long="1" src-short="0" src-toolong="0" testset="newstest2008">
		<src>
			The reception, a repeat of one held annually for some time now, will again begin with a brief greeting from the minister and end with just a bit of snacking.
		</src>
		<tgt system="rbmt3">
			Der Empfang, eine jetzt seit einiger Zeit jährlich abgehaltene Wiederholung von einem, wird wieder mit einem kurzen Gruß vom Minister anfangen und enden mit gerade ein Stück von snacking.
		</tgt>
		<tgt system="liu">
			Die Aufnahme, eine Wiederholung von einem jährlich für einige Zeit abgehalten werden, wieder beginnen mit einem kurzen Grüße von dem Minister und am Ende nur ein wenig snacking.
		</tgt>
		<ref>
			?
		</ref>
	</judgedsentence>
	<judgedsentence id="211" langsrc="en" langtgt="de" rank="1" src-length="33" src-long="1" src-short="0" src-toolong="0" testset="newstest2008">
		<src>
			The reception, a repeat of one held annually for some time now, will again begin with a brief greeting from the minister and end with just a bit of snacking.
		</src>
		<tgt system="rbmt3">
			Der Empfang, eine jetzt seit einiger Zeit jährlich abgehaltene Wiederholung von einem, wird wieder mit einem kurzen Gruß vom Minister anfangen und enden mit gerade ein Stück von snacking.
		</tgt>
		<tgt system="limsi">
			Die Aufnahme, eine Wiederholung der einen jährlich für einige Zeit wieder beginnen wird, mit einer kurzen Gruß aus der Minister und am Ende nur mit ein wenig snacking.
		</tgt>
		<ref>
			?
		</ref>
	</judgedsentence>
	<judgedsentence id="261" langsrc="en" langtgt="de" rank="1" src-length="10" src-long="0" src-short="0" src-toolong="0" testset="newstest2008">
		<src>
			Holidays: Not everyone gets to enjoy the red-letter days
		</src>
		<tgt system="rbmt3">
			Urlaub: Nicht jeder bekommt die Feiertage genießen
		</tgt>
		<tgt system="liu">
			: Nicht jeder bekommt Feiertage im Vorfeld
		</tgt>
		<ref>
			?
		</ref>
	</judgedsentence>
	<judgedsentence id="271" langsrc="en" langtgt="de" rank="1" src-length="38" src-long="1" src-short="0" src-toolong="0" testset="newstest2008">
		<src>
			Since our state, national or even religious holidays rarely fall on the weekend, it has become customary to reorganize the working week when there is only a single workday between the holiday and the weekend.
		</src>
		<tgt system="rbmt3">
			Da unser Staat, nationaler oder sogar religiöser Urlaub selten auf dem Wochenende fallen, ist es üblich geworden, die Arbeitswoche zu reorganisieren, wenn es nur einen einzelnen Werktag zwischen dem Urlaub und dem Wochenende gibt.
		</tgt>
		<tgt system="limsi">
			Seit unserer Staat, nationalen oder auch religiösen Urlaub selten den am Wochenende, es ist einfach üblich geworden, nach denen die Wochenarbeitszeit, Wenn es nur eine einzige Arbeitstages zwischen den Urlaub und die Wochenende.
		</tgt>
		<ref>
			?
		</ref>
	</judgedsentence>
	<judgedsentence id="282" langsrc="en" langtgt="de" rank="-1" src-length="9" src-long="0" src-short="1" src-toolong="0" testset="newstest2008">
		<src>
			Six little things you can annoy your colleagues with
		</src>
		<tgt system="rbmt3">
			Sechs kleine Dinge, mit denen Sie Ihre Kollegen belästigenkönnen
		</tgt>
		<tgt system="limsi">
			Sechs Punkte können Sie Ihre Kollegen mit ärgern
		</tgt>
		<ref>
			?
		</ref>
	</judgedsentence>
	<judgedsentence id="311" langsrc="en" langtgt="de" rank="1" src-length="33" src-long="1" src-short="0" src-toolong="0" testset="newstest2008">
		<src>
			Do not disturb your colleagues by humming, singing, or loud talking (right over their heads), tapping rhythms with your feet, continuous cursing or loudly voiced complaints.
		</src>
		<tgt system="rbmt3">
			Stören Sie Ihre Kollegen, indem sie, beim Singen summen, oder lautes Sprechen (richtig über ihren Köpfen) nicht, Rhythmen mit Ihren Füßen, kontinuierliches Fluchen oder laut geäußerte Beschwerden abhörend.
		</tgt>
		<tgt system="liu">
			Ihre Kollegen nicht stören, von humming singen, laut sprechen oder über ihre Köpfe) (Recht mit ihren Füßen, abhörrhythmus, kontinuierlicher cursing oder laut geäußerten Beschwerden.
		</tgt>
		<ref>
			?
		</ref>
	</judgedsentence>
	<judgedsentence id="318" langsrc="en" langtgt="de" rank="1" src-length="10" src-long="0" src-short="0" src-toolong="0" testset="newstest2008">
		<src>
			Is the office too much like a second home?
		</src>
		<tgt system="rbmt3">
			Ist das Büro zu viel wie eine Zweitwohnung?
		</tgt>
		<tgt system="uedin">
			Das Amt ist auch eine zweite Heimat?
		</tgt>
		<ref>
			?
		</ref>
	</judgedsentence>
	<judgedsentence id="361" langsrc="en" langtgt="de" rank="1" src-length="14" src-long="0" src-short="0" src-toolong="0" testset="newstest2008">
		<src>
			hvg.hu: To what extent do you plan to follow Yonderboi's example?
		</src>
		<tgt system="rbmt3">
			hvg.hu: Zu welchem Umfang planen Sie, Yonderbois Beispiel zufolgen?
		</tgt>
		<tgt system="liu">
			Hvg.hu: Inwieweit gedenken Sie zu dem Beispiel folgen yonderboi?
		</tgt>
		<ref>
			?
		</ref>
	</judgedsentence>
	<judgedsentence id="366" langsrc="en" langtgt="de" rank="0" src-length="17" src-long="0" src-short="0" src-toolong="0" testset="newstest2008">
		<src>
			hvg.hu: Wings of Love hit first place on mr2 Petőfi's hit parade.
		</src>
		<tgt system="rbmt3">
			hvg.hu: Flügel von Liebe treffen ersten Ort auf derHitparade von mr2 Petfi.
		</tgt>
		<tgt system="liu">
			Liebe hvg.hu Flügel betroffen: erstens zu der Demonstration mr2 petőfi betroffen.
		</tgt>
		<ref>
			?
		</ref>
	</judgedsentence>
	<judgedsentence id="371" langsrc="en" langtgt="de" rank="1" src-length="27" src-long="1" src-short="0" src-toolong="0" testset="newstest2008">
		<src>
			We intended it to wrap up the album, to try to lighten up the orgy of tone and the tougher themes earlier in the CD.
		</src>
		<tgt system="rbmt3">
			Wir wollten, dass es das Album einpackt, um zu versuchen, früher die Orgie von Ton und die härteren Themen hinauf im CD leichter zu werden.
		</tgt>
		<tgt system="liu">
			Wir wollten ihn abschließen, um zu versuchen, die album Verringerung der Orgie der Ton und die schwierigeren Themen früher in die CD.
		</tgt>
		<ref>
			?
		</ref>
	</judgedsentence>
	<judgedsentence id="374" langsrc="en" langtgt="de" rank="1" src-length="14" src-long="0" src-short="0" src-toolong="0" testset="newstest2008">
		<src>
			B.Zs.: The idea was to have a sound like a gospel choir.
		</src>
		<tgt system="rbmt3">
			B.Zs.: Die Idee war, einen Klang wie ein Evangeliumschor zuhaben.
		</tgt>
		<tgt system="saar">
			B.zs.: die Idee war, einen klang wie ein Chor Lehren.
		</tgt>
		<ref>
			?
		</ref>
	</judgedsentence>
	<judgedsentence id="403" langsrc="en" langtgt="de" rank="0" src-length="19" src-long="0" src-short="0" src-toolong="0" testset="newstest2008">
		<src>
			Unlike all the big banking houses, he recognized the crisis at the American mortgage market in time.
		</src>
		<tgt system="rbmt3">
			Im Gegensatz zu allen großen Bankhäusern erkannte er die Krise am amerikanischen Hypothekenmarkt rechtzeitig.
		</tgt>
		<tgt system="liu">
			Im Gegensatz zu allen großen bankhäuser, er wurde anerkannt, daß die Krise auf den amerikanischen Hypothekenmarkt.
		</tgt>
		<ref>
			?
		</ref>
	</judgedsentence>
	<judgedsentence id="411" langsrc="en" langtgt="de" rank="-1" src-length="12" src-long="0" src-short="0" src-toolong="0" testset="newstest2008">
		<src>
			Nevertheless, the crisis should not have influenced the entire economy.
		</src>
		<tgt system="rbmt3">
			Trotzdem hätte die Krise die ganze Wirtschaft nicht beeinflussen sollen.
		</tgt>
		<tgt system="saar">
			Dennoch sollte die Krise nicht die gesamte Wirtschaft beeinflussen.
		</tgt>
		<ref>
			?
		</ref>
	</judgedsentence>
	<judgedsentence id="411" langsrc="en" langtgt="de" rank="1" src-length="12" src-long="0" src-short="0" src-toolong="0" testset="newstest2008">
		<src>
			Nevertheless, the crisis should not have influenced the entire economy.
		</src>
		<tgt system="rbmt3">
			Trotzdem hätte die Krise die ganze Wirtschaft nicht beeinflussen sollen.
		</tgt>
		<tgt system="limsi">
			Dennoch, die Krise nicht beeinflusst haben die gesamte Wirtschaft.
		</tgt>
		<ref>
			?
		</ref>
	</judgedsentence>
	<judgedsentence id="429" langsrc="en" langtgt="de" rank="1" src-length="14" src-long="0" src-short="0" src-toolong="0" testset="newstest2008">
		<src>
			But soon after Kerviel entered his career, the first big success followed.
		</src>
		<tgt system="rbmt3">
			Aber bald nachdem Kerviel seine Karriere eingegebenhatte, den ersten großen gefolgten Erfolg.
		</tgt>
		<tgt system="liu">
			Aber bald nach kerviel in seinem Beruf, der erste große Erfolg gefolgt.
		</tgt>
		<ref>
			?
		</ref>
	</judgedsentence>
	<judgedsentence id="475" langsrc="en" langtgt="de" rank="-1" src-length="21" src-long="0" src-short="0" src-toolong="0" testset="newstest2008">
		<src>
			It is more widely appreciated by the media, that is why the media pay much more attention to it.
		</src>
		<tgt system="rbmt3">
			Es ist mehr weit von den Medien geschätzt, ist das warum die Medien viel dazu mehr Acht geben.
		</tgt>
		<tgt system="limsi">
			Es ist mehr weithin von den Medien, das ist der Grund, warum die Medien sehr viel mehr Beachtung schenken.
		</tgt>
		<ref>
			?
		</ref>
	</judgedsentence>
	<judgedsentence id="486" langsrc="en" langtgt="de" rank="-1" src-length="7" src-long="0" src-short="1" src-toolong="0" testset="newstest2008">
		<src>
			They no longer have this resource.
		</src>
		<tgt system="rbmt3">
			Sie haben nicht mehr diese Quelle.
		</tgt>
		<tgt system="liu">
			Sie haben diese Ressource nicht mehr.
		</tgt>
		<ref>
			?
		</ref>
	</judgedsentence>
	<judgedsentence id="489" langsrc="en" langtgt="de" rank="-1" src-length="16" src-long="0" src-short="0" src-toolong="0" testset="newstest2008">
		<src>
			This has been a unique opportunity for its governments to put public financing in order.
		</src>
		<tgt system="rbmt3">
			Dies ist eine einmalige Gelegenheit gewesen, damit seine Regierungen öffentliche Finanzierung in Ordnung bringen.
		</tgt>
		<tgt system="liu">
			Dies war eine einzigartige Gelegenheit für ihre Regierungen an der öffentlichen Finanzierung in Ordnung zu bringen.
		</tgt>
		<ref>
			?
		</ref>
	</judgedsentence>
	<judgedsentence id="492" langsrc="en" langtgt="de" rank="1" src-length="14" src-long="0" src-short="0" src-toolong="0" testset="newstest2008">
		<src>
			It is a huge shame, which falls mainly upon the previous governments.
		</src>
		<tgt system="rbmt3">
			Es ist eine riesige Scham, die hauptsächlich auf den bisherigenRegierungen fällt.
		</tgt>
		<tgt system="uedin">
			Es ist eine große Schande, die hauptsächlich auf die früheren Regierungen.
		</tgt>
		<ref>
			?
		</ref>
	</judgedsentence>
	<judgedsentence id="511" langsrc="en" langtgt="de" rank="1" src-length="7" src-long="0" src-short="1" src-toolong="0" testset="newstest2008">
		<src>
			The analysts expect further billion-dollar losses.
		</src>
		<tgt system="rbmt3">
			Die Analytiker erwarten weiter eineMilliarde-Dollar Verluste.
		</tgt>
		<tgt system="liu">
			Die Analysten erwarten weitere große Verluste.
		</tgt>
		<ref>
			?
		</ref>
	</judgedsentence>
	<judgedsentence id="511" langsrc="en" langtgt="de" rank="1" src-length="7" src-long="0" src-short="1" src-toolong="0" testset="newstest2008">
		<src>
			The analysts expect further billion-dollar losses.
		</src>
		<tgt system="rbmt3">
			Die Analytiker erwarten weiter eineMilliarde-Dollar Verluste.
		</tgt>
		<tgt system="uedin">
			Die Analysten erwarten weitere große Verluste.
		</tgt>
		<ref>
			?
		</ref>
	</judgedsentence>
	<judgedsentence id="554" langsrc="en" langtgt="de" rank="-1" src-length="18" src-long="0" src-short="0" src-toolong="0" testset="newstest2008">
		<src>
			The ministry earlier asked the authorities to be reasonable and issue a thousand-crown fine at the most.
		</src>
		<tgt system="rbmt3">
			Das Ministerium bat früher die Obrigkeit darum, sinnvoll zu sein und hervorzuströmen, ein eintausend-Krone höchstens strafen.
		</tgt>
		<tgt system="uedin">
			Das Ministerium bat die Behörden früher vernünftig und eine thousand-crown gut.
		</tgt>
		<ref>
			?
		</ref>
	</judgedsentence>
	<judgedsentence id="559" langsrc="en" langtgt="de" rank="1" src-length="18" src-long="0" src-short="0" src-toolong="0" testset="newstest2008">
		<src>
			It is sufficient to take it to the competent municipal office or send it by registered post.
		</src>
		<tgt system="rbmt3">
			Es ist hinreichend, es zum fähigen Stadtbüro zu brauchen oder es von angemeldeter Stelle zu schicken.
		</tgt>
		<tgt system="saar">
			Es genügt, um es mit den zuständigen Amt gewählt oder es durch einschreiben zu senden.
		</tgt>
		<ref>
			?
		</ref>
	</judgedsentence>
	<judgedsentence id="560" langsrc="en" langtgt="de" rank="1" src-length="19" src-long="0" src-short="0" src-toolong="0" testset="newstest2008">
		<src>
			By the end of the year, the validity of the licenses issued during 1964-1993 will have expired.
		</src>
		<tgt system="rbmt3">
			Vom Jahresende wird die Gültigkeit der während 1964-1993 herausgegebenen Lizenzen verfallen sein.
		</tgt>
		<tgt system="liu">
			Bis Ende des Jahres die Gültigkeit der Lizenzen erteilt werden, während 1964-1993 ausgelaufen.
		</tgt>
		<ref>
			?
		</ref>
	</judgedsentence>
	<judgedsentence id="561" langsrc="en" langtgt="de" rank="1" src-length="14" src-long="0" src-short="0" src-toolong="0" testset="newstest2008">
		<src>
			However, motorists must also subsequently renew other types of driver's licenses.
		</src>
		<tgt system="rbmt3">
			Allerdings müssen Autofahrer anschließend auch andere Arten von Führerscheinen erneuern.
		</tgt>
		<tgt system="liu">
			Die Autofahrer müssen jedoch anschließend erneuern, auch andere Arten von fahrerlizenzen.
		</tgt>
		<ref>
			?
		</ref>
	</judgedsentence>
	<judgedsentence id="566" langsrc="en" langtgt="de" rank="1" src-length="37" src-long="1" src-short="0" src-toolong="0" testset="newstest2008">
		<src>
			Ex-police officers Josef Opava and Petr Koňařík, who are accused of criminal conspiracy with the David Berdych gang, will go to prison for thirteen and ten years, respectively.
		</src>
		<tgt system="rbmt3">
			Expolizeioffiziere Josef Opava und Petr Koaík, die kriminellen Komplotts mit der David Berdych-Bande angeklagt werden, wird jeweils zu Gefängnis für dreizehn und zehn Jahre gehen.
		</tgt>
		<tgt system="liu">
			Ex-police Petr Josef opava und Beamten, die beschuldigt werden koňařík kriminellen Verschwörung mit David berdych Bande, ins Gefängnis für dreizehn und zehn Jahren.
		</tgt>
		<ref>
			?
		</ref>
	</judgedsentence>
	<judgedsentence id="611" langsrc="en" langtgt="de" rank="1" src-length="18" src-long="0" src-short="0" src-toolong="0" testset="newstest2008">
		<src>
			According to him, if you say the Wallachian Kingdom, everybody recalls the actor and comedian.
		</src>
		<tgt system="rbmt3">
			Entsprechend ihm ruft jeder wenn Sie das Wallachian-Königreich sagen, den Schauspieler und Komiker zurück.
		</tgt>
		<tgt system="limsi">
			Ihm zufolge, Wenn Sie sagen, daß die Wallachian Königreich, alle an die Akteur und Schauspieler.
		</tgt>
		<ref>
			?
		</ref>
	</judgedsentence>
	<judgedsentence id="611" langsrc="en" langtgt="de" rank="1" src-length="18" src-long="0" src-short="0" src-toolong="0" testset="newstest2008">
		<src>
			According to him, if you say the Wallachian Kingdom, everybody recalls the actor and comedian.
		</src>
		<tgt system="rbmt3">
			Entsprechend ihm ruft jeder wenn Sie das Wallachian-Königreich sagen, den Schauspieler und Komiker zurück.
		</tgt>
		<tgt system="liu">
			Ihm zufolge, wenn Sie sagen, der wallachian Königreich comedian Darstellers und alle bedenkt.
		</tgt>
		<ref>
			?
		</ref>
	</judgedsentence>
	<judgedsentence id="611" langsrc="en" langtgt="de" rank="1" src-length="18" src-long="0" src-short="0" src-toolong="0" testset="newstest2008">
		<src>
			According to him, if you say the Wallachian Kingdom, everybody recalls the actor and comedian.
		</src>
		<tgt system="rbmt3">
			Entsprechend ihm ruft jeder wenn Sie das Wallachian-Königreich sagen, den Schauspieler und Komiker zurück.
		</tgt>
		<tgt system="uedin">
			Nach ihm, wenn Sie sagen, die Wallachian Königreich, alle an die Darstellers und Schauspieler.
		</tgt>
		<ref>
			?
		</ref>
	</judgedsentence>
	<judgedsentence id="611" langsrc="en" langtgt="de" rank="1" src-length="18" src-long="0" src-short="0" src-toolong="0" testset="newstest2008">
		<src>
			According to him, if you say the Wallachian Kingdom, everybody recalls the actor and comedian.
		</src>
		<tgt system="rbmt3">
			Entsprechend ihm ruft jeder wenn Sie das Wallachian-Königreich sagen, den Schauspieler und Komiker zurück.
		</tgt>
		<tgt system="limsi">
			Ihm zufolge, Wenn Sie sagen, daß die Wallachian Königreich, alle an die Akteur und Schauspieler.
		</tgt>
		<ref>
			?
		</ref>
	</judgedsentence>
	<judgedsentence id="637" langsrc="en" langtgt="de" rank="1" src-length="16" src-long="0" src-short="0" src-toolong="0" testset="newstest2008">
		<src>
			It should be something like the King's ride in the Slovácko region.
		</src>
		<tgt system="rbmt3">
			Es sollte etwas wie die Fahrt des Königs in der Slovácko-Regionsein.
		</tgt>
		<tgt system="liu">
			Es sollte so etwas wie den König im slovácko Region reiten.
		</tgt>
		<ref>
			?
		</ref>
	</judgedsentence>
	<judgedsentence id="661" langsrc="en" langtgt="de" rank="0" src-length="24" src-long="0" src-short="0" src-toolong="0" testset="newstest2008">
		<src>
			According to the tables it is in 428 l the basic arrangement, which, compared to its competitors, is rather average.
		</src>
		<tgt system="rbmt3">
			Entsprechend den Tischen ist es in 428 l die basische Anordnung, die, mit seinen Konkurrenten verglichen, ziemlich durchschnittlich ist.
		</tgt>
		<tgt system="limsi">
			Nach den Spieß in 428 l die grundlegende Regelung, die im Vergleich zu seinen Konkurrenten, ist ziemlich Durchschnitt.
		</tgt>
		<ref>
			?
		</ref>
	</judgedsentence>
	<judgedsentence id="661" langsrc="en" langtgt="de" rank="-1" src-length="24" src-long="0" src-short="0" src-toolong="0" testset="newstest2008">
		<src>
			According to the tables it is in 428 l the basic arrangement, which, compared to its competitors, is rather average.
		</src>
		<tgt system="rbmt3">
			Entsprechend den Tischen ist es in 428 l die basische Anordnung, die, mit seinen Konkurrenten verglichen, ziemlich durchschnittlich ist.
		</tgt>
		<tgt system="uedin">
			Nach den Tabellen in 428 l der grundlegenden Regelung, die im Vergleich zu seinen Konkurrenten, ist ziemlich durchschnittlich.
		</tgt>
		<ref>
			?
		</ref>
	</judgedsentence>
	<judgedsentence id="686" langsrc="en" langtgt="de" rank="0" src-length="17" src-long="0" src-short="0" src-toolong="0" testset="newstest2008">
		<src>
			Arguments, bullying and fights between the pupils have extended to the relations between their parents.
		</src>
		<tgt system="rbmt3">
			Argumente, drangsalierend und Kämpfe zwischen den Schülern haben sich auf die Beziehungen zwischen ihren Eltern ausgedehnt.
		</tgt>
		<tgt system="liu">
			Argumente, Mobbing und Kämpfe zwischen den Schülern erweitert, die Beziehungen zwischen den Eltern.
		</tgt>
		<ref>
			?
		</ref>
	</judgedsentence>
	<judgedsentence id="690" langsrc="en" langtgt="de" rank="1" src-length="14" src-long="0" src-short="0" src-toolong="0" testset="newstest2008">
		<src>
			The girls reportedly called the man racist comments and threw stones at him.
		</src>
		<tgt system="rbmt3">
			Die Mädchen nannten angeblich den Männerrassisten Bemerkungen und warfenSteine an ihm.
		</tgt>
		<tgt system="limsi">
			Die Mädchen Berichten zufolge, der Mann rassistischen Äußerungen und warf Steine.
		</tgt>
		<ref>
			?
		</ref>
	</judgedsentence>
	<judgedsentence id="693" langsrc="en" langtgt="de" rank="1" src-length="7" src-long="0" src-short="1" src-toolong="0" testset="newstest2008">
		<src>
			The complaints come from both sides.
		</src>
		<tgt system="rbmt3">
			Die Beschwerden kommen von beiden Seiten.
		</tgt>
		<tgt system="liu">
			Die Beschwerden von beiden Seiten.
		</tgt>
		<ref>
			?
		</ref>
	</judgedsentence>
	<judgedsentence id="702" langsrc="en" langtgt="de" rank="1" src-length="19" src-long="0" src-short="0" src-toolong="0" testset="newstest2008">
		<src>
			Palm trees and the full board with waiters offering pizza, ice-cream or potent shakes on the beach.
		</src>
		<tgt system="rbmt3">
			Palmen und die Vollverpflegung mit Kellnergabenpizza, Eiskrem oder durchschlagendem Schütteln auf dem Strand.
		</tgt>
		<tgt system="limsi">
			Palmen und die volle mit Kellner eine Pizza, ice-cream oder stark erschüttert, am Strand.
		</tgt>
		<ref>
			?
		</ref>
	</judgedsentence>
	<judgedsentence id="711" langsrc="en" langtgt="de" rank="-1" src-length="44" src-long="1" src-short="0" src-toolong="0" testset="newstest2008">
		<src>
			Its building was initiated by one of the bosses of the American Mafia, Lucky Luciano, because all that was illegal in the U.S. (especially during the prohibition) was welcome and supported in Cuba, drugs, gambling, prostitution.
		</src>
		<tgt system="rbmt3">
			Sein Gebäude wurde von einem der Chefs der amerikanischen Mafia, Lucky Luciano, initiiert, weil alles, das in den US illegal war (besonders während des Verbots), gerne konnte, und in Kuba, Drogen, Spielen, Prostitution, gestützt.
		</tgt>
		<tgt system="liu">
			Durch seine Gebäude eingeleitet wurde, einer der Bosse der amerikanischen Mafia, Lucky Luciano, denn all das war in der U.S. (insbesondere während des Verbots) willkommen und unterstützt in Kuba, Drogen, Glücksspiel, Prostitution.
		</tgt>
		<ref>
			?
		</ref>
	</judgedsentence>
	<judgedsentence id="750" langsrc="en" langtgt="de" rank="1" src-length="12" src-long="0" src-short="0" src-toolong="0" testset="newstest2008">
		<src>
			This opinion is certainly influenced by the road leading there itself.
		</src>
		<tgt system="rbmt3">
			Diese Meinung wird sicherlich von der dort führendenFahrbahn sich beeinflusst.
		</tgt>
		<tgt system="liu">
			Diese Meinung ist sicherlich vom Weg führt es selbst.
		</tgt>
		<ref>
			?
		</ref>
	</judgedsentence>
	<judgedsentence id="759" langsrc="en" langtgt="de" rank="1" src-length="35" src-long="1" src-short="0" src-toolong="0" testset="newstest2008">
		<src>
			The mission in Afghanistan is not proceeding according to the original concept, the representatives of the countries which have posted units in the southern part of the country agreed in Edinburgh, Scotland.
		</src>
		<tgt system="rbmt3">
			Die Mission in Afghanistan fährt nicht entsprechend dem ursprünglichen Begriff fort, den Vertretern von den Ländern, die Einheiten im südlichen Teil des Landes einig in Edinburg, Schottland aufgegeben haben.
		</tgt>
		<tgt system="liu">
			Die Mission in Afghanistan ist nicht nach dem ursprünglichen Konzept, den Vertretern der Länder, die entsandten Einheiten im Süden des Landes in Edinburgh vereinbart wurde, Schottland.
		</tgt>
		<ref>
			?
		</ref>
	</judgedsentence>
	<judgedsentence id="761" langsrc="en" langtgt="de" rank="1" src-length="40" src-long="1" src-short="0" src-toolong="0" testset="newstest2008">
		<src>
			Whereas the U.S. ordered the NATO units through the Secretary of Defense Robert Gates to increase activity this week, Great Britain sees the priority in the reinforcement of the Afghan government authority and the intensification of developmental aid.
		</src>
		<tgt system="rbmt3">
			Während die US den NATO-Einheiten durch den Sekretär von Defense Robert Gates befahlen, diese Woche Aktivität zu vergrößern, sieht Großbritannien die Priorität in der Verstärkung der afghanischen Regierungsautorität und die Intensivierung von Entwicklungshilfe.
		</tgt>
		<tgt system="limsi">
			Während die USA die NATO Einheiten durch die Verteidigungsminister Robert Gates zur Erhöhung der Aktivität in dieser Woche, in Großbritannien, die Priorität in der Stärkung der afghanischen Regierung Autorität und die Intensivierung der Entwicklungshilfe.
		</tgt>
		<ref>
			?
		</ref>
	</judgedsentence>
	<judgedsentence id="761" langsrc="en" langtgt="de" rank="1" src-length="40" src-long="1" src-short="0" src-toolong="0" testset="newstest2008">
		<src>
			Whereas the U.S. ordered the NATO units through the Secretary of Defense Robert Gates to increase activity this week, Great Britain sees the priority in the reinforcement of the Afghan government authority and the intensification of developmental aid.
		</src>
		<tgt system="rbmt3">
			Während die US den NATO-Einheiten durch den Sekretär von Defense Robert Gates befahlen, diese Woche Aktivität zu vergrößern, sieht Großbritannien die Priorität in der Verstärkung der afghanischen Regierungsautorität und die Intensivierung von Entwicklungshilfe.
		</tgt>
		<tgt system="liu">
			Während die U.S. ordnete die nato-einheiten durch die Außenministerin der schwedischen Robert Tore zur Erhöhung der Aktivität in dieser Woche, Großbritannien betrachtet die Priorität in der Stärkung der afghanischen Regierung Behörde und die Intensivierung der Entwicklungshilfe.
		</tgt>
		<ref>
			?
		</ref>
	</judgedsentence>
	<judgedsentence id="811" langsrc="en" langtgt="de" rank="-1" src-length="28" src-long="1" src-short="0" src-toolong="0" testset="newstest2008">
		<src>
			But at the beginning of December, the ministry decreased the plan to 152.8 billion crowns due to improved development of the use of the state budget.
		</src>
		<tgt system="rbmt3">
			Aber am Anfang von Dezember verminderte das Ministerium den Plan auf 152.8 Milliarden Kronen auf Grund verbesserter Entwicklung der Verwendung des Staatsbudgets.
		</tgt>
		<tgt system="uedin">
			Aber seit Anfang Dezember, das Ministerium 152.8 Milliarden verringert den Plan, krönt durch die Entwicklung der Verwendung des Staatshaushalts.
		</tgt>
		<ref>
			?
		</ref>
	</judgedsentence>
	<judgedsentence id="841" langsrc="en" langtgt="de" rank="1" src-length="31" src-long="1" src-short="0" src-toolong="0" testset="newstest2008">
		<src>
			Baden's discussions, near Vienna, were the sixth and last negotiating session since the troika was charged with a new mediation by the United Nations, last August.
		</src>
		<tgt system="rbmt3">
			Badens Diskussionen, nahe Wien, waren das Sechstel und letzte verhandelnde Sitzung seit der Troika wurde letzten August einer neuen Fürbitte von den Vereinten Nationen angeklagt.
		</tgt>
		<tgt system="liu">
			Die Diskussionen in der Nähe von Wien baden, dem sechsten und letzten Verhandlungsrunde betraut war, da die Troika mit einer neuen Vermittlung durch die Vereinten Nationen im vergangenen August.
		</tgt>
		<ref>
			?
		</ref>
	</judgedsentence>
	<judgedsentence id="885" langsrc="en" langtgt="de" rank="1" src-length="39" src-long="1" src-short="0" src-toolong="0" testset="newstest2008">
		<src>
			Very quickly, yesterday morning, the Pontoise Republic prosecutor, Marie-Thérère de Givry, announced she had entrusted an investigation to the IGNP for «manslaughter and non-assistance to people in danger».
		</src>
		<tgt system="rbmt3">
			Sehr schnell kündigte der Pontoise-Republik-Kläger, Marie-Thérère de Givry, gestern morgen an, dass sie eine Untersuchung dem IGNP für «Totschlag und in Gefahr zu besiedelnde Nicht-Hilfe» anvertraut hatte.
		</tgt>
		<tgt system="liu">
			Sehr schnell, gestern Vormittag, die pontoise Republik Anwalt, marie-thérère de givry angekündigt hatte sie beauftragt, eine Untersuchung zu der ignp für « Totschlag und non-assistance » Menschen in Gefahr.
		</tgt>
		<ref>
			?
		</ref>
	</judgedsentence>
	<judgedsentence id="903" langsrc="en" langtgt="de" rank="0" src-length="12" src-long="0" src-short="0" src-toolong="0" testset="newstest2008">
		<src>
			They've also tried a cardiac massage, without any result.
		</src>
		<tgt system="rbmt3">
			Sie haben auch eine Herzmassage ohne ein Ergebnisversucht.
		</tgt>
		<tgt system="limsi">
			Sie auch versucht, eine cardiac Massageformen, ohne Ergebnis.
		</tgt>
		<ref>
			?
		</ref>
	</judgedsentence>
	<judgedsentence id="961" langsrc="en" langtgt="de" rank="0" src-length="37" src-long="1" src-short="0" src-toolong="0" testset="newstest2008">
		<src>
			Because of these charges, EADS will have to annouce new EBIT targets for 2007, on the occasion of next Thursday's presentation of its quarterly results, added without any further information about prices.
		</src>
		<tgt system="rbmt3">
			Wegen dieser Gebühren wird EADS nach annouce Neu-EBIT-Ziele 2007, anlässlich der Vorstellung des nächsten Donnerstags seiner vierteljährlichen Ergebnisse, ohne weitere Information über Preise hinzugefügt, haben.
		</tgt>
		<tgt system="liu">
			Denn diese Gebühren, EADS, annouce neue ebit Ziele für 2007 anlässlich der nächsten Donnerstag die Präsentation der vierteljährlichen Ergebnisse, ohne weitere Informationen über die Preise.
		</tgt>
		<ref>
			?
		</ref>
	</judgedsentence>
	<judgedsentence id="986" langsrc="en" langtgt="de" rank="-1" src-length="5" src-long="0" src-short="1" src-toolong="0" testset="newstest2008">
		<src>
			It is a tradition.
		</src>
		<tgt system="rbmt3">
			Es ist eine Tradition.
		</tgt>
		<tgt system="limsi">
			Es ist eine Tradition.
		</tgt>
		<ref>
			?
		</ref>
	</judgedsentence>
	<judgedsentence id="991" langsrc="en" langtgt="de" rank="1" src-length="9" src-long="0" src-short="1" src-toolong="0" testset="newstest2008">
		<src>
			«What's to be considered then?»
		</src>
		<tgt system="rbmt3">
			«Was soll für then?» gehalten werden
		</tgt>
		<tgt system="liu">
			Was die « dann » betrachtet werden?
		</tgt>
		<ref>
			?
		</ref>
	</judgedsentence>
	<judgedsentence id="1007" langsrc="en" langtgt="de" rank="1" src-length="14" src-long="0" src-short="0" src-toolong="0" testset="newstest2008">
		<src>
			Like the homosexuality or the mental handicap of some victims of the deportation.
		</src>
		<tgt system="rbmt3">
			Wie die Homosexualität oder das geistige Gebrechen einiger Opfer der Deportation.
		</tgt>
		<tgt system="limsi">
			Wie die Homosexualität oder die geistigen Behinderung einige Opfer der Abschiebung.
		</tgt>
		<ref>
			?
		</ref>
	</judgedsentence>
	<judgedsentence id="1012" langsrc="en" langtgt="de" rank="1" src-length="14" src-long="0" src-short="0" src-toolong="0" testset="newstest2008">
		<src>
			The EU and India are willing to reach a free trade agreement in 2008
		</src>
		<tgt system="rbmt3">
			Die EU und Indien sind bereit, 2008 einFreihandelsabkommen zu erreichen
		</tgt>
		<tgt system="liu">
			Die EU und Indien sind bereit, ein Freihandelsabkommen im Jahre 2008
		</tgt>
		<ref>
			?
		</ref>
	</judgedsentence>
	<judgedsentence id="1020" langsrc="en" langtgt="de" rank="1" src-length="115" src-long="1" src-short="0" src-toolong="1" testset="newstest2008">
		<src>
			Europe represents the major or the second trade for all the first ten products exported by India, states the European Commissioner. The Asian and the European giants exchange every year &quot;47 milliards goods&quot; and &quot;ten milliards euros of services&quot;, declared this week Danièle Smadja,leader of the European Commission in New Delhi, expressing her regret because the bilateral trade &quot;hasn't still reached its potential&quot;. The EU and India will meet on Friday for their eighth diplomatic summit in New Delhi, in the presence of the Prime Minister Manmohan Singh and the president of the European Commission José Manuel Durao Barroso.
		</src>
		<tgt system="rbmt3">
			Europa repräsentiert den Major oder das zweite treibt mit allen ersten zehn von Indien exportierten Produkten Handel, sagt den Europäischen Kommissar aus. Der Asiat und die europäischen Riesen tauschen alle Jahr &quot;47&quot; Milliarden Güter&quot; und aus &quot;zehn Milliarden Euro von Diensten&quot;, diese Woche Danièle Smadja,leader der Europäischen Kommission in New Delhi erklärt, ihr Bedauern ausdrückend weil der doppelseitige Handel sein Potential noch nicht&quot; erreicht hat&quot;. Die EU und Indien wird sich am Freitag für ihren achten diplomatischen Gipfel in New Delhi, in Gegenwart von dem Premierminister Manmohan Singh und dem Präsidenten der Europäischen Kommission José Manuel Durao Barroso, treffen.
		</tgt>
		<tgt system="saar">
			Europa stellt die großen oder den zweiten Handel für all die ersten zehn von Indien exportierten Produkte der europäischen Staaten an den asiatischen und europäischen Riesen sind jedes Jahr &quot;47 Milliarden waren&quot; und &quot;zehn Milliarden Euro von Diensten&quot;, erklärte sich diese Woche Danièle Führer der Europäischen Kommission in Neu-Delhi, ihr Bedauern zum Ausdruck, weil der bilaterale Handel &quot;sein Potential&quot; nicht noch erreicht hat: die EU und Indien werden sich am Freitag für ihren achten diplomatischen Gipfel in Neu Delhi im Beisein des und der Präsident der Europäischen Kommission durao José Manuel Barroso.
		</tgt>
		<ref>
			?
		</ref>
	</judgedsentence>
	<judgedsentence id="1037" langsrc="en" langtgt="de" rank="1" src-length="37" src-long="1" src-short="0" src-toolong="0" testset="newstest2008">
		<src>
			The PS leader, Jean-Marc Ayrault, announced that his group will represent the integrality of his proposals by moving an amendment to the financial bill which will be examined by the Commission the next week.
		</src>
		<tgt system="rbmt3">
			Der PS-Führer, Jean-Marc Ayrault, kündigte an, dass seine Gruppe das integrality seiner Vorschläge durch die Bewegung einer Änderung für die Finanzrechnung darstellen wird, die die nächste Woche von der Kommission geprüft werden wird.
		</tgt>
		<tgt system="limsi">
			Die PS Führer, den Prozeß Jean-Marc Ayrault, angekündigt, dass seine Fraktion vertreten wird, die gesamten seiner Vorschläge durch eine Änderung der finanziellen Kosten, die durch die Kommission geprüft, die in der nächsten Woche.
		</tgt>
		<ref>
			?
		</ref>
	</judgedsentence>
	<judgedsentence id="1061" langsrc="en" langtgt="de" rank="1" src-length="28" src-long="1" src-short="0" src-toolong="0" testset="newstest2008">
		<src>
			Charlie Jones says the festival will have a «huge» capacity, giving the Tennessee Bonnaroo Music Festival's example, which hosted 80 000 people.
		</src>
		<tgt system="rbmt3">
			Charlie Jones sagt, dass das Festival eine «riesige» Kapazität, die das Beispiel des Tennessee-Bonnaroo-Musik-Festivals gibt, haben wird, die 80 000 Leute ausrichtete.
		</tgt>
		<tgt system="liu">
			Charlie Jones sagt das Fest wird eine gewaltige » « Kapazität, die tennessee bonnaroo Musikfestivals beispielsweise übernahmen, die von 80 000 Menschen.
		</tgt>
		<ref>
			?
		</ref>
	</judgedsentence>
	<judgedsentence id="1076" langsrc="en" langtgt="de" rank="1" src-length="41" src-long="1" src-short="0" src-toolong="0" testset="newstest2008">
		<src>
			All festivals of the West Coast, taking place in Sundance, Denver, Seattle or San Francisco, will have to present Quebec films, give prominence to them and make sure to fix a meeting with all directors.
		</src>
		<tgt system="rbmt3">
			Alle Festivals der West-Küste, die in Sundance, Denver, Seattle oder San Francisco stattfindet, werden Quebec-Filme präsentieren, ihnen Protuberanz geben und sich vergewissern müssen, um eine Sitzung mit allen Direktoren zu befestigen.
		</tgt>
		<tgt system="limsi">
			Alle Festivals der Westküste in sundance, Denver, Seattle oder San Francisco, in Quebec Filme, in den Vordergrund zu stellen und dafür zu sorgen, ein Treffen mit allen Direktoren.
		</tgt>
		<ref>
			?
		</ref>
	</judgedsentence>
	<judgedsentence id="1110" langsrc="en" langtgt="de" rank="1" src-length="14" src-long="0" src-short="0" src-toolong="0" testset="newstest2008">
		<src>
			Popular will open its 200 offices for 12 hours daily from Monday to Saturday
		</src>
		<tgt system="rbmt3">
			Populär wird seine 200 Büros für 12 Stunden täglichvon Montag zu Sonnabend öffnen
		</tgt>
		<tgt system="limsi">
			Populär wird, seine 200 Büros für 12 Stunden tägliche von Montag bis Samstag
		</tgt>
		<ref>
			?
		</ref>
	</judgedsentence>
	<judgedsentence id="1111" langsrc="en" langtgt="de" rank="1" src-length="12" src-long="0" src-short="0" src-toolong="0" testset="newstest2008">
		<src>
			Popular has decided to renew a large part of their offices.
		</src>
		<tgt system="rbmt3">
			Populär hat sich entschieden einen großen Teil ihrer Büros zuerneuern.
		</tgt>
		<tgt system="liu">
			Populär beschlossen hat, einen Großteil ihrer Büros.
		</tgt>
		<ref>
			?
		</ref>
	</judgedsentence>
	<judgedsentence id="1148" langsrc="en" langtgt="de" rank="1" src-length="44" src-long="1" src-short="0" src-toolong="0" testset="newstest2008">
		<src>
			On the other hand, the net revenue of Antenna 3 increased by 1.6% in the first nine months of the exercise (reaching 734.4 million) whereas the net income of the television grew by 0.7% (630,4 million).
		</src>
		<tgt system="rbmt3">
			Andererseits wurden die Nettoeinkünfte von Antenne 3 von 1.6 % in den ersten neun Monaten der Ausübung (734.4 Millionen reichend) größer während das Nettoeinkommen des Fernsehens um 0.7 % wuchs (630,4 eine Million).
		</tgt>
		<tgt system="liu">
			Auf der anderen Seite die Nettoeinnahmen Nebenstelle 3 bis 6% gestiegen, in den ersten neun Monaten der Ausübung (erreichen 734.4 Millionen) Während der Nettoeinkommen der fernsehzuwachs von 0,7% (630,4 Millionen).
		</tgt>
		<ref>
			?
		</ref>
	</judgedsentence>
	<judgedsentence id="1161" langsrc="en" langtgt="de" rank="1" src-length="27" src-long="1" src-short="0" src-toolong="0" testset="newstest2008">
		<src>
			Caja Madrid: Viewed Telecinco as better (to accumulate) than Antenna 3 (to keep) for the 'multiples attractive' and business increase.
		</src>
		<tgt system="rbmt3">
			Caja Madrid: Angesehener Telecinco als besser (sich anzuhäufen) als Antenne 3 (zu bleiben) für die 'Vielfachen attraktiv' und Geschäftszunahme.
		</tgt>
		<tgt system="limsi">
			Betrachtet: von Madrid Caja Telecinco bessere (zu sammeln) als Nebenstelle 3 (zu) für die &quot;multiples&quot; und der Unternehmen zu erhöhen.
		</tgt>
		<ref>
			?
		</ref>
	</judgedsentence>
	<judgedsentence id="1200" langsrc="en" langtgt="de" rank="0" src-length="57" src-long="1" src-short="0" src-toolong="1" testset="newstest2008">
		<src>
			The ex- Defense minister José Bono has accepted the offer of the government president and General Secretary of the Socialists, Jose Luis Rodriguez Zapatero, to head the list of the PSOE by Toledo for the next general elections and to be president of the Congress in case the Socialists gain the general elections.
		</src>
		<tgt system="rbmt3">
			Der Exverteidigungs-Minister José Bono hat das Angebot des Regierungspräsidenten und Allgemeinen Sekretär der Sozialisten, Jose Luis Rodriguez Zapatero, akzeptiert, um die Liste vom PSOE von Toledo für die nächsten Parlamentswahlen zu steuern, und, um Präsident des Kongresses falls zu sein, erreichen die Sozialisten die Parlamentswahlen.
		</tgt>
		<tgt system="liu">
			Die Verteidigungsminister José Bono ex- akzeptiert hat das Angebot der Regierung Präsident und Generalsekretär der Sozialisten, José Luis Rodriguez Zapatero, an der Spitze der Liste von der PSOE von Toledo für den nächsten Generalwahlen und Präsident des Kongresses im Fall von den Sozialisten, die allgemeine Wahlen gewinnen.
		</tgt>
		<ref>
			?
		</ref>
	</judgedsentence>
	<judgedsentence id="1211" langsrc="en" langtgt="de" rank="-1" src-length="37" src-long="1" src-short="0" src-toolong="0" testset="newstest2008">
		<src>
			Given that the movement against the climatic change, put under merciless persecution by the skeptics of its predictions like those that prioritize other political and social battles, is forced to show an iron determination.
		</src>
		<tgt system="rbmt3">
			Vorausgesetzt dass die Bewegung gegen die klimatische Änderung, unter unbarmherziger Verfolgung von den Skeptikern seiner Voraussagen wie jene gestellt, die andere politische und gesellschaftliche Kämpfe priorisieren, erzwungen wird, um eine Eisenfestlegung zu zeigen.
		</tgt>
		<tgt system="limsi">
			Angesichts der Tatsache, dass die Bewegung gegen die klimatischen Veränderungen, die unter grausamen Verfolgungen, indem die Skeptiker der vorhersagen, wie jene, vermehrt anderen politischen und sozialen Kämpfe, gezwungen ist, zu zeigen, einen eisernen Entschlossenheit.
		</tgt>
		<ref>
			?
		</ref>
	</judgedsentence>
	<judgedsentence id="1211" langsrc="en" langtgt="de" rank="1" src-length="37" src-long="1" src-short="0" src-toolong="0" testset="newstest2008">
		<src>
			Given that the movement against the climatic change, put under merciless persecution by the skeptics of its predictions like those that prioritize other political and social battles, is forced to show an iron determination.
		</src>
		<tgt system="rbmt3">
			Vorausgesetzt dass die Bewegung gegen die klimatische Änderung, unter unbarmherziger Verfolgung von den Skeptikern seiner Voraussagen wie jene gestellt, die andere politische und gesellschaftliche Kämpfe priorisieren, erzwungen wird, um eine Eisenfestlegung zu zeigen.
		</tgt>
		<tgt system="uedin">
			Angesichts der Tatsache, dass die Bewegung gegen die Klimaänderung, unter gnadenlosen Verfolgungen durch die skeptics ihrer Voraussagen erregen wie diejenigen, die andere politische und soziale Kämpfe, gezwungen ist, eine eiserne Entschlossenheit zu zeigen.
		</tgt>
		<ref>
			?
		</ref>
	</judgedsentence>
	<judgedsentence id="1217" langsrc="en" langtgt="de" rank="1" src-length="16" src-long="0" src-short="0" src-toolong="0" testset="newstest2008">
		<src>
			That is, who will be sacrificed and who will pay to save the planet.
		</src>
		<tgt system="rbmt3">
			Das heißt wer wird geopfert werden und wer wird bezahlen, den Planetenzu sparen.
		</tgt>
		<tgt system="uedin">
			Das ist, die geopfert werden und wer zahlen werden, um unseren Planeten zu retten.
		</tgt>
		<ref>
			?
		</ref>
	</judgedsentence>
	<judgedsentence id="1219" langsrc="en" langtgt="de" rank="-1" src-length="10" src-long="0" src-short="0" src-toolong="0" testset="newstest2008">
		<src>
			Indeed because someone will have to sacrifice and pay.
		</src>
		<tgt system="rbmt3">
			Tatsächlich weil jemand opfern und zahlen müssen wird.
		</tgt>
		<tgt system="uedin">
			In der Tat, weil jemand zu opfern und zu zahlen haben.
		</tgt>
		<ref>
			?
		</ref>
	</judgedsentence>
	<judgedsentence id="1237" langsrc="en" langtgt="de" rank="1" src-length="31" src-long="1" src-short="0" src-toolong="0" testset="newstest2008">
		<src>
			One person was then arrested in Totana, in particular, the owner of poultry product company well known in the region, that could have acted as an intermediary.
		</src>
		<tgt system="rbmt3">
			Eine Person wurde dann in Totana, im Besonderen, der Eigentümer von Geflügelproduktunternehmen wohlbekannt in der Region verhaftet, hätte das als ein Mittelsmann handeln können.
		</tgt>
		<tgt system="liu">
			Eine Person in totana dann verhaftet wurde, insbesondere den Besitzer von geflügelproduktunternehmen bekannt, daß in der Region könnte als Vermittler gehandelt haben.
		</tgt>
		<ref>
			?
		</ref>
	</judgedsentence>
	<judgedsentence id="1261" langsrc="en" langtgt="de" rank="1" src-length="25" src-long="0" src-short="0" src-toolong="0" testset="newstest2008">
		<src>
			E. Sexual harassment at work is considered less serious than downloading a film on DVD, according to article 184,2 of the Penal Code.
		</src>
		<tgt system="rbmt3">
			E. Sexualbelästigung bei der Arbeit wird weniger ernst als Herunterladen ein Film auf DVD, entsprechend Artikel 184,2 des Strafgesetzbuchs, berücksichtigt.
		</tgt>
		<tgt system="liu">
			Also sexuelle Belästigung am Arbeitsplatz als weniger ernst als Herunterladen einen Film über DVDs, gemäß Artikel 184,2 des Strafgesetzbuchs.
		</tgt>
		<ref>
			?
		</ref>
	</judgedsentence>
	<judgedsentence id="1261" langsrc="en" langtgt="de" rank="-1" src-length="25" src-long="0" src-short="0" src-toolong="0" testset="newstest2008">
		<src>
			E. Sexual harassment at work is considered less serious than downloading a film on DVD, according to article 184,2 of the Penal Code.
		</src>
		<tgt system="rbmt3">
			E. Sexualbelästigung bei der Arbeit wird weniger ernst als Herunterladen ein Film auf DVD, entsprechend Artikel 184,2 des Strafgesetzbuchs, berücksichtigt.
		</tgt>
		<tgt system="limsi">
			E. sexuelle Belästigung am Arbeitsplatz als weniger als Herunterladen stellen einen Film über die DVD, gemäß Artikel 184,2 des Strafgesetzbuchs.
		</tgt>
		<ref>
			?
		</ref>
	</judgedsentence>
	<judgedsentence id="1266" langsrc="en" langtgt="de" rank="-1" src-length="23" src-long="0" src-short="0" src-toolong="0" testset="newstest2008">
		<src>
			That is, that the feelings that are generated by the monthly wages of the workers depends on how much colleagues earn.
		</src>
		<tgt system="rbmt3">
			Das heißt, der die Gefühle, dass von den Monatslöhnen der Arbeiter erzeugt werden, abhängt auf wievielem Kollegen verdienen.
		</tgt>
		<tgt system="limsi">
			Das ist, dass die Gefühle, die durch die monatlichen Löhne der Arbeitnehmer hängt davon ab, wie viele Kolleginnen und Kollegen verdienen.
		</tgt>
		<ref>
			?
		</ref>
	</judgedsentence>
	<judgedsentence id="1277" langsrc="en" langtgt="de" rank="-1" src-length="8" src-long="0" src-short="1" src-toolong="0" testset="newstest2008">
		<src>
			Having the car is only the beginning.
		</src>
		<tgt system="rbmt3">
			Das Auto zu haben ist nur der Anfang.
		</tgt>
		<tgt system="saar">
			Das Auto zu haben, ist nur der Anfang.
		</tgt>
		<ref>
			?
		</ref>
	</judgedsentence>
	<judgedsentence id="1295" langsrc="en" langtgt="de" rank="-1" src-length="48" src-long="1" src-short="0" src-toolong="0" testset="newstest2008">
		<src>
			&quot;The amount of the costs that contributes the client will be settled based on the value of the premium, that will be higher if this amount is lowered&quot;, specifies Luis Noguera, head of First Europe in Spain, mediator of online insurances.
		</src>
		<tgt system="rbmt3">
			&quot;Die Menge der Kosten dass beiträgt wird der Kunde sich niedergelassen werden auf dem Wert der Prämie basiert, das wird höher sein wenn diese Menge gesenkt&quot; wird, spezifiziert Luis Noguera, Kopf von Zuerst Europa in Spanien, Vermittler von Onlineversicherungen.
		</tgt>
		<tgt system="saar">
			&quot;die Höhe der Kosten, die den Kunden beiträgt, vereinbart beruht auf den Wert der Prämie die höher sein wird, wenn dieser Betrag gesenkt wird&quot; gibt Luis Noguera, Chef der ersten Europa in Spanien Vermittler von Versicherungen.
		</tgt>
		<ref>
			?
		</ref>
	</judgedsentence>
	<judgedsentence id="1311" langsrc="en" langtgt="de" rank="1" src-length="32" src-long="1" src-short="0" src-toolong="0" testset="newstest2008">
		<src>
			For the pensioners an fully comprehensive insurance with tax exemption (being this one of 150 euros), or a third party when a high level of advantage is had.
		</src>
		<tgt system="rbmt3">
			Für die Rentner eine Kaskoversicherung mit Steuerfreiheit (seiend dies man von 150 Euro), oder eine Dritte wann ein hohes Niveau von Vorteil wird gehabt.
		</tgt>
		<tgt system="uedin">
			Die Rentner einer umfassenden Versicherung mit Steuerbefreiung (derzeit 150 Euro hier) oder eine dritte Partei, als ein hohes Niveau von Vorteil ist.
		</tgt>
		<ref>
			?
		</ref>
	</judgedsentence>
	<judgedsentence id="1311" langsrc="en" langtgt="de" rank="0" src-length="32" src-long="1" src-short="0" src-toolong="0" testset="newstest2008">
		<src>
			For the pensioners an fully comprehensive insurance with tax exemption (being this one of 150 euros), or a third party when a high level of advantage is had.
		</src>
		<tgt system="rbmt3">
			Für die Rentner eine Kaskoversicherung mit Steuerfreiheit (seiend dies man von 150 Euro), oder eine Dritte wann ein hohes Niveau von Vorteil wird gehabt.
		</tgt>
		<tgt system="liu">
			Für die Rentner einen umfassenden Versicherung mit Steuerbefreiung (das einer 150 Euro) oder einer dritten Partei, wenn ein hohes Niveau von Vorteil ist.
		</tgt>
		<ref>
			?
		</ref>
	</judgedsentence>
	<judgedsentence id="1338" langsrc="en" langtgt="de" rank="-1" src-length="7" src-long="0" src-short="1" src-toolong="0" testset="newstest2008">
		<src>
			Among the five joined seven children.
		</src>
		<tgt system="rbmt3">
			Unter dem fünf verbundenen sieben Kinder.
		</tgt>
		<tgt system="uedin">
			Von den fünf sieben Kinder beigetreten.
		</tgt>
		<ref>
			?
		</ref>
	</judgedsentence>
	<judgedsentence id="1428" langsrc="en" langtgt="de" rank="-1" src-length="20" src-long="0" src-short="0" src-toolong="0" testset="newstest2008">
		<src>
			Mitt Romney said he did not feel it was dignified for presidential candidates to take questions from a snowman.
		</src>
		<tgt system="rbmt3">
			Mitt Romney sagte, dass er nicht spürte, dass es geehrt wurde, damit Präsidentenkandidaten Fragen von einem Schneemann nehmen.
		</tgt>
		<tgt system="liu">
			Mitt romney sagte, er halte es nicht für würdig für Präsidentschaftskandidaten aus einer snowman Fragen zu ergreifen.
		</tgt>
		<ref>
			?
		</ref>
	</judgedsentence>
	<judgedsentence id="1461" langsrc="en" langtgt="de" rank="0" src-length="54" src-long="1" src-short="0" src-toolong="1" testset="newstest2008">
		<src>
			But the revelation that a rich businessman disguised contributions to Britain's governing Labour Party of more than £650,000 ($1.3m) over four years under other people's names, and that the party failed to report it, is one the embattled Gordon Brown could well have done without.
		</src>
		<tgt system="rbmt3">
			Aber die Enthüllung, die ein reicher Kaufmann Beiträge nach Großbritannien verschleierte, die Labour Party von mehr bestimmten als £650,000 ($1.3m) über vier Jahren unter den Namen der anderen Leute, und über die die Partei versäumte ihm zu berichten, ist man der mit Zinnen versehene Gordon Brown hätte gut verzichten können.
		</tgt>
		<tgt system="liu">
			Aber die Entdeckung, daß ein fruchtbarer Unternehmer verkappten Beiträge zu Großbritanniens für Arbeitsgruppe von mehr als 650,000 Pfund 1.3m) ($in vier Jahren in anderen volksnamen, und dass die Partei gescheitert ist, darüber zu berichten, die embattled Gordon Brown verzichten könnte.
		</tgt>
		<ref>
			?
		</ref>
	</judgedsentence>
	<judgedsentence id="1482" langsrc="en" langtgt="de" rank="1" src-length="24" src-long="0" src-short="0" src-toolong="0" testset="newstest2008">
		<src>
			The Garboesque Mr Abrahams, who compares his donations to his charitable giving, says he wished no public recognition for his benevolence.
		</src>
		<tgt system="rbmt3">
			Der Garboesque Mr Abrahams, der seine Spenden mit seinem wohlwollenden Geben vergleicht, sagt, dass er keine öffentliche Anerkennung für sein Wohlwollen wünschte.
		</tgt>
		<tgt system="liu">
			Die garboesque Herr Abrahams, der seine Spenden an seinen idealistischen vergleicht, sagt, er wünsche keine öffentliche Anerkennung für seine Wohlwollen.
		</tgt>
		<ref>
			?
		</ref>
	</judgedsentence>
	<judgedsentence id="1491" langsrc="en" langtgt="de" rank="0" src-length="48" src-long="1" src-short="0" src-toolong="0" testset="newstest2008">
		<src>
			Besides, there are other things that Mr Brown needs to do, such as finding a permanent chairman for the independent Committee on Standards in Public Life, which has been without one for six months, and pressing ahead with genuine reform of political-party funding.
		</src>
		<tgt system="rbmt3">
			Außerdem gibt es andere Dinge, die Hr. Brown machen muss, wie einen ständigen Vorsitzenden für den unabhängigen Ausschuss auf Standards in Öffentlichem Leben zu finden, das für sechs Monate ohne einen gewesen ist, und mit echter Reform von Politischparteifinanzierung weiterzumachen.
		</tgt>
		<tgt system="saar">
			Außerdem gibt es andere Dinge, die Herr Brown tun muss, wie zum Beispiel einen ständigen Vorsitzenden für den unabhängigen Ausschuss auf Standards im öffentlichen Leben, die für sechs Monate ohne einen echten und die Reform der Finanzierung.
		</tgt>
		<ref>
			?
		</ref>
	</judgedsentence>
	<judgedsentence id="1495" langsrc="en" langtgt="de" rank="-1" src-length="2" src-long="0" src-short="1" src-toolong="0" testset="newstest2008">
		<src>
			Card sharks
		</src>
		<tgt system="rbmt3">
			Karten-Haie
		</tgt>
		<tgt system="liu">
			Kartenhaie
		</tgt>
		<ref>
			?
		</ref>
	</judgedsentence>
	<judgedsentence id="1511" langsrc="en" langtgt="de" rank="1" src-length="32" src-long="1" src-short="0" src-toolong="0" testset="newstest2008">
		<src>
			Direct channels of infection between the subprime-mortgage crisis and the credit-card market certainly exist: consumers are likelier to load up on credit-card debt now that home-equity loans are drying up.
		</src>
		<tgt system="rbmt3">
			Direkte Kanäle von Infektion zwischen derunterprim-mortgagekrise und dem Kreditkartenmarkt existieren sicherlich: Verbraucher sind wahrscheinlicher, jetzt Auf Kreditkartenschuld zu beladen, dass Hausbilligkeitsdarlehen austrocknen.
		</tgt>
		<tgt system="liu">
			Direkte Kanäle der Infektion zwischen den subprime-mortgage Krise und der kreditkartenmarkt sicher gibt: die Verbraucher sind likelier zu laden, jetzt auf kreditkartenschulden, home-equity Darlehen austrocknen.
		</tgt>
		<ref>
			?
		</ref>
	</judgedsentence>
	<judgedsentence id="1511" langsrc="en" langtgt="de" rank="1" src-length="32" src-long="1" src-short="0" src-toolong="0" testset="newstest2008">
		<src>
			Direct channels of infection between the subprime-mortgage crisis and the credit-card market certainly exist: consumers are likelier to load up on credit-card debt now that home-equity loans are drying up.
		</src>
		<tgt system="rbmt3">
			Direkte Kanäle von Infektion zwischen derunterprim-mortgagekrise und dem Kreditkartenmarkt existieren sicherlich: Verbraucher sind wahrscheinlicher, jetzt Auf Kreditkartenschuld zu beladen, dass Hausbilligkeitsdarlehen austrocknen.
		</tgt>
		<tgt system="limsi">
			Direkte Kanäle, die zwischen der Krankheit, die Krise und subprime-mortgage gibt es zweifellos Führerscheins likelier: die Verbraucher über beträchtliche, jetzt, dass die Schulden Führerscheins home-equity Darlehen sind.
		</tgt>
		<ref>
			?
		</ref>
	</judgedsentence>
	<judgedsentence id="1537" langsrc="en" langtgt="de" rank="1" src-length="20" src-long="0" src-short="0" src-toolong="0" testset="newstest2008">
		<src>
			In January 2004, Fastow pleaded guilty to two counts of conspiracy for his role in Enron's collapse.
		</src>
		<tgt system="rbmt3">
			Im Januar 2004 bekannte sich Fastow schuldig zu zwei Grafen von Komplott für seine Rolle in Enrons Zusammenbruch.
		</tgt>
		<tgt system="uedin">
			Im Januar 2004 flehte Fastow schuldig zwei Anklagepunkten Verschwörung für seine Rolle in die Enron-Pleite.
		</tgt>
		<ref>
			?
		</ref>
	</judgedsentence>
	<judgedsentence id="1561" langsrc="en" langtgt="de" rank="1" src-length="42" src-long="1" src-short="0" src-toolong="0" testset="newstest2008">
		<src>
			Elsewhere in Moscow this week, a conference on the luxury industry has drawn Donatella Versace, Tom Ford and Bernard Arnault, the chairman of LVMH, to exchange ideas about how to sell high-priced goods to markets like Russia.
		</src>
		<tgt system="rbmt3">
			Anderswo in Moskau diese Woche, hat eine Konferenz auf der Luxusindustrie Donatella Versace, Tom Ford und Bernard Arnault, den Vorsitzenden von LVMH, gezeichnet um Ideen dabei auszutauschen wie hoch-ausgepreiste Güter Märkten wie Russland zu verkaufen.
		</tgt>
		<tgt system="liu">
			In dieser Woche in Moskau, eine Konferenz über die luxusindustrie donatella versace gezogen hat, Tom Ford und Bernard arnault, der Vorsitzende lvmh, zu einem Gedankenaustausch über priced waren zu verkaufen, wie Märkte wie Russland.
		</tgt>
		<ref>
			?
		</ref>
	</judgedsentence>
	<judgedsentence id="1611" langsrc="en" langtgt="de" rank="1" src-length="9" src-long="0" src-short="1" src-toolong="0" testset="newstest2008">
		<src>
			21 and found Ms. Arroyo on a sofa.
		</src>
		<tgt system="rbmt3">
			21 und gefundene Fr. Arroyo auf einem Sofa.
		</tgt>
		<tgt system="liu">
			21 und auf eine SOFA liegenden Arroyo gefunden.
		</tgt>
		<ref>
			?
		</ref>
	</judgedsentence>
	<judgedsentence id="1652" langsrc="en" langtgt="de" rank="1" src-length="41" src-long="1" src-short="0" src-toolong="0" testset="newstest2008">
		<src>
			There were many who did better last season, for example, than James Anderson, who looks certain to play in the first Test even if Stephen Harmison declares himself fit and bowls like the wind in the nets.
		</src>
		<tgt system="rbmt3">
			Es gab viele wer besser zuletzt zum Beispiel würzte als James Anderson, wer gewiss aussieht um im ersten Test zu spielen auch wenn Stephen Harmison sich für geeignet erklärt und wer wie der Wind in den Netzen kegelt.
		</tgt>
		<tgt system="liu">
			Es wurden viele, die besser letzten Saison, beispielsweise als James Anderson, die sich sicher im ersten Test zu spielen, auch wenn Stephen harmison selbst gesund und bowls erklärt, wie der Wind in den Netzen.
		</tgt>
		<ref>
			?
		</ref>
	</judgedsentence>
	<judgedsentence id="1661" langsrc="en" langtgt="de" rank="0" src-length="71" src-long="1" src-short="0" src-toolong="1" testset="newstest2008">
		<src>
			But Shah made only ten runs in his two innings in May against West Indies in the Test at Lord's, his home venue as a Middlesex player, and that, plus the immediate rejection by the selectors when Vaughan was fit to reclaim his place for the next match, seems to have taken from his batting some of the élan that was evident in Bombay.
		</src>
		<tgt system="rbmt3">
			Aber nur zehn Läufe in seinen zwei innings im Mai gegen Westindien im Test an Lord gemachter Schah, sein Hausgerichtsstand als ein Middlesex-Spieler, und der, plus die unmittelbare Ablehnung von den Auswählern wenn Vaughan gepasst wurde um seinen Platz für das nächste Spiel zurückzugewinnen, scheint zugenommen zu haben dass er etwas Elan schlägt dass klar in Bombay war.
		</tgt>
		<tgt system="limsi">
			Aber Schah nur zehn in seinen beiden innings im Mai gegen Antillen in den Test auf ', seine innere politische als middlesex Akteur, und dass, plus die sofortige Ablehnung durch die selectors, Wenn Vaughan war fit zu sein für die nächsten, ergriffen zu haben scheint, von seinem mit einigen der Elan, das war in Bombay.
		</tgt>
		<ref>
			?
		</ref>
	</judgedsentence>
	<judgedsentence id="1664" langsrc="en" langtgt="de" rank="-1" src-length="58" src-long="1" src-short="0" src-toolong="1" testset="newstest2008">
		<src>
			He suffered minor injuries and, presumably, shock, but the first thing that he did was to pull out his Vodafone (also sponsored, of course) and phone Alastair Cook, his teammate, who was watching from a distance, to say, with excitement: &quot;Did you see that?&quot;
		</src>
		<tgt system="rbmt3">
			Er erlitt kleinere Verletzungen und, vermutlich, Schock, aber das erste Ding, das er machte, war, sein Vodafone herauszuziehen (auch natürlich gesponsert) und Alastair Cook, seinem teammate, denjenigen am Telefonmitzu teilen, der von weitem wartete, um zu sagen, mit Erregung: &quot;Sahen Sie das&quot;?
		</tgt>
		<tgt system="liu">
			Er geringfügige Verletzungen erlitten, und vermutlich Schock, aber das erste, was er tat, war, seine Unternehmen Vodafone (auch natürlich) gesponsert und Telefon- alastair Cook, seine teammate sehen, die aus der Ferne, mit Spannung zu sagen: &quot;Sehen Sie, dass?&quot;
		</tgt>
		<ref>
			?
		</ref>
	</judgedsentence>
	<judgedsentence id="1709" langsrc="en" langtgt="de" rank="-1" src-length="15" src-long="0" src-short="0" src-toolong="0" testset="newstest2008">
		<src>
			Whether the students performence has improved substantially, future comparative surveys will show.
		</src>
		<tgt system="rbmt3">
			Ob das Studenten-Performence sich im Wesentlichen verbessert hat, werden sich künftige vergleichende Umfragen zeigen.
		</tgt>
		<tgt system="liu">
			Ob die Studenten  performence erheblich verbessert hat, künftige vergleichsumfragen zeigen wird.
		</tgt>
		<ref>
			?
		</ref>
	</judgedsentence>
	<judgedsentence id="1711" langsrc="en" langtgt="de" rank="1" src-length="16" src-long="0" src-short="0" src-toolong="0" testset="newstest2008">
		<src>
			Overall, Saarland did not improve as much as other German federal states, however.
		</src>
		<tgt system="rbmt3">
			Overall verbesserte Saarland allerdings so viel so andere deutsche Bundesländer nicht.
		</tgt>
		<tgt system="liu">
			Insgesamt Saarland nicht verbessern, so viel wie andere Bundesstaaten.
		</tgt>
		<ref>
			?
		</ref>
	</judgedsentence>
	<judgedsentence id="1748" langsrc="en" langtgt="de" rank="1" src-length="20" src-long="0" src-short="0" src-toolong="0" testset="newstest2008">
		<src>
			Venus may be a devilish twin of Earth, but a twin it is, Russel said.
		</src>
		<tgt system="rbmt3">
			Venus kann ein teuflischer Zwilling von Erde, aber ein Zwilling sein,der es ist, Russel sagte.
		</tgt>
		<tgt system="liu">
			 teuflische zwillingsvenus möglicherweise von der Welt, aber es ist eine doppelte  Russel gesagt hat.
		</tgt>
		<ref>
			?
		</ref>
	</judgedsentence>
	<judgedsentence id="1761" langsrc="en" langtgt="de" rank="-1" src-length="11" src-long="0" src-short="0" src-toolong="0" testset="newstest2008">
		<src>
			Köhler Defends Merkels Meeting with Dalai Lama
		</src>
		<tgt system="rbmt3">
			Köhler Defends Merkels-Sitzung mit Dalai Lama
		</tgt>
		<tgt system="uedin">
			Köhler Merkel  Defends Treffen mit dem Dalai Lama
		</tgt>
		<ref>
			?
		</ref>
	</judgedsentence>
	<judgedsentence id="1761" langsrc="en" langtgt="de" rank="1" src-length="11" src-long="0" src-short="0" src-toolong="0" testset="newstest2008">
		<src>
			Köhler Defends Merkels Meeting with Dalai Lama
		</src>
		<tgt system="rbmt3">
			Köhler Defends Merkels-Sitzung mit Dalai Lama
		</tgt>
		<tgt system="limsi">
			Köhler verteidigt merkels Treffen mit den Dalai Lama
		</tgt>
		<ref>
			?
		</ref>
	</judgedsentence>
	<judgedsentence id="1765" langsrc="en" langtgt="de" rank="0" src-length="28" src-long="1" src-short="0" src-toolong="0" testset="newstest2008">
		<src>
			We should not face the world as a nation that is divided on this issue, Köhler told the trade journal Handelsblatt.
		</src>
		<tgt system="rbmt3">
			Wir sollten nicht der Welt als eine Nation entgegensehen, die auf dieser Frage geteilt wird, Köhler sagte die Fachzeitschrift Handelsblatt.
		</tgt>
		<tgt system="limsi">
			We sollte nicht mit der Welt als eine Nation, die in dieser Frage unterschiedlicher Meinung ist,  Köhler vor dem Handel Journal  handelsblatt.
		</tgt>
		<ref>
			?
		</ref>
	</judgedsentence>
	<judgedsentence id="1811" langsrc="en" langtgt="de" rank="-1" src-length="26" src-long="1" src-short="0" src-toolong="0" testset="newstest2008">
		<src>
			According to an intial investigation by the Office of the District Attorney, the police were not to blame in the two youths deaths.
		</src>
		<tgt system="rbmt3">
			Entsprechend keiner Intial-Untersuchung vom Büro des Bezirksstaatsanwalts durfte die Polizei in den zwei Jugendtoden tadeln.
		</tgt>
		<tgt system="liu">
			Laut einer intial Untersuchung durch das Büro des Kreises Vollmachten, die Polizei nicht Schuld in den zwei Jugendliche  Tote.
		</tgt>
		<ref>
			?
		</ref>
	</judgedsentence>
	<judgedsentence id="1837" langsrc="en" langtgt="de" rank="1" src-length="16" src-long="0" src-short="0" src-toolong="0" testset="newstest2008">
		<src>
			The self-made 30-second videos submitted via Youtube by internet users contribute little more than cues.
		</src>
		<tgt system="rbmt3">
			Das hausgemachte 30-zweite eingereichte Videos über Youtube von Internet tragen Benutzer etwas mehr bei als Zeichen.
		</tgt>
		<tgt system="limsi">
			Der self-made über vorgelegt Videos 30 Sekunden youtube von Internetnutzer wenig dazu beitragen, mehr als Einsatzzeichen.
		</tgt>
		<ref>
			?
		</ref>
	</judgedsentence>
	<judgedsentence id="1872" langsrc="en" langtgt="de" rank="1" src-length="39" src-long="1" src-short="0" src-toolong="0" testset="newstest2008">
		<src>
			Although, it may be disclosed here: Specific inquiries uncovered that while the name was buzzing through collective pop memory, it was not so forcefully as to have this band being sorely missed for 32 years.
		</src>
		<tgt system="rbmt3">
			Obwohl, kann es hier bekannt gegeben werden: Bestimmte unbedeckte Anfragen, bezüglich derer es während der Name durch kollektives Popgedächtnis schwirrte, nicht so eindringlich war, haben dieses Band, das schmerzhaft für 32 Jahre versäumt wird.
		</tgt>
		<tgt system="liu">
			Obwohl es hier vielleicht offengelegt werden: spezifische Ermittlungen entdeckten, dass während der Name buzzing durch kollektiv- populären gedenken, es war nicht so stark, wie diese Gruppe seit 32 Jahren zu vermissen.
		</tgt>
		<ref>
			?
		</ref>
	</judgedsentence>
	<judgedsentence id="1897" langsrc="en" langtgt="de" rank="1" src-length="19" src-long="0" src-short="0" src-toolong="0" testset="newstest2008">
		<src>
			Rother ended up in the esoteric-spherical field and earned his livelihood with albums such as Flammende Herzen.
		</src>
		<tgt system="rbmt3">
			Rother endete im Esoterischkugelfeld und verdiente seinen Lebensunterhalt mit Alben wie Flammende Herzen.
		</tgt>
		<tgt system="liu">
			Rother endete im esoteric-spherical Bereich und seinen Lebensunterhalt mit albums verdient wie  flammende  Herzen.
		</tgt>
		<ref>
			?
		</ref>
	</judgedsentence>
	<judgedsentence id="1911" langsrc="en" langtgt="de" rank="1" src-length="14" src-long="0" src-short="0" src-toolong="0" testset="newstest2008">
		<src>
			In front of it all, the three veterans are once again improvising.
		</src>
		<tgt system="rbmt3">
			Vorn von ihm allem, improvisieren die drei Veteranen noch einmal.
		</tgt>
		<tgt system="liu">
			Vor allem drei Veteranen erneut improvising.
		</tgt>
		<ref>
			?
		</ref>
	</judgedsentence>
	<judgedsentence id="1911" langsrc="en" langtgt="de" rank="0" src-length="14" src-long="0" src-short="0" src-toolong="0" testset="newstest2008">
		<src>
			In front of it all, the three veterans are once again improvising.
		</src>
		<tgt system="rbmt3">
			Vorn von ihm allem, improvisieren die drei Veteranen noch einmal.
		</tgt>
		<tgt system="uedin">
			In den drei Veteranen wieder einmal improvising.
		</tgt>
		<ref>
			?
		</ref>
	</judgedsentence>
	<judgedsentence id="1912" langsrc="en" langtgt="de" rank="1" src-length="25" src-long="0" src-short="0" src-toolong="0" testset="newstest2008">
		<src>
			No longer by sticking microphones to organ and drums in order to get the instruments to produce unheard sounds via the self-made effects devices.
		</src>
		<tgt system="rbmt3">
			Nicht mehr indem Mikrofone zu Organ befestigend und trommelt in Ordnung um die Instrumente dazu zu bringen, ungehörte Klänge über den hausgemachten Wirkungsgeräten zu erzeugen.
		</tgt>
		<tgt system="limsi">
			Nicht mehr, indem man verführerischen Mikrophonen anvertraut drums Organ und, zu bekommen, um zu produzieren, die Instrumente, über die sich nie self-made Auswirkungen.
		</tgt>
		<ref>
			?
		</ref>
	</judgedsentence>
	<judgedsentence id="1925" langsrc="en" langtgt="de" rank="1" src-length="22" src-long="0" src-short="0" src-toolong="0" testset="newstest2008">
		<src>
			The Hunting Party and Mörderischer Frieden make two more films dealing with the Balkan War.
		</src>
		<tgt system="rbmt3">
			Die Jagd, die Partei und Mörderischer Frieden zu zwei weiteren mit dealenden Filmen machen, der Balkankrieg.
		</tgt>
		<tgt system="limsi">
			Die Jagd the mörderischer und party frieden zwei mehr Filme, die sich mit der Balkankrieg zu.
		</tgt>
		<ref>
			?
		</ref>
	</judgedsentence>
	<judgedsentence id="1978" langsrc="en" langtgt="de" rank="1" src-length="31" src-long="1" src-short="0" src-toolong="0" testset="newstest2008">
		<src>
			Its premature to spoil our odds by scrapping the plans at such an early stage, HSB President Günter Ploß said on Wednesday.
		</src>
		<tgt system="rbmt3">
			Sein voreilig unsere Wahrscheinlichkeiten zu verderben indem man die Pläne an solch einem Frühstadium fallen lässt, sagte HSB-Präsident Günter Ploß am Mittwoch.
		</tgt>
		<tgt system="liu">
			Die  verderben  es verfrüht, die Wahrscheinlichkeit durch das Abwracken der Pläne in einem so frühen Stadium,  hsb Präsident Günter ploß gesagt, am Mittwoch.
		</tgt>
		<ref>
			?
		</ref>
	</judgedsentence>
	<judgedsentence id="1997" langsrc="en" langtgt="de" rank="0" src-length="33" src-long="1" src-short="0" src-toolong="0" testset="newstest2008">
		<src>
			Simultaneously, Warhol apparently consented to the production of a small number of wooden Brillo Boxes in Sweden in 1968, which, however, were not exhibited at the Moderna Museet.
		</src>
		<tgt system="rbmt3">
			Gleichzeitig, willigte Warhol offenbar der Produktion einer kleinen Anzahl von hölzernem Brillo Boxes in Schweden 1968 ein, das allerdings nicht beim Moderna Museet gezeigt wurde.
		</tgt>
		<tgt system="liu">
			Gleichzeitig warhol offenbar zugestimmt, die Produktion von einer kleinen Zahl von Holz- brillo Kartons in Schweden im Jahre 1968, die jedoch nicht auf der moderna museet bewiesen.
		</tgt>
		<ref>
			?
		</ref>
	</judgedsentence>
	<judgedsentence id="2011" langsrc="en" langtgt="de" rank="-1" src-length="12" src-long="0" src-short="0" src-toolong="0" testset="newstest2008">
		<src>
			Earlier, government troops had stormed the hotel using tear gas.
		</src>
		<tgt system="rbmt3">
			Früher hatten Regierungstruppen das Hotelbenützungstränengas gestürmt.
		</tgt>
		<tgt system="limsi">
			Früher, Regierungstruppen hatte in das Hotel mit Tränengas.
		</tgt>
		<ref>
			?
		</ref>
	</judgedsentence>
	<judgedsentence id="2013" langsrc="en" langtgt="de" rank="1" src-length="23" src-long="0" src-short="0" src-toolong="0" testset="newstest2008">
		<src>
			On Thursday, around half of them had faced a court of law for a failed coup in 2003, including Trillanes.
		</src>
		<tgt system="rbmt3">
			Am Donnerstag hatte herum Hälfte von ihnen einem Gericht für einen versagten Coup 2003, einschließlich Trillanes, entgegengesehen.
		</tgt>
		<tgt system="limsi">
			Am Donnerstag, etwa die Hälfte von ihnen hatten vor einem Gericht für einen gescheiterten Putsch in 2003, einschließlich Trillanes.
		</tgt>
		<ref>
			?
		</ref>
	</judgedsentence>
	<judgedsentence id="7" langsrc="en" langtgt="es" rank="1" src-length="21" src-long="0" src-short="0" src-toolong="0" testset="test2008">
		<src>
			She also made an extremely worthwhile suggestion concerning the link between the Charter and discussions over a future Article 7.
		</src>
		<tgt system="rbmt3">
			También hacía una sugerencia sumamente factible acerca del enlace entre la Carta y las discusiones sobre un Artículo futuro 7.
		</tgt>
		<tgt system="saar">
			También ha hecho un muy digna de consideración acerca de la relación entre la carta y las discusiones sobre el futuro del artículo 7.
		</tgt>
		<ref>
			?
		</ref>
	</judgedsentence>
	<judgedsentence id="107" langsrc="en" langtgt="es" rank="1" src-length="60" src-long="1" src-short="0" src-toolong="1" testset="test2008">
		<src>
			After two horrific world wars and fifty years of Communist oppression and dictatorship when - in the name of an oppressive class struggle - democracy, religious freedom, the environment and our Christian and universal dignity as human beings were trampled on, it is now finally time to unite our continent and our part of the world.
		</src>
		<tgt system="rbmt3">
			Después de dos guerras mundiales horribles y cincuenta años de Comunista opresión y dictadura cuando - en nombre de una lucha de clases opresiva - democracia, la libertad religiosa, el ambiente y nuestra dignidad cristiana y universal como seres humanos eran pisoteados encima, es ahora finalmente tiempo de unir nuestro continente y nuestra parte del mundo.
		</tgt>
		<tgt system="saar">
			Después de dos guerras mundiales y cincuenta años de opresión comunista y dictadura cuando, en nombre de una lucha de clases opresiva, la democracia, la libertad religiosa, el medio ambiente y nuestra dignidad cristiana y universal como seres humanos fueron pisoteados, es ahora finalmente el tiempo de unificación de nuestro continente y nuestra parte del mundo.
		</tgt>
		<ref>
			?
		</ref>
	</judgedsentence>
	<judgedsentence id="285" langsrc="en" langtgt="es" rank="1" src-length="17" src-long="0" src-short="0" src-toolong="0" testset="test2008">
		<src>
			The present report, however, puts forward an exaggerated interpretation of the principle of equality.
		</src>
		<tgt system="rbmt3">
			El informe actual, sin embargo, presenta una interpretación exagerada del principio de igualdad.
		</tgt>
		<tgt system="uedin">
			El presente informe, sin embargo, hace una interpretación exagerada del principio de igualdad.
		</tgt>
		<ref>
			?
		</ref>
	</judgedsentence>
	<judgedsentence id="319" langsrc="en" langtgt="es" rank="1" src-length="31" src-long="1" src-short="0" src-toolong="0" testset="test2008">
		<src>
			I will be working closely at national European level to ensure that EU governments implement the necessary legislation to put in place the necessary protective mechanisms which I have addressed.
		</src>
		<tgt system="rbmt3">
			Estaré trabajando estrechamente a nivel europeo nacional para asegurar que los gobiernos de UE implementan la legislación necesaria para poner en su lugar los mecanismos proteccionistas necesarios que he dirigido.
		</tgt>
		<tgt system="limsi">
			Estaré trabajando estrechamente nacionales a nivel europeo para garantizar que los Gobiernos de la UE aplicar la legislación necesaria para poner en marcha los mecanismos de protección, que he abordado.
		</tgt>
		<ref>
			?
		</ref>
	</judgedsentence>
	<judgedsentence id="440" langsrc="en" langtgt="es" rank="-1" src-length="40" src-long="1" src-short="0" src-toolong="0" testset="test2008">
		<src>
			If the European Treaty accepted at Nice completely dilutes the influence and representation of smaller Member States, it is going to be very difficult to sell it and secure approval for it in referendums in these three countries.
		</src>
		<tgt system="rbmt3">
			Si el Tratado europeo aceptado en Niza completamente se diluye la influencia y representación de Estados Miembros más pequeños, va a ser muy difícil venderlo y asegurar aprobación para ello en referéndums en estos tres países.
		</tgt>
		<tgt system="limsi">
			Si el Tratado Europeo aceptado en Niza totalmente diluye la influencia y la representación de los Estados miembros más pequeños, va a ser muy difícil de vender y asegurar la aprobación en referendos en estos tres países.
		</tgt>
		<ref>
			?
		</ref>
	</judgedsentence>
	<judgedsentence id="457" langsrc="en" langtgt="es" rank="1" src-length="54" src-long="1" src-short="0" src-toolong="1" testset="test2008">
		<src>
			I could confine myself to thanking Mr Duhamel, and to simply pointing out that his text contains a quite unwarranted attack on President Prodi - his were, of course, humorous comments - or even observing that he has not said exactly how he wants this constitution to be arrived at.
		</src>
		<tgt system="rbmt3">
			Me podría confinar en el Sr. que agradecía Duhamel, y en sencillamente indicar que su texto contiene un ataque bastante sin justificación en el Presidente Prodi - su era, por supuesto, comentarios humorísticos - o incluso observando que no ha dicho exactamente cómo quiere esta constitución para ser llegado en.
		</tgt>
		<tgt system="limsi">
			Podría limitarme a dar las gracias al sr. Duhamel, y simplemente señalar que su texto contiene un ataque bastante gratuito al Presidente Prodi, su fueron, naturalmente, humorísticas comentarios - o incluso la observación de que no ha dicho exactamente cómo quiere esta Constitución se ha llegado.
		</tgt>
		<ref>
			?
		</ref>
	</judgedsentence>
	<judgedsentence id="507" langsrc="en" langtgt="es" rank="1" src-length="34" src-long="1" src-short="0" src-toolong="0" testset="test2008">
		<src>
			We have criticised the shortcomings and the marginal role of the Commission in the policy of control and observation and we therefore believe that this policy must be supported with an increased budget.
		</src>
		<tgt system="rbmt3">
			Hemos criticado los defectos y el papel marginal de la Comisión en la política de control y observación y por lo tanto creemos que esta política se debe respaldar con un presupuesto aumentado.
		</tgt>
		<tgt system="uedin">
			Hemos criticado las deficiencias y el papel marginal de la Comisión en la política de control y de observación y por lo tanto, creemos que esta política debe ser apoyado mediante un aumento del presupuesto.
		</tgt>
		<ref>
			?
		</ref>
	</judgedsentence>
	<judgedsentence id="507" langsrc="en" langtgt="es" rank="0" src-length="34" src-long="1" src-short="0" src-toolong="0" testset="test2008">
		<src>
			We have criticised the shortcomings and the marginal role of the Commission in the policy of control and observation and we therefore believe that this policy must be supported with an increased budget.
		</src>
		<tgt system="rbmt3">
			Hemos criticado los defectos y el papel marginal de la Comisión en la política de control y observación y por lo tanto creemos que esta política se debe respaldar con un presupuesto aumentado.
		</tgt>
		<tgt system="saar">
			Hemos criticado las deficiencias y el papel marginal de la Comisión en la política de control y observación y, por lo tanto, creemos que esta política debe ser apoyada con un aumento del presupuesto.
		</tgt>
		<ref>
			?
		</ref>
	</judgedsentence>
	<judgedsentence id="595" langsrc="en" langtgt="es" rank="0" src-length="34" src-long="1" src-short="0" src-toolong="0" testset="test2008">
		<src>
			Mr President, Commissioner, ladies and gentlemen, as rapporteur, Mr Bowis has produced an excellent report, and in many areas I would like to reinforce what he has said.
		</src>
		<tgt system="rbmt3">
			Sr. Presidente, Comisario, señoras y señores, como rapporteur, el Sr. Bowis ha producido un informe excelente, y en muchas áreas me gustaría reforzar lo que ha dicho.
		</tgt>
		<tgt system="saar">
			Señor Presidente, señor Comisario, estimadas y estimados colegas, como ponente, el señor Bowis ha elaborado un informe excelente, y en muchos aspectos a los que me gustaría reforzar lo que ha dicho.
		</tgt>
		<ref>
			?
		</ref>
	</judgedsentence>
	<judgedsentence id="723" langsrc="en" langtgt="es" rank="1" src-length="25" src-long="0" src-short="0" src-toolong="0" testset="test2008">
		<src>
			Mr President, the conclusions of the European Council at Tampere called for firmer external action in the area of legal and internal affairs.
		</src>
		<tgt system="rbmt3">
			Sr. Presidente, las conclusiones del Consejo europeo en Tampere llamado para acción externa más firme en el área de asuntos legales e internos.
		</tgt>
		<tgt system="limsi">
			Señor Presidente, las conclusiones del Consejo Europeo de Tampere pidió más firme acción exterior en el ámbito de la justicia y los asuntos de interior.
		</tgt>
		<ref>
			?
		</ref>
	</judgedsentence>
	<judgedsentence id="757" langsrc="en" langtgt="es" rank="-1" src-length="33" src-long="1" src-short="0" src-toolong="0" testset="test2008">
		<src>
			Mr President, politicians often have the difficult task of telling constituents that no matter how heartfelt their grievance, or how strong its moral base, there is no legal remedy.
		</src>
		<tgt system="rbmt3">
			Sr. Presidente, los políticos a menudo tienen la tarea difícil de componentes eficaces que no importa cuán sincero su queja, o cómo fuerte su base moral, no hay ningún recurso legal.
		</tgt>
		<tgt system="saar">
			Señor Presidente, los políticos tienen la difícil tarea de decir componentes que no importa cómo sentido su queja, o como fuerte su base moral, no hay remedio legal.
		</tgt>
		<ref>
			?
		</ref>
	</judgedsentence>
	<judgedsentence id="807" langsrc="en" langtgt="es" rank="-1" src-length="37" src-long="1" src-short="0" src-toolong="0" testset="test2008">
		<src>
			I should like on behalf of our group to offer express thanks not only to all the members of our group but, most of all, to Vice-President Ingo Friedrich, who coordinated our work.
		</src>
		<tgt system="rbmt3">
			Me debería gustar en nombre de nuestro grupo ofrecerles gracias expresas no solamente a todos los miembros de nuestro grupo pero, sobre todo, a Vice-President Ingo Friedrich, que coordinaba nuestro trabajo.
		</tgt>
		<tgt system="limsi">
			Quisiera, en nombre de nuestro Grupo para ofrecer expresar agradecimiento, no solo a todos los diputados de nuestro Grupo, sino, sobre todo, al Vicepresidente Ingo Friedrich, que coordinar nuestra labor.
		</tgt>
		<ref>
			?
		</ref>
	</judgedsentence>
	<judgedsentence id="828" langsrc="en" langtgt="es" rank="0" src-length="17" src-long="0" src-short="0" src-toolong="0" testset="test2008">
		<src>
			For a start, they must incorporate an amendment to Article 6 of the EU Treaty.
		</src>
		<tgt system="rbmt3">
			Para empezar, deben incorporar una modificación al Artículo 6 delTratado de UE.
		</tgt>
		<tgt system="limsi">
			Para empezar, deben incluir una enmienda al artículo 6 del Tratado de la UE.
		</tgt>
		<ref>
			?
		</ref>
	</judgedsentence>
	<judgedsentence id="857" langsrc="en" langtgt="es" rank="-1" src-length="36" src-long="1" src-short="0" src-toolong="0" testset="test2008">
		<src>
			Of greatest concern is Article 52, which provides for the rights referred to elsewhere in the document to be set aside where they conflict with the &quot;general interest recognised by the Union&quot;.
		</src>
		<tgt system="rbmt3">
			De mayor asunto es Artículo 52, que prevé los derechos atribuidos a en otro sitio en el documento que se apartar donde contradicen el &quot;interés general reconocido por la Unión&quot;.
		</tgt>
		<tgt system="limsi">
			De mayor preocupación es el artículo 52, que prevé que los derechos se ha referido a otros lugares en el documento que se reserve en conflicto con la « interés general reconocido por parte de la Unión ».
		</tgt>
		<ref>
			?
		</ref>
	</judgedsentence>
	<judgedsentence id="895" langsrc="en" langtgt="es" rank="-1" src-length="33" src-long="1" src-short="0" src-toolong="0" testset="test2008">
		<src>
			With these conditions in place, it should be possible for the special council in Marseilles to reach a consensus which does more than just highlight the fault lines in the EU.
		</src>
		<tgt system="rbmt3">
			Con estas condiciones en su lugar, debería ser posible que el consejo especial en Marseilles alcanzara un consenso que hace más que sólo las líneas de error a momento culminante en la UE.
		</tgt>
		<tgt system="limsi">
			Con estas condiciones, debería ser posible que el Consejo especial en Marsella para llegar a un consenso que no hace más que poner de relieve las fallas en la UE.
		</tgt>
		<ref>
			?
		</ref>
	</judgedsentence>
	<judgedsentence id="950" langsrc="en" langtgt="es" rank="1" src-length="17" src-long="0" src-short="0" src-toolong="0" testset="test2008">
		<src>
			Accordingly, the Commission has proposed incorporating a new tool into the COM: regulatory funds.
		</src>
		<tgt system="rbmt3">
			En consecuencia, la Comisión ha propuesto incorporando una herramienta nueva al COM: fondos legales.
		</tgt>
		<tgt system="saar">
			Por consiguiente, la Comisión ha propuesto la incorporación de un nuevo instrumento en la OCM: fondos legales.
		</tgt>
		<ref>
			?
		</ref>
	</judgedsentence>
	<judgedsentence id="957" langsrc="en" langtgt="es" rank="-1" src-length="34" src-long="1" src-short="0" src-toolong="0" testset="test2008">
		<src>
			Mr President, the really positive thing about this debate is that we are getting a very clear idea of what can be regulated within the common agricultural policy and what cannot.
		</src>
		<tgt system="rbmt3">
			Sr. Presidente, la cosa realmente positiva sobre este debate es que estamos consiguiendo una idea muy clara de lo que se puede regular dentro de la política agraria común y qué puede no.
		</tgt>
		<tgt system="limsi">
			Señor Presidente, el gran mérito de este debate es que tenemos una idea muy clara de lo que se puede regular dentro de la política agrícola común y lo que no.
		</tgt>
		<ref>
			?
		</ref>
	</judgedsentence>
	<judgedsentence id="1020" langsrc="en" langtgt="es" rank="0" src-length="24" src-long="0" src-short="0" src-toolong="0" testset="test2008">
		<src>
			Mr President, as you are aware, the news is spreading throughout the world of fish that I am promoting their cause.
		</src>
		<tgt system="rbmt3">
			Sr. Presidente, como es consciente, las noticias están extendiendo por todo el mundo de pescado que estoy ascendiendo su causa.
		</tgt>
		<tgt system="limsi">
			Señor Presidente, como usted sabe, las noticias que se está extendiendo en el mundo de los peces que estoy proponiendo su causa.
		</tgt>
		<ref>
			?
		</ref>
	</judgedsentence>
	<judgedsentence id="1049" langsrc="en" langtgt="es" rank="-1" src-length="23" src-long="0" src-short="0" src-toolong="0" testset="test2008">
		<src>
			In the case of Finland, the national debt is already much lower than this target and is falling all the time.
		</src>
		<tgt system="rbmt3">
			En el caso de Finlandia, la deuda pública es ya mucho más baja que esta meta y está bajando todo el tiempo.
		</tgt>
		<tgt system="limsi">
			En el caso de Finlandia, la deuda nacional ya está muy por debajo de ese objetivo y que está cayendo en todo momento.
		</tgt>
		<ref>
			?
		</ref>
	</judgedsentence>
	<judgedsentence id="1054" langsrc="en" langtgt="es" rank="-1" src-length="31" src-long="1" src-short="0" src-toolong="0" testset="test2008">
		<src>
			This meeting will compare experiences and approaches with regard to the test programme, the ban on animal meal and other measures that might be reinforced at a European level.
		</src>
		<tgt system="rbmt3">
			Esta reunión comparará experiencias y se acerca con respecto al programa de prueba, la prohibición de comida animal y otras medidas que se podrían reforzar a un nivel europeo.
		</tgt>
		<tgt system="saar">
			Esta reunión comparará experiencias y enfoques con respecto al programa de la prueba, la prohibición de las harinas animales y otras medidas que podría ser reforzado a escala europea.
		</tgt>
		<ref>
			?
		</ref>
	</judgedsentence>
	<judgedsentence id="1079" langsrc="en" langtgt="es" rank="-1" src-length="13" src-long="0" src-short="0" src-toolong="0" testset="test2008">
		<src>
			Parliament has voted half the budget to be spent on encouraging production.
		</src>
		<tgt system="rbmt3">
			El parlamento ha votado la mitad del presupuesto que se dedicar aproducción alentadora.
		</tgt>
		<tgt system="limsi">
			El Parlamento ha votado la mitad del presupuesto que se gasta en el fomento de la producción.
		</tgt>
		<ref>
			?
		</ref>
	</judgedsentence>
	<judgedsentence id="1135" langsrc="en" langtgt="es" rank="-1" src-length="43" src-long="1" src-short="0" src-toolong="0" testset="test2008">
		<src>
			So I think both sources of funding should be considered, with a view to carrying out a comprehensive study of the issue and to finding out what kind of initiatives people are trying to get off the ground in particular countries.
		</src>
		<tgt system="rbmt3">
			Así creo que las dos fuentes de financiación se deberían considerar, con miras a realizar un estudio completo de la cuestión y a descubrir qué está intentando algo la gente de iniciativas llevar fuera del suelo en países particulares.
		</tgt>
		<tgt system="limsi">
			Por lo tanto, me parece que ambos fuentes de financiación, con objeto de llevar a cabo un estudio exhaustivo de la cuestión y qué tipo de iniciativas personas están intentando despegar en determinados países.
		</tgt>
		<ref>
			?
		</ref>
	</judgedsentence>
	<judgedsentence id="1198" langsrc="en" langtgt="es" rank="-1" src-length="58" src-long="1" src-short="0" src-toolong="1" testset="test2008">
		<src>
			This is one of those questions on which we all feel practically the same, not only in this House but also amongst those many Members who, as result of our own origins, view with great sympathy the processes of cooperation and consolidation of the institutions in countries which we consider to be our own.
		</src>
		<tgt system="rbmt3">
			Esto es una de esas cuestiones en las cuales todos nosotros sentimos prácticamente igual, no solamente en esta Casa sino también entre esos muchos Miembros que, como resultado de nuestros propios orígenes, ven con la gran compasión los procesos de cooperación y consolidación de las instituciones en países que consideramos que son nuestras propias.
		</tgt>
		<tgt system="saar">
			Esta es una de esas cuestiones en las que todos nosotros nos sentimos prácticamente el mismo, no solo en esta Cámara, sino también entre los muchos diputados que, como resultado de nuestros orígenes, ve con gran simpatía los procesos de la cooperación y la consolidación de las instituciones en los países que consideramos que son los nuestros.
		</tgt>
		<ref>
			?
		</ref>
	</judgedsentence>
	<judgedsentence id="1274" langsrc="en" langtgt="es" rank="-1" src-length="10" src-long="0" src-short="0" src-toolong="0" testset="test2008">
		<src>
			I agree that Irish trucks have a special case.
		</src>
		<tgt system="rbmt3">
			Acepto que los camiones irlandeses tienen un caso especial.
		</tgt>
		<tgt system="limsi">
			Estoy de acuerdo en que camiones irlandeses tienen un caso especial.
		</tgt>
		<ref>
			?
		</ref>
	</judgedsentence>
	<judgedsentence id="1307" langsrc="en" langtgt="es" rank="0" src-length="21" src-long="0" src-short="0" src-toolong="0" testset="test2008">
		<src>
			It is extremely sad that a situation has developed where large and small countries have come to take opposite sides.
		</src>
		<tgt system="rbmt3">
			Es sumamente triste de que una situación se ha desarrollado donde los países grandes y pequeños han venido a llevar en frente de lados.
		</tgt>
		<tgt system="saar">
			Es muy triste que la situación se ha desarrollado en los países grandes y los pequeños, han llegado a tomar lados opuestos.
		</tgt>
		<ref>
			?
		</ref>
	</judgedsentence>
	<judgedsentence id="1307" langsrc="en" langtgt="es" rank="0" src-length="21" src-long="0" src-short="0" src-toolong="0" testset="test2008">
		<src>
			It is extremely sad that a situation has developed where large and small countries have come to take opposite sides.
		</src>
		<tgt system="rbmt3">
			Es sumamente triste de que una situación se ha desarrollado donde los países grandes y pequeños han venido a llevar en frente de lados.
		</tgt>
		<tgt system="uedin">
			Es muy triste que la situación ha evolucionado en los países grandes y los pequeños, han llegado a ambos lados.
		</tgt>
		<ref>
			?
		</ref>
	</judgedsentence>
	<judgedsentence id="1357" langsrc="en" langtgt="es" rank="1" src-length="53" src-long="1" src-short="0" src-toolong="1" testset="test2008">
		<src>
			I realise, Minister, that you are sceptical and that you have just said 'No' again, as you did in Paris on a previous occasion, but this Parliament still believes in these principles, irrespective of party allegiance, and we shall go on campaigning for their acceptance.
		</src>
		<tgt system="rbmt3">
			Me doy cuenta, Ministro, que es escéptico y que no ha dicho sólo 'No' otra vez, como se cargaba a París en una ocasión anterior, pero este Parlamento todavía cree en estos principios, sin tener en cuenta fidelidad de fiesta, y seguiremos haciendo campaña a favor de su aceptación.
		</tgt>
		<tgt system="limsi">
			Entiendo, sr. Ministro, que son escépticos y que usted acaba de decir « no » una vez más, como hizo usted en París en una ocasión anterior, pero este Parlamento cree en estos principios, independientemente de su adscripción de partido, y seguiremos batallando para su aceptación.
		</tgt>
		<ref>
			?
		</ref>
	</judgedsentence>
	<judgedsentence id="1409" langsrc="en" langtgt="es" rank="1" src-length="13" src-long="0" src-short="0" src-toolong="0" testset="test2008">
		<src>
			The cooperation includes exchange of information and mapping of munitions dump sites.
		</src>
		<tgt system="rbmt3">
			La cooperación incluye intercambio de información y representación de lugares de vertedero de municiones.
		</tgt>
		<tgt system="saar">
			La cooperación incluye el intercambio de información y la cartografía de sitios de polvorín.
		</tgt>
		<ref>
			?
		</ref>
	</judgedsentence>
	<judgedsentence id="1457" langsrc="en" langtgt="es" rank="1" src-length="15" src-long="0" src-short="0" src-toolong="0" testset="test2008">
		<src>
			Our debates within this Chamber increasingly resemble a series of monologues than real exchanges.
		</src>
		<tgt system="rbmt3">
			Nuestros debates dentro de esta Cámara cada vez más se parecen a una serie de monólogos que intercambios reales.
		</tgt>
		<tgt system="saar">
			Nuestros debates en esta Cámara se parecen cada vez más a una serie de monólogos que verdaderos cambios.
		</tgt>
		<ref>
			?
		</ref>
	</judgedsentence>
	<judgedsentence id="1457" langsrc="en" langtgt="es" rank="-1" src-length="15" src-long="0" src-short="0" src-toolong="0" testset="test2008">
		<src>
			Our debates within this Chamber increasingly resemble a series of monologues than real exchanges.
		</src>
		<tgt system="rbmt3">
			Nuestros debates dentro de esta Cámara cada vez más se parecen a una serie de monólogos que intercambios reales.
		</tgt>
		<tgt system="uedin">
			Nuestros debates en esta Cámara parezca cada vez más a una serie de monólogos que real de los intercambios.
		</tgt>
		<ref>
			?
		</ref>
	</judgedsentence>
	<judgedsentence id="1481" langsrc="en" langtgt="es" rank="-1" src-length="28" src-long="1" src-short="0" src-toolong="0" testset="test2008">
		<src>
			We believe that this report needs further consideration, which is why we would ask to be able to discuss it and vote on it in January.
		</src>
		<tgt system="rbmt3">
			Creemos que este informe necesita consideración más lejana, que es por qué pediríamos ser capaces de discutirlo y votar sobre ello en enero.
		</tgt>
		<tgt system="uedin">
			Creemos que este informe tiene una mayor consideración, que es la razón por la que le pido que podamos debatir y votar en enero.
		</tgt>
		<ref>
			?
		</ref>
	</judgedsentence>
	<judgedsentence id="1507" langsrc="en" langtgt="es" rank="1" src-length="35" src-long="1" src-short="0" src-toolong="0" testset="test2008">
		<src>
			The proposal that has now been made is, in the opinion of our group, a good one, and our group supports it, and no more amendments to it are needed.
		</src>
		<tgt system="rbmt3">
			La propuesta que se ha hecho ahora está, en la opinión de nuestro grupo, uno buen, y nuestro grupo lo respalda, y ninguna modificación más a ello se necesita.
		</tgt>
		<tgt system="limsi">
			La propuesta que ahora se ha hecho es, en opinión de nuestro Grupo, una buena, y nuestro Grupo la apoya, y no más enmiendas son necesarias.
		</tgt>
		<ref>
			?
		</ref>
	</judgedsentence>
	<judgedsentence id="1509" langsrc="en" langtgt="es" rank="-1" src-length="31" src-long="1" src-short="0" src-toolong="0" testset="test2008">
		<src>
			As regards the amendments tabled, the Commission can agree to Amendments Nos 3 and 4 since they aim at making the system more transparent and emphasise the precautionary principle.
		</src>
		<tgt system="rbmt3">
			En cuanto a las modificaciones presentadas, la Comisión puede aceptar a Amendments Nos 3 y 4 desde que aspiran a hacer más transparente el sistema y enfatizar el principio preventivo.
		</tgt>
		<tgt system="limsi">
			En cuanto a las enmiendas presentadas, la Comisión puede aceptar las enmiendas 3 y 4, puesto que el objetivo de hacer que el sistema sea más transparente y más hincapié en el principio de cautela.
		</tgt>
		<ref>
			?
		</ref>
	</judgedsentence>
	<judgedsentence id="1528" langsrc="en" langtgt="es" rank="-1" src-length="25" src-long="0" src-short="0" src-toolong="0" testset="test2008">
		<src>
			Several amendments refer to the official languages of the European Union, foreseeing the right of victims to communicate in one of these languages.
		</src>
		<tgt system="rbmt3">
			Varias modificaciones se refieren a las lenguas oficiales de la Unión Europea, previendo la derecha de víctimas para comunicarse en una de estas lenguas.
		</tgt>
		<tgt system="limsi">
			Varias enmiendas se refieren a las lenguas oficiales de la Unión Europea, que prevén el derecho de las víctimas a comunicarse en una de estas lenguas.
		</tgt>
		<ref>
			?
		</ref>
	</judgedsentence>
	<judgedsentence id="1695" langsrc="en" langtgt="es" rank="-1" src-length="43" src-long="1" src-short="0" src-toolong="0" testset="test2008">
		<src>
			It seems to me an impossible state of affairs when we are debating a very important subject and amendments have come in late, together with those that went to committee, and we do not have them in our mother tongue.
		</src>
		<tgt system="rbmt3">
			Me parece un estado imposible de asuntos cuándo estamos discutiendo un tema muy importante y las modificaciones han resultado últimas, juntamente con esos eso iba a comité, y no los tenemos en nuestra lengua materna.
		</tgt>
		<tgt system="limsi">
			Me parece imposible cuando estamos debatiendo un tema muy importante y enmiendas han llegado tarde, junto con los que acudieron a la Comisión, y no tenemos en nuestra lengua materna.
		</tgt>
		<ref>
			?
		</ref>
	</judgedsentence>
	<judgedsentence id="1841" langsrc="en" langtgt="es" rank="-1" src-length="38" src-long="1" src-short="0" src-toolong="0" testset="test2008">
		<src>
			I therefore agree with the rapporteur, Mr De Roo, when he proposes that we should waste no more time and transform this directive on the assessment and management of noise into a binding framework directive.
		</src>
		<tgt system="rbmt3">
			Por lo tanto estoy de acuerdo con el rapporteur, Sr. De Roo, cuándo propone que no deberíamos perder tiempo más y transformo esta directiva sobre la evaluación y gestión de ruido en una directiva de marco vinculante.
		</tgt>
		<tgt system="saar">
			Por lo tanto, estoy de acuerdo con el ponente, Sr. de Roo, cuando propone que no deberíamos perder más tiempo y transformar esta directiva sobre la evaluación y gestión del ruido en una directiva marco vinculante.
		</tgt>
		<ref>
			?
		</ref>
	</judgedsentence>
	<judgedsentence id="1857" langsrc="en" langtgt="es" rank="-1" src-length="41" src-long="1" src-short="0" src-toolong="0" testset="test2008">
		<src>
			The appropriations would be mainly allocated to networks of towns and cities organised at European level and in order to support their activities in the field of development and the dissemination of good practices where sustainable urban development is concerned.
		</src>
		<tgt system="rbmt3">
			Las apropiaciones se asignarían principalmente a redes de ciudades y ciudades organizadas a nivel europeo y en orden para respaldar sus actividades en el campo de desarrollo y la difusión de buenas prácticas donde se concierne desarrollo urbano sostenible.
		</tgt>
		<tgt system="limsi">
			Los créditos sería principalmente asignados a las redes de las ciudades y organizados a escala europea y para apoyar sus actividades en el ámbito del desarrollo y de la difusión de buenas prácticas en el desarrollo urbano sostenible.
		</tgt>
		<ref>
			?
		</ref>
	</judgedsentence>
	<judgedsentence id="1915" langsrc="en" langtgt="es" rank="-1" src-length="18" src-long="0" src-short="0" src-toolong="0" testset="test2008">
		<src>
			I understand your wish to maintain direct links between the European Union and regional and local players.
		</src>
		<tgt system="rbmt3">
			Creo su deseo mantener enlaces directos entre la Unión Europea y los jugadores regionales y locales.
		</tgt>
		<tgt system="limsi">
			Comprendo su deseo de mantener vínculos directos entre la Unión Europea y los agentes regionales y locales.
		</tgt>
		<ref>
			?
		</ref>
	</judgedsentence>
	<judgedsentence id="1918" langsrc="en" langtgt="es" rank="1" src-length="13" src-long="0" src-short="0" src-toolong="0" testset="test2008">
		<src>
			Other countries - Japan for one - are also suffering from this.
		</src>
		<tgt system="rbmt3">
			Otros países - Japón para uno - están padeciendo también esto.
		</tgt>
		<tgt system="saar">
			Otros países, como Japón por un - sufren también de esto.
		</tgt>
		<ref>
			?
		</ref>
	</judgedsentence>
	<judgedsentence id="1954" langsrc="en" langtgt="es" rank="-1" src-length="17" src-long="0" src-short="0" src-toolong="0" testset="test2008">
		<src>
			We regret that the other political groups were not willing to do so on this occasion.
		</src>
		<tgt system="rbmt3">
			Lamentamos que los otros grupos políticos no estaban deseosos de hacer eso en esta ocasión.
		</tgt>
		<tgt system="uedin">
			Lamentamos que los demás Grupos políticos no han querido hacerlo en esta ocasión.
		</tgt>
		<ref>
			?
		</ref>
	</judgedsentence>
	<judgedsentence id="1964" langsrc="en" langtgt="es" rank="-1" src-length="14" src-long="0" src-short="0" src-toolong="0" testset="test2008">
		<src>
			The next item is the joint debate on the following motions for resolutions.
		</src>
		<tgt system="rbmt3">
			El siguiente elemento es el debate conjunto sobre las mocionessiguientes a favor de resoluciones.
		</tgt>
		<tgt system="saar">
			El siguiente punto es el debate conjunto sobre las siguientes propuestas de resolución:
		</tgt>
		<ref>
			?
		</ref>
	</judgedsentence>
	<judgedsentence id="13" langsrc="en" langtgt="es" rank="-1" src-length="31" src-long="1" src-short="0" src-toolong="0" testset="newstest2008">
		<src>
			Analysts see the 12-month inflation rate as holding steady at about 3 percent over the next 3-4 months, but say that the annual average rate will be 2.1 percent.
		</src>
		<tgt system="rbmt3">
			Los analistas ven el ritmo de inflación de 12 meses como luneta de holding a aproximadamente 3 por ciento a lo largo de los próximos 3-4 meses, pero dicen que el rendimiento medio anual será 2.1 por ciento.
		</tgt>
		<tgt system="uedin">
			Los analistas de 12 meses, la tasa de inflación conservar estable en unos 3 por ciento durante los próximos tres o cuatro meses, sino decir que la tasa media anual será del 2, 1%.
		</tgt>
		<ref>
			?
		</ref>
	</judgedsentence>
	<judgedsentence id="63" langsrc="en" langtgt="es" rank="1" src-length="38" src-long="1" src-short="0" src-toolong="0" testset="newstest2008">
		<src>
			However, to our knowledge, turnover is lower in the rural areas. Several of the multis have been complaining to pollsters that their inflow has been below the anticipated level in both groceries and durable consumers.
		</src>
		<tgt system="rbmt3">
			Sin embargo, a nuestro conocimiento, el volumen de negocios es más bajo en las áreas interurbanas. Varios del multis se han estado quejando a encuestadores que su flujo ha estado por debajo del nivel previsto tanto en comestibles como en consumidores duraderos.
		</tgt>
		<tgt system="limsi">
			Sin embargo, a nuestro conocimiento, el volumen de negocios es inferior en las zonas rurales. Varias de las multinacionales se han quejado de que su influjo pollsters ha sido por debajo del nivel previsto en ambos colmados y duradera a los consumidores.
		</tgt>
		<ref>
			?
		</ref>
	</judgedsentence>
	<judgedsentence id="72" langsrc="en" langtgt="es" rank="1" src-length="53" src-long="1" src-short="0" src-toolong="1" testset="newstest2008">
		<src>
			It had discharged a patient admitted after a serious traffic accident. Shortly afterward, it had to re-admit the patient because of an MRSA infection, and doctors have been unable to perform surgery that would be vital to full recovery because they have been unable to get rid of the staph.
		</src>
		<tgt system="rbmt3">
			Había despedido a un paciente admitido después de un accidente de tráfico grave. Dentro de poco afterward, tenía que re-admitir al paciente a causa de una infección de MRSA, y los doctores han sido incapaces de realizar cirugía que sería vital a plena recuperación porque han sido incapaces de deshacerse del staph.
		</tgt>
		<tgt system="limsi">
			Había cumplido un paciente admitidos después de un grave accidente de tráfico. Poco después, había a readmitir el paciente a causa de una infección de MRSA, y los médicos no han sido capaces de realizar cirugía de que sería de vital importancia para la recuperación completa porque han sido incapaces de deshacerse de la staph.
		</tgt>
		<ref>
			?
		</ref>
	</judgedsentence>
	<judgedsentence id="87" langsrc="en" langtgt="es" rank="1" src-length="27" src-long="1" src-short="0" src-toolong="0" testset="newstest2008">
		<src>
			Since this type of infection typically occurs in hospitals and nursing homes, hospitals should routinely check all newly admitted patients and immediately isolate MRSA carriers.
		</src>
		<tgt system="rbmt3">
			Desde que este tipo de infección típicamente ocurre en los hospitales y alimentando casas, los hospitales deberían comprobar rutinariamente todo nuevamente admitía pacientes e inmediatamente aísla transportistas de MRSA.
		</tgt>
		<tgt system="limsi">
			Desde este tipo de infección normalmente ocurre en hospitales y hogares para ancianos, hospitales rutinariamente debería controlar todos los pacientes recién admitidos y aislar a los transportistas de MRSA inmediatamente.
		</tgt>
		<ref>
			?
		</ref>
	</judgedsentence>
	<judgedsentence id="98" langsrc="en" langtgt="es" rank="0" src-length="31" src-long="1" src-short="0" src-toolong="0" testset="newstest2008">
		<src>
			In fact, hospital wards are often overcrowded, with beds too close to one another although they should be at least 1.5 metres apart to conform to epidemiological requirements.
		</src>
		<tgt system="rbmt3">
			De hecho, las salas de hospital son superpobladas a menudo, con camas demasiado los unos cerca de los otros aunque deberían estar por lo menos 1.5 metros por separado para conformarse a requisitos epidemiological.
		</tgt>
		<tgt system="limsi">
			De hecho, el hospital pabellones de tuberculosos son a menudo superpobladas, con jaula demasiado cercanos aunque deben SER al menos 1.500 metros más allá para cumplir los requisitos epidemiológicos.
		</tgt>
		<ref>
			?
		</ref>
	</judgedsentence>
	<judgedsentence id="113" langsrc="en" langtgt="es" rank="-1" src-length="33" src-long="1" src-short="0" src-toolong="0" testset="newstest2008">
		<src>
			The district police chief resigned because of the accident and requested that he be retired from the force because, said a police communique, he was so shaken by the event.
		</src>
		<tgt system="rbmt3">
			El jefe de policía de distrito dimitía a causa del accidente y pedía que es retirado de la fuerza porque, decía un comunicado de policía, era sacudido así por el acontecimiento.
		</tgt>
		<tgt system="limsi">
			El jefe de policía de Barrio dimitió a causa del accidente y ha pedido que se hubiesen retirado de la fuerza porque, dicho un comunicado de policía, y estaba tan sacudida por el caso.
		</tgt>
		<ref>
			?
		</ref>
	</judgedsentence>
	<judgedsentence id="208" langsrc="en" langtgt="es" rank="1" src-length="29" src-long="1" src-short="0" src-toolong="0" testset="newstest2008">
		<src>
			The farm ministry is holding off for a New Year's reception, which will be on January 20, so there won't be any Christmas celebration.
		</src>
		<tgt system="rbmt3">
			El ministerio de granja se está esperando para la recepción de un Año Nuevo, que será el 20 de enero, así no habrá celebración de Navidad.
		</tgt>
		<tgt system="saar">
			El Ministerio de la granja rechaza para la recepción de un año nuevo, que será el 20 de enero, así que no habrá ninguna celebración de Navidad.
		</tgt>
		<ref>
			?
		</ref>
	</judgedsentence>
	<judgedsentence id="213" langsrc="en" langtgt="es" rank="0" src-length="15" src-long="0" src-short="0" src-toolong="0" testset="newstest2008">
		<src>
			The environment ministry was unable to tell us the cost of its office Christmas.
		</src>
		<tgt system="rbmt3">
			El ministerio de ambiente era incapaz de decirnos el costede su oficina Navidad.
		</tgt>
		<tgt system="limsi">
			El Ministerio de Medio Ambiente no haya podido decirnos el coste de su oficina de Navidad.
		</tgt>
		<ref>
			?
		</ref>
	</judgedsentence>
	<judgedsentence id="257" langsrc="en" langtgt="es" rank="1" src-length="37" src-long="1" src-short="0" src-toolong="0" testset="newstest2008">
		<src>
			One sign that the risk of ethnic conflict has increased, the analysts wrote, is that some Roma organizations in Bulgaria have announced plans to establish a guard of their own as a resistance force.
		</src>
		<tgt system="rbmt3">
			Una señal que el riesgo de conflicto étnico ha aumentado, los analistas escribían, es que algunas organizaciones de Roma en Bulgaria hayan anunciado planes de establecer un guarda de su propio como una fuerza de resistencia.
		</tgt>
		<tgt system="uedin">
			Una señal de que el riesgo de conflicto étnico ha aumentado, los analistas escribió, es que algunas organizaciones romaní en Bulgaria han anunciado planes para establecer una reja de sus propios como una resistencia.
		</tgt>
		<ref>
			?
		</ref>
	</judgedsentence>
	<judgedsentence id="313" langsrc="en" langtgt="es" rank="1" src-length="8" src-long="0" src-short="1" src-toolong="0" testset="newstest2008">
		<src>
			Do you blame others for your mistakes?
		</src>
		<tgt system="rbmt3">
			¿Culpa otros de sus errores?
		</tgt>
		<tgt system="uedin">
			¿la culpa a otros por sus errores?
		</tgt>
		<ref>
			?
		</ref>
	</judgedsentence>
	<judgedsentence id="326" langsrc="en" langtgt="es" rank="1" src-length="25" src-long="0" src-short="0" src-toolong="0" testset="newstest2008">
		<src>
			The music changes beat and a base tone joins the other instruments. Then, like a true jewel, a female choir steps in.
		</src>
		<tgt system="rbmt3">
			Los cambios de música latían y un tono bajo junta los otros instrumentos. Entonces, como una joya verdadera, entra un coro femenino.
		</tgt>
		<tgt system="limsi">
			La Música cambios derrotar y una base tono se une a los demás instrumentos. Entonces, al igual que una verdadera joya, un coro femenina pasos en.
		</tgt>
		<ref>
			?
		</ref>
	</judgedsentence>
	<judgedsentence id="343" langsrc="en" langtgt="es" rank="-1" src-length="9" src-long="0" src-short="1" src-toolong="0" testset="newstest2008">
		<src>
			hvg.hu asked Balázs Zságer.
		</src>
		<tgt system="rbmt3">
			hvg.hu preguntaba a Balázs Zságer.
		</tgt>
		<tgt system="saar">
			Hvg.hu preguntó Balázs.
		</tgt>
		<ref>
			?
		</ref>
	</judgedsentence>
	<judgedsentence id="384" langsrc="en" langtgt="es" rank="-1" src-length="18" src-long="0" src-short="0" src-toolong="0" testset="newstest2008">
		<src>
			hvg.hu: The girls appeared to be secondary, on both the disc and at the concert.
		</src>
		<tgt system="rbmt3">
			hvg.hu: Las chicas aparecidas ser secundario, en ambos eldisco y en el concierto.
		</tgt>
		<tgt system="saar">
			Hvg.hu: las niñas parecía ser secundario, en el disco y en el concierto.
		</tgt>
		<ref>
			?
		</ref>
	</judgedsentence>
	<judgedsentence id="447" langsrc="en" langtgt="es" rank="-1" src-length="21" src-long="0" src-short="0" src-toolong="0" testset="newstest2008">
		<src>
			This is roughly half the total sum the Czech Republic can acquire from Brussels during the years 2007 to 2013.
		</src>
		<tgt system="rbmt3">
			Ésta es aproximadamente la mitad de la suma total que la Chequia puede adquirir de Bruselas durante los años 2007 a 2013.
		</tgt>
		<tgt system="saar">
			Esto es más o menos la mitad de la suma total que la República Checa puede adquirir de Bruselas durante el período de 2007 a 2013.
		</tgt>
		<ref>
			?
		</ref>
	</judgedsentence>
	<judgedsentence id="451" langsrc="en" langtgt="es" rank="-1" src-length="27" src-long="1" src-short="0" src-toolong="0" testset="newstest2008">
		<src>
			The Transportation program is the biggest operational program, it represents almost 22 percent of the resources which the Czech Republic can obtain from the funds.
		</src>
		<tgt system="rbmt3">
			El programa de Transporte es el mayor programa operativo, representa casi 22 por ciento de los recursos que la Chequia puede obtener de los fondos.
		</tgt>
		<tgt system="uedin">
			El transporte de los programas es el mayor programa operativo, representa casi el 22 por ciento de los recursos que la República Checa puede obtener de los fondos.
		</tgt>
		<ref>
			?
		</ref>
	</judgedsentence>
	<judgedsentence id="513" langsrc="en" langtgt="es" rank="-1" src-length="14" src-long="0" src-short="0" src-toolong="0" testset="newstest2008">
		<src>
			&quot;It seems that the situation is really bad,&quot; he added.
		</src>
		<tgt system="rbmt3">
			&quot;Parece que la situación sea realmente mala&quot;, se añadía.
		</tgt>
		<tgt system="uedin">
			&quot;parece que la situación es realmente mala,&quot; añadió.
		</tgt>
		<ref>
			?
		</ref>
	</judgedsentence>
	<judgedsentence id="563" langsrc="en" langtgt="es" rank="-1" src-length="13" src-long="0" src-short="0" src-toolong="0" testset="newstest2008">
		<src>
			The validity of the licenses issued 2001-2004 will end in December 2013.
		</src>
		<tgt system="rbmt3">
			La validez de los permisos publicaba 2001-2004 terminará en diciembre2013.
		</tgt>
		<tgt system="uedin">
			La validez de las licencias emitido 2001-2004 terminará en diciembre de 2013.
		</tgt>
		<ref>
			?
		</ref>
	</judgedsentence>
	<judgedsentence id="676" langsrc="en" langtgt="es" rank="-1" src-length="16" src-long="0" src-short="0" src-toolong="0" testset="newstest2008">
		<src>
			The tested equipment Premium will include equipment worth some 80, 000 Czech crowns more.
		</src>
		<tgt system="rbmt3">
			La Prima de equipamiento probada incluirá el valor de equipamiento aproximadamente 80, 000 coronas checas más.
		</tgt>
		<tgt system="limsi">
			Los equipos probados prima incluyen equipos por valor de unos 80 000 coronas checa más.
		</tgt>
		<ref>
			?
		</ref>
	</judgedsentence>
	<judgedsentence id="763" langsrc="en" langtgt="es" rank="-1" src-length="29" src-long="1" src-short="0" src-toolong="0" testset="newstest2008">
		<src>
			The other is to let the inhabitants begin further expansion of the economy and security themselves,&quot; the British Secretary of Defence Des Browne told the BBC.
		</src>
		<tgt system="rbmt3">
			El otro es para dejar los habitantes empiezan expansión más lejana de la economía y seguridad ellos&quot; mismos, el Secretario Británico de Defence Des Browne decía el BBC.
		</tgt>
		<tgt system="limsi">
			El otro es dejar que los habitantes comenzar una mayor expansión de la economía y la seguridad en sí mismos, &quot;el secretario de Defensa británico des Browne dijo a la BBC.
		</tgt>
		<ref>
			?
		</ref>
	</judgedsentence>
	<judgedsentence id="769" langsrc="en" langtgt="es" rank="1" src-length="16" src-long="0" src-short="0" src-toolong="0" testset="newstest2008">
		<src>
			They are specifically asking for additional helicopters, soldiers and experts on Afghan unit training.
		</src>
		<tgt system="rbmt3">
			Están necesitando específicamente helicópteros adicionales, soldados y expertos en formación de unidad afgana.
		</tgt>
		<tgt system="saar">
			Ellos piden específicamente adicionales, soldados y expertos en formación de unidad afgana.
		</tgt>
		<ref>
			?
		</ref>
	</judgedsentence>
	<judgedsentence id="778" langsrc="en" langtgt="es" rank="1" src-length="37" src-long="1" src-short="0" src-toolong="0" testset="newstest2008">
		<src>
			Yet they are stationed in areas of minimum violence and the combat requirements on them are not as high as those on us in the southern and eastern parts of the country,&quot; said Gates.
		</src>
		<tgt system="rbmt3">
			Sin embargo se sitúan en áreas de violencia mínima y los requisitos de combate sobre ellos no son tan a gran altura como esos sobre nosotros en las partes del sur y orientales del país&quot;, decían Puertas.
		</tgt>
		<tgt system="limsi">
			Sin embargo, están estacionados en zonas de mínimos combatir la violencia y los requisitos sobre ellos no son tan alto como aquellos de nosotros en el sur y el este partes del país &quot;, dijo Gates.
		</tgt>
		<ref>
			?
		</ref>
	</judgedsentence>
	<judgedsentence id="813" langsrc="en" langtgt="es" rank="0" src-length="50" src-long="1" src-short="0" src-toolong="0" testset="newstest2008">
		<src>
			It also includes the planned maximal resources of 13.3 billion crowns for the Czech Consolidation Agency, a ten billion reserve for pension pay-outs, financing of government bonds for 43 billion crowns and the installment payment of the loans from the European Investment bank totaling 1.8 billion crowns.
		</src>
		<tgt system="rbmt3">
			También incluye los recursos máximos planeados de 13300 millones de coronas para la Agencia de Consolidación checa, unos diez mil millones de reserva para outs de pagar de pensión, financiación de bonos del estado para 43000 millones de coronas y el pago fraccionado de los préstamos del Banco de Inversiones europeo que suma 1800 millones de coronas.
		</tgt>
		<tgt system="uedin">
			También incluye el máximo 13.3 mil millones de coronas, los recursos de consolidación de la Agencia, diez millones de la reserva para los pagos de las pensiones, la financiación de bonos de 43 millardos de coronas installment y el pago de los préstamos del Banco Europeo de Inversiones totaling 1,8 millones de coronas.
		</tgt>
		<ref>
			?
		</ref>
	</judgedsentence>
	<judgedsentence id="813" langsrc="en" langtgt="es" rank="-1" src-length="50" src-long="1" src-short="0" src-toolong="0" testset="newstest2008">
		<src>
			It also includes the planned maximal resources of 13.3 billion crowns for the Czech Consolidation Agency, a ten billion reserve for pension pay-outs, financing of government bonds for 43 billion crowns and the installment payment of the loans from the European Investment bank totaling 1.8 billion crowns.
		</src>
		<tgt system="rbmt3">
			También incluye los recursos máximos planeados de 13300 millones de coronas para la Agencia de Consolidación checa, unos diez mil millones de reserva para outs de pagar de pensión, financiación de bonos del estado para 43000 millones de coronas y el pago fraccionado de los préstamos del Banco de Inversiones europeo que suma 1800 millones de coronas.
		</tgt>
		<tgt system="limsi">
			También incluye el máximo de los recursos previstos 13.3 mil millones de coronas para la consolidación de la República Checa, una agencia diez mil millones de la reserva para pagos de las pensiones, la financiación de bonos del gobierno de 43 mil millones de coronas y el plan de pago de los préstamos del Banco Europeo de Inversiones un 1,8 mil millones de coronas.
		</tgt>
		<ref>
			?
		</ref>
	</judgedsentence>
	<judgedsentence id="853" langsrc="en" langtgt="es" rank="1" src-length="31" src-long="1" src-short="0" src-toolong="0" testset="newstest2008">
		<src>
			The Serbian President Boris Tadic suggested that a compromise was still possible, warning the Kosovo Albanian majority against the consequences of a unilateral proclamation of independence for the province.
		</src>
		<tgt system="rbmt3">
			El Presidente de Serbio Boris Tadic sugería que un acuerdo era todavía posible, advirtiendo la mayoría albanesa de Kosovo sobre las consecuencias de una proclamación unilateral de independencia para la provincia.
		</tgt>
		<tgt system="uedin">
			El Presidente serbio Boris Tadic sugiere que un compromiso era posible, advertir a la mayoría albanesa de Kosovo contra las consecuencias de una proclamación unilateral de independencia de la provincia.
		</tgt>
		<ref>
			?
		</ref>
	</judgedsentence>
	<judgedsentence id="863" langsrc="en" langtgt="es" rank="-1" src-length="39" src-long="1" src-short="0" src-toolong="0" testset="newstest2008">
		<src>
			The president George Bush announced, at the opening of the international peace conference convened by him on Tuesday in Annapolis, in Maryland, that Israelis and Palestinians had finally reached their accord on a common declaration.
		</src>
		<tgt system="rbmt3">
			El presidente Arbusto de George anunciado, en la abertura de la conferencia de paz internacional convocada por él el martes en Annapolis, en Maryland, que los israelíes y Palestinians habían alcanzado finalmente su acuerdo en una declaración común.
		</tgt>
		<tgt system="limsi">
			El Presidente George Bush anunció, en la inauguración de la conferencia de paz internacional convocada por él el martes en Anápolis, Maryland, que israelíes y palestinos por fin había llegado a un acuerdo sobre una declaración común.
		</tgt>
		<ref>
			?
		</ref>
	</judgedsentence>
	<judgedsentence id="913" langsrc="en" langtgt="es" rank="0" src-length="17" src-long="0" src-short="0" src-toolong="0" testset="newstest2008">
		<src>
			Similar situations in Karachi and Rawalpindi, where some policemen have beaten and injured some lawyers.
		</src>
		<tgt system="rbmt3">
			Situaciones similares en Karachi y Rawalpindi, donde han golpeado algunos policías y herido a algunos abogados.
		</tgt>
		<tgt system="limsi">
			Situaciones similares en Karachi y Rawalpindi unos policías, donde han golpeado y herido de algunos abogados.
		</tgt>
		<ref>
			?
		</ref>
	</judgedsentence>
	<judgedsentence id="1000" langsrc="en" langtgt="es" rank="-1" src-length="31" src-long="1" src-short="0" src-toolong="0" testset="newstest2008">
		<src>
			After more than 60 years of confidentiality, the Nazi archives of Bad Arolsen, which explain the fate ot 17,5 millions victimes of Hitler dictatorship, can be consulted.
		</src>
		<tgt system="rbmt3">
			Después de más de 60 años de confidencialidad, los archivos de nazi de Bad Arolsen, que explican los victimes de millones de ot 17,5 de destino de dictadura de Hitler, se pueden consultar.
		</tgt>
		<tgt system="saar">
			Después de más de 60 años de confidencialidad, los archivos de nazi de mala, que explican el victimes de millones de víctimas de la dictadura de Hitler, pueden ser consultados.
		</tgt>
		<ref>
			?
		</ref>
	</judgedsentence>
	<judgedsentence id="1013" langsrc="en" langtgt="es" rank="1" src-length="15" src-long="0" src-short="0" src-toolong="0" testset="newstest2008">
		<src>
			Currently, the bilateral trade Indo-European reaches already nearly 60 milliards euros per year.
		</src>
		<tgt system="rbmt3">
			Actualmente, el indoeuropeo de comercio bilateral alcanza ya casi 60 millardos euros por año.
		</tgt>
		<tgt system="limsi">
			En la actualidad, el comercio bilateral indoeuropea ya alcanza casi el 60 milliards euros al año.
		</tgt>
		<ref>
			?
		</ref>
	</judgedsentence>
	<judgedsentence id="1113" langsrc="en" langtgt="es" rank="0" src-length="18" src-long="0" src-short="0" src-toolong="0" testset="newstest2008">
		<src>
			These branches will operate under the mark Popular Max and represent a big change for the bank.
		</src>
		<tgt system="rbmt3">
			Estas ramas harán funcionar bajo la marca Popular Max y representarán un gran cambio para el banco.
		</tgt>
		<tgt system="limsi">
			Estos mimbres funcionará bajo la marca Max popular y representan un gran cambio para el Banco.
		</tgt>
		<ref>
			?
		</ref>
	</judgedsentence>
	<judgedsentence id="1141" langsrc="en" langtgt="es" rank="1" src-length="46" src-long="1" src-short="0" src-toolong="0" testset="newstest2008">
		<src>
			The value of the company's shares, controlled by Mediaset (with 52% of the capital) and participated by Vocento (another 13%), at the stock market reached therefore the 4,488.88 million Euros, according to data from Bloomberg.
		</src>
		<tgt system="rbmt3">
			El valor de las acciones de la compañía, controladas por Mediaset (con 52% de la capital) y participadas por Vocento (otro 13%), en el mercado bursátil alcanzaba por lo tanto los 4,488880 millones de Euros, según datos de Bloomberg.
		</tgt>
		<tgt system="saar">
			El valor de las acciones de la compañía, controlado por Mediaset (con el 52% de la capital) y participadas por vocento (otro 13%), en el mercado de valores alcanzado por lo tanto 4,488.88 millones de euros, según datos de bloomberg.
		</tgt>
		<ref>
			?
		</ref>
	</judgedsentence>
	<judgedsentence id="1313" langsrc="en" langtgt="es" rank="1" src-length="9" src-long="0" src-short="1" src-toolong="0" testset="newstest2008">
		<src>
			The Celtic looking in Milan a point worth eighth
		</src>
		<tgt system="rbmt3">
			Mirando el celta en Milán un punto válido octava parte
		</tgt>
		<tgt system="uedin">
			El Celtic Football en Milán conviene recordar octava
		</tgt>
		<ref>
			?
		</ref>
	</judgedsentence>
	<judgedsentence id="1384" langsrc="en" langtgt="es" rank="1" src-length="19" src-long="0" src-short="0" src-toolong="0" testset="newstest2008">
		<src>
			Control follows Curtis's rise to fame with Joy Division until his suicide in 1980, aged 23.
		</src>
		<tgt system="rbmt3">
			El control sigue los Curtis alcanzan fama con División de Alegría hasta su suicidio en 1980, envejecido 23.
		</tgt>
		<tgt system="saar">
			El control que sigue la fama con la división de alegría hasta su suicidio en 1980, se 23.
		</tgt>
		<ref>
			?
		</ref>
	</judgedsentence>
	<judgedsentence id="1384" langsrc="en" langtgt="es" rank="1" src-length="19" src-long="0" src-short="0" src-toolong="0" testset="newstest2008">
		<src>
			Control follows Curtis's rise to fame with Joy Division until his suicide in 1980, aged 23.
		</src>
		<tgt system="rbmt3">
			El control sigue los Curtis alcanzan fama con División de Alegría hasta su suicidio en 1980, envejecido 23.
		</tgt>
		<tgt system="uedin">
			La siguiente curtis de control con alegría división hasta su fama suicidio en 1980, de 23.
		</tgt>
		<ref>
			?
		</ref>
	</judgedsentence>
	<judgedsentence id="1422" langsrc="en" langtgt="es" rank="1" src-length="31" src-long="1" src-short="0" src-toolong="0" testset="newstest2008">
		<src>
			Our new data make it possible to construct a scenario in which Venus started out like the Earth, possibly with a habitable environment, billions of years ago.
		</src>
		<tgt system="rbmt3">
			Nuestros nuevos datos hacen posibles elaborar un marco en el cual Venus empezaba como la Tierra, posiblemente con un ambiente habitable, hace miles de millones de años.
		</tgt>
		<tgt system="limsi">
			&quot;Nuestros nuevos datos permiten construir un escenario en que comenzó Venus como la tierra, posiblemente con un medio ambiente habitable, miles de millones de años&quot;.
		</tgt>
		<ref>
			?
		</ref>
	</judgedsentence>
	<judgedsentence id="1463" langsrc="en" langtgt="es" rank="1" src-length="31" src-long="1" src-short="0" src-toolong="0" testset="newstest2008">
		<src>
			Instead, as Vince Cable, the Liberal Democrats' increasingly witty stand-in leader, put it, the once feared Mr Brown has gone from Stalin to Mr Bean.
		</src>
		<tgt system="rbmt3">
			En cambio, como Vince Cable, el líder de sustituto cada vez más ingenioso de los Demócratas Liberales, lo ponía, el Sr. una vez temido Brown ha ido de Stalin al Sr. Bean.
		</tgt>
		<tgt system="limsi">
			En lugar de ello, como vince cable, los liberales demócratas cada vez más witty suplente líder, el señor Brown temido una vez ha ido de Stalin al señor haba.
		</tgt>
		<ref>
			?
		</ref>
	</judgedsentence>
	<judgedsentence id="1496" langsrc="en" langtgt="es" rank="1" src-length="11" src-long="0" src-short="0" src-toolong="0" testset="newstest2008">
		<src>
			Is the subprime mortgage crisis infecting America's credit-card market?
		</src>
		<tgt system="rbmt3">
			¿La crisis hipotecaria subprincipal está infectando el mercado detarjeta de crédito de América?
		</tgt>
		<tgt system="uedin">
			Es la crisis subprime contaminadores de crédito hipotecario del mercado?
		</tgt>
		<ref>
			?
		</ref>
	</judgedsentence>
	<judgedsentence id="1513" langsrc="en" langtgt="es" rank="1" src-length="9" src-long="0" src-short="1" src-toolong="0" testset="newstest2008">
		<src>
			They may even work to issuers' advantage.
		</src>
		<tgt system="rbmt3">
			Pueden trabajar incluso a la ventaja de emisores.
		</tgt>
		<tgt system="uedin">
			Puede incluso para los emisores de ventaja.
		</tgt>
		<ref>
			?
		</ref>
	</judgedsentence>
	<judgedsentence id="1513" langsrc="en" langtgt="es" rank="1" src-length="9" src-long="0" src-short="1" src-toolong="0" testset="newstest2008">
		<src>
			They may even work to issuers' advantage.
		</src>
		<tgt system="rbmt3">
			Pueden trabajar incluso a la ventaja de emisores.
		</tgt>
		<tgt system="limsi">
			Incluso pueden trabajar para issuers' ventaja.
		</tgt>
		<ref>
			?
		</ref>
	</judgedsentence>
	<judgedsentence id="1613" langsrc="en" langtgt="es" rank="0" src-length="33" src-long="1" src-short="0" src-toolong="0" testset="newstest2008">
		<src>
			More than a week has gone by, and the authorities have said little about their investigation or about the owner of the house, who is listed as Flor Margarita Castro.
		</src>
		<tgt system="rbmt3">
			Ha pasado más de una semana, y las autoridades han dicho poco sobre su investigación o sobre el propietario de la casa, que es clasificada como Flor Margarita Castro.
		</tgt>
		<tgt system="saar">
			Ha pasado más de una semana, y las autoridades han dicho poco acerca de su investigación o sobre el propietario de la vivienda, que es clasificada como flor Margarita Castro.
		</tgt>
		<ref>
			?
		</ref>
	</judgedsentence>
	<judgedsentence id="1651" langsrc="en" langtgt="es" rank="1" src-length="10" src-long="0" src-short="0" src-toolong="0" testset="newstest2008">
		<src>
			Catching the eyes of the selectors is more complicated.
		</src>
		<tgt system="rbmt3">
			Coger los ojos de los selectores es más complicado.
		</tgt>
		<tgt system="uedin">
			La captura de los ojos de los selectors es más complicado.
		</tgt>
		<ref>
			?
		</ref>
	</judgedsentence>
	<judgedsentence id="1663" langsrc="en" langtgt="es" rank="1" src-length="36" src-long="1" src-short="0" src-toolong="0" testset="newstest2008">
		<src>
			He is fazed by nothing on a cricket field and his attitude off it was summed up when he recently overturned a four-wheel-drive vehicle at an exhibition day for England's car sponsor, Volkswagen.
		</src>
		<tgt system="rbmt3">
			No es desconcertado por nada en un campo de criquet y su actitud fuera de ello se resumía cuando recientemente anulaba un vehículo cuatro-rueda-paseo en una exposición día para el patrocinador de coche de Inglaterra, Volkswagen.
		</tgt>
		<tgt system="limsi">
			Él es nos encontramos desplazados ante nada sobre un campo del criquet y su actitud frente a fue resumir cuando recientemente ha echado abajo un vehículo four-wheel-drive en una exposición día para Inglaterra patrocinador de automóviles, Volkswagen.
		</tgt>
		<ref>
			?
		</ref>
	</judgedsentence>
	<judgedsentence id="1694" langsrc="en" langtgt="es" rank="-1" src-length="39" src-long="1" src-short="0" src-toolong="0" testset="newstest2008">
		<src>
			At the same time, France and Luxemburg play major roles in Saarland's educational system, which, according to a so-called education monitor of the German Business Institute (IW), Cologne, ranks fifth.
		</src>
		<tgt system="rbmt3">
			Al mismo tiempo, Francia y Luxemburg desempeñan papeles esenciales en el sistema de enseñanza de Saarland, cuál, según un monitor educativo denominado del Instituto de Negocio alemán (IW), Colonia, quinta parte de filas.
		</tgt>
		<tgt system="limsi">
			Al mismo tiempo, Francia y Luxemburgo desempeñar papeles importantes en Saarland's sistema educativo, que, según una llamada educación supervisar del Instituto de negocios alemán (IW), Colonia, ocupa el quinto.
		</tgt>
		<ref>
			?
		</ref>
	</judgedsentence>
	<judgedsentence id="1795" langsrc="en" langtgt="es" rank="0" src-length="9" src-long="0" src-short="1" src-toolong="0" testset="newstest2008">
		<src>
			But there was still a need for action.
		</src>
		<tgt system="rbmt3">
			Pero había todavía una necesidad de acción.
		</tgt>
		<tgt system="saar">
			Pero todavía había una necesidad de acción.
		</tgt>
		<ref>
			?
		</ref>
	</judgedsentence>
	<judgedsentence id="1813" langsrc="en" langtgt="es" rank="-1" src-length="35" src-long="1" src-short="0" src-toolong="0" testset="newstest2008">
		<src>
			Divorced from reality, the Chancellors performance documents that the coalition is at the end of its rope conceptually  and that expectations in herself have to be scaled down to nil.
		</src>
		<tgt system="rbmt3">
			Divorciado de la realidad, los documentos de actuación de Cancilleres que la coalición es al final de su cuerda conceptualmente y que se tienen que reducir expectativas en ella misma a nil.
		</tgt>
		<tgt system="uedin">
			Alejado de la realidad, el Canciller  la actuación documentos que la coalición al final de sus cuerdas conceptualmente  y que las expectativas en sí misma reducir a cero.
		</tgt>
		<ref>
			?
		</ref>
	</judgedsentence>
	<judgedsentence id="1855" langsrc="en" langtgt="es" rank="0" src-length="34" src-long="1" src-short="0" src-toolong="0" testset="newstest2008">
		<src>
			According to Attorney General Malik Muhammad Qayyum, Musharraf will revoke the state of emergency soon after being sworn in, and by doing so meet another of the demands of the West.
		</src>
		<tgt system="rbmt3">
			Según el Fiscal General Malik Muhammad Qayyum, Musharraf revocará el estado de emergencia pronto después de haber sido jurado dentro, y haciendo eso encontrar otra de las demandas del Oeste.
		</tgt>
		<tgt system="saar">
			Según el Ministro de Justicia qayyum, Musharraf revocará el estado de emergencia pronto después de haber sido juramento, y al hacerlo encontrar otra de las demandas de Occidente.
		</tgt>
		<ref>
			?
		</ref>
	</judgedsentence>
	<judgedsentence id="1863" langsrc="en" langtgt="es" rank="1" src-length="19" src-long="0" src-short="0" src-toolong="0" testset="newstest2008">
		<src>
			The arranged sensation, then, occurs in the shape of three composed gentlemen at the dinner table.
		</src>
		<tgt system="rbmt3">
			La sensación arreglada, entonces, ocurre en la forma de tres señores compuestos en la mesa de comida.
		</tgt>
		<tgt system="saar">
			La sensación coordinada, entonces, ocurre en forma de tres señores tranquilos en la mesa.
		</tgt>
		<ref>
			?
		</ref>
	</judgedsentence>
	<judgedsentence id="1888" langsrc="en" langtgt="es" rank="-1" src-length="25" src-long="0" src-short="0" src-toolong="0" testset="newstest2008">
		<src>
			Allegedly, a banneret of the Glee Club Harmonia Ottenstein was found amid some scrap, and thus, a name for their art.
		</src>
		<tgt system="rbmt3">
			De forma supuesta, un banneret del Club de Alegría Harmonia Ottenstein se encontraba entre un poco de chatarra, y de esta forma, un nombre para su arte.
		</tgt>
		<tgt system="saar">
			Supuestamente, un banneret del club del glee se encontraba entre un poco de chatarra y, por lo tanto, un nombre para su arte.
		</tgt>
		<ref>
			?
		</ref>
	</judgedsentence>
	<judgedsentence id="1949" langsrc="en" langtgt="es" rank="-1" src-length="14" src-long="0" src-short="0" src-toolong="0" testset="newstest2008">
		<src>
			The problem is not limited to the genre of the Balkan War movie.
		</src>
		<tgt system="rbmt3">
			El problema no es limitado al género de la película deBalkan War.
		</tgt>
		<tgt system="saar">
			El problema no se limita al género de la película de guerra balcánica.
		</tgt>
		<ref>
			?
		</ref>
	</judgedsentence>
	<judgedsentence id="1954" langsrc="en" langtgt="es" rank="0" src-length="24" src-long="0" src-short="0" src-toolong="0" testset="newstest2008">
		<src>
			After all, decades had to pass before Hollywood was able to direct a good Holocaust movie in Schindlers List.
		</src>
		<tgt system="rbmt3">
			Después de todo, las décadas tenían que pasar antes de que Hollywood pudiera dirigir una buena película de Holocausto en Schindlers List.
		</tgt>
		<tgt system="limsi">
			Después de todo, han tenido que pasar décadas antes de Hollywood fue capaz de dirigir una buena película del Holocausto en schindlers  lista.
		</tgt>
		<ref>
			?
		</ref>
	</judgedsentence>
	<judgedsentence id="2016" langsrc="en" langtgt="es" rank="-1" src-length="15" src-long="0" src-short="0" src-toolong="0" testset="newstest2008">
		<src>
			They seized the Peninsula Hotel, demanding President Gloria Macapagal Arroyo to be overthrown.
		</src>
		<tgt system="rbmt3">
			Detenían el Hotel de Península, el Presidente exigente Gloria Macapagal Arroyo que se le derrocar.
		</tgt>
		<tgt system="limsi">
			Ellos se apoderó de la Península hotel, exigiendo la Presidente Gloria Macapagal Arroyo para SER derrocado.
		</tgt>
		<ref>
			?
		</ref>
	</judgedsentence>
	<judgedsentence id="38" langsrc="fr" langtgt="en" rank="-1" src-length="61" src-long="1" src-short="0" src-toolong="1" testset="test2008">
		<src>
			Notre groupe considère qu'en agissant de façon déterminée, il est tout à fait possible que le premier groupe puisse adhérer au moment des prochaines élections du Parlement européen, mais il faut agir de façon décidée de part et d'autre.
		</src>
		<tgt system="rbmt3">
			Our group considers that in acting in determined way, it is totally possible that the first group can adhere to the moment of the next elections of the European Parliament, but one must act in a determined way of part and of other.
		</tgt>
		<tgt system="limsi">
			Our group believes that in a determined manner, it is quite possible that the first group can accede at the time of the next European Parliament elections, but we must act decisively committed to both sides.
		</tgt>
		<ref>
			?
		</ref>
	</judgedsentence>
	<judgedsentence id="102" langsrc="fr" langtgt="en" rank="-1" src-length="42" src-long="1" src-short="0" src-toolong="0" testset="test2008">
		<src>
			Monsieur le Président, Monsieur le Commissaire, Mesdames et Messieurs, l'importance et la portée de l'opportunité historique qui nous est offerte d'unir notre continent dans la paix ne peuvent être ignorées.
		</src>
		<tgt system="rbmt3">
			Mister the President, Mister the Commissioner, Madams and Misters, the importance and the range of the historical opportunity that has offered us to unite our continent in the peace can not be ignored.
		</tgt>
		<tgt system="limsi">
			Mr President, Commissioner, ladies and gentlemen, the importance and the scope of the historic opportunity offered to us to unite our continent in peace cannot be ignored.
		</tgt>
		<ref>
			?
		</ref>
	</judgedsentence>
	<judgedsentence id="152" langsrc="fr" langtgt="en" rank="-1" src-length="56" src-long="1" src-short="0" src-toolong="1" testset="test2008">
		<src>
			Il est nécessaire d'envisager, dès maintenant, de nouveaux instruments et de nouvelles formes d'intervention au bénéfice de toutes les zones où sont signalées des carences en infrastructures et réseaux de services comme, par exemple, le sud de l'Italie.
		</src>
		<tgt system="rbmt3">
			It it is necessary to envisage, from now, new instruments and new forms of intervention to the profit of all the zones where are signaled of the deficiencies in infrastructures and networks of services as, for example, the south of Italy.
		</tgt>
		<tgt system="limsi">
			It is necessary to consider, now, new instruments and new forms of intervention for the benefit of all the areas where are reported shortcomings in infrastructure and networks of services, such as, for example, the South of Italy.
		</tgt>
		<ref>
			?
		</ref>
	</judgedsentence>
	<judgedsentence id="152" langsrc="fr" langtgt="en" rank="0" src-length="56" src-long="1" src-short="0" src-toolong="1" testset="test2008">
		<src>
			Il est nécessaire d'envisager, dès maintenant, de nouveaux instruments et de nouvelles formes d'intervention au bénéfice de toutes les zones où sont signalées des carences en infrastructures et réseaux de services comme, par exemple, le sud de l'Italie.
		</src>
		<tgt system="rbmt3">
			It it is necessary to envisage, from now, new instruments and new forms of intervention to the profit of all the zones where are signaled of the deficiencies in infrastructures and networks of services as, for example, the south of Italy.
		</tgt>
		<tgt system="saar">
			It is necessary to consider, as new instruments and new forms of intervention for all areas where there are deficiencies in infrastructure and networks of services, such as southern Italy.
		</tgt>
		<ref>
			?
		</ref>
	</judgedsentence>
	<judgedsentence id="252" langsrc="fr" langtgt="en" rank="-1" src-length="44" src-long="1" src-short="0" src-toolong="0" testset="test2008">
		<src>
			Il existe un certain désintérêt, dont je suis certain que Mme la commissaire prendra bonne note afin que nous atteignons au plus vite l'objectif de cette réforme dont le rapport Hulten marque le commencement.
		</src>
		<tgt system="rbmt3">
			There is some disinterest, of which I am certain that Mme the commissioner will take domestic bill so that we reach as soon as possible the objective of this reform whose relation Hulten marks the beginning.
		</tgt>
		<tgt system="saar">
			There is a certain lack of interest, which I am sure that the Commissioner will take to achieve the objective of this reform which the Hulten report marks the beginning.
		</tgt>
		<ref>
			?
		</ref>
	</judgedsentence>
	<judgedsentence id="252" langsrc="fr" langtgt="en" rank="-1" src-length="44" src-long="1" src-short="0" src-toolong="0" testset="test2008">
		<src>
			Il existe un certain désintérêt, dont je suis certain que Mme la commissaire prendra bonne note afin que nous atteignons au plus vite l'objectif de cette réforme dont le rapport Hulten marque le commencement.
		</src>
		<tgt system="rbmt3">
			There is some disinterest, of which I am certain that Mme the commissioner will take domestic bill so that we reach as soon as possible the objective of this reform whose relation Hulten marks the beginning.
		</tgt>
		<tgt system="limsi">
			There is a certain lack of interest, which I am sure that the Commissioner will take good note so that we achieve as soon as possible the aim of this reform, which the report Hulten marks the beginning.
		</tgt>
		<ref>
			?
		</ref>
	</judgedsentence>
	<judgedsentence id="302" langsrc="fr" langtgt="en" rank="1" src-length="36" src-long="1" src-short="0" src-toolong="0" testset="test2008">
		<src>
			Monsieur le Président, il s'agit également d'un erreur de traduction qui n'a pas la même portée que celle qui vient d'être relevée.
		</src>
		<tgt system="rbmt3">
			Mister Preside over it, it is a matter also of one mistake of translation that does not have the same range as the one that has just been raised.
		</tgt>
		<tgt system="limsi">
			Mr President, it is also a translation error which does not have the same level as that which has just been raised.
		</tgt>
		<ref>
			?
		</ref>
	</judgedsentence>
	<judgedsentence id="302" langsrc="fr" langtgt="en" rank="0" src-length="36" src-long="1" src-short="0" src-toolong="0" testset="test2008">
		<src>
			Monsieur le Président, il s'agit également d'un erreur de traduction qui n'a pas la même portée que celle qui vient d'être relevée.
		</src>
		<tgt system="rbmt3">
			Mister Preside over it, it is a matter also of one mistake of translation that does not have the same range as the one that has just been raised.
		</tgt>
		<tgt system="saar">
			Mr President, there is a translation error which has the same level as that which has been raised.
		</tgt>
		<ref>
			?
		</ref>
	</judgedsentence>
	<judgedsentence id="327" langsrc="fr" langtgt="en" rank="1" src-length="29" src-long="1" src-short="0" src-toolong="0" testset="test2008">
		<src>
			La résolution préparée par l'ensemble des groupes, et que j'ai l'honneur de défendre ici, va dans ce sens.
		</src>
		<tgt system="rbmt3">
			The resolution prepared by the unity of the groups, and that I have the honor of defending here, goes to this sense.
		</tgt>
		<tgt system="saar">
			The resolution prepared by all the groups, and I defend, goes in this direction.
		</tgt>
		<ref>
			?
		</ref>
	</judgedsentence>
	<judgedsentence id="413" langsrc="fr" langtgt="en" rank="1" src-length="39" src-long="1" src-short="0" src-toolong="0" testset="test2008">
		<src>
			En ce qui concerne la Corée, M. Lamy, qui viendra ici dans le courant de cette semaine, sera mieux placé que moi pour vous mettre au fait des derniers développements.
		</src>
		<tgt system="rbmt3">
			In what concerns Korea, Mr. Lamy, who will come here in the current of this week, will better be placed than I will to put you by the way last developments.
		</tgt>
		<tgt system="limsi">
			With regard to Korea, Mr Lamy, who will come here in the course of this week, will be better placed than I put to you the latest developments.
		</tgt>
		<ref>
			?
		</ref>
	</judgedsentence>
	<judgedsentence id="536" langsrc="fr" langtgt="en" rank="-1" src-length="21" src-long="0" src-short="0" src-toolong="0" testset="test2008">
		<src>
			Je tiens à vous rappeler que parmi nos alliés, il y a des fervents de cette taxe.
		</src>
		<tgt system="rbmt3">
			I insist on reminding you that among our allies, there are devotees of this tax.
		</tgt>
		<tgt system="saar">
			I would remind you that our allies, devotees of this tax.
		</tgt>
		<ref>
			?
		</ref>
	</judgedsentence>
	<judgedsentence id="552" langsrc="fr" langtgt="en" rank="-1" src-length="35" src-long="1" src-short="0" src-toolong="0" testset="test2008">
		<src>
			Voilà un geste politique, chers collègues, un geste politique, Madame la Commissaire, qui n'a pas exactement été accueilli avec enthousiasme par les Albanais du Kosovo.
		</src>
		<tgt system="rbmt3">
			This is a gesture talks about politics, dear colleagues, a political gesture, Madam the Commissioner, who does not have exactly summer received with enthusiasm by the Albanians of Kosovo.
		</tgt>
		<tgt system="limsi">
			This is a political gesture, ladies and gentlemen, a political gesture, Commissioner, who has not exactly been welcomed by the Albanians of Kosovo.
		</tgt>
		<ref>
			?
		</ref>
	</judgedsentence>
	<judgedsentence id="602" langsrc="fr" langtgt="en" rank="1" src-length="29" src-long="1" src-short="0" src-toolong="0" testset="test2008">
		<src>
			À mon avis, cela seul rétablira la confiance des consommateurs dans un domaine de politique important à la fois pour les producteurs et les consommateurs.
		</src>
		<tgt system="rbmt3">
			In my opinion, that alone will restore the trust of the consumers in an important domain of policy at the same time for the producers and the consumers.
		</tgt>
		<tgt system="saar">
			In my opinion, that alone will restore consumer confidence in an important policy area for both producers and consumers.
		</tgt>
		<ref>
			?
		</ref>
	</judgedsentence>
	<judgedsentence id="638" langsrc="fr" langtgt="en" rank="-1" src-length="79" src-long="1" src-short="0" src-toolong="1" testset="test2008">
		<src>
			C'est dans cette même perspective que se place notre effort de toutes ces années lorsqu'en 98, le Centre Nord-Sud du Conseil de l'Europe, que j'ai l'honneur de présider, a octroyé son prix annuel à M. Axworthy, ministre des Affaires étrangères du Canada, pour les efforts de son gouvernement qui ont été concrétisés dans la convention d'Ottawa.
		</src>
		<tgt system="rbmt3">
			It is in this same perspective that our effort of all these years places itself while in 98, the North-South Center of the Council of Europe, which I have the honor of presiding, has granted his annual price to Mr. Axworthy, Minister of Foreign Affairs of Canada, for the efforts of his government that have been realized in the convention of Ottawa.
		</tgt>
		<tgt system="limsi">
			It is in this perspective that is our effort to all these years when in 98, the North-South Centre of the Council of Europe, that I have the honour of chairing, gave its annual price Axworthy Foreign Minister of Canada, for the efforts of his government which have appeared in the Ottawa Convention.
		</tgt>
		<ref>
			?
		</ref>
	</judgedsentence>
	<judgedsentence id="652" langsrc="fr" langtgt="en" rank="-1" src-length="36" src-long="1" src-short="0" src-toolong="0" testset="test2008">
		<src>
			C'est pourquoi il faut souhaiter ardemment la réussite du sommet de Nice et de la Conférence intergouvernementale afin, tout simplement, de pouvoir très vite aller au-delà.
		</src>
		<tgt system="rbmt3">
			It is why the success of the summit of Nice and of the intergovernmental Conference afin must be wished burningly, quite simply, of in a very fast way being able to go au-delà.
		</tgt>
		<tgt system="uedin">
			That is why we must very much want the success of the Nice Summit and the Intergovernmental Conference in order, quite simply, to be able, very quickly go beyond that.
		</tgt>
		<ref>
			?
		</ref>
	</judgedsentence>
	<judgedsentence id="701" langsrc="fr" langtgt="en" rank="-1" src-length="29" src-long="1" src-short="0" src-toolong="0" testset="test2008">
		<src>
			Il faut ici faire la distinction et inclure les régions afin d'obtenir une représentation fidèle des politiques en faveur de l'esprit d'entreprise.
		</src>
		<tgt system="rbmt3">
			It is needed here to make the distinction and to include the regions in order to obtain a faithful representation from the policies in favor of the mind of firm.
		</tgt>
		<tgt system="uedin">
			We must make the distinction and include the regions in order to achieve a true representation of the policies in favour of entrepreneurship.
		</tgt>
		<ref>
			?
		</ref>
	</judgedsentence>
	<judgedsentence id="707" langsrc="fr" langtgt="en" rank="-1" src-length="45" src-long="1" src-short="0" src-toolong="0" testset="test2008">
		<src>
			Nous savons tous que notre époque est devenue plus trépidante à la suite de l'utilisation du téléphone portable, du courrier électronique et de l'Internet, ce qui offre évidemment de nouvelles possibilités.
		</src>
		<tgt system="rbmt3">
			We know everyone that our time has become more vibrating subsequent to the use of the portable telephone, of the e-mail and of the Internet, what offers new possibilities evidently.
		</tgt>
		<tgt system="limsi">
			We all know that our time has become more hectic following the use of mobile phone, Email and the Internet, which obviously offers new opportunities.
		</tgt>
		<ref>
			?
		</ref>
	</judgedsentence>
	<judgedsentence id="852" langsrc="fr" langtgt="en" rank="-1" src-length="133" src-long="1" src-short="0" src-toolong="1" testset="test2008">
		<src>
			Or, il est nécessaire d'adopter un ensemble de règles gouvernant la protection des données, car les institutions traitent non seulement des données internes (telles les données relatives à leurs activités autonomes, à leur budget et aux rapports de notation), mais aussi des données sur des citoyens collectées dans le cadre de l'accomplissement de missions de l'Union européenne (par exemple, l'octroi de subventions, les enquêtes sur des affaires de concurrence, les adjudications publiques, les travaux et études statistiques ou les données relatives à la préparation et à la mise en uvre des textes législatifs).
		</src>
		<tgt system="rbmt3">
			Yet, it is necessary to adopt a unity of rules governing the protection of the data, because the institutions treat not only of the internal data (such the data relative to their autonomous activities, to their budget and to the relations of notation), but also of the data on citizens collected within the framework of the fulfillment of missions of the European Union (for example, the concession of grants, the inquiries on businesses of competition, the public sales by auction, the works and statistical studies or the data relative to the preparation and to the bet in uvre of the legislative texts).
		</tgt>
		<tgt system="limsi">
			However, it is necessary to adopt a set of rules governing data protection, because the institutions are not only internal data (such data relating to their autonomous activities, for their reports and the budget rating), but also the citizens on the data collected under the performance of tasks of the European Union (for example, the granting of subsidies, investigations into matters of competition, public contracts, the work and statistical studies or data relating to the preparation and implementation of the legislative texts).
		</tgt>
		<ref>
			?
		</ref>
	</judgedsentence>
	<judgedsentence id="863" langsrc="fr" langtgt="en" rank="-1" src-length="29" src-long="1" src-short="0" src-toolong="0" testset="test2008">
		<src>
			Ce faisant toutefois, on ne répond pas à l'ambition de l'UE qui est d'être une Union des peuples et de leurs citoyens.
		</src>
		<tgt system="rbmt3">
			In doing so though, one does not reply to the ambition of the EU that is of being a Union of the people and of their citizens.
		</tgt>
		<tgt system="limsi">
			However, this is not the ambition of the EU, which is to be a Union of peoples and their citizens.
		</tgt>
		<ref>
			?
		</ref>
	</judgedsentence>
	<judgedsentence id="902" langsrc="fr" langtgt="en" rank="0" src-length="40" src-long="1" src-short="0" src-toolong="0" testset="test2008">
		<src>
			Il est capital que les ONG y participent mais aussi qu'elles fassent preuve d'une certaine coordination entre elles si nous voulons que leur action soit plus efficace et qu'elle s'étende partout dans ces régions.
		</src>
		<tgt system="rbmt3">
			It is major that the NGO participates in it but also that they show if we want their action to be more efficient and it to spread everywhere to these regions some coordination between them.
		</tgt>
		<tgt system="saar">
			It is vital that the NGOs participate but also that they show some coordination between them if their action is more effective and that it extends everywhere.
		</tgt>
		<ref>
			?
		</ref>
	</judgedsentence>
	<judgedsentence id="970" langsrc="fr" langtgt="en" rank="1" src-length="37" src-long="1" src-short="0" src-toolong="0" testset="test2008">
		<src>
			Je lance aussi un appel aux ministres ainsi qu'aux chefs d'état et de gouvernement afin qu'ils approuvent à Nice la proposition de création d'un ministère public européen.
		</src>
		<tgt system="rbmt3">
			I also launch a call to the ministers as to the heads of state and of government so that they approve in Nice of the suggestion of creation of a European magistracy.
		</tgt>
		<tgt system="uedin">
			I want to appeal to the ministers and the Heads of State and Government so that they can agree on Nice the proposal for the establishment of a European public prosecutor.
		</tgt>
		<ref>
			?
		</ref>
	</judgedsentence>
	<judgedsentence id="995" langsrc="fr" langtgt="en" rank="-1" src-length="15" src-long="0" src-short="0" src-toolong="0" testset="test2008">
		<src>
			L'amendement 7 propose certaines modifications dans les références aux paragraphes.
		</src>
		<tgt system="rbmt3">
			The amendment 7 proposes some modifications in the references to the paragraphs.
		</tgt>
		<tgt system="limsi">
			Amendment No 7 proposes certain changes in the references to paragraphs.
		</tgt>
		<ref>
			?
		</ref>
	</judgedsentence>
	<judgedsentence id="1089" langsrc="fr" langtgt="en" rank="-1" src-length="95" src-long="1" src-short="0" src-toolong="1" testset="test2008">
		<src>
			Le programme relatif à l'égalité des sexes pour les cinq prochaines années que la Commission a soumis s'articule autour de cinq axes, dont l'un a trait à la violence et aux droits de l'homme. Nous attendons, dans ce domaine, la coopération des gouvernements, des autorités locales et des organisations non gouvernementales, de manière à ce que, au cours des cinq prochaines années, il y ait des programmes dans tous les États membres.
		</src>
		<tgt system="rbmt3">
			The program relative to the equality of the sexes for the five next years that the Commission has subjected articulates around five axes, of which one has milked to the violence and to the human rights. We expect, in this domain, the cooperation from the governments, from the local authorities and from the non-governmental organizations, in order to what, in the course of the five next years, programs are in all the Member States.
		</tgt>
		<tgt system="limsi">
			The programme on equality of the sexes for the next five years the Commission has submitted is based on five axes, one of which relates to the violence and human rights. We expect, in this area, the cooperation of the governments, local authorities and non-governmental organisations, so that, over the next five years, there are programmes in all the Member States.
		</tgt>
		<ref>
			?
		</ref>
	</judgedsentence>
	<judgedsentence id="1090" langsrc="fr" langtgt="en" rank="-1" src-length="27" src-long="1" src-short="0" src-toolong="0" testset="test2008">
		<src>
			Nous avons cependant également mis en marche, à la suite du plan de stabilité et de croissance, les programmes de stabilité.
		</src>
		<tgt system="rbmt3">
			We have also gotten however the programs of stability moved, subsequent to the plan of stability and of growth.
		</tgt>
		<tgt system="uedin">
			However, we have also set in motion the continuation of the Stability and Growth Pact, the stability programmes.
		</tgt>
		<ref>
			?
		</ref>
	</judgedsentence>
	<judgedsentence id="1102" langsrc="fr" langtgt="en" rank="-1" src-length="62" src-long="1" src-short="0" src-toolong="1" testset="test2008">
		<src>
			Monsieur le Président, je félicite le rapporteur pour son excellente contribution à l'identification des causes et de la dimension de la pauvreté, thème adapté à une réalité sociale dont la cruauté ne se dilue pas dans un concept aussi vaste et abstrait que celui de l'exclusion sociale.
		</src>
		<tgt system="rbmt3">
			Mister Preside over it, I congratulate the tattletale for his excellent contribution to the identification of the causes and of the dimension of the poverty, theme adapted to a social reality whose cruelty is not diluted in a so vast and abstract concept as that of the social exclusion.
		</tgt>
		<tgt system="uedin">
			Mr President, I congratulate the rapporteur on his excellent contribution to the identification of the causes and the scale of poverty, adapted to a social reality which the cruelty do not become diluted in a very wide-ranging and abstract concept of social exclusion.
		</tgt>
		<ref>
			?
		</ref>
	</judgedsentence>
	<judgedsentence id="1102" langsrc="fr" langtgt="en" rank="-1" src-length="62" src-long="1" src-short="0" src-toolong="1" testset="test2008">
		<src>
			Monsieur le Président, je félicite le rapporteur pour son excellente contribution à l'identification des causes et de la dimension de la pauvreté, thème adapté à une réalité sociale dont la cruauté ne se dilue pas dans un concept aussi vaste et abstrait que celui de l'exclusion sociale.
		</src>
		<tgt system="rbmt3">
			Mister Preside over it, I congratulate the tattletale for his excellent contribution to the identification of the causes and of the dimension of the poverty, theme adapted to a social reality whose cruelty is not diluted in a so vast and abstract concept as that of the social exclusion.
		</tgt>
		<tgt system="limsi">
			Mr President, I congratulate the rapporteur on his excellent contribution to the identification of the causes and the dimension of poverty, subject adapted to a social reality which the cruelty do not become diluted in a broad concept and abstract than social exclusion.
		</tgt>
		<ref>
			?
		</ref>
	</judgedsentence>
	<judgedsentence id="1152" langsrc="fr" langtgt="en" rank="-1" src-length="26" src-long="1" src-short="0" src-toolong="0" testset="test2008">
		<src>
			Monsieur le Président, le rapport Cashman peut se résumer en quelques mots : le pouvoir des citoyens sur la bureaucratie.
		</src>
		<tgt system="rbmt3">
			Mister Preside over it, the relation Cashman can amount in some words: the power of the citizens on the bureaucracy.
		</tgt>
		<tgt system="limsi">
			Mr President, the Cashman report can be summed up in a few words: the power of the citizens on bureaucracy.
		</tgt>
		<ref>
			?
		</ref>
	</judgedsentence>
	<judgedsentence id="1189" langsrc="fr" langtgt="en" rank="1" src-length="24" src-long="0" src-short="0" src-toolong="0" testset="test2008">
		<src>
			Il serait plus efficace, pour lutter contre l'exclusion, de créer par exemple un salaire minimum garanti européen.
		</src>
		<tgt system="rbmt3">
			Creating for example a European guaranteed minimum salary would be more efficient, to fight against the exclusion.
		</tgt>
		<tgt system="uedin">
			It would be more efficient in order to combat exclusion, to create such a European guaranteed minimum wage.
		</tgt>
		<ref>
			?
		</ref>
	</judgedsentence>
	<judgedsentence id="1263" langsrc="fr" langtgt="en" rank="0" src-length="18" src-long="0" src-short="0" src-toolong="0" testset="test2008">
		<src>
			D' autres se séparent malheureusement en raison d' une rancune accumulée.
		</src>
		<tgt system="rbmt3">
			Others separate themselves unfortunately because of an amassed grudge.
		</tgt>
		<tgt system="uedin">
			Other diverge unfortunately owing to an accumulated vengeance.
		</tgt>
		<ref>
			?
		</ref>
	</judgedsentence>
	<judgedsentence id="1302" langsrc="fr" langtgt="en" rank="-1" src-length="48" src-long="1" src-short="0" src-toolong="0" testset="test2008">
		<src>
			Notre groupe soutient fortement l' idée d' une constitutionnalisation des traités fondateurs, ce qui implique que la réforme des traités se fasse dans la transparence et avec la participation de la société civile.
		</src>
		<tgt system="rbmt3">
			Our group supports strongly the idea of a constitutionnalisation of the founder treaties, what implies that the reform of the treaties is made in the transparency and with the participation of the non-trading company.
		</tgt>
		<tgt system="limsi">
			Our group strongly supports the idea of a constitutionalisation of the Treaties, which means that the reform of the Treaties in the transparency and with the participation of civil society.
		</tgt>
		<ref>
			?
		</ref>
	</judgedsentence>
	<judgedsentence id="1372" langsrc="fr" langtgt="en" rank="-1" src-length="40" src-long="1" src-short="0" src-toolong="0" testset="test2008">
		<src>
			Il va être suivi de nombreux autres rapports et, pour ma part, riche de ces quelques semaines de travail en concertation, je souhaiterais que cette méthode soit conservée pour la suite.
		</src>
		<tgt system="rbmt3">
			It is going to be followed from numerous other relations and, for my part, wealthy person of these few weeks of work in consultation, I would hope that this method is preserved for the continuation.
		</tgt>
		<tgt system="limsi">
			It will be followed by many other reports and, for my part, rich in these few weeks of work together, I hope that this method is retained for the future.
		</tgt>
		<ref>
			?
		</ref>
	</judgedsentence>
	<judgedsentence id="1402" langsrc="fr" langtgt="en" rank="-1" src-length="38" src-long="1" src-short="0" src-toolong="0" testset="test2008">
		<src>
			En effet, sur la base de propositions que nous avions faites en février dernier, la Commission européenne a fait des propositions avec la plus grande célérité.
		</src>
		<tgt system="rbmt3">
			Indeed, on the basis of suggestions that we had made in February last, the European Commission has made suggestions with the greatest promptness.
		</tgt>
		<tgt system="limsi">
			Indeed, on the basis of proposals that we had made in February, the European Commission has made proposals with the utmost speed.
		</tgt>
		<ref>
			?
		</ref>
	</judgedsentence>
	<judgedsentence id="1452" langsrc="fr" langtgt="en" rank="-1" src-length="74" src-long="1" src-short="0" src-toolong="1" testset="test2008">
		<src>
			Nous avons exprimé, pendant l'ensemble de la conférence intergouvernementale, notre opposition à l'idée soutenue à de multiples reprises par une majorité de députés d'élargir sensiblement l'ordre du jour ; nous avons également fait état de cette position lors de chaque vote relatif aux propositions de résolution présentées à ce propos.
		</src>
		<tgt system="rbmt3">
			We have expressed our opposition to the idea supported to multiples, during the unity of the intergovernmental conference, recovered by a majority of deputies of broadening approximately the agenda; we have also stated this position during every vote relative to the suggestions of resolution presented to this intention.
		</tgt>
		<tgt system="limsi">
			We have expressed, for the whole of the Intergovernmental Conference, our opposition to the idea supported on many occasions by a majority of Members to extend significantly the agenda; we have also mentioned this position at every vote on the motions for resolutions tabled in this connection.
		</tgt>
		<ref>
			?
		</ref>
	</judgedsentence>
	<judgedsentence id="1490" langsrc="fr" langtgt="en" rank="-1" src-length="20" src-long="0" src-short="0" src-toolong="0" testset="test2008">
		<src>
			Monsieur le Président, je tiens à prendre la défense des travailleurs de ce secteur.
		</src>
		<tgt system="rbmt3">
			Mister Preside over it, I insist on taking the defense of the workers of this sector.
		</tgt>
		<tgt system="saar">
			Mr President, I want to take the protection of workers.
		</tgt>
		<ref>
			?
		</ref>
	</judgedsentence>
	<judgedsentence id="1502" langsrc="fr" langtgt="en" rank="-1" src-length="68" src-long="1" src-short="0" src-toolong="1" testset="test2008">
		<src>
			À cet égard, laissez-moi dire que du point de vue des règles internationales et communautaires, il n'y a aucune exception pour les marques déposées dans les mesures prises pour la protection de la santé publique, et plus particulièrement ici, où les effets sur le comportement des fumeurs sont si considérables.
		</src>
		<tgt system="rbmt3">
			Catalan-English English-Catalan Catalan-Spanish Spanish-Catalan Catalan-French French-Catalan English-French English-German English-Italian English-Russian English-Spanish French-English French-German French-Spanish German-English German-French German-Spanish German-Russian Russian-English Russian-German Spanish-English Spanish-French Spanish-Galician Spanish-German
		</tgt>
		<tgt system="uedin">
			In this respect, let me say that from the point of view of international and Community regulations, there is no exception to the trademarks in the measures taken to the protection of public health, and more particularly here, where the effects on the behaviour of smokers are so significant.
		</tgt>
		<ref>
			?
		</ref>
	</judgedsentence>
	<judgedsentence id="1514" langsrc="fr" langtgt="en" rank="-1" src-length="101" src-long="1" src-short="0" src-toolong="1" testset="test2008">
		<src>
			Enfin, et à cet égard j' exprime mon mécontentement de ce que cette disposition n' ait pas été retenue dans les propositions de compromis du Conseil, je pense que l' investigateur principal chargé de la conduite des essais cliniques doit être un médecin. Car seuls les médecins ont les connaissances et l' expérience leur permettant d' évaluer les bénéfices et de pallier les effets indésirables et les risques au cours de ces essais.
		</src>
		<tgt system="rbmt3">
			Finally, and to this consideration I express my dissatisfaction of it that this arrangement has not been kept in the suggestions of compromise of the Advice, I think that the main investigator responsible for the behavior of the clinical testings must be a doctor. Because only the doctors have the knowledge and the experience allowing them to evaluate the profits and to compensate the undesirable effects and the risks in the course of these testings.
		</tgt>
		<tgt system="uedin">
			Finally, and in this respect I would like to express my dissatisfaction that this provision has not been included in the compromise proposals of the Council, I believe that the main investigateur responsible for the conduct of clinical trials must be a doctor, because only doctors have the knowledge and experience to enable them to assess the benefits and alleviate the undesirable effects and risks during these tests.
		</tgt>
		<ref>
			?
		</ref>
	</judgedsentence>
	<judgedsentence id="1623" langsrc="fr" langtgt="en" rank="1" src-length="24" src-long="0" src-short="0" src-toolong="0" testset="test2008">
		<src>
			Je crains que nous entrions là dans un débat de fond que nous n'avons pas le temps de traiter ici.
		</src>
		<tgt system="rbmt3">
			I fear that we enter there in a debate of bottom that we do not have time of treating here.
		</tgt>
		<tgt system="limsi">
			I am afraid that we adopt here in a substantive debate that we do not have time to deal with here.
		</tgt>
		<ref>
			?
		</ref>
	</judgedsentence>
	<judgedsentence id="1752" langsrc="fr" langtgt="en" rank="0" src-length="41" src-long="1" src-short="0" src-toolong="0" testset="test2008">
		<src>
			. Au-delà des effets d'annonce de bonnes intentions sur la stabilité, l'État de droit, la lutte contre la corruption, le rapport Oostlander n'est en fait qu'un vote de confiance à M. Poutine.
		</src>
		<tgt system="rbmt3">
			. Beyond the effects of announcement of good intentions on the stability, the constitutional state, the fight against the corruption, the relation Oostlander is in fact only a vote of confidence to Mr. Poutine.
		</tgt>
		<tgt system="uedin">
			. In addition an announcement of good intentions on stability, the rule of law, the fight against corruption, the Oostlander report does in fact that a vote of confidence to Mr Putin.
		</tgt>
		<ref>
			?
		</ref>
	</judgedsentence>
	<judgedsentence id="1752" langsrc="fr" langtgt="en" rank="-1" src-length="41" src-long="1" src-short="0" src-toolong="0" testset="test2008">
		<src>
			. Au-delà des effets d'annonce de bonnes intentions sur la stabilité, l'État de droit, la lutte contre la corruption, le rapport Oostlander n'est en fait qu'un vote de confiance à M. Poutine.
		</src>
		<tgt system="rbmt3">
			. Beyond the effects of announcement of good intentions on the stability, the constitutional state, the fight against the corruption, the relation Oostlander is in fact only a vote of confidence to Mr. Poutine.
		</tgt>
		<tgt system="limsi">
			. Beyond the effects of announcement of good intentions on stability, the rule of law, the fight against corruption, the Oostlander report is in fact a vote of confidence to Mr Putin.
		</tgt>
		<ref>
			?
		</ref>
	</judgedsentence>
	<judgedsentence id="1799" langsrc="fr" langtgt="en" rank="-1" src-length="38" src-long="1" src-short="0" src-toolong="0" testset="test2008">
		<src>
			En ce qui concerne la question de la responsabilité, je dirai simplement que le fonds actuel ne suffit pas à indemniser tous les dommages occasionnés par la marée noire de l'Erika.
		</src>
		<tgt system="rbmt3">
			In what concerns the question of the responsibility, I will say simply that the present fund does not suffice to indemnify everyone the damages occasioned by the oil slick of the Erika.
		</tgt>
		<tgt system="limsi">
			As regards the question of liability, I would simply say that the current fund is not enough to compensate all the damage caused by the oil slick of the Erika.
		</tgt>
		<ref>
			?
		</ref>
	</judgedsentence>
	<judgedsentence id="8" langsrc="fr" langtgt="en" rank="-1" src-length="26" src-long="1" src-short="0" src-toolong="0" testset="newstest2008">
		<src>
			L'inflation dans la zone euro a décollé a cause de l'augmentation rapide des prix de l'alimentation et de l'énergie.
		</src>
		<tgt system="rbmt3">
			The inflation in the euro zone has taken off has cause of the fast increase of the prices of the feeding and of the energy.
		</tgt>
		<tgt system="limsi">
			Inflation in the euro zone has soared due to the rapid rise in prices of food and energy.
		</tgt>
		<ref>
			?
		</ref>
	</judgedsentence>
	<judgedsentence id="8" langsrc="fr" langtgt="en" rank="1" src-length="26" src-long="1" src-short="0" src-toolong="0" testset="newstest2008">
		<src>
			L'inflation dans la zone euro a décollé a cause de l'augmentation rapide des prix de l'alimentation et de l'énergie.
		</src>
		<tgt system="rbmt3">
			The inflation in the euro zone has taken off has cause of the fast increase of the prices of the feeding and of the energy.
		</tgt>
		<tgt system="saar">
			Inflation in the euro zone has off because of the rapid rise in the price of food and energy.
		</tgt>
		<ref>
			?
		</ref>
	</judgedsentence>
	<judgedsentence id="58" langsrc="fr" langtgt="en" rank="1" src-length="36" src-long="1" src-short="0" src-toolong="0" testset="newstest2008">
		<src>
			Selon les indices, les fournisseurs de farine occupent une position plus forte que les fournisseurs d'oeufs car ils ont réussi a faire accepter l'augmentation brutale des prix également par les multinationales.
		</src>
		<tgt system="rbmt3">
			According to the clues, the purveyors of flour occupy a stronger position than the purveyors of eggs because they have succeeded has to make to accept the brutal increase of the prices also by the multinationals.
		</tgt>
		<tgt system="saar">
			According to indications, flour suppliers are in a stronger position than the egg suppliers because they succeeded in winning the sharp rise in prices by the multinationals.
		</tgt>
		<ref>
			?
		</ref>
	</judgedsentence>
	<judgedsentence id="61" langsrc="fr" langtgt="en" rank="-1" src-length="17" src-long="0" src-short="0" src-toolong="0" testset="newstest2008">
		<src>
			Ils achetent tout en quantité, ils prennent les aliments de longue conservation par palettes.
		</src>
		<tgt system="rbmt3">
			Them achetent everything in quantity, they take the foods of long conservation by palettes.
		</tgt>
		<tgt system="uedin">
			They achetent whilst quantity, they take the food of long pellets conservation by.
		</tgt>
		<ref>
			?
		</ref>
	</judgedsentence>
	<judgedsentence id="151" langsrc="fr" langtgt="en" rank="1" src-length="32" src-long="1" src-short="0" src-toolong="0" testset="newstest2008">
		<src>
			En ce moment, de vives discussions sont menées a ce sujet entre les pays en voie de développement et les pays développés.
		</src>
		<tgt system="rbmt3">
			At the moment, lively discussions are led has this subject between the developping countries and the developed countries.
		</tgt>
		<tgt system="limsi">
			Currently, lively discussions are conducted has this subject between developing and developed countries.
		</tgt>
		<ref>
			?
		</ref>
	</judgedsentence>
	<judgedsentence id="158" langsrc="fr" langtgt="en" rank="1" src-length="110" src-long="1" src-short="0" src-toolong="1" testset="newstest2008">
		<src>
			Le ministre a expliqué que l'UE s'engageait a réduire avant 2020 ses émissions de gaz a effet de serre de 20 pour cent par rapport au niveau atteint en 1990, indépendamment de la réussite de la signature de l'«Accord d'apres 2012», et elle était prete a les réduire jusqu'a 30 pour cent si les autres grandes régions du monde et/ou les pays en voie de développement étaient prets également a prendre des engagements adaptés a leur responsabilité et a leurs capacités.
		</src>
		<tgt system="rbmt3">
			The minister has explained that the EU started has to reduce before 2020 his programs of gas has greenhouse effect of 20 percent in relation to the level reached in 1990, independently of the success of the signature of the «agreement of apres 2012», and it was prete has to reduce them up to has 30 percent if the other great regions of the world and/or the developping countries were prets also has to take adapted commitments has their responsibility and has their capacities.
		</tgt>
		<tgt system="limsi">
			The minister explained that the EU has committed before 2020 reduce gas emissions of greenhouse gases has 20 % from the levels reached in 1990, regardless of the success of the signing of the Agreement &quot;after 2012&quot;, and it was prete has cut up has 30 % if the other large parts of the world and / or developing countries were also has Prets commitments has adapted their responsibility and their capabilities.
		</tgt>
		<ref>
			?
		</ref>
	</judgedsentence>
	<judgedsentence id="275" langsrc="fr" langtgt="en" rank="-1" src-length="37" src-long="1" src-short="0" src-toolong="0" testset="newstest2008">
		<src>
			Elle ne vaut pas cependant pour les sociétés de services, les institutions tournant sans interruption et en service, de par leur vocation, et aussi pour les jours de repos.
		</src>
		<tgt system="rbmt3">
			It is not worth however for the service companies, the institutions turning without break and in operation, throughout their vocation, and also for the rest days.
		</tgt>
		<tgt system="uedin">
			It is not, however, of the societies of services, the institutions turning point without interruption and service, by their vocation, and also for the rest days.
		</tgt>
		<ref>
			?
		</ref>
	</judgedsentence>
	<judgedsentence id="299" langsrc="fr" langtgt="en" rank="1" src-length="8" src-long="0" src-short="1" src-toolong="0" testset="newstest2008">
		<src>
			Qui a fait quoi, avec qui?
		</src>
		<tgt system="rbmt3">
			Who has made that, with whom?
		</tgt>
		<tgt system="uedin">
			Who does what, with whom?
		</tgt>
		<ref>
			?
		</ref>
	</judgedsentence>
	<judgedsentence id="308" langsrc="fr" langtgt="en" rank="1" src-length="9" src-long="0" src-short="1" src-toolong="0" testset="newstest2008">
		<src>
			Fredonnement, ricanement, téléphone
		</src>
		<tgt system="rbmt3">
			Humming, snigger, phones
		</tgt>
		<tgt system="limsi">
			Fredonnement sneer, telephone,
		</tgt>
		<ref>
			?
		</ref>
	</judgedsentence>
	<judgedsentence id="508" langsrc="fr" langtgt="en" rank="-1" src-length="59" src-long="1" src-short="0" src-toolong="1" testset="newstest2008">
		<src>
			&quot;Cette démarche tend à régler les problèmes majeurs de l'économie, à savoir le manque croissant de capitaux libres que les banques pourraient prêter&quot;, écrit dans son rapport aux clients Bernard Baumohl de la société de conseil Economic Outlook Group.
		</src>
		<tgt system="rbmt3">
			&quot;This move tends to settle the major problems of the economics, that is to say the increasing lack of free capitals that the banks could lend&quot;, writes in his relation to the customers Bernard Baumohl of the society of advice Economic Outlook Group.
		</tgt>
		<tgt system="saar">
			&quot;It tends to regulate the major problems of the economy, namely the increasing lack of free capital that banks could lend ', writes in his report to the baumohl Bernard customers of the Economic Council group.
		</tgt>
		<ref>
			?
		</ref>
	</judgedsentence>
	<judgedsentence id="608" langsrc="fr" langtgt="en" rank="-1" src-length="15" src-long="0" src-short="0" src-toolong="0" testset="newstest2008">
		<src>
			Polívka n'était pas présent à l'audience d'aujourd'hui.
		</src>
		<tgt system="rbmt3">
			Polívka was not present to the audience of today.
		</tgt>
		<tgt system="limsi">
			Polívka was not present at the hearing today.
		</tgt>
		<ref>
			?
		</ref>
	</judgedsentence>
	<judgedsentence id="608" langsrc="fr" langtgt="en" rank="0" src-length="15" src-long="0" src-short="0" src-toolong="0" testset="newstest2008">
		<src>
			Polívka n'était pas présent à l'audience d'aujourd'hui.
		</src>
		<tgt system="rbmt3">
			Polívka was not present to the audience of today.
		</tgt>
		<tgt system="saar">
			Polívka was not present at today's sitting.
		</tgt>
		<ref>
			?
		</ref>
	</judgedsentence>
	<judgedsentence id="618" langsrc="fr" langtgt="en" rank="1" src-length="3" src-long="0" src-short="1" src-toolong="0" testset="newstest2008">
		<src>
			Un business lucratif
		</src>
		<tgt system="rbmt3">
			A lucrative business
		</tgt>
		<tgt system="saar">
			A lucrative business
		</tgt>
		<ref>
			?
		</ref>
	</judgedsentence>
	<judgedsentence id="658" langsrc="fr" langtgt="en" rank="-1" src-length="20" src-long="0" src-short="0" src-toolong="0" testset="newstest2008">
		<src>
			Les espaces aveugles sont munis d'élastiques d'arrêt qui constituent un compromis idéal.
		</src>
		<tgt system="rbmt3">
			The blind spaces are provided with elastics of stopping that constitute an ideal compromise.
		</tgt>
		<tgt system="limsi">
			Blind spaces are equipped with elastic Warrant which are ideal.
		</tgt>
		<ref>
			?
		</ref>
	</judgedsentence>
	<judgedsentence id="708" langsrc="fr" langtgt="en" rank="-1" src-length="32" src-long="1" src-short="0" src-toolong="0" testset="newstest2008">
		<src>
			La Havane est devenue le dépôt et le lieu de transbordement des trésors que les Espagnols avaient volés et qu'ils transportaient en Europe.
		</src>
		<tgt system="rbmt3">
			Havana has become the deposit and the place of transfer of the treasures that the Spanish had stolen and that they transported in Europe.
		</tgt>
		<tgt system="saar">
			Havana became store to transfer the treasures the Spaniards had stolen and transported in Europe.
		</tgt>
		<ref>
			?
		</ref>
	</judgedsentence>
	<judgedsentence id="837" langsrc="fr" langtgt="en" rank="-1" src-length="41" src-long="1" src-short="0" src-toolong="0" testset="newstest2008">
		<src>
			«On ne prévoit pas de violence dans l'immédiat mais nous entrons dans une période très difficile», a-t-il ajouté, relevant que des «tensions évidentes existent».
		</src>
		<tgt system="rbmt3">
			«One does not foresee violence in the immediate one but we go in a very difficult period», it has added, raising that «evident tensions exist».
		</tgt>
		<tgt system="saar">
			&quot;We do not envisage violence in the immediate future but we enter a very difficult period, he added, raising that&quot; obvious tensions exist.
		</tgt>
		<ref>
			?
		</ref>
	</judgedsentence>
	<judgedsentence id="858" langsrc="fr" langtgt="en" rank="-1" src-length="33" src-long="1" src-short="0" src-toolong="0" testset="newstest2008">
		<src>
			«Seule une solution au sein du Conseil de sécurité est acceptable pour la Serbie», avait déclaré le Premier ministre serbe, Vojislav Kostunica.
		</src>
		<tgt system="rbmt3">
			«Only a solution within the Security Council is satisfactory for Serbia», had declared the Serbian Prime Minister, Vojislav Kostunica.
		</tgt>
		<tgt system="uedin">
			‘ Only a solution in the Security Council is acceptable to Serbia ’, said the Serbian Prime Minister, Mr Vojislav Kostuníca.
		</tgt>
		<ref>
			?
		</ref>
	</judgedsentence>
	<judgedsentence id="869" langsrc="fr" langtgt="en" rank="1" src-length="76" src-long="1" src-short="0" src-toolong="1" testset="newstest2008">
		<src>
			Prenant la parole après le président américain, Abbas a insisté pour que les négociations à venir soient &quot;globales et approfondies&quot; et portent sur tous les aspects d'un règlement, citant &quot;Jérusalem, les réfugiés, les frontières, les colonies, l'eau, la sécurité, entre autres&quot;.
		</src>
		<tgt system="rbmt3">
			Taking the word after the American president, Abbas has insisted so that the negotiations to come are &quot;globales and deepened&quot; and carry &quot;the borders, the colonies,&quot; on all the aspects of some regulations, quoting &quot;Jerusalem, the refugees, the water, the safety, between others&quot;.
		</tgt>
		<tgt system="saar">
			Speaking after the American President Abbas, insisted that future negotiations are &quot;global and deepened and concern all aspects of regulations, quoting&quot; Jerusalem, borders, refugees, colonies, water, security, among others.
		</tgt>
		<ref>
			?
		</ref>
	</judgedsentence>
	<judgedsentence id="1000" langsrc="fr" langtgt="en" rank="-1" src-length="42" src-long="1" src-short="0" src-toolong="0" testset="newstest2008">
		<src>
			Après plus de 60 ans de confidentialité, les archives nazies de Bad Arolsen, qui retracent les destins de 17,5 millions de victimes du régime hitlérien, sont en accès libre.
		</src>
		<tgt system="rbmt3">
			After more than 60 years of confidentiality, the Nazi archives of Bad Arolsen, which relate the fates of 17,5 million victims of the hitlérien system, are in free access.
		</tgt>
		<tgt system="saar">
			After more than 60 years of confidentiality, the Nazi archives of bad arolsen, which relate to the fates of 17.5 million victims of the system, are free access.
		</tgt>
		<ref>
			?
		</ref>
	</judgedsentence>
	<judgedsentence id="1043" langsrc="fr" langtgt="en" rank="-1" src-length="28" src-long="1" src-short="0" src-toolong="0" testset="newstest2008">
		<src>
			Le festival devrait se tenir du 8 au 10 août sur une ferme privée de 500 acres à environ 40 minutes de Philadelphie.
		</src>
		<tgt system="rbmt3">
			The festival should be had from 8 on August 10th on a farmhouse deprived of 500 acres at about 40 minutes of Philadelphie.
		</tgt>
		<tgt system="limsi">
			The festival will be held from 8 to 10 August on a private firm 500 acres to about 40 minutes of Philadelphia.
		</tgt>
		<ref>
			?
		</ref>
	</judgedsentence>
	<judgedsentence id="1058" langsrc="fr" langtgt="en" rank="1" src-length="15" src-long="0" src-short="0" src-toolong="0" testset="newstest2008">
		<src>
			Vineland est à peu près à mi-chemin entre Philadelphie et Atlantic City.
		</src>
		<tgt system="rbmt3">
			Vineland is more or less halfway between Philadelphie andAtlantic City.
		</tgt>
		<tgt system="saar">
			Vineland is almost halfway between Philadelphia and Atlantic City.
		</tgt>
		<ref>
			?
		</ref>
	</judgedsentence>
	<judgedsentence id="1096" langsrc="fr" langtgt="en" rank="0" src-length="9" src-long="0" src-short="1" src-toolong="0" testset="newstest2008">
		<src>
			L'analyste espère que celles-ci seront positives.
		</src>
		<tgt system="rbmt3">
			The analyst hopes that these will be positive.
		</tgt>
		<tgt system="limsi">
			Analyst hope that they will be positive.
		</tgt>
		<ref>
			?
		</ref>
	</judgedsentence>
	<judgedsentence id="1131" langsrc="fr" langtgt="en" rank="1" src-length="36" src-long="1" src-short="0" src-toolong="0" testset="newstest2008">
		<src>
			Dans ces agences de PopularMax ils ne copieront pas le modèle de la BBVA, où plusieurs de ses agences disposent d'un grand éventail de produits non financiers pour sa vente.
		</src>
		<tgt system="rbmt3">
			In these agencies of PopularMax they will not copy the model of the BBVA, where several of his agencies have a great fan of not financial products for his sale.
		</tgt>
		<tgt system="limsi">
			In these agencies of PopularMax they do not copieront the model of BBVA, where several of its agencies have a wide range of financial products not for its sale.
		</tgt>
		<ref>
			?
		</ref>
	</judgedsentence>
	<judgedsentence id="1144" langsrc="fr" langtgt="en" rank="-1" src-length="21" src-long="0" src-short="0" src-toolong="0" testset="newstest2008">
		<src>
			Selon Vasile, la comparaison avec Antenne 3 est du au fait que ' nous parlons de deux entreprises similaires.
		</src>
		<tgt system="rbmt3">
			According to Vasile, the comparison with Antenna 3 is of the by the way only 'we speak of two similar firms.
		</tgt>
		<tgt system="saar">
			According to Vasile, with antenna 3 is that 'we speak of two similar.
		</tgt>
		<ref>
			?
		</ref>
	</judgedsentence>
	<judgedsentence id="1148" langsrc="fr" langtgt="en" rank="0" src-length="54" src-long="1" src-short="0" src-toolong="1" testset="newstest2008">
		<src>
			Pour sa part, la facturation nette d'Antenne 3 a augmenté de 1,6 % dans les neuf premiers mois de l'exercice (jusqu'à atteindre les 734,4 millions) tandis que les revenus nets de la télévision ont augmenté de 0,7 % (630,4 millions).
		</src>
		<tgt system="rbmt3">
			For his part, the net invoicing of Antenna 3 has increased in 1,6 % in the nine first months of the exercise (up to reaching the 734,4 million) while the net earnings of the television have increased in 0,7 % (630,4 million).
		</tgt>
		<tgt system="limsi">
			For its part, billing net Antenne 3 rose 1.6 % in the first nine months of the year (up to achieve the 734,4 million) while net income of television have risen 0.7 % (630,4 million).
		</tgt>
		<ref>
			?
		</ref>
	</judgedsentence>
	<judgedsentence id="1158" langsrc="fr" langtgt="en" rank="1" src-length="2" src-long="0" src-short="1" src-toolong="0" testset="newstest2008">
		<src>
			1.
		</src>
		<tgt system="rbmt3">
			1.
		</tgt>
		<tgt system="limsi">
			1.
		</tgt>
		<ref>
			?
		</ref>
	</judgedsentence>
	<judgedsentence id="1168" langsrc="fr" langtgt="en" rank="-1" src-length="90" src-long="1" src-short="0" src-toolong="1" testset="newstest2008">
		<src>
			La nouvelle réglementation permettra de prêter des services de consultation financière aussi bien à des raisons sociales spécialisées que à des personnes physiques ou juridiques et crée un nouveau type de services financiers (ESIS), les sociétés de consultation financière (AFI), qui fusionnent aux sociétés de valeurs, les agences de valeurs et aux sociétés gestionnaires de portefeuille.
		</src>
		<tgt system="rbmt3">
			The new rules will allow lending consulting services financial as well to specialized corporate names as to natural persons or legal and creates a new type of financial services (ESIS), the societies of financial consultation (AFI), that merge to the societies of values, the agencies of values and to the administrative societies of wallet.
		</tgt>
		<tgt system="saar">
			The new regulation will lend financial services as well to social specialized reasons as to natural or legal persons and creates a new type of financial services (esis), the societies of financial consultation (afi), the fire of values, the values of agencies and managers of companies wallet.
		</tgt>
		<ref>
			?
		</ref>
	</judgedsentence>
	<judgedsentence id="1172" langsrc="fr" langtgt="en" rank="1" src-length="72" src-long="1" src-short="0" src-toolong="1" testset="newstest2008">
		<src>
			De plus, ils ont profité de la transposition de la direction a profité pour délimiter légalement les fonctions que les diplômés en Economie peuvent avoir 30 ans après qu'en 1977, a été approuvé, le décret royal qui délimite les fonctions professionnelles réservées aux économistes.
		</src>
		<tgt system="rbmt3">
			Furthermore, they have benefited transposition of the direction has benefited to define legally the duties that the holders of a diploma in Economics can have 30 years after in 1977, has been approved, the royal decree that defines the professional duties reserved to the economists.
		</tgt>
		<tgt system="saar">
			Furthermore, they have benefited transposition of used to define legally functions that graduates economy can be 30 years in 1977, was approved, the Royal Decree which defines the professional duties with economists.
		</tgt>
		<ref>
			?
		</ref>
	</judgedsentence>
	<judgedsentence id="1206" langsrc="fr" langtgt="en" rank="1" src-length="62" src-long="1" src-short="0" src-toolong="1" testset="newstest2008">
		<src>
			De plus, il a fait remarqué que, même si les citoyens savent déjà qui sera le vice-président économique si le parti socialiste espagnol gagne les élections, son parti a voulu annoncer celui qui présidera le Congrès, dans un &quot;acte de transparence&quot;.
		</src>
		<tgt system="rbmt3">
			Furthermore, it has been noticed that, even if the citizens know already who will be the economic vice-president if the Spanish socialist party wins the elections, his party has wanted to announce the one that will preside over the Conference, in an &quot;act of transparency&quot;.
		</tgt>
		<tgt system="limsi">
			Moreover, he pointed out that even if people already know who will be Vice Economic if the Spanish Socialist party wins the elections, his party wanted to announce who will chair the Congress, in an &quot;act of transparency.&quot;
		</tgt>
		<ref>
			?
		</ref>
	</judgedsentence>
	<judgedsentence id="1208" langsrc="fr" langtgt="en" rank="-1" src-length="47" src-long="1" src-short="0" src-toolong="0" testset="newstest2008">
		<src>
			&quot;Parfois il semble lamentablement que l'unique local de Madrid où on ne peut pas parler tranquillement et calmement est le Congrès, le président du Gouvernement au Sénat dans certaines occasions a éte interrompu 26 fois&quot;.
		</src>
		<tgt system="rbmt3">
			&quot;Sometimes it seems pathetically that the unique place of Madrid where one can not speak quietly and quietly is the Conference, the president of the Government to the Senate in some occasions has éte interrupted 26 times&quot;.
		</tgt>
		<tgt system="saar">
			&quot;sometimes it seems so that the only place in Madrid where one cannot speak calmly and quietly, the President of the Senate on some occasions has éte interrupted 26 times.
		</tgt>
		<ref>
			?
		</ref>
	</judgedsentence>
	<judgedsentence id="1231" langsrc="fr" langtgt="en" rank="-1" src-length="39" src-long="1" src-short="0" src-toolong="0" testset="newstest2008">
		<src>
			De plus, deux autres personnes n'ont pas été arrêtées mais elles sont imputées dans l'enquête judiciare, que le Tribunal numéro 1 de Totana instruit.
		</src>
		<tgt system="rbmt3">
			Furthermore, two other people have not been stopped but they are imputed in the judiciare inquiry, which the Court number 1 of Totana educates.
		</tgt>
		<tgt system="saar">
			Furthermore, two other people have not stopped but they are charged in the investigation, which the Court's of educated.
		</tgt>
		<ref>
			?
		</ref>
	</judgedsentence>
	<judgedsentence id="1254" langsrc="fr" langtgt="en" rank="1" src-length="24" src-long="0" src-short="0" src-toolong="0" testset="newstest2008">
		<src>
			A. Le téléchargement d'une chanson serait un délit passible d'une peine de six mois à un an.
		</src>
		<tgt system="rbmt3">
			A. The downloading of a song would be an offense liable to a grief of six months at a year.
		</tgt>
		<tgt system="limsi">
			A. The download a song would be a crime punishable by a sentence of six months to a year.
		</tgt>
		<ref>
			?
		</ref>
	</judgedsentence>
	<judgedsentence id="1258" langsrc="fr" langtgt="en" rank="0" src-length="20" src-long="0" src-short="0" src-toolong="0" testset="newstest2008">
		<src>
			D. Il est moins grave de participer à une bagarre que de participer à le trafic de compacts discs.
		</src>
		<tgt system="rbmt3">
			D. It is less serious to participate in a fight than of participating to the traffic of dense discs.
		</tgt>
		<tgt system="limsi">
			D. It is less serious to participate in a fight that participate in the trafficking of United discs.
		</tgt>
		<ref>
			?
		</ref>
	</judgedsentence>
	<judgedsentence id="1262" langsrc="fr" langtgt="en" rank="1" src-length="37" src-long="1" src-short="0" src-toolong="0" testset="newstest2008">
		<src>
			F. La distribution de films protégés par le copyright et sans autorisation des auteurs est plus punie que la distribution de matériel pornographique à des mineurs (article 186).
		</src>
		<tgt system="rbmt3">
			F. The distribution of films protected by the copyright and without authorization of the authors is punished for pornographic material to minors (article 186) more than the distribution is.
		</tgt>
		<tgt system="saar">
			The distribution of films F protected by copyright and approval of the authors is punished as distribution of pornographic material to minors (article 186).
		</tgt>
		<ref>
			?
		</ref>
	</judgedsentence>
	<judgedsentence id="1307" langsrc="fr" langtgt="en" rank="1" src-length="41" src-long="1" src-short="0" src-toolong="0" testset="newstest2008">
		<src>
			Cependant, si le client est marié mais n'a pas encore d'enfants il est préférable qu'il négocie une assurance à tout risque, du momento que sa situation économique le lui permet.
		</src>
		<tgt system="rbmt3">
			However, if the customer is married but he does not have still children it it is preferable that he negotiates an assurance to every risk, of the momento that his economic situation allows him it.
		</tgt>
		<tgt system="uedin">
			However, if the customer is married but has not yet children it is better that it is negotiating an insurance to any risk, momento that its economic situation allows us to do so.
		</tgt>
		<ref>
			?
		</ref>
	</judgedsentence>
	<judgedsentence id="1367" langsrc="fr" langtgt="en" rank="-1" src-length="36" src-long="1" src-short="0" src-toolong="0" testset="newstest2008">
		<src>
			« Bien que nous ayons découvert que certains renseignements concernant le personnel ont bien été vérifiés, cela n'est fait à chaque fois. » annonce le rapport.
		</src>
		<tgt system="rbmt3">
			«Although we have discovered that some information regarding the staff have well been verified, that is not made to every time. Announce the relation.
		</tgt>
		<tgt system="saar">
			&quot;although we discovered that some information regarding the staff have been proved, it is made each time announce the report.
		</tgt>
		<ref>
			?
		</ref>
	</judgedsentence>
	<judgedsentence id="1374" langsrc="fr" langtgt="en" rank="1" src-length="17" src-long="0" src-short="0" src-toolong="0" testset="newstest2008">
		<src>
			Ces contrôles sont effectués sur passeport, permis de travail et qualifications.
		</src>
		<tgt system="rbmt3">
			These controls are carried out on passport, license of work and qualifications.
		</tgt>
		<tgt system="uedin">
			These controls are carried out on passport, work permit and qualifications.
		</tgt>
		<ref>
			?
		</ref>
	</judgedsentence>
	<judgedsentence id="1400" langsrc="fr" langtgt="en" rank="-1" src-length="29" src-long="1" src-short="0" src-toolong="0" testset="newstest2008">
		<src>
			Les sympathisants d'Al Qaeda ont mis en scène une campagne contre la monarchie alliée aux Etats-Unis depuis 2003, suite à l'invasion de l'Iraq.
		</src>
		<tgt system="rbmt3">
			The sympathizers of Al Qaeda have directed a campaign against the monarchy allied to the United States for 2003, with reference to the invasion of the Iraq.
		</tgt>
		<tgt system="saar">
			The supporters of Al Qaeda presented a campaign against the monarchy since 2003, following the invasion of Iraq.
		</tgt>
		<ref>
			?
		</ref>
	</judgedsentence>
	<judgedsentence id="1408" langsrc="fr" langtgt="en" rank="0" src-length="57" src-long="1" src-short="0" src-toolong="1" testset="newstest2008">
		<src>
			Les militants, encouragés par les appels lancés contre le gouvernement saoudite pro occident, par Osama Bin Laden, leader d'Al Qaeda d'origine saoudite, ont ciblé des zones résidentielles étrangères, des immeubles du gouvernement et des sites de fourniture d'énergie.
		</src>
		<tgt system="rbmt3">
			The militants, encouraged by the calls launched against the saoudite government pro the west, by Osama Bin Laden, leader of Al Qaeda of saoudite origin, have targeted foreign residential areas, buildings of the government and sites of supply of energy.
		</tgt>
		<tgt system="uedin">
			The activists, encouraged by appeals against the government Arabia pro West, by Osama Bin Laden, leader of Al Qaeda of origin Arabia, have focussed residential areas, government buildings and sites of energy supply.
		</tgt>
		<ref>
			?
		</ref>
	</judgedsentence>
	<judgedsentence id="1497" langsrc="fr" langtgt="en" rank="1" src-length="23" src-long="0" src-short="0" src-toolong="0" testset="newstest2008">
		<src>
			Quand il y a du sang dans l'eau, il est normal de voir des nageoires attisées, tourbillonner autour.
		</src>
		<tgt system="rbmt3">
			When there is blood in the water, it is normal to see fins be kindled, to whirl goshawk.
		</tgt>
		<tgt system="limsi">
			When there is blood in the water, it is normal to see the fins, tourbillonner artificially induced around.
		</tgt>
		<ref>
			?
		</ref>
	</judgedsentence>
	<judgedsentence id="1558" langsrc="fr" langtgt="en" rank="-1" src-length="81" src-long="1" src-short="0" src-toolong="1" testset="newstest2008">
		<src>
			« Nous avons vécu la même chose dans les années 1890, quand certains américains sont devenus si riches et sont débarqués en Europe où on les considérait comme matérialistes ». a déclaré Marshall Goldman, un érudit sénior du département Davis d'études russes et eurasiennes à l'université d'Harvard ».
		</src>
		<tgt system="rbmt3">
			«We have lived the same thing in the years 1890, when some American have become so rich and when some American are unloaded in Europe where one considered them as materialists». has declared Marshall Goldman, one erudite sénior of the department Davis of Russian studies and eurasiennes to the university of Harvard».
		</tgt>
		<tgt system="saar">
			&quot;We have seen the same thing in the years, when certain American became so rich and are landed in Europe where they regarded as materialist.&quot; declared a Marshall goldman learned of the Davis department of Russian and at Harvard University.
		</tgt>
		<ref>
			?
		</ref>
	</judgedsentence>
	<judgedsentence id="1645" langsrc="fr" langtgt="en" rank="1" src-length="10" src-long="0" src-short="0" src-toolong="0" testset="newstest2008">
		<src>
			Est le bon moment pour faire émerger Bopara?
		</src>
		<tgt system="rbmt3">
			The good moment is to make Bopara emerge?
		</tgt>
		<tgt system="limsi">
			Is the right time to emerge Bopara?
		</tgt>
		<ref>
			?
		</ref>
	</judgedsentence>
	<judgedsentence id="1654" langsrc="fr" langtgt="en" rank="0" src-length="39" src-long="1" src-short="0" src-toolong="0" testset="newstest2008">
		<src>
			Chris Tremlett n'a pris que 29 à la même moyenne, mais tous deux ont déjà vécu leur moment de gloire au plus grand niveau et espèrent offrir encore.
		</src>
		<tgt system="rbmt3">
			Chris Tremlett has taken only 29 to the same average, but everyone two already have lived their moment of glory at the greatest level and hope still to offer.
		</tgt>
		<tgt system="saar">
			Chris tremlett took that 29 to the same, but both of them already glory moment to the level and to offer hope.
		</tgt>
		<ref>
			?
		</ref>
	</judgedsentence>
	<judgedsentence id="1658" langsrc="fr" langtgt="en" rank="0" src-length="52" src-long="1" src-short="0" src-toolong="1" testset="newstest2008">
		<src>
			La probabilité prévoit que Graveney, Vaughan, et Moores, suite à une autre discussion après la session d'aujourd'hui au stade Asgiriya, suivront certainement leurs instincts conservateurs et favoriseront la plus grande expérience de Shah contre l'exubérance du jeune Bopara.
		</src>
		<tgt system="rbmt3">
			The probability foresees that Graveney, Vaughan, and Moores, with reference to another discussion after the session of today at the stadium Asgiriya, will probably follow their conservative instincts and will favor the greatest experience of Shah against the exuberance of the teenager Bopara.
		</tgt>
		<tgt system="limsi">
			The likelihood is that Graveney, Vaughan, and Moores, following another discussion after today's session at the Asgiriya stage, will certainly their conservative instincts and favour the greatest experience of Shah against the exuberance of the young Bopara.
		</tgt>
		<ref>
			?
		</ref>
	</judgedsentence>
	<judgedsentence id="1659" langsrc="fr" langtgt="en" rank="-1" src-length="7" src-long="0" src-short="1" src-toolong="0" testset="newstest2008">
		<src>
			Les deux ont de bons arguments.
		</src>
		<tgt system="rbmt3">
			The two of them have good arguments.
		</tgt>
		<tgt system="limsi">
			The two have good arguments.
		</tgt>
		<ref>
			?
		</ref>
	</judgedsentence>
	<judgedsentence id="1662" langsrc="fr" langtgt="en" rank="1" src-length="14" src-long="0" src-short="0" src-toolong="0" testset="newstest2008">
		<src>
			Contrairement à lui, le joueur d'Essex est plein de joie de vivre.
		</src>
		<tgt system="rbmt3">
			Contrary to it, the player d'Essex is full of joy ofliving.
		</tgt>
		<tgt system="uedin">
			Unlike him, the player of Essex is full of joy to live.
		</tgt>
		<ref>
			?
		</ref>
	</judgedsentence>
	<judgedsentence id="1808" langsrc="fr" langtgt="en" rank="1" src-length="26" src-long="1" src-short="0" src-toolong="0" testset="newstest2008">
		<src>
			Dans la nuit de mardi, près de 80 policiers ont été blessés lors des émeutes à Villiers-le-Bel.
		</src>
		<tgt system="rbmt3">
			In the night of Tuesday, nearly 80 policemen have been hurt during the riots in Villiers-le-Bel.
		</tgt>
		<tgt system="limsi">
			In the night of Tuesday, nearly 80 policemen were injured in the riots to Villiers-le-Bel.
		</tgt>
		<ref>
			?
		</ref>
	</judgedsentence>
	<judgedsentence id="1851" langsrc="fr" langtgt="en" rank="-1" src-length="33" src-long="1" src-short="0" src-toolong="0" testset="newstest2008">
		<src>
			Mercredi il avait transmis sa charge de chef des armées à son confident Ashfaq Kiyani et s'etait ainsi plié à la pression internationale, notamment celle des États-Unis.
		</src>
		<tgt system="rbmt3">
			Wednesday it had passed on his load of leader of the armies to his confidant Ashfaq Kiyani and him etait thus forced into the international pressure, notably that of the United States.
		</tgt>
		<tgt system="saar">
			Wednesday it was transmitted its load of Commander his intimate ashfaq kiyani and thus forced to international pressure, in particular that of the United States.
		</tgt>
		<ref>
			?
		</ref>
	</judgedsentence>
	<judgedsentence id="1858" langsrc="fr" langtgt="en" rank="-1" src-length="29" src-long="1" src-short="0" src-toolong="0" testset="newstest2008">
		<src>
			Selon les indications du porte-parole de l'armée, une bombe a explosé dans une rue près de la frontière de l'Afghanistan.
		</src>
		<tgt system="rbmt3">
			According to the indications of the spokesperson of the army, a bomb has exploded in a street close to the border of Afghanistan.
		</tgt>
		<tgt system="saar">
			According to the Speaker of the army, a bomb exploded in a street near the border of Afghanistan.
		</tgt>
		<ref>
			?
		</ref>
	</judgedsentence>
	<judgedsentence id="1980" langsrc="fr" langtgt="en" rank="0" src-length="33" src-long="1" src-short="0" src-toolong="0" testset="newstest2008">
		<src>
			Là-bas, Von Beust aurait qualifié la candidature de Hambourg aux Universiades de 2015 comme n'étant &quot;pas un substitut&quot; aux Jeux olympiques à Hambourg.
		</src>
		<tgt system="rbmt3">
			Over there, Von Beust would have qualified the candidacy of Hamburg to the Universiades of 2015 as &quot;not being a substitute&quot; to the Olympic Games in Hamburg.
		</tgt>
		<tgt system="limsi">
			Von Beust, there would have described the candidacy of Hamburg to Universiades by 2015 as &quot;not a substitute&quot; the Olympic Games in Hamburg.
		</tgt>
		<ref>
			?
		</ref>
	</judgedsentence>
	<judgedsentence id="1999" langsrc="fr" langtgt="en" rank="-1" src-length="18" src-long="0" src-short="0" src-toolong="0" testset="newstest2008">
		<src>
			Certaines d'entre elles ont atteint dans les ventes aux enchères plus de 100 000 dollars.
		</src>
		<tgt system="rbmt3">
			Some among them have reached more than 100 000 dollars in the auctions.
		</tgt>
		<tgt system="limsi">
			Some of them have achieved in the auctions over 100 000 dollars.
		</tgt>
		<ref>
			?
		</ref>
	</judgedsentence>
	<judgedsentence id="13" langsrc="de" langtgt="en" rank="-1" src-length="11" src-long="0" src-short="0" src-toolong="0" testset="test2008">
		<src>
			Empfehlung für die zweite Lesung Piecyk (A5-0232/2000)
		</src>
		<tgt system="rbmt3">
			Recommendation for the second reading Piecyk (A5-0232/2000)
		</tgt>
		<tgt system="saar">
			Recommendation for second reading of the Piecyk report (A5-0232 / 2000)
		</tgt>
		<ref>
			?
		</ref>
	</judgedsentence>
	<judgedsentence id="67" langsrc="de" langtgt="en" rank="1" src-length="8" src-long="0" src-short="1" src-toolong="0" testset="test2008">
		<src>
			Lassen Sie mich auf einige Schwerpunkte eingehen.
		</src>
		<tgt system="rbmt3">
			Make me be come in onto some emphases.
		</tgt>
		<tgt system="liu">
			Let me turn to some of the main points.
		</tgt>
		<ref>
			?
		</ref>
	</judgedsentence>
	<judgedsentence id="146" langsrc="de" langtgt="en" rank="-1" src-length="17" src-long="0" src-short="0" src-toolong="0" testset="test2008">
		<src>
			Es waren langfristige Vorbereitungsmaßnahmen und oft langjährige Übergangs- und Sonderregelungen erforderlich.
		</src>
		<tgt system="rbmt3">
			Long-term preparation measures and often long-standing temporary and special regulations were necessary.
		</tgt>
		<tgt system="uedin">
			There were long-term preparatory measures and often long transitional and special arrangements.
		</tgt>
		<ref>
			?
		</ref>
	</judgedsentence>
	<judgedsentence id="225" langsrc="de" langtgt="en" rank="1" src-length="22" src-long="0" src-short="0" src-toolong="0" testset="test2008">
		<src>
			Für eine ganze Reihe von Bereichen bringt dies die Drosselung und schrittweise Einstellung von Aktivitäten mit sich.
		</src>
		<tgt system="rbmt3">
			For a whole series of fields this brings the restriction and step-by-step attitude from activities with themselves.
		</tgt>
		<tgt system="saar">
			For a whole series of areas of this brings the restriction and phasing out of activities.
		</tgt>
		<ref>
			?
		</ref>
	</judgedsentence>
	<judgedsentence id="304" langsrc="de" langtgt="en" rank="-1" src-length="27" src-long="1" src-short="0" src-toolong="0" testset="test2008">
		<src>
			Diese Empfehlung, die zwar einen Schritt in die richtige Richtung darstellt, weist gleichwohl zahlreiche Schwachstellen auf, die durch den Bericht Evans behoben werden.
		</src>
		<tgt system="rbmt3">
			This recommendation which indeed represents a step into the correct direction shows nevertheless numerous weak points which are repaired through the report Evans.
		</tgt>
		<tgt system="liu">
			This recommendation, which is a step in the right direction, however, there are a number of weaknesses in the Evans report, which will be corrected.
		</tgt>
		<ref>
			?
		</ref>
	</judgedsentence>
	<judgedsentence id="340" langsrc="de" langtgt="en" rank="-1" src-length="23" src-long="0" src-short="0" src-toolong="0" testset="test2008">
		<src>
			Herr Papoutsis hat bereits eine sehr wichtige Abteilung seines Ministeriums &quot;ausgebootet &quot;, die Aufsichtsbehörde für Handelsschiffe.
		</src>
		<tgt system="rbmt3">
			Already a very important department of his ministry has Mr Papoutsis &quot;ausgebootet&quot;, the inspectorate for merchant ships.
		</tgt>
		<tgt system="liu">
			Mr Papoutsis already has a very important department of his Ministry ausgebootet ',' the supervisory authority for commercial ships.
		</tgt>
		<ref>
			?
		</ref>
	</judgedsentence>
	<judgedsentence id="385" langsrc="de" langtgt="en" rank="1" src-length="42" src-long="1" src-short="0" src-toolong="0" testset="test2008">
		<src>
			Die elementare Sorge um das Allgemeininteresse sollte uns alle dazu veranlassen, dem Vorschlag zuzustimmen, Erwägungsgründe zur Beschäftigung in die heute ausschließlich wettbewerbspolitisch bestimmten Verordnungen und Entscheidungen zu Unternehmenszusammenschlüssen aufzunehmen.
		</src>
		<tgt system="rbmt3">
			The elementary worry around the general interest should lead us all to agreeing to the proposal to incorporate consideration reasons for the employment into the today exclusively specific competition-politically regulations and decisions to combinations.
		</tgt>
		<tgt system="uedin">
			The basic concern for the general interest should encourage us all to vote in favour of the proposal to include in the recitals to employment policy today only certain regulations and decisions on mergers.
		</tgt>
		<ref>
			?
		</ref>
	</judgedsentence>
	<judgedsentence id="404" langsrc="de" langtgt="en" rank="1" src-length="8" src-long="0" src-short="1" src-toolong="0" testset="test2008">
		<src>
			Das entspricht der Forderung nach mehr Transparenz.
		</src>
		<tgt system="rbmt3">
			That corresponds to the demand for more transparency.
		</tgt>
		<tgt system="saar">
			This is in line with the demand for more transparency.
		</tgt>
		<ref>
			?
		</ref>
	</judgedsentence>
	<judgedsentence id="404" langsrc="de" langtgt="en" rank="-1" src-length="8" src-long="0" src-short="1" src-toolong="0" testset="test2008">
		<src>
			Das entspricht der Forderung nach mehr Transparenz.
		</src>
		<tgt system="rbmt3">
			That corresponds to the demand for more transparency.
		</tgt>
		<tgt system="limsi">
			This is in line with the call for more transparency.
		</tgt>
		<ref>
			?
		</ref>
	</judgedsentence>
	<judgedsentence id="414" langsrc="de" langtgt="en" rank="-1" src-length="55" src-long="1" src-short="0" src-toolong="1" testset="test2008">
		<src>
			Herr Präsident, verehrte Kolleginnen und Kollegen! Im Namen des Ausschusses für Wirtschaft und Währung lege ich heute dem Plenum den Entschließungsantrag zu dem Bericht der Kommission über das einheitliche System des mittelfristigen finanziellen Beistands zur Stützung der Zahlungsbilanzen der Mitgliedstaaten vor.
		</src>
		<tgt system="rbmt3">
			Mr Präsident, admired colleagues and colleagues! On behalf of the committee for economy and currency I present today the resolution request to the plenum for the support of the balances of payments of the member states for the report of the commission about the homogeneous system of the medium-term financial assistance.
		</tgt>
		<tgt system="limsi">
			Mr President, ladies and gentlemen, on behalf of the Committee on Economic and Monetary Affairs, I would suggest to the House today the motion for a resolution on the Commission report on the single system of medium-term financial assistance for Member States' balances of payments.
		</tgt>
		<ref>
			?
		</ref>
	</judgedsentence>
	<judgedsentence id="446" langsrc="de" langtgt="en" rank="1" src-length="24" src-long="0" src-short="0" src-toolong="0" testset="test2008">
		<src>
			Wir sind eine Oppositionskraft, die meines Erachtens das Recht hat, andere Entschließungen zugunsten der Charta als die Mehrheit anzunehmen.
		</src>
		<tgt system="rbmt3">
			We are an opposition strength, that my opinion's the is right, to accept other resolutions for the benefit of the charter as the majority.
		</tgt>
		<tgt system="uedin">
			We are a Oppositionskraft which, in my opinion, has the right to adopt other resolutions in favour of the Charter as the majority.
		</tgt>
		<ref>
			?
		</ref>
	</judgedsentence>
	<judgedsentence id="454" langsrc="de" langtgt="en" rank="1" src-length="11" src-long="0" src-short="0" src-toolong="0" testset="test2008">
		<src>
			Wir sollten Ihn auf keinen Fall heute zerstören.
		</src>
		<tgt system="rbmt3">
			We should not destroy It in any case today.
		</tgt>
		<tgt system="liu">
			We should in any case destroy it today.
		</tgt>
		<ref>
			?
		</ref>
	</judgedsentence>
	<judgedsentence id="454" langsrc="de" langtgt="en" rank="-1" src-length="11" src-long="0" src-short="0" src-toolong="0" testset="test2008">
		<src>
			Wir sollten Ihn auf keinen Fall heute zerstören.
		</src>
		<tgt system="rbmt3">
			We should not destroy It in any case today.
		</tgt>
		<tgt system="limsi">
			We should, in any case, it today.
		</tgt>
		<ref>
			?
		</ref>
	</judgedsentence>
	<judgedsentence id="513" langsrc="de" langtgt="en" rank="-1" src-length="20" src-long="0" src-short="0" src-toolong="0" testset="test2008">
		<src>
			Ich persönlich habe sie nicht unterzeichnet, da ein oder zwei davon immer noch zu weit gehen.
		</src>
		<tgt system="rbmt3">
			I personally did not sign it since one or two go from that still too far.
		</tgt>
		<tgt system="liu">
			I personally have not signed it because one or two of them still to go too far.
		</tgt>
		<ref>
			?
		</ref>
	</judgedsentence>
	<judgedsentence id="527" langsrc="de" langtgt="en" rank="1" src-length="8" src-long="0" src-short="1" src-toolong="0" testset="test2008">
		<src>
			Anfrage Nr. 1 von (H-0709/00):
		</src>
		<tgt system="rbmt3">
			Inquiry no. 1 of (H-0709/00):
		</tgt>
		<tgt system="uedin">
			Question No 1 by (H-0709 / 00):
		</tgt>
		<ref>
			?
		</ref>
	</judgedsentence>
	<judgedsentence id="538" langsrc="de" langtgt="en" rank="1" src-length="65" src-long="1" src-short="0" src-toolong="1" testset="test2008">
		<src>
			Was nun Ihre an den Rat gerichtete Anfrage betrifft, d. h. die Idee einer Studie, so seien Sie versichert, dass ich sie mit großer Genugtuung dem Vorsitzenden des Ecofin-Rates übermitteln werde, der ebenfalls ein Minister der Regierung ist, was es vielleicht ermöglichen wird, dem Anliegen von Harlem Désir gerecht zu werden.
		</src>
		<tgt system="rbmt3">
			What now affects your inquiry directed onto the council, that is the idea of a study, so you are insured that I will send it to the chairperson of the Ecofin council that is also a minister of the government with great satisfaction, which maybe it will make possible the request to be raked from Harlem Désir.
		</tgt>
		<tgt system="saar">
			Turning now to your question to the Council concerns, i.e. the idea of a study, so you can be sure that it with great pleasure that I will pass on to the President of Ecofin, which also has a government minister, what is it may be, it will be possible to have the matter raised by Mr Désir.
		</tgt>
		<ref>
			?
		</ref>
	</judgedsentence>
	<judgedsentence id="554" langsrc="de" langtgt="en" rank="1" src-length="63" src-long="1" src-short="0" src-toolong="1" testset="test2008">
		<src>
			Serbiens Verantwortliche in Politik und Wirtschaft unterstreichen immer wieder, dass sie nicht abhängig werden wollen von unserer Hilfe, dass sie aber jetzt unsere Hilfe brauchen, um kurzfristig Not zu lindern, und dass sie dann Hilfe zur Selbsthilfe brauchen, um mittel- und langfristig soziale Marktwirtschaft einzuführen und auch notwendige Auslandsinvestitionen zu ermöglichen.
		</src>
		<tgt system="rbmt3">
			Serbia's persons responsible in politics and economy underline again and again that they do not want to become dependent from our help, that they, however, need our help now in order to ease need at short notice, and that they need help to the self-help then around mittel- and to introduce on a long-term basis social market economy and to facilitate also necessary foreign investments.
		</tgt>
		<tgt system="limsi">
			Serbia is responsible in politics and the economy we constantly stress that they do not want to be totally dependent on our help, but that they now need our help in order to alleviate the short term, and that they will need help to help themselves, in the medium and long term social market economy, and also to make the necessary investment.
		</tgt>
		<ref>
			?
		</ref>
	</judgedsentence>
	<judgedsentence id="561" langsrc="de" langtgt="en" rank="0" src-length="15" src-long="0" src-short="0" src-toolong="0" testset="test2008">
		<src>
			Untätig, müde und enttäuscht sind die Fischer.
		</src>
		<tgt system="rbmt3">
			The fishermen are inactive, tired and disappointed.
		</tgt>
		<tgt system="limsi">
			Tired and do nothing, are disappointed with the fishermen.
		</tgt>
		<ref>
			?
		</ref>
	</judgedsentence>
	<judgedsentence id="604" langsrc="de" langtgt="en" rank="-1" src-length="21" src-long="0" src-short="0" src-toolong="0" testset="test2008">
		<src>
			Deshalb benötigen wir diese Lebensmittelbehörde, und deshalb legen wir darauf zu Recht den erforderlichen Nachdruck.
		</src>
		<tgt system="rbmt3">
			Therefore we need this food authority, and therefore we put the necessary emphasis on that to right.
		</tgt>
		<tgt system="liu">
			That is why we need this Food Authority, and we have therefore proposed to the necessary emphasis.
		</tgt>
		<ref>
			?
		</ref>
	</judgedsentence>
	<judgedsentence id="654" langsrc="de" langtgt="en" rank="-1" src-length="10" src-long="0" src-short="0" src-toolong="0" testset="test2008">
		<src>
			Faktisch betreibt das Europäische Parlament eine Verschleppungstaktik.
		</src>
		<tgt system="rbmt3">
			Actually the European Parliament practices an abduction tactics.
		</tgt>
		<tgt system="saar">
			In fact the European Parliament operates delaying tactics.
		</tgt>
		<ref>
			?
		</ref>
	</judgedsentence>
	<judgedsentence id="695" langsrc="de" langtgt="en" rank="-1" src-length="25" src-long="0" src-short="0" src-toolong="0" testset="test2008">
		<src>
			Wie auch Frau Randzio-Plath bemerkte, können wir die Banken nicht mit politischen Entscheidungen zwingen, die Gebühren zu senken.
		</src>
		<tgt system="rbmt3">
			As also Ms Randzio-Plath noticed, we can not force the banks to lower the fees with political decisions.
		</tgt>
		<tgt system="saar">
			As Mrs Randzio-Plath said, can we not forcing banks with political decisions, to reduce the charges.
		</tgt>
		<ref>
			?
		</ref>
	</judgedsentence>
	<judgedsentence id="696" langsrc="de" langtgt="en" rank="-1" src-length="33" src-long="1" src-short="0" src-toolong="0" testset="test2008">
		<src>
			Wir in Brüssel erleben es ja selbst als Abgeordnete, aber auch unsere Mitarbeiter, dass wir wegen den hohen Euro-Gebühren keine Auslandsüberweisungen tätigen.
		</src>
		<tgt system="rbmt3">
			We in Brussels it experiences yes even as representatives, but also our employees, that we do not make any foreign transfers because of the high euro fees.
		</tgt>
		<tgt system="saar">
			We see it in Brussels itself as a Member of Parliament, but also our colleagues that we have no cross-border because of the high.
		</tgt>
		<ref>
			?
		</ref>
	</judgedsentence>
	<judgedsentence id="703" langsrc="de" langtgt="en" rank="1" src-length="32" src-long="1" src-short="0" src-toolong="0" testset="test2008">
		<src>
			Die effiziente Umsetzung des gemeinschaftlichen Besitzstands ist erforderlich, um sicherzustellen, dass die Erweiterung beiden Seiten - sowohl den Mitgliedstaaten als auch den Beitrittsländern - einen Gewinn bringt.
		</src>
		<tgt system="rbmt3">
			The efficient conversion of the shared possession state is necessary in order to guarantee that the enlargement brings a profit to both pages - both the member states and the entry countries.
		</tgt>
		<tgt system="uedin">
			The effective implementation of the acquis communautaire is needed to ensure that the enlargement brings both sides, both the Member States and the candidate countries - a profit.
		</tgt>
		<ref>
			?
		</ref>
	</judgedsentence>
	<judgedsentence id="704" langsrc="de" langtgt="en" rank="-1" src-length="32" src-long="1" src-short="0" src-toolong="0" testset="test2008">
		<src>
			Gefördert werden müssen ihre Tätigkeit und die lokale Entwicklung auf der Grundlage der lokalen materiellen und Humanressourcen sowie ihre Beziehungen zu den Gebietskörperschaften.
		</src>
		<tgt system="rbmt3">
			Their activity and the local development on the basis of the material local ones and humane resources as well as their relationships to the regional authorities must Be supported.
		</tgt>
		<tgt system="limsi">
			We must promote their activity and the local development on the basis of local human and material resources and its relations with the authorities.
		</tgt>
		<ref>
			?
		</ref>
	</judgedsentence>
	<judgedsentence id="716" langsrc="de" langtgt="en" rank="1" src-length="23" src-long="0" src-short="0" src-toolong="0" testset="test2008">
		<src>
			In den letzten Tagen kamen, dem Himmel sei Dank, einige positive Signale vom Balkan, die indirekt auch Albanien betreffen.
		</src>
		<tgt system="rbmt3">
			In the last days came, to which Himmel is thanks, some positive signals of the Balkans that affect also Albania indirectly.
		</tgt>
		<tgt system="liu">
			In the last few days, which have, thank God, some positive signals from the Balkans, also, indirectly, Albania.
		</tgt>
		<ref>
			?
		</ref>
	</judgedsentence>
	<judgedsentence id="742" langsrc="de" langtgt="en" rank="-1" src-length="41" src-long="1" src-short="0" src-toolong="0" testset="test2008">
		<src>
			Insbesondere die Fischer haben kein Verständnis für die Situation und sind enttäuscht darüber, dass die Verhandlungen über das Abkommen mit Marokko sich so sehr in die Länge ziehen.
		</src>
		<tgt system="rbmt3">
			In particular the fishermen do not have any sense for the situation and are disappointed over the negotiations on the agreement with Morocco dragging themselves out so very much.
		</tgt>
		<tgt system="saar">
			In particular, the fishermen have no understanding for the situation and are disappointed that the negotiations on the agreement with Morocco itself in the long term.
		</tgt>
		<ref>
			?
		</ref>
	</judgedsentence>
	<judgedsentence id="763" langsrc="de" langtgt="en" rank="-1" src-length="35" src-long="1" src-short="0" src-toolong="0" testset="test2008">
		<src>
			Liebe Kolleginnen und Kollegen, Sie wissen, dass sich in Spanien die lange Liste der Opfer terroristischer Anschläge der ETA im letzten Monat um weitere vier Namen verlängert hat.
		</src>
		<tgt system="rbmt3">
			Loves colleagues and colleagues to know you that into Spain the long list of the victims of terrorist assaults extended to the ETA in the last month around further four names.
		</tgt>
		<tgt system="limsi">
			Ladies and gentlemen, you know that in Spain the long list of victims of terrorist attacks of ETA last month for a further four names has extended.
		</tgt>
		<ref>
			?
		</ref>
	</judgedsentence>
	<judgedsentence id="796" langsrc="de" langtgt="en" rank="-1" src-length="29" src-long="1" src-short="0" src-toolong="0" testset="test2008">
		<src>
			Ich möchte nur wenige Punkte anschneiden, die meines Erachtens sehr entscheidend sind für die zukünftige Kontrollarbeit im Zusammenhang mit Forschungsarbeit generell.
		</src>
		<tgt system="rbmt3">
			I would like to touch only few points, that my opinion's very decisive are for the future control work in connection with study general.
		</tgt>
		<tgt system="uedin">
			I should just like to mention a few points which, in my view, very important for the future work in connection with research in general.
		</tgt>
		<ref>
			?
		</ref>
	</judgedsentence>
	<judgedsentence id="804" langsrc="de" langtgt="en" rank="1" src-length="13" src-long="0" src-short="0" src-toolong="0" testset="test2008">
		<src>
			Die Charta ist zudem ein völlig kohärenter Text.
		</src>
		<tgt system="rbmt3">
			The charter is furthermore a completely coherent text.
		</tgt>
		<tgt system="liu">
			The Charter is a totally coherent text.
		</tgt>
		<ref>
			?
		</ref>
	</judgedsentence>
	<judgedsentence id="804" langsrc="de" langtgt="en" rank="0" src-length="13" src-long="0" src-short="0" src-toolong="0" testset="test2008">
		<src>
			Die Charta ist zudem ein völlig kohärenter Text.
		</src>
		<tgt system="rbmt3">
			The charter is furthermore a completely coherent text.
		</tgt>
		<tgt system="uedin">
			Moreover, the Charter is a coherent text.
		</tgt>
		<ref>
			?
		</ref>
	</judgedsentence>
	<judgedsentence id="804" langsrc="de" langtgt="en" rank="1" src-length="13" src-long="0" src-short="0" src-toolong="0" testset="test2008">
		<src>
			Die Charta ist zudem ein völlig kohärenter Text.
		</src>
		<tgt system="rbmt3">
			The charter is furthermore a completely coherent text.
		</tgt>
		<tgt system="liu">
			The Charter is a totally coherent text.
		</tgt>
		<ref>
			?
		</ref>
	</judgedsentence>
	<judgedsentence id="955" langsrc="de" langtgt="en" rank="-1" src-length="64" src-long="1" src-short="0" src-toolong="1" testset="test2008">
		<src>
			Damit wird durchaus kein Ausnahmesystem gegenüber der international üblichen Praxis geschaffen, sondern im Gegenteil man nähert sich mit diesem flexiblen Mechanismus zu vertretbaren Kosten für die Vorbeugung und Bewältigung von Krisen dem an, was in einigen Drittländern praktiziert wird, so den Einkommenssicherungssystemen in den Vereinigten Staaten und in Kanada.
		</src>
		<tgt system="rbmt3">
			In this way no exception system is absolutely created opposite the internationally usual practice, but on the contrary one approximates to what is practised in some third countries with this flexible mechanism to justifiable costs for the prevention and overcoming of crises so the income standby systems in the United States and in Canada.
		</tgt>
		<tgt system="liu">
			This is not a system of exemptions to the international standard practice, but, on the contrary, it is approaching this flexible mechanism at reasonable cost for the prevention and management of crises to what is put into practice in a number of third countries, so the income security systems in the United States and Canada.
		</tgt>
		<ref>
			?
		</ref>
	</judgedsentence>
	<judgedsentence id="984" langsrc="de" langtgt="en" rank="-1" src-length="57" src-long="1" src-short="0" src-toolong="1" testset="test2008">
		<src>
			Aus dem schlichten Grund haben wir hier eine andere Ansicht vertreten, und wir können dem Plenum von Seiten der Mehrheit des Ausschusses für Recht und Binnenmarkt nur anraten, insbesondere den Anträgen 38 oder 41, die sich mit einer Abschwächung des Exportverbotes befassen, zu folgen.
		</src>
		<tgt system="rbmt3">
			For the simple reason we represented another opinion here, and we can only recommend to the plenum to follow in particular the requests 38 or 41 which deal with an attenuation of the export prohibition on the part of the majority of the committee for right and home market.
		</tgt>
		<tgt system="saar">
			For the simple reason that we have here a different view, and we can give the House on the part of the majority of the Committee on Legal Affairs and the internal market, in particular, only recommend the Amendments 38 and 41, which deal with a reduction of the export ban.
		</tgt>
		<ref>
			?
		</ref>
	</judgedsentence>
	<judgedsentence id="1010" langsrc="de" langtgt="en" rank="0" src-length="56" src-long="1" src-short="0" src-toolong="1" testset="test2008">
		<src>
			. (EL) Die Ausdehnung des Tätigkeitsbereichs der Europäischen Agentur für den Wiederaufbau auf das Gebiet der Bundesrepublik Jugoslawien hätte schon vor geraumer Zeit erfolgen müssen und nicht mit den innenpolitischen Veränderungen in diesem Land verknüpft werden dürfen.
		</src>
		<tgt system="rbmt3">
			. (EL) The extension of the sphere of activities of the European agency for the reconstruction onto the field of the Yugoslavia federal republic would have had to occur already before geraumer time and to be allowed to link not with the inside-political changes in this country.
		</tgt>
		<tgt system="liu">
			- (EL) The extension of the scope of the European Agency for reconstruction in the territory of the Federal Republic of Yugoslavia would have to be some time ago, and not with the internal political changes in the country must be linked.
		</tgt>
		<ref>
			?
		</ref>
	</judgedsentence>
	<judgedsentence id="1029" langsrc="de" langtgt="en" rank="-1" src-length="38" src-long="1" src-short="0" src-toolong="0" testset="test2008">
		<src>
			Das Verbrennen von Abfall ist in der Abfallhierarchie die Endstufe der Abfallbehandlung, und die Kommission wird große Anstrengungen zur Verringerung und Wiederverwertung von Abfall sowie für ihr Konzept einer integrierten Produktpolitik unternehmen.
		</src>
		<tgt system="rbmt3">
			The burning of waste is the end stage of the waste treatment in the waste hierarchy, and the commission will undertake great efforts to the decrease and recycling of waste as well as for their draft of an integrated product policy.
		</tgt>
		<tgt system="limsi">
			The incineration of waste in the waste hierarchy is the Endstufe of waste treatment, and the Commission will make a major effort to reduce and recycling of waste and for the concept of an integrated product policy.
		</tgt>
		<ref>
			?
		</ref>
	</judgedsentence>
	<judgedsentence id="1036" langsrc="de" langtgt="en" rank="0" src-length="10" src-long="0" src-short="0" src-toolong="0" testset="test2008">
		<src>
			Herzlichen Glückwunsch an den Berichterstatter Michel Rocard.
		</src>
		<tgt system="rbmt3">
			Cordial congratulation onto the reporter Michel Rocard.
		</tgt>
		<tgt system="liu">
			I should like to congratulate the rapporteur, Mr Rocard.
		</tgt>
		<ref>
			?
		</ref>
	</judgedsentence>
	<judgedsentence id="1047" langsrc="de" langtgt="en" rank="-1" src-length="25" src-long="0" src-short="0" src-toolong="0" testset="test2008">
		<src>
			Die Nichtmitgliedstaaten der Euro-Zone legen ihre Konvergenzprogramme vor, die den Stabilitätsprogrammen weitgehend ähneln, nur dass die Zielsetzungen unterschiedlich sind.
		</src>
		<tgt system="rbmt3">
			The non member states of the euro zone present their convergence programs that resemble the stability programs to a large extent only that the aims are different.
		</tgt>
		<tgt system="limsi">
			The euro zone countries give their convergence programmes, which are broadly similar programmes, that the objectives are different.
		</tgt>
		<ref>
			?
		</ref>
	</judgedsentence>
	<judgedsentence id="1120" langsrc="de" langtgt="en" rank="-1" src-length="62" src-long="1" src-short="0" src-toolong="1" testset="test2008">
		<src>
			. (ES) Herr Präsident! Zunächst möchte ich Frau Rothe zu ihrer ausgezeichneten Arbeit beglückwünschen sowie allen Abgeordneten danken, die sich an der Aussprache beteiligt haben und die ebenfalls in vielen Fällen den Text, der dem Parlament und dem Rat vorgeschlagen wurde, verbessert haben.
		</src>
		<tgt system="rbmt3">
			. (IT) Mr Präsident! First of all I Ms Rothe would like to congratulate on their excellent work as well as to thank all representatives that participated in the pronunciation and that corrected the text that was suggested to the parliament and the council also in many cases.
		</tgt>
		<tgt system="saar">
			- (ES) Mr President, I should like to begin by thanking Mrs Rothe on her excellent work and thank all the Members who have taken part in this debate and also, in many cases, the text of the Parliament and the Council, have been improved.
		</tgt>
		<ref>
			?
		</ref>
	</judgedsentence>
	<judgedsentence id="1180" langsrc="de" langtgt="en" rank="1" src-length="43" src-long="1" src-short="0" src-toolong="0" testset="test2008">
		<src>
			Mit der GAP wurde von jeher die Ertragsintensivierung, die schrittweise &quot;Vertikalisierung &quot; der Produktion und die Konzentration der Ländereien gefördert, was vor allem den Interessen der Agrarindustrie und der großen transnationalen Lebensmittelhersteller diente.
		</src>
		<tgt system="rbmt3">
			With the GAP the profit intensification always became, that step by step &quot;Vertikalisierung&quot; this production and supported the concentration of the estates, which was used particularly for the interests of the Agrarindustrie and the tall transnational food manufacturers.
		</tgt>
		<tgt system="uedin">
			With the CAP, the Ertragsintensivierung, the gradual 'verticalisation' of production and the concentration of the land has been promoted, which was, above all, the interests of the agro-industry and the large transnational producers.
		</tgt>
		<ref>
			?
		</ref>
	</judgedsentence>
	<judgedsentence id="1294" langsrc="de" langtgt="en" rank="0" src-length="49" src-long="1" src-short="0" src-toolong="0" testset="test2008">
		<src>
			Damit hätten wir das vom Europäischen Rat von Köln erteilte Mandat erfüllt, und die Union wird über einen aussagefähigen Bezugstext verfügen, in dem die von ihr vertretenen Rechte und Werte eindeutig festgelegt sind.
		</src>
		<tgt system="rbmt3">
			We would have given that to the mandate given by the European Council from Cologne, and the union will have a meaningful purchase text in which the rights represented by her and values are unequivocally defined.
		</tgt>
		<tgt system="limsi">
			We would therefore have the European Council of Cologne mandate, and the Union will have a aussagefähigen bezugstext, in which their rights and values are clearly established.
		</tgt>
		<ref>
			?
		</ref>
	</judgedsentence>
	<judgedsentence id="1332" langsrc="de" langtgt="en" rank="1" src-length="24" src-long="0" src-short="0" src-toolong="0" testset="test2008">
		<src>
			Das ist ein Beweis dafür, dass verbale Gewalt später zu körperlicher Gewalt führen kann.
		</src>
		<tgt system="rbmt3">
			That is an evidence for verbal power being able to lead to physical power later.
		</tgt>
		<tgt system="liu">
			This is proof that verbal violence on physical violence.
		</tgt>
		<ref>
			?
		</ref>
	</judgedsentence>
	<judgedsentence id="1358" langsrc="de" langtgt="en" rank="1" src-length="20" src-long="0" src-short="0" src-toolong="0" testset="test2008">
		<src>
			Die Konzentration auf rein reaktives Krisenmanagement hat die Gemeinsame Außen- und Sicherheitspolitik in eine totale Schieflage gebracht.
		</src>
		<tgt system="rbmt3">
			The concentration on crisis management reactive in that brought the Common Exterior and Security Politics into a total crooked situation.
		</tgt>
		<tgt system="liu">
			The concentration on purely reaktives crisis management, the common foreign and security policy in a complete disarray.
		</tgt>
		<ref>
			?
		</ref>
	</judgedsentence>
	<judgedsentence id="1415" langsrc="de" langtgt="en" rank="1" src-length="22" src-long="0" src-short="0" src-toolong="0" testset="test2008">
		<src>
			Die Unsicherheit im Seeverkehr ist, wie zahlreiche Akteure unterstreichen, weitgehend eine Folge der Deregulierung und der Gefälligkeitspraktiken.
		</src>
		<tgt system="rbmt3">
			The insecurity in the sea traffic is to a large extent a consequence of the deregulation and the favor practices as numerous actors underline.
		</tgt>
		<tgt system="limsi">
			Maritime safety is, as many players, largely as a result of deregulation and can.
		</tgt>
		<ref>
			?
		</ref>
	</judgedsentence>
	<judgedsentence id="1454" langsrc="de" langtgt="en" rank="-1" src-length="50" src-long="1" src-short="0" src-toolong="0" testset="test2008">
		<src>
			Was die allgemeine Ausweitung der Abstimmung mit qualifizierter Mehrheit betrifft, so ist das meiner Ansicht nach kein hilfreicher Vorschlag, denn damit würde Mitgliedstaaten das Recht vorenthalten, zu gegebener Zeit eine Entscheidung darüber zu treffen, ob eine Politik zur Gemeinschaftspolitik werden sollte.
		</src>
		<tgt system="rbmt3">
			What affects the general expansion of the vote with qualified majority, so that is not according to my opinion a helpful proposal, because in this way the right to make a decision on whether a politics should become the community politics at given time would be withheld from member states.
		</tgt>
		<tgt system="limsi">
			As far as the general extension of qualified majority voting is concerned, which I believe to be a helpful suggestion, because that would be deprived of the right of Member States, at the appropriate time to decide whether a policy should be a Community policy.
		</tgt>
		<ref>
			?
		</ref>
	</judgedsentence>
	<judgedsentence id="1454" langsrc="de" langtgt="en" rank="1" src-length="50" src-long="1" src-short="0" src-toolong="0" testset="test2008">
		<src>
			Was die allgemeine Ausweitung der Abstimmung mit qualifizierter Mehrheit betrifft, so ist das meiner Ansicht nach kein hilfreicher Vorschlag, denn damit würde Mitgliedstaaten das Recht vorenthalten, zu gegebener Zeit eine Entscheidung darüber zu treffen, ob eine Politik zur Gemeinschaftspolitik werden sollte.
		</src>
		<tgt system="rbmt3">
			What affects the general expansion of the vote with qualified majority, so that is not according to my opinion a helpful proposal, because in this way the right to make a decision on whether a politics should become the community politics at given time would be withheld from member states.
		</tgt>
		<tgt system="saar">
			As far as the general extension of qualified majority voting is concerned, that is, in my view, not a helpful suggestion, because that would deprive Member States of the right, at the appropriate time to make a decision on whether a policy to Community policy should be.
		</tgt>
		<ref>
			?
		</ref>
	</judgedsentence>
	<judgedsentence id="1478" langsrc="de" langtgt="en" rank="-1" src-length="7" src-long="0" src-short="1" src-toolong="0" testset="test2008">
		<src>
			Das ist die Position unserer Fraktion.
		</src>
		<tgt system="rbmt3">
			That is the position of our faction.
		</tgt>
		<tgt system="limsi">
			That is the position of our group.
		</tgt>
		<ref>
			?
		</ref>
	</judgedsentence>
	<judgedsentence id="1493" langsrc="de" langtgt="en" rank="1" src-length="44" src-long="1" src-short="0" src-toolong="0" testset="test2008">
		<src>
			Herr Präsident! Wenn dieser Vorschlag in der zweiten Lesung tatsächlich zum Gesetz erhoben wird, führt das dazu, dass die unternehmerische Freiheit etwas eingeschränkt und die Volksgesundheit etwas besser geschützt wird.
		</src>
		<tgt system="rbmt3">
			Mr Präsident! If this proposal is raised in the second reading in fact for the law, that results in the entrepreneurial freedom being restricted a little and protected a little better.
		</tgt>
		<tgt system="saar">
			Mr President, if this proposal in the second reading is raised actually to the law, the result will be that the entrepreneurial freedom and rather limited protected a little better.
		</tgt>
		<ref>
			?
		</ref>
	</judgedsentence>
	<judgedsentence id="1519" langsrc="de" langtgt="en" rank="1" src-length="37" src-long="1" src-short="0" src-toolong="0" testset="test2008">
		<src>
			Der Text zur Verlängerung der sechs Aktionsprogramme im Bereich der öffentlichen Gesundheit, über welchen heute Übereinstimmung erzielt wurde, spiegelt das wider, was zwischen den Organen informell vereinbart wurde.
		</src>
		<tgt system="rbmt3">
			The text to the prolongation of the six schemes in the field of the public health about which today correspondence was achieved reflects what was agreed between the organs informally.
		</tgt>
		<tgt system="liu">
			The text on the extension of the six action programmes in the field of public health, on which agreement has been reached today reflects what was agreed between the institutions on an informal basis.
		</tgt>
		<ref>
			?
		</ref>
	</judgedsentence>
	<judgedsentence id="1537" langsrc="de" langtgt="en" rank="-1" src-length="83" src-long="1" src-short="0" src-toolong="1" testset="test2008">
		<src>
			Der erste Punkt der Einigung zwischen Rat und Parlament betrifft die außenpolitischen Maßnahmen, d. h. die Rubrik IV des Haushalts, bei denen unsere Institutionen das gemeinsame Ziel verfolgten, unter Berücksichtigung der jüngsten Entwicklung der politischen Lage in Serbien im Jahr 2001 substanzielle Mittel für den Balkan bereitzustellen, ohne dadurch jedoch die übrigen geographischen Prioritäten des außenpolitischen Wirkens der Union zu beeinträchtigen.
		</src>
		<tgt system="rbmt3">
			The first point of the agreement between council and parliament affects the foreign policy measures, that is the column IV of the budget, with which our institutions pursued the common aim of providing 2001 substantial means considering the recent development of the political situation in Serbia per year for the Balkans without influencing the remaining geographical priorities of the foreign policy work of the union, however, through that.
		</tgt>
		<tgt system="liu">
			The first point of the agreement between the Council and Parliament is the external actions, that is to say the heading 4 of the budget, on which our institutions, the common objective pursued in the light of the recent development of the political situation in Serbia for the year 2001 substantial funds available for the Balkans, but without the other geographical priorities of the external action of the Union.
		</tgt>
		<ref>
			?
		</ref>
	</judgedsentence>
	<judgedsentence id="1554" langsrc="de" langtgt="en" rank="-1" src-length="65" src-long="1" src-short="0" src-toolong="1" testset="test2008">
		<src>
			Vor zwei Monaten haben die Bildungsminister einen Aktionsplan zugunsten der Mobilität gebilligt, der 42 Maßnahmen umfasst. Weiterhin haben wir uns auf eine umfassende Mittelausstattung von 400 Millionen Euro für das Programm MEDIA plus geeinigt, das von besonderer Wichtigkeit für das europäische Film- und Fernsehschaffen ist und von der ganzen Branche erwartet wurde.
		</src>
		<tgt system="rbmt3">
			Two months ago the education ministers approved of a plan for the benefit of the mobility which covers 42 measures. To keep on having we us onto a comprehensive central equipment of 400 million euros for the program MEDIA plus united, that is from special importance for the European filming and TV-work and was expected of the whole branch.
		</tgt>
		<tgt system="liu">
			Two months ago, the Education Ministers have approved a plan of action in favour of the mobility of 42 measures, and we have an overall budget of EUR 400 million for the MEDIA Plus programme, this agreement is of particular significance for the European film and television create and of the whole industry is expected.
		</tgt>
		<ref>
			?
		</ref>
	</judgedsentence>
	<judgedsentence id="1654" langsrc="de" langtgt="en" rank="1" src-length="23" src-long="0" src-short="0" src-toolong="0" testset="test2008">
		<src>
			Das Militär übt heute zwar einen geringeren, aber noch immer einen viel zu großen Einfluss aus.
		</src>
		<tgt system="rbmt3">
			The military practices today indeed a smaller, however still a much too great influence from.
		</tgt>
		<tgt system="saar">
			The military exercises today indeed a smaller, but still a much too great influence.
		</tgt>
		<ref>
			?
		</ref>
	</judgedsentence>
	<judgedsentence id="1704" langsrc="de" langtgt="en" rank="1" src-length="11" src-long="0" src-short="0" src-toolong="0" testset="test2008">
		<src>
			Hinzu kommt noch der Hinweis auf die Richtlinie von 1997.
		</src>
		<tgt system="rbmt3">
			In addition still the tip comes to the guideline of 1997.
		</tgt>
		<tgt system="limsi">
			What is more, there is a reference to the 1997 directive.
		</tgt>
		<ref>
			?
		</ref>
	</judgedsentence>
	<judgedsentence id="1754" langsrc="de" langtgt="en" rank="1" src-length="26" src-long="1" src-short="0" src-toolong="0" testset="test2008">
		<src>
			Und wenn sich zur Korruption der EU-Beamten die der Beschäftigten der nationalen Behörden gesellt, nehmen die Betrügereien zu. &quot;
		</src>
		<tgt system="rbmt3">
			And if that of the employees of the national authorities goes along with the corruption of the EU-officials, the trickery increases. &quot;
		</tgt>
		<tgt system="limsi">
			And if the corruption of the officials of the employees of the national authorities, the heightened fraud '.
		</tgt>
		<ref>
			?
		</ref>
	</judgedsentence>
	<judgedsentence id="1754" langsrc="de" langtgt="en" rank="1" src-length="26" src-long="1" src-short="0" src-toolong="0" testset="test2008">
		<src>
			Und wenn sich zur Korruption der EU-Beamten die der Beschäftigten der nationalen Behörden gesellt, nehmen die Betrügereien zu. &quot;
		</src>
		<tgt system="rbmt3">
			And if that of the employees of the national authorities goes along with the corruption of the EU-officials, the trickery increases. &quot;
		</tgt>
		<tgt system="liu">
			And if the corruption of the officials of the employees of the national authorities, to take place alongside the fraud '.
		</tgt>
		<ref>
			?
		</ref>
	</judgedsentence>
	<judgedsentence id="1754" langsrc="de" langtgt="en" rank="1" src-length="26" src-long="1" src-short="0" src-toolong="0" testset="test2008">
		<src>
			Und wenn sich zur Korruption der EU-Beamten die der Beschäftigten der nationalen Behörden gesellt, nehmen die Betrügereien zu. &quot;
		</src>
		<tgt system="rbmt3">
			And if that of the employees of the national authorities goes along with the corruption of the EU-officials, the trickery increases. &quot;
		</tgt>
		<tgt system="saar">
			And if the corruption of the officials of the employees of the national authorities to take the fraud '.
		</tgt>
		<ref>
			?
		</ref>
	</judgedsentence>
	<judgedsentence id="1788" langsrc="de" langtgt="en" rank="-1" src-length="32" src-long="1" src-short="0" src-toolong="0" testset="test2008">
		<src>
			Ebenso wie Herr Skinner bin ich der Meinung, dass die Vorschläge des Berichterstatters, Herrn García-Margallo y Marfil, zur Mehrwertsteuer auf elektronische Dienstleistungen richtig sind.
		</src>
		<tgt system="rbmt3">
			In the same way as Mr Skinner I think that the proposals of the reporter, gentlemen García-Margallo y Marfil, for the value added tax onto electronic services are correct.
		</tgt>
		<tgt system="uedin">
			As Mr Skinner, I am of the opinion that the proposals of the rapporteur, Mr García-Margallo y Marfil, for VAT on electronic services.
		</tgt>
		<ref>
			?
		</ref>
	</judgedsentence>
	<judgedsentence id="1798" langsrc="de" langtgt="en" rank="-1" src-length="20" src-long="0" src-short="0" src-toolong="0" testset="test2008">
		<src>
			Das Parlament hat am 30. November beschlossen; Sie hatten eine gute Vorlage, und wir haben schnell beschlossen.
		</src>
		<tgt system="rbmt3">
			The parliament decided on 30th November; You had a good presentation, and we decided fast.
		</tgt>
		<tgt system="liu">
			Parliament has decided on 30 November; you had a good report, and we have decided quickly.
		</tgt>
		<ref>
			?
		</ref>
	</judgedsentence>
	<judgedsentence id="1808" langsrc="de" langtgt="en" rank="-1" src-length="38" src-long="1" src-short="0" src-toolong="0" testset="test2008">
		<src>
			Wie will die Europäische Kommission angesichts des unlauteren Wettbewerbs Koreas, auf den sie in ihrem letzten Bericht einmal mehr hingewiesen hat, den Fortbestand des noch verbleibenden Restes des Sektors nach Januar 2001 sicherstellen?
		</src>
		<tgt system="rbmt3">
			How does the European commission want to guarantee the continued existence of the still residual rest of the sector after January 2001 faced with the unfair competition of Korea that it pointed out to more in their last report once?
		</tgt>
		<tgt system="saar">
			How does the European Commission in view of the unfair competition on the part of Korea, to which the honourable Member once again in its last report has pointed out, the survival of the remaining remainder of the sector to ensure after January 2001?
		</tgt>
		<ref>
			?
		</ref>
	</judgedsentence>
	<judgedsentence id="1826" langsrc="de" langtgt="en" rank="1" src-length="39" src-long="1" src-short="0" src-toolong="0" testset="test2008">
		<src>
			Aber ich denke, dass ich im Namen meines Kollegen Michel Barnier eines doch feststellen darf: Die von dem Herrn Abgeordneten erwähnten Tatsachen werden bei der Analyse des Vorschlags gebührend berücksichtigt.
		</src>
		<tgt system="rbmt3">
			But I think that nevertheless I may arrest one thing on behalf of my colleague Michel Barnier: The facts mentioned to representatives by the gentleman are considered at the analysis of the proposal duly.
		</tgt>
		<tgt system="liu">
			But I think that, on behalf of my colleague, Mr Michel Barnier say that, but the facts mentioned by the honourable Member in the analysis of the proposal will be duly taken into account.
		</tgt>
		<ref>
			?
		</ref>
	</judgedsentence>
	<judgedsentence id="1842" langsrc="de" langtgt="en" rank="-1" src-length="11" src-long="0" src-short="0" src-toolong="0" testset="test2008">
		<src>
			Eine andere Fraktion spricht möglicherweise von technischen Problemen.
		</src>
		<tgt system="rbmt3">
			Another faction speaks possibly of technical problems.
		</tgt>
		<tgt system="saar">
			Another group of technical problems may be.
		</tgt>
		<ref>
			?
		</ref>
	</judgedsentence>
	<judgedsentence id="1854" langsrc="de" langtgt="en" rank="-1" src-length="44" src-long="1" src-short="0" src-toolong="0" testset="test2008">
		<src>
			Ich möchte dem Europäischen Parlament für seine Unterstützung des Standpunkts der Europäischen Kommission und die beachtlichen Bemühungen danken, die von ihm unternommen wurden, um den Interessen des Rates entgegenzukommen.
		</src>
		<tgt system="rbmt3">
			I would like to thank the European Parliament for his support of the point of view of the European Commission and the considerable efforts which were undertaken by him in order to comply with the interests of the council.
		</tgt>
		<tgt system="saar">
			I would like to thank the European Parliament for its support of the position of the European Commission and the considerable efforts which have been made by him in order to accommodate the interests of the Council.
		</tgt>
		<ref>
			?
		</ref>
	</judgedsentence>
	<judgedsentence id="1904" langsrc="de" langtgt="en" rank="-1" src-length="16" src-long="0" src-short="0" src-toolong="0" testset="test2008">
		<src>
			Das festigt die Macht der großen Länder auf Kosten der kleinen.
		</src>
		<tgt system="rbmt3">
			The power of the big countries consolidates that at the expense of thesmall ones.
		</tgt>
		<tgt system="limsi">
			It consolidates the power of the large countries at the expense of the smaller countries.
		</tgt>
		<ref>
			?
		</ref>
	</judgedsentence>
	<judgedsentence id="1954" langsrc="de" langtgt="en" rank="0" src-length="14" src-long="0" src-short="0" src-toolong="0" testset="test2008">
		<src>
			Wir bedauern, dass die anderen Fraktionen diesmal nicht den Willen dazu hatten.
		</src>
		<tgt system="rbmt3">
			We regret that this time the other factions did not havethe will for this purpose.
		</tgt>
		<tgt system="liu">
			We regret that the other groups do not have the will to do it this time.
		</tgt>
		<ref>
			?
		</ref>
	</judgedsentence>
	<judgedsentence id="30" langsrc="de" langtgt="en" rank="1" src-length="27" src-long="1" src-short="0" src-toolong="0" testset="newstest2008">
		<src>
			74% würden gegen die Studiengebühren, 79% gegen die Praxisgebühr, und 84% gegen das Krankenhaus-Taggeld stimmen.
		</src>
		<tgt system="rbmt3">
			74 % would become against the tuition fees, 79 % against the practice fee, and 84 % against the hospital day money make.
		</tgt>
		<tgt system="liu">
			74% would charges against the study, 79% against the practical fee and 84% against the krankenhaus-taggeld votes.
		</tgt>
		<ref>
			?
		</ref>
	</judgedsentence>
	<judgedsentence id="60" langsrc="de" langtgt="en" rank="0" src-length="23" src-long="0" src-short="0" src-toolong="0" testset="newstest2008">
		<src>
			Unsere Erfahrung zeigt, dass die Mehrheit der Kunden in den drei Warenhäusern gar nicht mehr auf die Preise schaut.
		</src>
		<tgt system="rbmt3">
			Our experience shows that the majority of the customers does not look at the prices anymore at all in the three department stores.
		</tgt>
		<tgt system="uedin">
			Our experience shows that the majority of customers in the three Warenhäusern do not look more on prices.
		</tgt>
		<ref>
			?
		</ref>
	</judgedsentence>
	<judgedsentence id="110" langsrc="de" langtgt="en" rank="1" src-length="44" src-long="1" src-short="0" src-toolong="0" testset="newstest2008">
		<src>
			Der ehemalige Polizeichef bog mit seinem eigenen Pkw im XXII. Bezirk in die Kossuth Lajos Straße ein und hat dabei einen 55 jährigen Mann überfahren, der die Straße an einer nicht gekennzeichneten Stelle überquerte.
		</src>
		<tgt system="rbmt3">
			The former police chief turned with his own Pkw in the XXII. District into the Kossuth Lajos street one and ran over in this case one 55 year man, that crossed the street at a not marked place.
		</tgt>
		<tgt system="limsi">
			The former police commissioner bog with his own cars in XXII. District Lajos in the Kossuth Street and has a 55 years, man knocked down the street at an unmarked crossing point.
		</tgt>
		<ref>
			?
		</ref>
	</judgedsentence>
	<judgedsentence id="111" langsrc="de" langtgt="en" rank="0" src-length="33" src-long="1" src-short="0" src-toolong="0" testset="newstest2008">
		<src>
			(Laut StVO ist dies allerdings kein mildernder Umstand - der Lenker hat, auch wenn Fußgänger die Straße nicht am Zebrastreifen überqueren, Nachrang.)
		</src>
		<tgt system="rbmt3">
			(According to StVO this is not, however, a moderating circumstance - the steering wheel has Nachrang even if pedestrians do not cross the street at the zebra crossing.)
		</tgt>
		<tgt system="limsi">
			(According to StVO, this is not a mitigating circumstance, the driver, even if pedestrians road Zebrastreifen on not being accorded a cross.)
		</tgt>
		<ref>
			?
		</ref>
	</judgedsentence>
	<judgedsentence id="238" langsrc="de" langtgt="en" rank="1" src-length="55" src-long="1" src-short="0" src-toolong="1" testset="newstest2008">
		<src>
			Nach Ansicht der Abteilung für Risikoanalyse (Risk Analysing Division) von Political Capital haben die Aktivitäten der in diesem August mit Unterstützung der &quot;Bewegung für ein besseres Ungarn&quot; gegründeten Ungarischen Garde das Risiko Ungarns und der Region in mehrerer Hinsicht angehoben.
		</src>
		<tgt system="rbmt3">
			In the view of the department of risk analysis (Risk Analysing Division) of Political Capital the activities began the Hungarian's founded in this August with support of the &quot;movement for a better Hungary&quot; guard the risk Hungary's and the region's in several respect.
		</tgt>
		<tgt system="limsi">
			According to the Department for Risk Analysis (risk Analysing division) of political capital, the activities of this August, with the support of the Movement for a Better Hungary &quot; formed Hungarian guard the risk of Hungary and of the region in several respects.
		</tgt>
		<ref>
			?
		</ref>
	</judgedsentence>
	<judgedsentence id="260" langsrc="de" langtgt="en" rank="1" src-length="37" src-long="1" src-short="0" src-toolong="0" testset="newstest2008">
		<src>
			Jährlich würden Risikoanalyseberichte veröffentlicht, und sollten risikoverändernden Tendenzen erkennbar sein, wird die öffentliche Meinung informiert, wie in dem Fall durch die Herausgabe des Risikowarnberichtes.
		</src>
		<tgt system="rbmt3">
			Annually risk analysis reports would be published, and should be recognizable risk-changing tendencies, the public opinion is informed, as in the case through the publication of the risk warning-report.
		</tgt>
		<tgt system="saar">
			Risk analysis published, and should is visible tendencies, the public opinion is informed, as in the case with the publication of the risk.
		</tgt>
		<ref>
			?
		</ref>
	</judgedsentence>
	<judgedsentence id="271" langsrc="de" langtgt="en" rank="1" src-length="49" src-long="1" src-short="0" src-toolong="0" testset="newstest2008">
		<src>
			Da unsere Staats-, National- oder religiösen Feiertage selten auf ein Wochenende fallen, hat sich die Praxis der &quot;Arbeitstags-Verschiebung&quot; in den Fällen bewährt, in denen wir vor oder nach dem Feiertag nur einen Tag arbeiten würden.
		</src>
		<tgt system="rbmt3">
			There ours State-, National- or religious holidays rare on a weekend fall, the practice of the &quot;working day shift&quot; persisted in the cases in which we would work before or after the holiday only a day.
		</tgt>
		<tgt system="saar">
			As our Heads of State or religious holidays rare on a weekend fall, the practice of the &quot;&quot; proved itself in the cases in which we before or after the holiday only a day would work.
		</tgt>
		<ref>
			?
		</ref>
	</judgedsentence>
	<judgedsentence id="310" langsrc="de" langtgt="en" rank="1" src-length="21" src-long="0" src-short="0" src-toolong="0" testset="newstest2008">
		<src>
			Ungewollt ein Telefongespräch mitgehört, das man besser nicht hätte hören sollen?
		</src>
		<tgt system="rbmt3">
			Overheard unintentionally a telephone conversation, which one should not have heard better?
		</tgt>
		<tgt system="limsi">
			Mitgehört unwanted phone, you had better not hear?
		</tgt>
		<ref>
			?
		</ref>
	</judgedsentence>
	<judgedsentence id="314" langsrc="de" langtgt="en" rank="1" src-length="30" src-long="1" src-short="0" src-toolong="0" testset="newstest2008">
		<src>
			Ist ein Projekt nicht fristgerecht fertig, hat man einen wichtigen Brief oder wichtige Nachrichte vergessen abzuschicken, sollte man die Schuld der eigenen Vergesslichkeit nicht bei anderen suchen!
		</src>
		<tgt system="rbmt3">
			A project is not period of time-raked ready, one has an important letter or forgotten important Nachrichte to send, one should not search the fault of the own forgetfulness at other!
		</tgt>
		<tgt system="liu">
			A project is not ready on time, it has been an important letter or important nachrichte forget, abzuschicken should be the fault of the own vergesslichkeit not in other ways.
		</tgt>
		<ref>
			?
		</ref>
	</judgedsentence>
	<judgedsentence id="324" langsrc="de" langtgt="en" rank="1" src-length="18" src-long="0" src-short="0" src-toolong="0" testset="newstest2008">
		<src>
			Aus dem Radio erklingt eine seltsame Melodie: Der Klang einer Geige, gepaart mit elektronischen Effekten.
		</src>
		<tgt system="rbmt3">
			From the radio a strange melody rings out: The sound of a violin, paired with electronic effects.
		</tgt>
		<tgt system="uedin">
			A strange refrain from the radio erklingt: the tone of a violin, coupled with electronic effects.
		</tgt>
		<ref>
			?
		</ref>
	</judgedsentence>
	<judgedsentence id="360" langsrc="de" langtgt="en" rank="-1" src-length="19" src-long="0" src-short="0" src-toolong="0" testset="newstest2008">
		<src>
			Dennoch ist mir eins aufgefallen: Willst du es allen recht machen, bist du nicht mehr interessant.
		</src>
		<tgt system="rbmt3">
			Nevertheless one struck me: You want to make it all right, you are not more interesting.
		</tgt>
		<tgt system="uedin">
			Nevertheless, I have noticed one: you make it all very disturbing, you are not more interesting.
		</tgt>
		<ref>
			?
		</ref>
	</judgedsentence>
	<judgedsentence id="451" langsrc="de" langtgt="en" rank="1" src-length="26" src-long="1" src-short="0" src-toolong="0" testset="newstest2008">
		<src>
			Das Verkehrsprogramm ist das größte Entwicklungsprogramm und umfasst bis zu 22 Prozent der Mittel, die Tschechien aus dem Fonds erhalten kann.
		</src>
		<tgt system="rbmt3">
			The traffic program is the biggest development program and covers up to 22 percent of the means which Tschechien can receive from the fund.
		</tgt>
		<tgt system="liu">
			The transport programme is the greatest development programme, covering up to 22% of the resources that the Czech Republic can obtain from the Fund.
		</tgt>
		<ref>
			?
		</ref>
	</judgedsentence>
	<judgedsentence id="460" langsrc="de" langtgt="en" rank="1" src-length="43" src-long="1" src-short="0" src-toolong="0" testset="newstest2008">
		<src>
			Der Vorsitzenden des Berufungsgerichts, Ileana Pérez, zufolge wird es jetzt von den Haftbeamten abhängen, ob man Alemán seine Strafe zuhause absitzen lässt, oder ob er ins Gefängnis muss.
		</src>
		<tgt system="rbmt3">
			According to the chairperson of the court of appeal, Ileana Pérez, it will depend now on the custody officials whether one makes Alemán sit out his punishment at home or whether it into the prison must.
		</tgt>
		<tgt system="liu">
			The chairman of the Court of Appeal, according to ileana Pérez, it will depend on the liability of officials, whether his sentence Alemán at home, absitzen or whether he is in prison.
		</tgt>
		<ref>
			?
		</ref>
	</judgedsentence>
	<judgedsentence id="460" langsrc="de" langtgt="en" rank="0" src-length="43" src-long="1" src-short="0" src-toolong="0" testset="newstest2008">
		<src>
			Der Vorsitzenden des Berufungsgerichts, Ileana Pérez, zufolge wird es jetzt von den Haftbeamten abhängen, ob man Alemán seine Strafe zuhause absitzen lässt, oder ob er ins Gefängnis muss.
		</src>
		<tgt system="rbmt3">
			According to the chairperson of the court of appeal, Ileana Pérez, it will depend now on the custody officials whether one makes Alemán sit out his punishment at home or whether it into the prison must.
		</tgt>
		<tgt system="uedin">
			The chairman of the Court of Appeal, Ileana Pérez, that it is now of the Haftbeamten depend on whether we can serve his sentence Alemán at home, or whether it is in prison.
		</tgt>
		<ref>
			?
		</ref>
	</judgedsentence>
	<judgedsentence id="479" langsrc="de" langtgt="en" rank="1" src-length="14" src-long="0" src-short="0" src-toolong="0" testset="newstest2008">
		<src>
			Der zweite ist die defizitäre Haushaltspolitik als Folge des ersten Schwachpunkts.
		</src>
		<tgt system="rbmt3">
			The second is the defizitäre budget policy as a consequence of the first weak point.
		</tgt>
		<tgt system="saar">
			The second is the fiscal account as a consequence of the first.
		</tgt>
		<ref>
			?
		</ref>
	</judgedsentence>
	<judgedsentence id="481" langsrc="de" langtgt="en" rank="-1" src-length="13" src-long="0" src-short="0" src-toolong="0" testset="newstest2008">
		<src>
			Das größte Risiko ist jedoch nicht das staatliche Haushaltsdefizit.
		</src>
		<tgt system="rbmt3">
			The greatest risk is not, however, the state budget deficit.
		</tgt>
		<tgt system="limsi">
			The greatest risk is not the state budget deficit.
		</tgt>
		<ref>
			?
		</ref>
	</judgedsentence>
	<judgedsentence id="540" langsrc="de" langtgt="en" rank="-1" src-length="24" src-long="0" src-short="0" src-toolong="0" testset="newstest2008">
		<src>
			Den Behörden zufolge haben hauptsächlich diejenigen ihren Führerschein nicht umgetauscht, die gar nicht mehr fahren wollen.
		</src>
		<tgt system="rbmt3">
			According to the authorities those ones that do not want to drive more at all did mainly not change their driver's license.
		</tgt>
		<tgt system="limsi">
			According to the authorities, particularly those who have not changed their driving licence, which no longer want to drive.
		</tgt>
		<ref>
			?
		</ref>
	</judgedsentence>
	<judgedsentence id="567" langsrc="de" langtgt="en" rank="1" src-length="24" src-long="0" src-short="0" src-toolong="0" testset="newstest2008">
		<src>
			Das entschied in einem rechtskräftigen Urteil das Prager Oberlandesgericht, das dabei ihre Strafe um ein beziehungsweise um zwei Jahre verringerte.
		</src>
		<tgt system="rbmt3">
			The Prager upland court decided on that in a legal judgment, that in this case their punishment about one and/or reduced about two years.
		</tgt>
		<tgt system="saar">
			The decided in the higher regional legal judgment, that in this case to their sentence and / or reduced about two years.
		</tgt>
		<ref>
			?
		</ref>
	</judgedsentence>
	<judgedsentence id="572" langsrc="de" langtgt="en" rank="1" src-length="8" src-long="0" src-short="1" src-toolong="0" testset="newstest2008">
		<src>
			Zu mehr kann er nicht verurteilt werden.
		</src>
		<tgt system="rbmt3">
			He can not be condemned to more.
		</tgt>
		<tgt system="uedin">
			To more he cannot be condemned.
		</tgt>
		<ref>
			?
		</ref>
	</judgedsentence>
	<judgedsentence id="590" langsrc="de" langtgt="en" rank="0" src-length="27" src-long="1" src-short="0" src-toolong="0" testset="newstest2008">
		<src>
			&quot;Um uns aber eine Meinung zu diesem Gegenvorschlag bilden zu können, brauchen wir das Gutachten, das die Gegenseite erstellen ließ.
		</src>
		<tgt system="rbmt3">
			&quot;In order to be able to form ourselves an opinion on this counterproposal, however, we need the expert opinion, which the opposite side made create.
		</tgt>
		<tgt system="limsi">
			&quot; But we have an opinion on this proposal are, we will need to have the opinion that the other side, producing.
		</tgt>
		<ref>
			?
		</ref>
	</judgedsentence>
	<judgedsentence id="610" langsrc="de" langtgt="en" rank="1" src-length="38" src-long="1" src-short="0" src-toolong="0" testset="newstest2008">
		<src>
			&quot;Der Streit geht darum, dass Herr Harabiš und sein Team an der Popularität Bolek Polívkas parasitär teilhaben wollen,&quot; sagte nach der Verhandlung Polívkas Anwalt.
		</src>
		<tgt system="rbmt3">
			&quot;The quarrel goes around Mr Harabis and his team wanting to participate in the popularity Bolek Polívkas parasitically&quot;, attorney said after the negotiations Polívkas.
		</tgt>
		<tgt system="limsi">
			&quot;The argument is that Mr. Harabiš and his team Bolek in the Polívkas parasitär popularity,&quot; said Polívkas after the trial lawyer.
		</tgt>
		<ref>
			?
		</ref>
	</judgedsentence>
	<judgedsentence id="660" langsrc="de" langtgt="en" rank="0" src-length="9" src-long="0" src-short="1" src-toolong="0" testset="newstest2008">
		<src>
			Aber unterhalten wir uns über das Ladevolumen.
		</src>
		<tgt system="rbmt3">
			But let's talk about the case volume.
		</tgt>
		<tgt system="limsi">
			But do we know about the ladevolumen.
		</tgt>
		<ref>
			?
		</ref>
	</judgedsentence>
	<judgedsentence id="702" langsrc="de" langtgt="en" rank="1" src-length="20" src-long="0" src-short="0" src-toolong="0" testset="newstest2008">
		<src>
			Palmen und All Inclusive mit Kellnern, die am Strand Pizza, Eis und betörende Cocktails anbieten.
		</src>
		<tgt system="rbmt3">
			Including palms and space with waiters that offer pizza, ice and beguiling cocktails at the beach.
		</tgt>
		<tgt system="liu">
			Palmen with inclusive and all the kellnern on the beach pizza and ice and betörende cocktails.
		</tgt>
		<ref>
			?
		</ref>
	</judgedsentence>
	<judgedsentence id="736" langsrc="de" langtgt="en" rank="1" src-length="20" src-long="0" src-short="0" src-toolong="0" testset="newstest2008">
		<src>
			In seiner Endform können Sie auf ihn treffen, wenn Sie eine der Zigarrenfabriken von Havanna besuchen.
		</src>
		<tgt system="rbmt3">
			In his final form you can stumble on it if you go to one of the cigar factories of Havana.
		</tgt>
		<tgt system="liu">
			In its endform can you make to it, if it is one of the zigarren# factories to visit Havana.
		</tgt>
		<ref>
			?
		</ref>
	</judgedsentence>
	<judgedsentence id="740" langsrc="de" langtgt="en" rank="1" src-length="12" src-long="0" src-short="0" src-toolong="0" testset="newstest2008">
		<src>
			Ruhm und Reichtum brachte ihr der Handel mit Sklaven und Zucker.
		</src>
		<tgt system="rbmt3">
			The trade with slave and sugar brought her fame andfortune.
		</tgt>
		<tgt system="uedin">
			Glory and wealth expressed their the trafficking of slaves and sugar.
		</tgt>
		<ref>
			?
		</ref>
	</judgedsentence>
	<judgedsentence id="740" langsrc="de" langtgt="en" rank="-1" src-length="12" src-long="0" src-short="0" src-toolong="0" testset="newstest2008">
		<src>
			Ruhm und Reichtum brachte ihr der Handel mit Sklaven und Zucker.
		</src>
		<tgt system="rbmt3">
			The trade with slave and sugar brought her fame andfortune.
		</tgt>
		<tgt system="liu">
			Glory and wealth, the trafficking of slaves and sugar.
		</tgt>
		<ref>
			?
		</ref>
	</judgedsentence>
	<judgedsentence id="760" langsrc="de" langtgt="en" rank="-1" src-length="26" src-long="1" src-short="0" src-toolong="0" testset="newstest2008">
		<src>
			Neben dem wachsenden Widerstand von Seiten des Taliban diskutieren die acht teilnehmenden Staaten auch über weitere Koordinierungspläne unter den Verbündeten.
		</src>
		<tgt system="rbmt3">
			Next to the wachsenden resistance on the part of the Taliban the eight participating states discuss also about further coordination plans among the allies.
		</tgt>
		<tgt system="limsi">
			In addition to the growing resistance from the Taliban are discussing the eight participating states on further coordination plans between the allies.
		</tgt>
		<ref>
			?
		</ref>
	</judgedsentence>
	<judgedsentence id="760" langsrc="de" langtgt="en" rank="-1" src-length="26" src-long="1" src-short="0" src-toolong="0" testset="newstest2008">
		<src>
			Neben dem wachsenden Widerstand von Seiten des Taliban diskutieren die acht teilnehmenden Staaten auch über weitere Koordinierungspläne unter den Verbündeten.
		</src>
		<tgt system="rbmt3">
			Next to the wachsenden resistance on the part of the Taliban the eight participating states discuss also about further coordination plans among the allies.
		</tgt>
		<tgt system="uedin">
			In addition to the growing resistance on the part of the Taliban the eight participating states are also discussing further coordination plans under the allies.
		</tgt>
		<ref>
			?
		</ref>
	</judgedsentence>
	<judgedsentence id="760" langsrc="de" langtgt="en" rank="-1" src-length="26" src-long="1" src-short="0" src-toolong="0" testset="newstest2008">
		<src>
			Neben dem wachsenden Widerstand von Seiten des Taliban diskutieren die acht teilnehmenden Staaten auch über weitere Koordinierungspläne unter den Verbündeten.
		</src>
		<tgt system="rbmt3">
			Next to the wachsenden resistance on the part of the Taliban the eight participating states discuss also about further coordination plans among the allies.
		</tgt>
		<tgt system="saar">
			In addition to the growing resistance on the part of the Taliban, the eight participating States also about further coordination among allies.
		</tgt>
		<ref>
			?
		</ref>
	</judgedsentence>
	<judgedsentence id="844" langsrc="de" langtgt="en" rank="-1" src-length="24" src-long="0" src-short="0" src-toolong="0" testset="newstest2008">
		<src>
			Russland war und bleibt Fürsprecher einer ausgehandelten Lösung, einer einvernehmlichen Lösung, sagte Botsane-Khartchenko.
		</src>
		<tgt system="rbmt3">
			Russia was and intercessor of a negotiated solution, an agreed solution stays, Botsane-Khartchenko said.
		</tgt>
		<tgt system="liu">
			Russia  was and still is in favour of a negotiated solution, a friendly solution , said botsane-khartchenko.
		</tgt>
		<ref>
			?
		</ref>
	</judgedsentence>
	<judgedsentence id="860" langsrc="de" langtgt="en" rank="1" src-length="15" src-long="0" src-short="0" src-toolong="0" testset="newstest2008">
		<src>
			Sie müssen so enden, wie sie begonnen haben: im Sicherheitsrat.
		</src>
		<tgt system="rbmt3">
			You must end the way they began: in the Security Council.
		</tgt>
		<tgt system="limsi">
			They must end up, as you have begun:  in the Security Council.
		</tgt>
		<ref>
			?
		</ref>
	</judgedsentence>
	<judgedsentence id="939" langsrc="de" langtgt="en" rank="1" src-length="44" src-long="1" src-short="0" src-toolong="0" testset="newstest2008">
		<src>
			Das Problem trat am Mittwoch auf, als die Astronauten das Modul Harmony von der Raumfähre Discovery abgeladen hatten, ein großes zylinderförmiges Teil, das bald die europäischen und japanischen wissenschaftlichen Labore aufnehmen soll.
		</src>
		<tgt system="rbmt3">
			The problem occurred on Wednesday, when the astronauts had unloaded the module Harmony of the space shuttle Discovery, a big cylindrical part that is supposed to include soon the European and Japanese scientific labs.
		</tgt>
		<tgt system="limsi">
			The problem met on Wednesday as the astronauts the module harmony of the Challenger Discovery had pushed, a huge zylinderförmiges part, which will soon be the European and Japanese science laboratories.
		</tgt>
		<ref>
			?
		</ref>
	</judgedsentence>
	<judgedsentence id="960" langsrc="de" langtgt="en" rank="1" src-length="56" src-long="1" src-short="0" src-toolong="1" testset="newstest2008">
		<src>
			Die im Oktober angekündigten Kosten, um die Verzögerung bei der Lieferung ihres Militärtransportflugzeugs auszugleichen, belaufen sich auf zwischen 1,2 und 1,4 Milliarden Euro, davon mehr als eine Milliarde für Airbus, verkündete der Mutterkonzern des europäischen Herstellers EADS.
		</src>
		<tgt system="rbmt3">
			The costs announced in October, in order to balance the delay during the delivery of their military airliner amount, to between 1,2 and 1,4 billion euros, of that more than a billion for airbus, the mother company group of the European manufacturer EADS announced.
		</tgt>
		<tgt system="liu">
			In October, the costs of the delay in the delivery of its military transport flugzeugs runs to  between 1.2 and EUR 1.4 billion, of which more than a billion for Airbus,  proclaimed the parent company of European producer EADS.
		</tgt>
		<ref>
			?
		</ref>
	</judgedsentence>
	<judgedsentence id="1010" langsrc="de" langtgt="en" rank="-1" src-length="18" src-long="0" src-short="0" src-toolong="0" testset="newstest2008">
		<src>
			Dennoch, ein Teil der wissenschaftlichen Gemeinschaft zeigt nur ein begrenztes Interesse am Zugang zu Bad Arolsen.
		</src>
		<tgt system="rbmt3">
			Nevertheless, a part of the scientific community shows only a restricted interest in the access to bath Arolsen.
		</tgt>
		<tgt system="liu">
			Nevertheless, a part of the scientific community is only a limited interest in access to arolsen bathe.
		</tgt>
		<ref>
			?
		</ref>
	</judgedsentence>
	<judgedsentence id="1024" langsrc="de" langtgt="en" rank="1" src-length="101" src-long="1" src-short="0" src-toolong="1" testset="newstest2008">
		<src>
			Um die Befürchtungen abzuschwächen, denen zufolge die Bedingungen am Finanzmarkt Ende des Jahres besonders hart sein werden, und um den Banken eine größere Gewissheit über die Art und Weise zu geben, mit der sie ihre Liquiditätspositionen in dieser Zeit organisieren sollen, hat die Bank die Absicht, einen bedeutenden Teil ihrer Spareinlagen während der Erhaltungsphase, die am 6. Dezember beginnt, anzubieten, in Form einer Open-Market-Operation für fünf Wochen, gibt sie in einer Mitteilung an.
		</src>
		<tgt system="rbmt3">
			In order to weaken the apprehensions, these the conditions at the financial market end of the year follows especially hard are, in order to give the banks a greater certainty about the kind and manner with which they are supposed to organize their liquidity positions in this time and, the bank has the intention, a significant part of their savings deposits during the preservation phase that begins on 6th December to offer in the form of an Open-Market-Operation for five weeks it indicates in a communication.
		</tgt>
		<tgt system="saar">
			In order to the fears, according to which the financial market conditions at the end of the year will be particularly hard, and the banks to a greater certainty about the way in which they have to give their in this time should organize, the Bank has the intention, a significant part of their savings deposits during the preservation phase, which begins on 6 December, to offer in the form of a open-market for five weeks, present in a communication.
		</tgt>
		<ref>
			?
		</ref>
	</judgedsentence>
	<judgedsentence id="1045" langsrc="de" langtgt="en" rank="1" src-length="26" src-long="1" src-short="0" src-toolong="0" testset="newstest2008">
		<src>
			1989 hat er die Leitung des Reading Festivals im Vereinten Königreich übernommen, das jährlich um die 80.000 Menschen anlockt.
		</src>
		<tgt system="rbmt3">
			In 1989 it took the management of the Reading festival in the United Kingdom that attracts annually around the 80.000 people.
		</tgt>
		<tgt system="liu">
			In 1989, the leadership of the reading festival in the United Kingdom, which adopted annually by the anlockt 80 000 people.
		</tgt>
		<ref>
			?
		</ref>
	</judgedsentence>
	<judgedsentence id="1060" langsrc="de" langtgt="en" rank="1" src-length="44" src-long="1" src-short="0" src-toolong="0" testset="newstest2008">
		<src>
			Letztgenannter lehnt es ab, die Konditionen der Übereinkunft preiszugeben, aber er bestätigt, &quot;dass sie ausreichend interessant sind um in ein solches Ereignis zu investieren und ein Festival aufzunehmen, das hoffentlich ein langes Leben haben wird.&quot;
		</src>
		<tgt system="rbmt3">
			Last-named refuses to give away the conditions of the accord, but he confirms, &quot;that they are sufficiently interesting in order to invest in such an event and to incorporate a festival that will have a long life it is to be hoped.&quot;
		</tgt>
		<tgt system="uedin">
			It rejects the latter, the conditions of the agreement to invest but he confirmed that they are sufficiently interesting in such an event and to include a festival, which will hopefully have a long life. '
		</tgt>
		<ref>
			?
		</ref>
	</judgedsentence>
	<judgedsentence id="1110" langsrc="de" langtgt="en" rank="1" src-length="18" src-long="0" src-short="0" src-toolong="0" testset="newstest2008">
		<src>
			Popular wird seine 200 Kreditinstitute von montags bis freitags 12 Stunden am Tag geöffnet haben.
		</src>
		<tgt system="rbmt3">
			Popular will have opened his 200 credit institutions of on Mondays until on Fridays for 12 hours on day.
		</tgt>
		<tgt system="saar">
			Popular will its 200 credit institutions of on Mondays and Fridays have 12 hours in the day.
		</tgt>
		<ref>
			?
		</ref>
	</judgedsentence>
	<judgedsentence id="1110" langsrc="de" langtgt="en" rank="1" src-length="18" src-long="0" src-short="0" src-toolong="0" testset="newstest2008">
		<src>
			Popular wird seine 200 Kreditinstitute von montags bis freitags 12 Stunden am Tag geöffnet haben.
		</src>
		<tgt system="rbmt3">
			Popular will have opened his 200 credit institutions of on Mondays until on Fridays for 12 hours on day.
		</tgt>
		<tgt system="uedin">
			The Popular 200 of credit institutions on Monday to Friday 12 hours a day have opened up.
		</tgt>
		<ref>
			?
		</ref>
	</judgedsentence>
	<judgedsentence id="1122" langsrc="de" langtgt="en" rank="0" src-length="25" src-long="0" src-short="0" src-toolong="0" testset="newstest2008">
		<src>
			So wird die Erweiterung der Öffnungszeiten mit einer neuen Raumgestaltung der Filialen verbunden, die sich durch ein aktuelleres, farbenfroheres Design auszeichnet.
		</src>
		<tgt system="rbmt3">
			So the enlargement of the opening times is joined with a new room organization of the branches which is characterized by a more current, more colorful design.
		</tgt>
		<tgt system="liu">
			The enlargement of the opening hours with a new layout of branches, combined with a more up-to-date, farbenfroheres design.
		</tgt>
		<ref>
			?
		</ref>
	</judgedsentence>
	<judgedsentence id="1157" langsrc="de" langtgt="en" rank="1" src-length="3" src-long="0" src-short="1" src-toolong="0" testset="newstest2008">
		<src>
			3 Optionen.
		</src>
		<tgt system="rbmt3">
			3 options.
		</tgt>
		<tgt system="liu">
			Three options.
		</tgt>
		<ref>
			?
		</ref>
	</judgedsentence>
	<judgedsentence id="1310" langsrc="de" langtgt="en" rank="1" src-length="32" src-long="1" src-short="0" src-toolong="0" testset="newstest2008">
		<src>
			Sie fahren insgesamt entspannter und besitzen eine größere Kaufkraft, die es ihnen erlaubt, eine höhere Beitragszahlung anzusetzen, stellt Luis Noguera fest.
		</src>
		<tgt system="rbmt3">
			You go more loosely in total and have a greater purchasing power that allows them to apply a higher contribution payment Luis Nogüra states.
		</tgt>
		<tgt system="limsi">
			 They go as a whole should be more relaxed and have more purchasing power, allowing them to pay a larger , Luis Noguera.
		</tgt>
		<ref>
			?
		</ref>
	</judgedsentence>
	<judgedsentence id="1339" langsrc="de" langtgt="en" rank="1" src-length="37" src-long="1" src-short="0" src-toolong="0" testset="newstest2008">
		<src>
			Nach dem Konzert in Vancouver wird die Band als nächstes in Kalifornien, in San José (am 4ten Dezember) und in Los Angeles (am 5ten und 7ten Dezember) auftreten.
		</src>
		<tgt system="rbmt3">
			After the concert in Vancouver the band will act as next one in California, in San José (at the 4ten December) and in Los Angeles (at the 5ten and 7ten December).
		</tgt>
		<tgt system="saar">
			After the concert in Vancouver the band will act as next in California, in San José (on December) and in Los Angeles (at and December).
		</tgt>
		<ref>
			?
		</ref>
	</judgedsentence>
	<judgedsentence id="1366" langsrc="de" langtgt="en" rank="0" src-length="33" src-long="1" src-short="0" src-toolong="0" testset="newstest2008">
		<src>
			Der Bericht des Hauptprüfers besagt nun, neben anderen Empfehlungen, dass der Vorstand Leitlinien des Strafregisterauszugs aufgreifen solle, der Arbeitgebern bei Kontrollen in verschiedenen Ländern hilft.
		</src>
		<tgt system="rbmt3">
			The report of the main tester says now, next to other recommendations, that the executive board is supposed to pick up guidelines of the police records departure that helps employers with controls in different countries.
		</tgt>
		<tgt system="limsi">
			The report by the Hauptprüfers says now, among other recommendations that the board of Strafregisterauszugs guidelines should pick up the employers in controls in different countries.
		</tgt>
		<ref>
			?
		</ref>
	</judgedsentence>
	<judgedsentence id="1368" langsrc="de" langtgt="en" rank="1" src-length="68" src-long="1" src-short="0" src-toolong="1" testset="newstest2008">
		<src>
			Black sagte, die schottischen Gesundheitsbehörden würden ihren Untersuchungsrichtlinien vor der Anstellung mit hohem Maße folgen, aber fügte hinzu: &quot;Unser Bericht zeigt Bereiche auf, in denen das System verbessert werden kann, um zu gewährleisten, dass genaue Informationen über die Anzahl der ausländischen Gesundheitsdienstmitarbeiter zur Verfügung stehen.&quot;
		</src>
		<tgt system="rbmt3">
			Black said the Scotch health authorities would follow their investigation guidelines before the employment with high measure, however, added: &quot;Our report shows fields in which the system can be improved in order to guarantee that precise information about the number of the foreign National Health Service employees are available.&quot;
		</tgt>
		<tgt system="saar">
			Black said the Scotch health authorities would their guidelines before the employment with high measure consequences, however, added: &quot;our report shows fields in which the system can be improved, in order to guarantee that precise information about the number of foreign.&quot;
		</tgt>
		<ref>
			?
		</ref>
	</judgedsentence>
	<judgedsentence id="1379" langsrc="de" langtgt="en" rank="1" src-length="38" src-long="1" src-short="0" src-toolong="0" testset="newstest2008">
		<src>
			Control, die Filmbiographie über den späten Joy Division Sänger Ian Curtis hat fünf Preise bei den British Independent Film-Festspielen eingeheimst, unter anderem für den besten Film.
		</src>
		<tgt system="rbmt3">
			Control, the film biography about the late Joy Division singer Ian Curtis collected five prices at the British Independent film festivals, among other things for the best film.
		</tgt>
		<tgt system="limsi">
			The Filmbiographie control over the late Joy Division singer Ian Curtis has five in Film-Festspielen British independent garnered, including best film.
		</tgt>
		<ref>
			?
		</ref>
	</judgedsentence>
	<judgedsentence id="1387" langsrc="de" langtgt="en" rank="1" src-length="36" src-long="1" src-short="0" src-toolong="0" testset="newstest2008">
		<src>
			Rockmusik war der Mittelpunkt eines weiteren Preisträgers bei der Zeremonie - als Julian Temple's Film über den Clash-Sänger Joe Strummer den Preis für den besten Dokumentarfilm bekam.
		</src>
		<tgt system="rbmt3">
			Rock music was the center of a further winner during the ceremony - than Julian Temple's film got the price about the Clash singer Joe Strummer for the best documentary.
		</tgt>
		<tgt system="saar">
			Was the heart of a further winner during the ceremony - than Julian temple's film about the clash Joe the price for the best documentary film.
		</tgt>
		<ref>
			?
		</ref>
	</judgedsentence>
	<judgedsentence id="1392" langsrc="de" langtgt="en" rank="1" src-length="30" src-long="1" src-short="0" src-toolong="0" testset="newstest2008">
		<src>
			&quot;Es waren Leute wie Richard Harris and Albert Finney, die Türen für Leute wie mich geöffnet haben&quot;, sagte er.
		</src>
		<tgt system="rbmt3">
			People as Richard were Harris and Albert Finney, the doors for people as to have opened&quot;, he said.
		</tgt>
		<tgt system="limsi">
			&quot;There were people like Richard Harris and Albert Finney, paving the way for people like me have opened up,&quot; he said.
		</tgt>
		<ref>
			?
		</ref>
	</judgedsentence>
	<judgedsentence id="1395" langsrc="de" langtgt="en" rank="0" src-length="29" src-long="1" src-short="0" src-toolong="0" testset="newstest2008">
		<src>
			Die unabhängigen Filmpreise, bekannt als Bifas, werden von einer Gruppe ausgewählt, zu der Filmemacher, Schauspieler und Festivalorganisatoren gehören.
		</src>
		<tgt system="rbmt3">
			The independent film prices, confessed as Bifas, are selected by a group which film-makers, actors and festival organizers belong to.
		</tgt>
		<tgt system="uedin">
			The independent Filmpreise, known as the Bifas be selected by a group, belong to the film-maker, actors and Festivalorganisatoren.
		</tgt>
		<ref>
			?
		</ref>
	</judgedsentence>
	<judgedsentence id="1410" langsrc="de" langtgt="en" rank="1" src-length="56" src-long="1" src-short="0" src-toolong="1" testset="newstest2008">
		<src>
			Die Verhaftungen betrafen auch eine &quot;Medienzelle&quot; von 16 aus Medina, die es darauf abzielte, für das &quot;Takfiri Denken&quot; zu werben - die Ideologie der radikalen sunnitischen Muslimen, die Gewalt gegen Muslime unterstützt, die als Ungläubige und Abtrünnige gebranntmarkt werden.
		</src>
		<tgt system="rbmt3">
			The arrests affected also a &quot;media cell&quot; of 16 from Medina that it aimed at that to advertise the &quot;Takfiri Denken&quot; - the ideology the radical sunnitischen Muslims that violence against Muslims that becomes gebranntmarkt as unbelievers and apostates supports.
		</tgt>
		<tgt system="liu">
			The arrests were also a 'media cell' of 16 from Medina, it sought, for the takfiri think - to promote the ideology of the radical Sunni Muslims, the violence against Muslims, supported the ungläubige and breakaway gebrannt# market.
		</tgt>
		<ref>
			?
		</ref>
	</judgedsentence>
	<judgedsentence id="1495" langsrc="de" langtgt="en" rank="-1" src-length="1" src-long="0" src-short="1" src-toolong="0" testset="newstest2008">
		<src>
			Kartenhaie
		</src>
		<tgt system="rbmt3">
			Card sharks
		</tgt>
		<tgt system="liu">
			Kartenhaie
		</tgt>
		<ref>
			?
		</ref>
	</judgedsentence>
	<judgedsentence id="1510" langsrc="de" langtgt="en" rank="-1" src-length="31" src-long="1" src-short="0" src-toolong="0" testset="newstest2008">
		<src>
			Dennis Moroney von der TowerGroup, einem Forschungsunternehmen, rechnet damit, dass die Ausgabemengen für 2007 letztlich 25% höher sein werden als letztes Jahr.
		</src>
		<tgt system="rbmt3">
			Catalan-English English-Catalan Catalan-Spanish Spanish-Catalan Catalan-French French-Catalan English-French English-German English-Italian English-Russian English-Spanish French-English French-German French-Spanish German-English German-French German-Spanish German-Russian Russian-English Russian-German Spanish-English Spanish-French Spanish-Galician Spanish-German
		</tgt>
		<tgt system="liu">
			Dennis by the moroney group tower#, a research companies, expects that the amounts of expenditure for 2007 will ultimately be 25% higher than last year.
		</tgt>
		<ref>
			?
		</ref>
	</judgedsentence>
	<judgedsentence id="1510" langsrc="de" langtgt="en" rank="1" src-length="31" src-long="1" src-short="0" src-toolong="0" testset="newstest2008">
		<src>
			Dennis Moroney von der TowerGroup, einem Forschungsunternehmen, rechnet damit, dass die Ausgabemengen für 2007 letztlich 25% höher sein werden als letztes Jahr.
		</src>
		<tgt system="rbmt3">
			Catalan-English English-Catalan Catalan-Spanish Spanish-Catalan Catalan-French French-Catalan English-French English-German English-Italian English-Russian English-Spanish French-English French-German French-Spanish German-English German-French German-Spanish German-Russian Russian-English Russian-German Spanish-English Spanish-French Spanish-Galician Spanish-German
		</tgt>
		<tgt system="uedin">
			Dennis Moroney the TowerGroup, a research companies, expects the Ausgabemengen will be for 2007 at the end of the day, 25% higher than last year.
		</tgt>
		<ref>
			?
		</ref>
	</judgedsentence>
	<judgedsentence id="1610" langsrc="de" langtgt="en" rank="1" src-length="19" src-long="0" src-short="0" src-toolong="0" testset="newstest2008">
		<src>
			Die Behörden sagten sie seien an dem Haus um etwa 3 Uhr nachmittags im November angekommen.
		</src>
		<tgt system="rbmt3">
			The authorities said they arrived at the house at about 3 o'clock in the afternoon in November.
		</tgt>
		<tgt system="liu">
			The authorities are in the House, you said about 3 o'clock tomorrow in November.
		</tgt>
		<ref>
			?
		</ref>
	</judgedsentence>
	<judgedsentence id="1610" langsrc="de" langtgt="en" rank="-1" src-length="19" src-long="0" src-short="0" src-toolong="0" testset="newstest2008">
		<src>
			Die Behörden sagten sie seien an dem Haus um etwa 3 Uhr nachmittags im November angekommen.
		</src>
		<tgt system="rbmt3">
			The authorities said they arrived at the house at about 3 o'clock in the afternoon in November.
		</tgt>
		<tgt system="saar">
			The authorities said they arrived at the House at approximately 3 time in November.
		</tgt>
		<ref>
			?
		</ref>
	</judgedsentence>
	<judgedsentence id="1629" langsrc="de" langtgt="en" rank="-1" src-length="36" src-long="1" src-short="0" src-toolong="0" testset="newstest2008">
		<src>
			Die Ausführungen halfen auch die Wall Street zu beruhigen, angesichts von weiteren schlechten Nachrichten aus der US-Wirtschaft, jetzt da die Verkäufe von US-Immobilien ein neues Rekordtief im Oktober erreichten.
		</src>
		<tgt system="rbmt3">
			The carrying out helped with calming also the rampart Street, faced with further bad news from the US economy, now since the sales of US immovables achieved a new record depression in October.
		</tgt>
		<tgt system="liu">
			The statement also helped to reassure the Wall Street, in the light of further bad news from the American economy, now as the sale of a new us-immobilien record low in October.
		</tgt>
		<ref>
			?
		</ref>
	</judgedsentence>
	<judgedsentence id="1660" langsrc="de" langtgt="en" rank="0" src-length="44" src-long="1" src-short="0" src-toolong="0" testset="newstest2008">
		<src>
			Für Shah spricht seine funkelnden und wertvollen 88 Test-Debüt-Innings in Bombay, 43 erstklassige Hunderte und nur sechs von Bopara, der mit 22 Jahren sieben Jahre jünger ist, und eine exzellente Bilanz gegen angedrehtes Kugeln.
		</src>
		<tgt system="rbmt3">
			For Shah speaks his sparkling and valuable 88 Test-Debüt-Innings into Bombay, 43 first-class hundreds and only six of Bopara that is younger with 22 years seven years, and an excellent balance against rolling turned on.
		</tgt>
		<tgt system="saar">
			For Shah speaks his sparkling and valuable 88 test debut in Bombay, 43 first-class hundreds, and only six of the seven years younger with 22 years, and an excellent balance against bullets.
		</tgt>
		<ref>
			?
		</ref>
	</judgedsentence>
	<judgedsentence id="1674" langsrc="de" langtgt="en" rank="1" src-length="45" src-long="1" src-short="0" src-toolong="0" testset="newstest2008">
		<src>
			Ich kam heute zurück, wegen dem, was ich im Fernsehen gesehen habe und was ich in der Zeitung gelesen habe, über das, was in Bagdad geschehen ist, und wie es jetzt sicher wäre.
		</src>
		<tgt system="rbmt3">
			I came today back, because of what I saw on televison and what I read in the newspaper about what happened in Baghdad and as it would be now secure.
		</tgt>
		<tgt system="liu">
			'I came back today, because what I have seen on television and what I have read in the newspapers about what has happened in Baghdad and, as it is now safe.'
		</tgt>
		<ref>
			?
		</ref>
	</judgedsentence>
	<judgedsentence id="1718" langsrc="de" langtgt="en" rank="1" src-length="10" src-long="0" src-short="0" src-toolong="0" testset="newstest2008">
		<src>
			In Spanien wird Chávez derweil zur Witzfigur.
		</src>
		<tgt system="rbmt3">
			Meanwhile in Spain Chávez becomes the joke figure.
		</tgt>
		<tgt system="liu">
			Meanwhile, in Spain, to the witz# Chávez.
		</tgt>
		<ref>
			?
		</ref>
	</judgedsentence>
	<judgedsentence id="1760" langsrc="de" langtgt="en" rank="0" src-length="28" src-long="1" src-short="0" src-toolong="0" testset="newstest2008">
		<src>
			Und während Kohlendioxid auf der Erde in Karbonatgesteinen fixiert ist, macht es auf der Venus den Großteil der Atmosphäre aus.
		</src>
		<tgt system="rbmt3">
			And while carbon dioxide is being fixed on the earth in carbonate rocks, it defines the majority of the atmosphere on the Venus.
		</tgt>
		<tgt system="saar">
			And while while on earth in carbonate rocks on the Venus, does the majority of the atmosphere.
		</tgt>
		<ref>
			?
		</ref>
	</judgedsentence>
	<judgedsentence id="1801" langsrc="de" langtgt="en" rank="0" src-length="12" src-long="0" src-short="0" src-toolong="0" testset="newstest2008">
		<src>
			Kolat mahnte: &quot;Aber trotzdem müssen wir aufpassen.&quot;
		</src>
		<tgt system="rbmt3">
			Kolat admonished: &quot;But in spite of that we must look out.&quot;
		</tgt>
		<tgt system="saar">
			Kolat admonished: &quot;but nevertheless we must watch out.&quot;
		</tgt>
		<ref>
			?
		</ref>
	</judgedsentence>
	<judgedsentence id="1861" langsrc="de" langtgt="en" rank="1" src-length="16" src-long="0" src-short="0" src-toolong="0" testset="newstest2008">
		<src>
			Zum Revival erscheint ein Mitschnitt aus ihrer großen Zeit &quot;Live 1974&quot;.
		</src>
		<tgt system="rbmt3">
			To the Revival a monitoring appears from their large time&quot;Live in 1974&quot;.
		</tgt>
		<tgt system="liu">
			The distinct revival seems a mitschnitt its great time 'live' in 1974.
		</tgt>
		<ref>
			?
		</ref>
	</judgedsentence>
	<judgedsentence id="1910" langsrc="de" langtgt="en" rank="1" src-length="15" src-long="0" src-short="0" src-toolong="0" testset="newstest2008">
		<src>
			Der Legendbildung dienen Projektionen weiterer Schwarzweißfotos von wirr verkabelten Gerätschaften.
		</src>
		<tgt system="rbmt3">
			Projections of further black and white photos of confusedly wired rigs are used for the putting end education.
		</tgt>
		<tgt system="uedin">
			The projections Legendbildung serve other Schwarzweißfotos of confusing verkabelten equipment.
		</tgt>
		<ref>
			?
		</ref>
	</judgedsentence>
	<judgedsentence id="1951" langsrc="de" langtgt="en" rank="1" src-length="18" src-long="0" src-short="0" src-toolong="0" testset="newstest2008">
		<src>
			Man kann hinzufügen: Es hat auch noch nie einen guten Südafrika-Film gegeben.
		</src>
		<tgt system="rbmt3">
			One can add: There has never also yet been a good South Africafilm.
		</tgt>
		<tgt system="limsi">
			You can add: it has also never a good Südafrika-Film.
		</tgt>
		<ref>
			?
		</ref>
	</judgedsentence>
	<judgedsentence id="6" langsrc="es" langtgt="en" rank="0" src-length="31" src-long="1" src-short="0" src-toolong="0" testset="test2008">
		<src>
			Tiene razón al señalar el camino recorrido desde la caída del muro y la reunificación alemana, hace diez años.
		</src>
		<tgt system="rbmt3">
			He is right when indicating the path gone from the fall of the wall and the German reunification, ten years ago.
		</tgt>
		<tgt system="saar">
			You are right to highlight the progress made since the fall of the wall and the German reunification, ten years ago.
		</tgt>
		<ref>
			?
		</ref>
	</judgedsentence>
	<judgedsentence id="106" langsrc="es" langtgt="en" rank="-1" src-length="27" src-long="1" src-short="0" src-toolong="0" testset="test2008">
		<src>
			De esta tensión nace la idoneidad del modelo del EEE, puesto que el candidato es recompensado durante el proceso de aspiración.
		</src>
		<tgt system="rbmt3">
			The appropriateness of the model of the EEE originates from this tension, since the candidate is recompensed during the process of aspiration.
		</tgt>
		<tgt system="saar">
			This tension the suitability of the model of the EEA, since the candidate is rewarded during the process of aspiration.
		</tgt>
		<ref>
			?
		</ref>
	</judgedsentence>
	<judgedsentence id="131" langsrc="es" langtgt="en" rank="-1" src-length="10" src-long="0" src-short="0" src-toolong="0" testset="test2008">
		<src>
			Señor Comisario Byrne, estamos muy satisfechos.
		</src>
		<tgt system="rbmt3">
			We, Señor Comisario Byrne, are very satisfied.
		</tgt>
		<tgt system="saar">
			Commissioner Byrne, we are very satisfied.
		</tgt>
		<ref>
			?
		</ref>
	</judgedsentence>
	<judgedsentence id="134" langsrc="es" langtgt="en" rank="-1" src-length="14" src-long="0" src-short="0" src-toolong="0" testset="test2008">
		<src>
			Las normas son difícilmente comparables y menos aún transferibles.
		</src>
		<tgt system="rbmt3">
			Catalan-English English-Catalan Catalan-Spanish Spanish-Catalan Catalan-French French-Catalan English-French English-German English-Italian English-Russian English-Spanish French-English French-German French-Spanish German-English German-French German-Spanish German-Russian Russian-English Russian-German Spanish-English Spanish-French Spanish-Galician Spanish-German
		</tgt>
		<tgt system="saar">
			The rules are hardly comparable and even less transferable.
		</tgt>
		<ref>
			?
		</ref>
	</judgedsentence>
	<judgedsentence id="206" langsrc="es" langtgt="en" rank="-1" src-length="35" src-long="1" src-short="0" src-toolong="0" testset="test2008">
		<src>
			Basándonos en esta consideración yo abogo por que haya claridad:¿qué criterio prevalece en caso de choque entre los criterios declarados por el señor Titley?
		</src>
		<tgt system="rbmt3">
			Basing us in this consideration I advocate there being criterion claridad:¿qué prevails in the event of collision against the criteria declared by Mr. Titley?
		</tgt>
		<tgt system="uedin">
			It is with this in mind I advocate for clarity: what criterion prevails in the event of a clash between the criteria declared by Mr Titley?
		</tgt>
		<ref>
			?
		</ref>
	</judgedsentence>
	<judgedsentence id="241" langsrc="es" langtgt="en" rank="0" src-length="28" src-long="1" src-short="0" src-toolong="0" testset="test2008">
		<src>
			Señor Presidente, felicito al Sr. Titley por su informe, al igual que lo han hecho otros en el día de hoy.
		</src>
		<tgt system="rbmt3">
			Señor Presidente, I congratulate Sr. Titley for its report, the same as others have made it on the day of today.
		</tgt>
		<tgt system="limsi">
			Mr President, I congratulate Mr Titley on his report, as others have done today.
		</tgt>
		<ref>
			?
		</ref>
	</judgedsentence>
	<judgedsentence id="256" langsrc="es" langtgt="en" rank="0" src-length="47" src-long="1" src-short="0" src-toolong="0" testset="test2008">
		<src>
			Yo creo que debemos educar a los niños para que sepan disfrutar debidamente de este medio de comunicación y animar a los padres a que ayuden a sus hijos a ver los programas adecuados y a dejar de lado los menos adecuados.
		</src>
		<tgt system="rbmt3">
			I think that we must educate the children so that they know how to enjoy this media appropriately and to cheer up to the fathers to their helping to its children to see the adequate programs and to leave of side the less adequate.
		</tgt>
		<tgt system="limsi">
			I believe that we must educate children so that they can properly enjoy this means of communication and encourage parents to help their children to see suitable programmes and leave aside the less appropriate.
		</tgt>
		<ref>
			?
		</ref>
	</judgedsentence>
	<judgedsentence id="281" langsrc="es" langtgt="en" rank="0" src-length="9" src-long="0" src-short="1" src-toolong="0" testset="test2008">
		<src>
			Tal vez sea necesario destacarlo en esta Asamblea.
		</src>
		<tgt system="rbmt3">
			It is perhaps necessary to send it in this Assembly.
		</tgt>
		<tgt system="saar">
			It is perhaps necessary to send it in this House.
		</tgt>
		<ref>
			?
		</ref>
	</judgedsentence>
	<judgedsentence id="305" langsrc="es" langtgt="en" rank="-1" src-length="41" src-long="1" src-short="0" src-toolong="0" testset="test2008">
		<src>
			. (SV) En principio, nos parece positiva la recomendación del Parlamento Europeo y del Consejo sobre la movilidad en el ámbito de la Unión, pero quisiéramos expresar lo siguiente:
		</src>
		<tgt system="rbmt3">
			. (SV) In principle, the recommendation of the Parliament European and of the Board on the mobility in the area of the Union seems us positive, but we wanted to express the following:
		</tgt>
		<tgt system="saar">
			- (SV) In principle, we welcome the recommendation of the European Parliament and of the Council on mobility in the area of the Union, but we should like to express the following:
		</tgt>
		<ref>
			?
		</ref>
	</judgedsentence>
	<judgedsentence id="315" langsrc="es" langtgt="en" rank="-1" src-length="69" src-long="1" src-short="0" src-toolong="1" testset="test2008">
		<src>
			Apoyo este informe de mi colega Gary Titley, y coincido con él en que un comercio de armas responsable forma parte del &quot;acquis communautaire&quot; y, por tanto, los países candidatos deberían ser activamente involucrados en el desarrollo del Código de Conducta en materia de exportación de armas, debiendo ser éste legalmente vinculante.
		</src>
		<tgt system="rbmt3">
			Support this report of my colleague Gary Titley, and I agree with it that a responsible trade of weapons is part of the &quot;acquis communautaire&quot; and, therefore, the candidate countries should be involved actively in the development of the Code of Conduct on the subject of export of weapons, this legally binding having to be.
		</tgt>
		<tgt system="saar">
			I support this report by my colleague Gary Titley, and I agree with him that the arms trade responsible form part of the &quot;acquis communautaire 'and, therefore, the applicant countries should be actively involved in the development of the code of conduct on arms exports, must be this legally binding.
		</tgt>
		<ref>
			?
		</ref>
	</judgedsentence>
	<judgedsentence id="333" langsrc="es" langtgt="en" rank="-1" src-length="40" src-long="1" src-short="0" src-toolong="0" testset="test2008">
		<src>
			En este contexto quisiera subrayar que la Comisión respalda las iniciativas en pro de la paz del Presidente Pastrana y que hará todo cuanto esté a su alcance para fomentar una paz duradera en Colombia.
		</src>
		<tgt system="rbmt3">
			In this context it wanted to underline that the Commission backs the initiatives up in pro of the peace of the President Pastrana and that will make everything to its scope as much as it is to encourage a long-lasting peace in Colombia.
		</tgt>
		<tgt system="limsi">
			In this context I would like to stress that the Commission supports the initiatives in favour of the President Pastrana' s peace and will do everything in its power to promote a lasting peace in Colombia.
		</tgt>
		<ref>
			?
		</ref>
	</judgedsentence>
	<judgedsentence id="456" langsrc="es" langtgt="en" rank="-1" src-length="23" src-long="0" src-short="0" src-toolong="0" testset="test2008">
		<src>
			Paso ahora a abordar cada uno de estos puntos, pero brevemente, con el fin de dejar tiempo para nuestro debate.
		</src>
		<tgt system="rbmt3">
			Crossing now to tackle each of these points, but briefly, in order to leave time for our debate.
		</tgt>
		<tgt system="limsi">
			I would now like to turn to each of these points, but briefly, in order to make time for our debate.
		</tgt>
		<ref>
			?
		</ref>
	</judgedsentence>
	<judgedsentence id="456" langsrc="es" langtgt="en" rank="-1" src-length="23" src-long="0" src-short="0" src-toolong="0" testset="test2008">
		<src>
			Paso ahora a abordar cada uno de estos puntos, pero brevemente, con el fin de dejar tiempo para nuestro debate.
		</src>
		<tgt system="rbmt3">
			Crossing now to tackle each of these points, but briefly, in order to leave time for our debate.
		</tgt>
		<tgt system="uedin">
			I would now like to turn to each of these points, but briefly, in order to allow time for our debate.
		</tgt>
		<ref>
			?
		</ref>
	</judgedsentence>
	<judgedsentence id="506" langsrc="es" langtgt="en" rank="1" src-length="36" src-long="1" src-short="0" src-toolong="0" testset="test2008">
		<src>
			Sin embargo, señalo al respecto que también hay en este momento de nuevo un debate en la Comisión sobre, por ejemplo, la política azucarera.
		</src>
		<tgt system="rbmt3">
			However, I indicate about this also that there is a debate now of new in the Commission on, for example, the sugar policy.
		</tgt>
		<tgt system="saar">
			However, I would point out here that there are also at this point again a debate within the Commission on, for example, the sugar policy.
		</tgt>
		<ref>
			?
		</ref>
	</judgedsentence>
	<judgedsentence id="556" langsrc="es" langtgt="en" rank="0" src-length="48" src-long="1" src-short="0" src-toolong="0" testset="test2008">
		<src>
			Señor Presidente, resulta promisorio que en la mayoría de los puntos importantes estemos tan cerca de una unidad de criterios con el Consejo, que podamos demostrar disciplina presupuestaria manteniendo, no obstante, la mayor parte de las prioridades del Parlamento.
		</src>
		<tgt system="rbmt3">
			Señor Presidente, it is promissory that we are in most of the important points so nearly one unit of criteria with the Board, which we can prove budgetary discipline maintaining, however, most of the priorities of the Parliament.
		</tgt>
		<tgt system="uedin">
			Mr President, is that we need for the most important points are so close to a consensus with the Council, we can prove maintaining budgetary discipline, however, most of Parliament's priorities.
		</tgt>
		<ref>
			?
		</ref>
	</judgedsentence>
	<judgedsentence id="556" langsrc="es" langtgt="en" rank="-1" src-length="48" src-long="1" src-short="0" src-toolong="0" testset="test2008">
		<src>
			Señor Presidente, resulta promisorio que en la mayoría de los puntos importantes estemos tan cerca de una unidad de criterios con el Consejo, que podamos demostrar disciplina presupuestaria manteniendo, no obstante, la mayor parte de las prioridades del Parlamento.
		</src>
		<tgt system="rbmt3">
			Señor Presidente, it is promissory that we are in most of the important points so nearly one unit of criteria with the Board, which we can prove budgetary discipline maintaining, however, most of the priorities of the Parliament.
		</tgt>
		<tgt system="limsi">
			Mr President, it is potential that in the majority of the important points we are so close to a consensus with the Council, that we can prove budgetary discipline, however, the majority of Parliament' s priorities.
		</tgt>
		<ref>
			?
		</ref>
	</judgedsentence>
	<judgedsentence id="556" langsrc="es" langtgt="en" rank="-1" src-length="48" src-long="1" src-short="0" src-toolong="0" testset="test2008">
		<src>
			Señor Presidente, resulta promisorio que en la mayoría de los puntos importantes estemos tan cerca de una unidad de criterios con el Consejo, que podamos demostrar disciplina presupuestaria manteniendo, no obstante, la mayor parte de las prioridades del Parlamento.
		</src>
		<tgt system="rbmt3">
			Señor Presidente, it is promissory that we are in most of the important points so nearly one unit of criteria with the Board, which we can prove budgetary discipline maintaining, however, most of the priorities of the Parliament.
		</tgt>
		<tgt system="uedin">
			Mr President, is that we need for the most important points are so close to a consensus with the Council, we can prove maintaining budgetary discipline, however, most of Parliament's priorities.
		</tgt>
		<ref>
			?
		</ref>
	</judgedsentence>
	<judgedsentence id="606" langsrc="es" langtgt="en" rank="0" src-length="13" src-long="0" src-short="0" src-toolong="0" testset="test2008">
		<src>
			En mi opinión, ésta es una postura inteligente.
		</src>
		<tgt system="rbmt3">
			In my opinion, this is an intelligent posture.
		</tgt>
		<tgt system="saar">
			In my opinion, this is an intelligent position.
		</tgt>
		<ref>
			?
		</ref>
	</judgedsentence>
	<judgedsentence id="652" langsrc="es" langtgt="en" rank="1" src-length="33" src-long="1" src-short="0" src-toolong="0" testset="test2008">
		<src>
			Por eso debemos desear ardientemente el éxito de la cumbre de Niza y de la Conferencia Intergubernamental, para, simplemente, poder muy pronto ir más allá.
		</src>
		<tgt system="rbmt3">
			That's why we must want burningly the success of the summit of Nice and of the Intergovernmental Conference, for, simply, to be able to go very soon further on.
		</tgt>
		<tgt system="saar">
			That is why we must ardent wish the success of the Nice Summit and the Intergovernmental Conference, simply, very soon be able to go further.
		</tgt>
		<ref>
			?
		</ref>
	</judgedsentence>
	<judgedsentence id="656" langsrc="es" langtgt="en" rank="-1" src-length="18" src-long="0" src-short="0" src-toolong="0" testset="test2008">
		<src>
			Debe existir igualdad institucional en el contexto de las negociaciones en la próxima Conferencia Intergubernamental.
		</src>
		<tgt system="rbmt3">
			There must be institutional equality in the context of the negotiations in the next Intergovernmental Conference.
		</tgt>
		<tgt system="uedin">
			There must be equality institutionally in the context of the negotiations at the next Intergovernmental Conference.
		</tgt>
		<ref>
			?
		</ref>
	</judgedsentence>
	<judgedsentence id="682" langsrc="es" langtgt="en" rank="1" src-length="58" src-long="1" src-short="0" src-toolong="1" testset="test2008">
		<src>
			Estamos en desacuerdo con esta medida porque, con la aplicación caprichosa del principio -hipócrita, en cualquier caso- «el que contamina paga», todo el coste de la reducción de las emisiones de gases se desplazará directamente a los consumidores, es decir, a los trabajadores.
		</src>
		<tgt system="rbmt3">
			We are in disagreement with this measure because, with the capricious application of the beginning -hypocritical, in any case- «the one that contaminates pays», all the cost of the reduction of the broadcasts of gases will be moved directly to the consumers, that is, to the workers.
		</tgt>
		<tgt system="saar">
			We disagree with this because, with the capricious application of the principle at any rate - 'the polluter pays', the full cost of reducing gas emissions will go directly to the consumer, that is, the workers.
		</tgt>
		<ref>
			?
		</ref>
	</judgedsentence>
	<judgedsentence id="686" langsrc="es" langtgt="en" rank="-1" src-length="89" src-long="1" src-short="0" src-toolong="1" testset="test2008">
		<src>
			Censar y estudiar este fenómeno de la perturbación de los sistemas endocrinos de hombres y animales, validar estudios, demostrar las relaciones de causa a efecto entre varios productos y ciertas anomalías conocidas en el hombre o en especies animales (disminución de la fecundidad, ciertas malformaciones, ciertos cánceres...) es un punto de partida necesario si respeta el principio de cautela, anticipando al mismo tiempo una exigencia de transparencia totalmente ausente del texto.
		</src>
		<tgt system="rbmt3">
			Making a census and to study this phenomenon of the perturbation of the endocrine systems of men and animals, to validate studies, to prove the relations of cause to effect among several products and to certain anomalies known in the man or in animal sorts (decrease of the fertility, certain malformations, certain cancers...) it is a necessary preliminary point if it respects the beginning of caution, anticipating at the same time a demand of transparency totally absent from the text.
		</tgt>
		<tgt system="saar">
			Counting and to study this phenomenon of the disruption of the endocrine systems of men and animals and validate studies, to show the relationship between effect between various products and certain anomalies known in human or animal species (declining fertility, certain malformations, certain cancers...) is a necessary starting point if adhering to the precautionary principle, anticipating at the same time a demand of completely absent from the text.
		</tgt>
		<ref>
			?
		</ref>
	</judgedsentence>
	<judgedsentence id="718" langsrc="es" langtgt="en" rank="-1" src-length="18" src-long="0" src-short="0" src-toolong="0" testset="test2008">
		<src>
			Debe trabajarse en las escuelas y en el ámbito de la acogida de niños.
		</src>
		<tgt system="rbmt3">
			It must be worked at schools and in the area of the welcome of children.
		</tgt>
		<tgt system="saar">
			We must go in schools and in the field of the reception of children.
		</tgt>
		<ref>
			?
		</ref>
	</judgedsentence>
	<judgedsentence id="732" langsrc="es" langtgt="en" rank="-1" src-length="53" src-long="1" src-short="0" src-toolong="1" testset="test2008">
		<src>
			Dicho de otra manera, señor Presidente, el principio de subsidiariedad probablemente sea el principio que refunde, recoge, y compendia lo que es la construcción europea, porque al final no es más que la voluntad política incluida en el Tratado.
		</src>
		<tgt system="rbmt3">
			This in another way, President man, the beginning of subsidiariness probably is the beginning that recasts, collects, and summarizes what is the European construction, because in the end it is not more than the political will included in the Treaty.
		</tgt>
		<tgt system="limsi">
			In other words, Mr President, the principle of subsidiarity is probably the recasting principle, contains encapsulates, and what is the construction of Europe, because in the end it is not only the political will be included in the Treaty.
		</tgt>
		<ref>
			?
		</ref>
	</judgedsentence>
	<judgedsentence id="754" langsrc="es" langtgt="en" rank="-1" src-length="47" src-long="1" src-short="0" src-toolong="0" testset="test2008">
		<src>
			Señor Presidente, señoras y señores diputados, el asunto de los asistentes de lenguas extranjeras no italianos en las universidades italianas es bien conocido por la Comisión y por la mayoría de las instituciones europeas.
		</src>
		<tgt system="rbmt3">
			Señor Presidente, women and representatives men, the matter of the not Italian assistants of foreign languages in the Italian universities is well known by the Commission and by most of the European institutions.
		</tgt>
		<tgt system="limsi">
			Mr President, ladies and gentlemen, the issue of the foreign language lecturers in Italian not Italian universities is well known to the Commission and by the majority of the European institutions.
		</tgt>
		<ref>
			?
		</ref>
	</judgedsentence>
	<judgedsentence id="756" langsrc="es" langtgt="en" rank="1" src-length="8" src-long="0" src-short="1" src-toolong="0" testset="test2008">
		<src>
			¿Cuál es la injusticia?
		</src>
		<tgt system="rbmt3">
			Which is the injustice?
		</tgt>
		<tgt system="limsi">
			What is the injustice?
		</tgt>
		<ref>
			?
		</ref>
	</judgedsentence>
	<judgedsentence id="756" langsrc="es" langtgt="en" rank="-1" src-length="8" src-long="0" src-short="1" src-toolong="0" testset="test2008">
		<src>
			¿Cuál es la injusticia?
		</src>
		<tgt system="rbmt3">
			Which is the injustice?
		</tgt>
		<tgt system="saar">
			What is the wrong?
		</tgt>
		<ref>
			?
		</ref>
	</judgedsentence>
	<judgedsentence id="785" langsrc="es" langtgt="en" rank="-1" src-length="15" src-long="0" src-short="0" src-toolong="0" testset="test2008">
		<src>
			Puede que ésta sea una imagen triste, pero tenemos motivos de esperanza.
		</src>
		<tgt system="rbmt3">
			Maybe this is a sad image, but we have motifs ofexpectation.
		</tgt>
		<tgt system="uedin">
			It may be a sad picture, but there is reason to hope.
		</tgt>
		<ref>
			?
		</ref>
	</judgedsentence>
	<judgedsentence id="821" langsrc="es" langtgt="en" rank="-1" src-length="36" src-long="1" src-short="0" src-toolong="0" testset="test2008">
		<src>
			Me parece que la referencia al artículo 6 es lógica y creo que la Presidencia del Consejo debe tomar buena nota de lo que ha dicho el Sr. Barón.
		</src>
		<tgt system="rbmt3">
			It seems me that the reference to the article 6 is logical and I think that the Presidency of the Board must take good note of what the Sr. Baron has said.
		</tgt>
		<tgt system="limsi">
			It seems to me that the reference to Article 6 is logical and I believe that the Presidency of the Council must take good note of what was said by Mr Barón Crespo.
		</tgt>
		<ref>
			?
		</ref>
	</judgedsentence>
	<judgedsentence id="856" langsrc="es" langtgt="en" rank="-1" src-length="12" src-long="0" src-short="0" src-toolong="0" testset="test2008">
		<src>
			S.O.S. Democracy rechaza la Carta de Derechos Fundamentales por tres razones.
		</src>
		<tgt system="rbmt3">
			S.O.S. Democracy refuses the Bill of Rights Basic for three reasons.
		</tgt>
		<tgt system="limsi">
			SOS Democracy rejects the Charter of Fundamental Rights for three reasons.
		</tgt>
		<ref>
			?
		</ref>
	</judgedsentence>
	<judgedsentence id="858" langsrc="es" langtgt="en" rank="-1" src-length="26" src-long="1" src-short="0" src-toolong="0" testset="test2008">
		<src>
			¡Y de esta forma impregnará progresivamente, a través de la jurisprudencia, al conjunto de nuestras legislaciones nacionales y europeas!
		</src>
		<tgt system="rbmt3">
			And this way he will impregnate progressively the ensemble with our laws of the land and Europeans, through the jurisprudence!
		</tgt>
		<tgt system="saar">
			And in this way will run through progressively, via the case law, to the whole of our national and European laws!
		</tgt>
		<ref>
			?
		</ref>
	</judgedsentence>
	<judgedsentence id="880" langsrc="es" langtgt="en" rank="-1" src-length="37" src-long="1" src-short="0" src-toolong="0" testset="test2008">
		<src>
			Nuestro ponente, el Sr. Morillon, merece nuestra enhorabuena por haber mencionado la solución al problema de Chipre como una de las condiciones previas a la adhesión de Turquía.
		</src>
		<tgt system="rbmt3">
			Our ponente, Sr. Morillon, deserves our congratulation because he has mentioned the solution to the problem of Cyprus as one of the conditions prior to the adhesion of Turkey.
		</tgt>
		<tgt system="limsi">
			Our rapporteur, Mr Morillon, deserves our congratulations on having mentioned the solution to the Cyprus problem as one of the preconditions to the accession of Turkey.
		</tgt>
		<ref>
			?
		</ref>
	</judgedsentence>
	<judgedsentence id="915" langsrc="es" langtgt="en" rank="-1" src-length="43" src-long="1" src-short="0" src-toolong="0" testset="test2008">
		<src>
			El Consejo Europeo de Feira, el pasado mes de junio, pidió al Consejo que aplicara de manera acelerada las medidas de lucha contra las redes clandestinas previstas en las conclusiones del Consejo Europeo de Tampere de octubre de 1999.
		</src>
		<tgt system="rbmt3">
			The European Board of Feira, the last month of June, asked the Board to apply the measures of fight in a fast way against the clandestine nets foreseen in the conclusions of the European Board of Tampere of October 1999.
		</tgt>
		<tgt system="saar">
			The Feira European Council, last June, we asked the Council to apply in an accelerated action against the criminal networks provided for in the conclusions of the Tampere European Council of October 1999.
		</tgt>
		<ref>
			?
		</ref>
	</judgedsentence>
	<judgedsentence id="957" langsrc="es" langtgt="en" rank="1" src-length="42" src-long="1" src-short="0" src-toolong="0" testset="test2008">
		<src>
			Señor Presidente, lo bonito de este debate es, sin embargo, que de él se deduce lo que se puede y no se puede regular en la política agrícola común.
		</src>
		<tgt system="rbmt3">
			Señor Presidente, what is pretty of this debate is, however, that what is been able and can not be regulated in the common agriculture policy is deducted from it.
		</tgt>
		<tgt system="uedin">
			Mr President, the great thing about this debate, however, is that it follows what can and cannot be regulated within the common agricultural policy.
		</tgt>
		<ref>
			?
		</ref>
	</judgedsentence>
	<judgedsentence id="988" langsrc="es" langtgt="en" rank="-1" src-length="39" src-long="1" src-short="0" src-toolong="0" testset="test2008">
		<src>
			Existe una propuesta para eliminar esta enmienda alegando, entre otras cosas, que los fabricantes no deberían tener la obligación de incriminarse a sí mismos y teniendo en cuenta el secreto profesional.
		</src>
		<tgt system="rbmt3">
			There is a proposal to eliminate this amendment claiming, among other things, that the manufacturers should not have the duty to be incriminated to itself same and taking the professional secret into account.
		</tgt>
		<tgt system="uedin">
			There is a proposal to remove this by stating, among other things, that manufacturers should not be obliged to incriminarse themselves and bearing in mind the professional secrecy.
		</tgt>
		<ref>
			?
		</ref>
	</judgedsentence>
	<judgedsentence id="992" langsrc="es" langtgt="en" rank="-1" src-length="43" src-long="1" src-short="0" src-toolong="0" testset="test2008">
		<src>
			A pesar de que la propia directiva exige formalmente un examen y una revisión de la misma, este ejercicio coincide con el compromiso reforzado de la Comisión de proteger la salud y la seguridad de los consumidores.
		</src>
		<tgt system="rbmt3">
			Even though the directive itself demands formally an examination and a revision of it, this exercise coincides with the reinforced appointment of the Commission of protecting the health and the safety of the consumers.
		</tgt>
		<tgt system="uedin">
			Although the directive itself requires a formal examination and a review of the same, this exercise is in line with the commitment given by the Commission to protect the health and safety of consumers.
		</tgt>
		<ref>
			?
		</ref>
	</judgedsentence>
	<judgedsentence id="1161" langsrc="es" langtgt="en" rank="-1" src-length="11" src-long="0" src-short="0" src-toolong="0" testset="test2008">
		<src>
			Eso es ciertamente lo que debemos respetar en tanto Parlamento.
		</src>
		<tgt system="rbmt3">
			That is certainly what we must respect in so much Parliament.
		</tgt>
		<tgt system="saar">
			That is certainly what we should respect both in Parliament.
		</tgt>
		<ref>
			?
		</ref>
	</judgedsentence>
	<judgedsentence id="1168" langsrc="es" langtgt="en" rank="-1" src-length="39" src-long="1" src-short="0" src-toolong="0" testset="test2008">
		<src>
			El Sr. Cashman tiene razón cuando dice que no le corresponde a la Comisión decir a los grupos políticos qué posición han de adoptar aquí en el Pleno.
		</src>
		<tgt system="rbmt3">
			The Sr Cashman is right when he says that telling the political groups which position they have to adopt here in the Plenary Session does not correspond to the Commission.
		</tgt>
		<tgt system="saar">
			Mr Cashman is right when he says that it is not for the Commission to tell the political groups what position should adopt here in plenary.
		</tgt>
		<ref>
			?
		</ref>
	</judgedsentence>
	<judgedsentence id="1206" langsrc="es" langtgt="en" rank="0" src-length="73" src-long="1" src-short="0" src-toolong="1" testset="test2008">
		<src>
			. Señor Presidente, a través de diversas declaraciones recientes, la Unión Europea ha denunciado los desmanes del régimen del General Gueï; también ha lamentado la exclusión directa del escrutinio del 22 de octubre de los principales candidatos de oposición, lo que ha limitado en gran medida la credibilidad de ese propio proceso electoral.
		</src>
		<tgt system="rbmt3">
			. Señor Presidente, through different recent declarations, the European Union has denounced the excesses of the regime of the General Gueï; he has also regretted the direct exclusion from the counting of the 22nd of October of the main candidates of opposition, which has limited to a large extent the credibility of that electoral process itself.
		</tgt>
		<tgt system="saar">
			. Mr President, through various recent statements, the European Union has denounced the excesses of the regime of General Gueï; also regretted the direct exclusion of the scrutiny of 22 October the main candidates of opposition, which has limited the credibility of the electoral process itself.
		</tgt>
		<ref>
			?
		</ref>
	</judgedsentence>
	<judgedsentence id="1247" langsrc="es" langtgt="en" rank="-1" src-length="3" src-long="0" src-short="1" src-toolong="0" testset="test2008">
		<src>
			(Aplausos)
		</src>
		<tgt system="rbmt3">
			(Applause)
		</tgt>
		<tgt system="saar">
			(Applause)
		</tgt>
		<ref>
			?
		</ref>
	</judgedsentence>
	<judgedsentence id="1256" langsrc="es" langtgt="en" rank="0" src-length="36" src-long="1" src-short="0" src-toolong="0" testset="test2008">
		<src>
			Se les puede denominar una fuerza policial blanda pero tuvieron éxito al restañar las heridas de una guerra civil y al otorgar credibilidad a la idea de la ley y el orden.
		</src>
		<tgt system="rbmt3">
			A soft police force can be named for them but they had success when staunching the wounds of a civil war and when granting credibility to the idea about the law and the order.
		</tgt>
		<tgt system="saar">
			It can be called a soft police force but they were successful to heal the wounds of the civil war and to give credibility to the idea of law and order.
		</tgt>
		<ref>
			?
		</ref>
	</judgedsentence>
	<judgedsentence id="1267" langsrc="es" langtgt="en" rank="-1" src-length="33" src-long="1" src-short="0" src-toolong="0" testset="test2008">
		<src>
			La UE no debe encogerse de hombros y decir &quot;tant pis&quot; si la eliminación del sistema de traspasos inflinge un daño irreparable al fútbol.
		</src>
		<tgt system="rbmt3">
			The UE must not shrug and to say &quot;tant pis&quot; if the elimination of the inflinge system of transfers an irreparable damage to the soccer.
		</tgt>
		<tgt system="saar">
			The EU must not shrug and say &quot;Tant&quot; if the elimination of the system of transfers irreparable damage to football.
		</tgt>
		<ref>
			?
		</ref>
	</judgedsentence>
	<judgedsentence id="1393" langsrc="es" langtgt="en" rank="-1" src-length="15" src-long="0" src-short="0" src-toolong="0" testset="test2008">
		<src>
			La votación tendrá lugar mañana a las 11.00 horas.
		</src>
		<tgt system="rbmt3">
			The poll will take place tomorrow at 11.00 o'clock.
		</tgt>
		<tgt system="limsi">
			The vote will take place tomorrow at 11am
		</tgt>
		<ref>
			?
		</ref>
	</judgedsentence>
	<judgedsentence id="1406" langsrc="es" langtgt="en" rank="1" src-length="47" src-long="1" src-short="0" src-toolong="0" testset="test2008">
		<src>
			Y quiero mencionar también la relevancia de la iniciativa de la Comisión de presentar esta posición, porque dicha iniciativa ha funcionado como espada de Damocles, como una presión eficaz sobre la OMI al objeto de concluir.
		</src>
		<tgt system="rbmt3">
			And I want to mention also the relevance of the initiative of the Commission of presenting this position, because this initiative has worked as sword of Damocles, as an effective pressure on the OMI with the aim of concluding.
		</tgt>
		<tgt system="saar">
			And I would also like to mention the importance of the Commission's initiative of presenting this position, because this initiative has operated as sword of Damocles, as an effective pressure on the IMO with the aim of concluding.
		</tgt>
		<ref>
			?
		</ref>
	</judgedsentence>
	<judgedsentence id="1456" langsrc="es" langtgt="en" rank="-1" src-length="21" src-long="0" src-short="0" src-toolong="0" testset="test2008">
		<src>
			El Parlamento acaba de votar una resolución sobre la Cumbre de Niza que se caracteriza por lo siguiente:
		</src>
		<tgt system="rbmt3">
			The Parliament has just voted a resolution on the Summit of Nice that is characterized by the following:
		</tgt>
		<tgt system="uedin">
			Parliament voted on a resolution on the Nice Summit which is characterised by the following:
		</tgt>
		<ref>
			?
		</ref>
	</judgedsentence>
	<judgedsentence id="1510" langsrc="es" langtgt="en" rank="-1" src-length="24" src-long="0" src-short="0" src-toolong="0" testset="test2008">
		<src>
			Los compromisos que hemos acordado mejoran muy fuertemente la posición común desde el punto de vista del Parlamento Europeo.
		</src>
		<tgt system="rbmt3">
			The appointments that we have agreed on improve very strongly the common position from the point of view of the European Parliament.
		</tgt>
		<tgt system="uedin">
			The commitments that we have agreed to greatly improve the common position from the point of view of the European Parliament.
		</tgt>
		<ref>
			?
		</ref>
	</judgedsentence>
	<judgedsentence id="1556" langsrc="es" langtgt="en" rank="0" src-length="34" src-long="1" src-short="0" src-toolong="0" testset="test2008">
		<src>
			La Unión espera servirse de este brazo armado en plena armonía con los dispositivos de la OTAN y, llegado el caso, con el apoyo de éstos.
		</src>
		<tgt system="rbmt3">
			The Union expects to make use of this military wing in full harmony with the devices of the NATO and, the case arrived, with the support of these.
		</tgt>
		<tgt system="uedin">
			The European Union hopes to use this armed wing in complete harmony with the devices of NATO and, if necessary, with the support of the Member States.
		</tgt>
		<ref>
			?
		</ref>
	</judgedsentence>
	<judgedsentence id="1562" langsrc="es" langtgt="en" rank="-1" src-length="83" src-long="1" src-short="0" src-toolong="1" testset="test2008">
		<src>
			Señora Presidenta, señor Presidente en ejercicio del Consejo, señor Presidente de la Comisión, me permito hacer una pequeña evocación histórica sobre un célebre médico francés llamado Coué, que inventó un método, el método Coué, basado en el principio de la autosugestión y de la autoconvicción.
		</src>
		<tgt system="rbmt3">
			President woman, incumbent President man of the Board, President man of the Commission, it allow myself to do a small historical evocation on a famous doctor French called Coué, which invented a method, the method Coué, based on the beginning of the autosuggestion and of the selfconviction.
		</tgt>
		<tgt system="limsi">
			Madam President, Mr President-in-Office of the Council, Mr President of the Commission, I would like to make a small point of history on a famous French doctor self-persuasion used so-called, which invented a method, the method of self-persuasion used, based on the principle of autosuggestion and autoconvicción.
		</tgt>
		<ref>
			?
		</ref>
	</judgedsentence>
	<judgedsentence id="1606" langsrc="es" langtgt="en" rank="-1" src-length="76" src-long="1" src-short="0" src-toolong="1" testset="test2008">
		<src>
			En la política de medio ambiente, no debemos perdernos en el fomento de pequeñas medidas limitadas en el tiempo, aunque sean muy necesarias, ni tampoco en la permanente financiación ausente de crítica de instituciones cuyos resultados no se pueden detectar en lo esencial lo que, en mi opinión, ocurre así con la Agencia Europea de Medio Ambiente de Copenhague.
		</src>
		<tgt system="rbmt3">
			In the policy of environment, we must not lose absent financing of criticism of institutions whose results can not be detected in what is essential what, in my opinion, happens like this with the European Agency of Environment of Copenhagen ourselves in the promotion of small measures limited in the time, even if they are very necessary, or either in the permanent.
		</tgt>
		<tgt system="uedin">
			On environmental policy, we must not get bogged down in the promotion of small steps limited in time, even though they are very necessary, nor in the continuing funding absent from criticism of institutions whose results cannot be detected in essence what, in my opinion, the case with the European Environment Agency in Copenhagen.
		</tgt>
		<ref>
			?
		</ref>
	</judgedsentence>
	<judgedsentence id="1627" langsrc="es" langtgt="en" rank="-1" src-length="15" src-long="0" src-short="0" src-toolong="0" testset="test2008">
		<src>
			Señor Presidente, creo que la pregunta era bastante específica.
		</src>
		<tgt system="rbmt3">
			Señor Presidente, I think that the question was quite specific.
		</tgt>
		<tgt system="limsi">
			Mr President, I think that the question was quite specific.
		</tgt>
		<ref>
			?
		</ref>
	</judgedsentence>
	<judgedsentence id="1656" langsrc="es" langtgt="en" rank="0" src-length="18" src-long="0" src-short="0" src-toolong="0" testset="test2008">
		<src>
			Señala con el dedo a las fuerzas opositoras al fundamental y exigente proceso de reforma.
		</src>
		<tgt system="rbmt3">
			It points with the finger to the opposing forces to the basic and demanding process of reform.
		</tgt>
		<tgt system="saar">
			Points the finger at the opposing forces to the fundamental and demanding reform process.
		</tgt>
		<ref>
			?
		</ref>
	</judgedsentence>
	<judgedsentence id="1660" langsrc="es" langtgt="en" rank="0" src-length="5" src-long="0" src-short="1" src-toolong="0" testset="test2008">
		<src>
			El debate queda cerrado.
		</src>
		<tgt system="rbmt3">
			The debate remains closed.
		</tgt>
		<tgt system="saar">
			The debate is closed.
		</tgt>
		<ref>
			?
		</ref>
	</judgedsentence>
	<judgedsentence id="1781" langsrc="es" langtgt="en" rank="0" src-length="38" src-long="1" src-short="0" src-toolong="0" testset="test2008">
		<src>
			Estoy en contra del llamamiento que hace la Sra. Torres Marques en favor de la armonización del IVA, pero en realidad quisiera referirme al informe García-Margallo sobre el comercio electrónico.
		</src>
		<tgt system="rbmt3">
			I am against the call that does the Sra. Towers Marques in favor of the harmonization of the IVA, but in fact wanted to refer to the report García-Margallo on the e-Commerce.
		</tgt>
		<tgt system="saar">
			I am against the call that Mrs Torres Marques for harmonisation of VAT, but in reality, I would like to refer to the García-Margallo y Marfil report on electronic commerce.
		</tgt>
		<ref>
			?
		</ref>
	</judgedsentence>
	<judgedsentence id="1806" langsrc="es" langtgt="en" rank="-1" src-length="19" src-long="0" src-short="0" src-toolong="0" testset="test2008">
		<src>
			¿Estudiará, señor Comisario, el modo de ampliar esta partida del presupuesto comunitario?
		</src>
		<tgt system="rbmt3">
			Will he study, Commissioner man, the mode of extending this departure of the community budget?
		</tgt>
		<tgt system="limsi">
			Will, Commissioner, the way of extending this item of the Community budget?
		</tgt>
		<ref>
			?
		</ref>
	</judgedsentence>
	<judgedsentence id="1850" langsrc="es" langtgt="en" rank="0" src-length="37" src-long="1" src-short="0" src-toolong="0" testset="test2008">
		<src>
			Señor Presidente, a esta tardía hora, en la cual tengo la garganta como un estropajo, no creo que tenga gran cosa más que comunicar a nuestros colegas.
		</src>
		<tgt system="rbmt3">
			Señor Presidente, at this late hour, in which I have the throat as a scouring pad, I do not think that it has big thing more than that it communicates our colleagues.
		</tgt>
		<tgt system="limsi">
			Mr President, at this late hour, in which I have had the as a estropajo, I do not think it makes a great deal more to inform our colleagues.
		</tgt>
		<ref>
			?
		</ref>
	</judgedsentence>
	<judgedsentence id="1856" langsrc="es" langtgt="en" rank="-1" src-length="34" src-long="1" src-short="0" src-toolong="0" testset="test2008">
		<src>
			En nuestra calidad de institución legislativa, deberíamos en todo momento intentar impedir que se agrave la división que existe entre el medio urbano y el rural.
		</src>
		<tgt system="rbmt3">
			In our quality of legislative institution, we should try at all times to prevent the division that exists between the urban area and the rural one from worsening.
		</tgt>
		<tgt system="limsi">
			In our capacity as a legislative institution, we should at all times to try to prevent this worsening the divide between the urban and rural areas.
		</tgt>
		<ref>
			?
		</ref>
	</judgedsentence>
	<judgedsentence id="1884" langsrc="es" langtgt="en" rank="1" src-length="44" src-long="1" src-short="0" src-toolong="0" testset="test2008">
		<src>
			Señor Presidente, he votado a favor de este informe sobre el uso de aditivos en la alimentación, y en particular a favor de la prohibición de utilizar el alginato de sodio para conservar las zanahorias.
		</src>
		<tgt system="rbmt3">
			Señor Presidente, I have voted in favor of this report on the use of additives in the feeding, and particularly in favor of the prohibition of using the alginate of sodium to preserve the carrots.
		</tgt>
		<tgt system="saar">
			Mr President, I voted for this report on the use of additives in food, and particularly in favour of the ban on using the sodium alginate to conserve the carrots.
		</tgt>
		<ref>
			?
		</ref>
	</judgedsentence>
	<judgedsentence id="1906" langsrc="es" langtgt="en" rank="0" src-length="12" src-long="0" src-short="0" src-toolong="0" testset="test2008">
		<src>
			&quot; &quot;Entonces vamos a la cama y hacemos el amor.
		</src>
		<tgt system="rbmt3">
			&quot;Then we go to the bed and do the love.
		</tgt>
		<tgt system="uedin">
			&quot;we now want to bed, and we love.
		</tgt>
		<ref>
			?
		</ref>
	</judgedsentence>
	<judgedsentence id="1912" langsrc="es" langtgt="en" rank="-1" src-length="92" src-long="1" src-short="0" src-toolong="1" testset="test2008">
		<src>
			En primer lugar, que nosotros - y la gente ahí fuera - creemos que las medidas innovadoras han sido un peldaño muy importante para las administraciones locales y para las comunidades locales que no están realmente dentro de los fondos estructurales, pero que deberían estarlo, en su aprendizaje de cómo hacerlo mediante proyectos a pequeña escala que puedan convertirse en partes más eficaces de programas de generalización en los años futuros.
		</src>
		<tgt system="rbmt3">
			In the first place, that we - and the people there went - think that the innovative measures have been a very important step for the local administrations and for the local communities that are not really in the structural backgrounds, but that would owe to be it, in its learning of how to do it through projects at a small scale that can convert in parts more effective of programs of generalization in the future years.
		</tgt>
		<tgt system="limsi">
			Firstly, that we - and the people out there - we believe that innovative measures have been a very important step for local authorities and local communities which are not really within the structural funds, but that they should be, in learning how to do so through small-scale projects that they can become more effective programmes of generalisation in future years.
		</tgt>
		<ref>
			?
		</ref>
	</judgedsentence>
	<judgedsentence id="1989" langsrc="es" langtgt="en" rank="1" src-length="79" src-long="1" src-short="0" src-toolong="1" testset="test2008">
		<src>
			Señor Presidente, Señorías, en mi calidad de miembro del grupo de trabajo que se ocupa de la OMC y responsable, en particular, del tema de las pequeñas y medianas empresas, no puedo dejar de felicitar a la Comisión por su informe y por esta medida, que se anticipa a los acontecimientos con una visión a largo plazo y muy prometedora.
		</src>
		<tgt system="rbmt3">
			Señor Presidente, Ladyships, in my quality of member of the work group that is occupied of OMC and responsible, particularly, of the subject of the small and medium companies, I can not stop congratulating the Commission for its report and for this measure, who comes in advance to the events with a long-term and very promising vision.
		</tgt>
		<tgt system="limsi">
			Mr President, ladies and gentlemen, as a Member of the working group which deals with the WTO and responsible, in particular, the issue of small- and medium-sized enterprises, I cannot fail to congratulate the Commission on his report and for this measure, which it anticipates the events with a long-term vision and very promising.
		</tgt>
		<ref>
			?
		</ref>
	</judgedsentence>
	<judgedsentence id="60" langsrc="es" langtgt="en" rank="1" src-length="28" src-long="1" src-short="0" src-toolong="0" testset="newstest2008">
		<src>
			Según nuestras experiencias recogidas, a la mayoría de los consumidores de las tres tiendas visitadas, ya no les interesan los precios.
		</src>
		<tgt system="rbmt3">
			According to our experiences comprised, to most of the consumers of the three visited stores, the prices do not interest them any longer.
		</tgt>
		<tgt system="uedin">
			According to our experience garnered, the majority of consumers of the three shops already visited, are not interested in prices.
		</tgt>
		<ref>
			?
		</ref>
	</judgedsentence>
	<judgedsentence id="112" langsrc="es" langtgt="en" rank="1" src-length="16" src-long="0" src-short="0" src-toolong="0" testset="newstest2008">
		<src>
			El transeúnte perdió la vida después de haber sido hospitalizado.
		</src>
		<tgt system="rbmt3">
			The passer-by lost the life after having been hospitalized.
		</tgt>
		<tgt system="limsi">
			The transeúnte lost his life after being hospitalized.
		</tgt>
		<ref>
			?
		</ref>
	</judgedsentence>
	<judgedsentence id="220" langsrc="es" langtgt="en" rank="0" src-length="28" src-long="1" src-short="0" src-toolong="0" testset="newstest2008">
		<src>
			Asimismo se constituirá la comisión de huelga de la LIGA y del Sindicato Nacional de Maquinistas que coordinarán las acciones del lunes.
		</src>
		<tgt system="rbmt3">
			Likewise the commission of strike of the LEAGUE and of the National Trade Union of Engine Drivers who will coordinate the actions of Monday will be constituted.
		</tgt>
		<tgt system="saar">
			Likewise the Commission strike of the League and the National Union of train drivers' which will coordinate the actions on Monday.
		</tgt>
		<ref>
			?
		</ref>
	</judgedsentence>
	<judgedsentence id="300" langsrc="es" langtgt="en" rank="0" src-length="9" src-long="0" src-short="1" src-toolong="0" testset="newstest2008">
		<src>
			¿Dónde y por qué?
		</src>
		<tgt system="rbmt3">
			Where and why?
		</tgt>
		<tgt system="saar">
			Where and why?
		</tgt>
		<ref>
			?
		</ref>
	</judgedsentence>
	<judgedsentence id="440" langsrc="es" langtgt="en" rank="0" src-length="24" src-long="0" src-short="0" src-toolong="0" testset="newstest2008">
		<src>
			Y dos dias después, el banco anunció que había perdido 5.000 millones de euros por su culpa.
		</src>
		<tgt system="rbmt3">
			And two dias afterwards, the bank announced that it had lost 5.000 million euros for its fault.
		</tgt>
		<tgt system="limsi">
			And after two Dias, the bank announced that it had lost 5,000 million for his fault.
		</tgt>
		<ref>
			?
		</ref>
	</judgedsentence>
	<judgedsentence id="462" langsrc="es" langtgt="en" rank="1" src-length="24" src-long="0" src-short="0" src-toolong="0" testset="newstest2008">
		<src>
			Esta sociedad era ficticia y la cuenta pertenecía, en realidad, a sus familiares y partidarios más cercanosT.
		</src>
		<tgt system="rbmt3">
			This society was fictitious and the account belonged, in fact, to its relatives and partisans more cercanosT.
		</tgt>
		<tgt system="limsi">
			This society was fictitious and account belonged, in fact, their relatives and supporters cercanosT more.
		</tgt>
		<ref>
			?
		</ref>
	</judgedsentence>
	<judgedsentence id="512" langsrc="es" langtgt="en" rank="-1" src-length="33" src-long="1" src-short="0" src-toolong="0" testset="newstest2008">
		<src>
			&quot;Los bancos centrales deben tener realmente temor a lo que les espera todavía cuando decidieron dar este paso&quot; dijo el principal economista de ABN Amro, Kieran Davies.
		</src>
		<tgt system="rbmt3">
			&quot;The central banks must have fear of what waits them still really when they decided to give this crossing&quot; said the main economist of ABN Amro, Kieran Davies.
		</tgt>
		<tgt system="saar">
			&quot;the central banks should have really fear of what are still expected when they decided to pass&quot; said the chief economist of ABN AMRO, kieran Davies.
		</tgt>
		<ref>
			?
		</ref>
	</judgedsentence>
	<judgedsentence id="561" langsrc="es" langtgt="en" rank="-1" src-length="22" src-long="0" src-short="0" src-toolong="0" testset="newstest2008">
		<src>
			Sin embargo, los conductores deberán poco a poco ir cambiando los otros tipos de carné de conducir.
		</src>
		<tgt system="rbmt3">
			However, the drivers will owe little by little to keep changing the other types of driving licence.
		</tgt>
		<tgt system="limsi">
			However, drivers must gradually be changing other types of driving licence.
		</tgt>
		<ref>
			?
		</ref>
	</judgedsentence>
	<judgedsentence id="612" langsrc="es" langtgt="en" rank="0" src-length="10" src-long="0" src-short="0" src-toolong="0" testset="newstest2008">
		<src>
			La misma idea tiene también Harabiš.
		</src>
		<tgt system="rbmt3">
			The same idea has also Harabis.
		</tgt>
		<tgt system="limsi">
			The same idea has Harabiš also.
		</tgt>
		<ref>
			?
		</ref>
	</judgedsentence>
	<judgedsentence id="617" langsrc="es" langtgt="en" rank="-1" src-length="16" src-long="0" src-short="0" src-toolong="0" testset="newstest2008">
		<src>
			Ellos quieren vivir como parásitos de nuestro trabajo&quot; añadió.
		</src>
		<tgt system="rbmt3">
			They want to live as parasites of our work&quot; added.
		</tgt>
		<tgt system="uedin">
			They want to live as parasites of our work 'added.
		</tgt>
		<ref>
			?
		</ref>
	</judgedsentence>
	<judgedsentence id="641" langsrc="es" langtgt="en" rank="1" src-length="12" src-long="0" src-short="0" src-toolong="0" testset="newstest2008">
		<src>
			A decir verdad nunca me ha gustado demasiado el Peugeotu 206.
		</src>
		<tgt system="rbmt3">
			To say truth has never liked me too much the Peugeotu 206.
		</tgt>
		<tgt system="limsi">
			To tell the truth I have never liked the Peugeotu 206.
		</tgt>
		<ref>
			?
		</ref>
	</judgedsentence>
	<judgedsentence id="662" langsrc="es" langtgt="en" rank="1" src-length="31" src-long="1" src-short="0" src-toolong="0" testset="newstest2008">
		<src>
			Pero no en comparación con el vehículo del mismo tipo más vendido en la República Checa, el Škoda Fabia Combi.
		</src>
		<tgt system="rbmt3">
			But not in comparison with the vehicle of the same type most sold in the Czech Republic, the Škoda Fabia Combi.
		</tgt>
		<tgt system="limsi">
			But when compared with the same kind of vehicle more sold in the Czech Republic Škoda, Fabia Combi.
		</tgt>
		<ref>
			?
		</ref>
	</judgedsentence>
	<judgedsentence id="712" langsrc="es" langtgt="en" rank="-1" src-length="8" src-long="0" src-short="1" src-toolong="0" testset="newstest2008">
		<src>
			Entre sus invitados se encontraban, entre otros
		</src>
		<tgt system="rbmt3">
			Among its guests they were, among others
		</tgt>
		<tgt system="uedin">
			Between your visitors were, among other
		</tgt>
		<ref>
			?
		</ref>
	</judgedsentence>
	<judgedsentence id="750" langsrc="es" langtgt="en" rank="0" src-length="14" src-long="0" src-short="0" src-toolong="0" testset="newstest2008">
		<src>
			Con seguridad esa opinión ya es confirmada por el propio camino.
		</src>
		<tgt system="rbmt3">
			With safety that opinion already is confirmed through thepath itself.
		</tgt>
		<tgt system="saar">
			Surely this is already confirmed by the proper way.
		</tgt>
		<ref>
			?
		</ref>
	</judgedsentence>
	<judgedsentence id="762" langsrc="es" langtgt="en" rank="-1" src-length="23" src-long="0" src-short="0" src-toolong="0" testset="newstest2008">
		<src>
			&quot;El desarrollo en Afganistán es palpable pero las fuerzas armadas sólo pueden ser una de las soluciones.
		</src>
		<tgt system="rbmt3">
			&quot;The development in Afghanistan is palpable but the armed forces can only be one of the solutions.
		</tgt>
		<tgt system="limsi">
			&quot; The development in Afghanistan is palpable but armed forces can only be one of the solutions.
		</tgt>
		<ref>
			?
		</ref>
	</judgedsentence>
	<judgedsentence id="812" langsrc="es" langtgt="en" rank="-1" src-length="39" src-long="1" src-short="0" src-toolong="0" testset="newstest2008">
		<src>
			La cantidad está compuesta, sobre todo, del déficit del presupuesto del estado que este año será de 76 millones de coronas en vey de los previstos 91.300 millones de coronas.
		</src>
		<tgt system="rbmt3">
			The quantity is composed, especially, by the deficit from the budget of the state that this year will be of 76 million crowns in vey of the planned 91.300 million crowns.
		</tgt>
		<tgt system="limsi">
			The amount is comprised, above all, the deficit of the state budget this year 76 million kroner in vey than those provided for 91.300 million kroner.
		</tgt>
		<ref>
			?
		</ref>
	</judgedsentence>
	<judgedsentence id="812" langsrc="es" langtgt="en" rank="-1" src-length="39" src-long="1" src-short="0" src-toolong="0" testset="newstest2008">
		<src>
			La cantidad está compuesta, sobre todo, del déficit del presupuesto del estado que este año será de 76 millones de coronas en vey de los previstos 91.300 millones de coronas.
		</src>
		<tgt system="rbmt3">
			The quantity is composed, especially, by the deficit from the budget of the state that this year will be of 76 million crowns in vey of the planned 91.300 million crowns.
		</tgt>
		<tgt system="saar">
			The number is composed, above all, of the budget deficit of state that this year will be 76 billion Crowns in vey of due 91.300 million crowns.
		</tgt>
		<ref>
			?
		</ref>
	</judgedsentence>
	<judgedsentence id="812" langsrc="es" langtgt="en" rank="1" src-length="39" src-long="1" src-short="0" src-toolong="0" testset="newstest2008">
		<src>
			La cantidad está compuesta, sobre todo, del déficit del presupuesto del estado que este año será de 76 millones de coronas en vey de los previstos 91.300 millones de coronas.
		</src>
		<tgt system="rbmt3">
			The quantity is composed, especially, by the deficit from the budget of the state that this year will be of 76 million crowns in vey of the planned 91.300 million crowns.
		</tgt>
		<tgt system="limsi">
			The amount is comprised, above all, the deficit of the state budget this year 76 million kroner in vey than those provided for 91.300 million kroner.
		</tgt>
		<ref>
			?
		</ref>
	</judgedsentence>
	<judgedsentence id="827" langsrc="es" langtgt="en" rank="1" src-length="33" src-long="1" src-short="0" src-toolong="0" testset="newstest2008">
		<src>
			Recordemos que el nombre Mohamed también es el segundo nombre más dado en Gran Bretaña, se escribe en inglés con 14 modos diferentes.
		</src>
		<tgt system="rbmt3">
			We remember that the name Mohamed is also the second name most given in Great Britain, is written in English with 14 different modes.
		</tgt>
		<tgt system="uedin">
			We must remember that the name Mohamed is also the second name more given in Great Britain, he writes in English with 14 different ways.
		</tgt>
		<ref>
			?
		</ref>
	</judgedsentence>
	<judgedsentence id="830" langsrc="es" langtgt="en" rank="1" src-length="9" src-long="0" src-short="1" src-toolong="0" testset="newstest2008">
		<src>
			¿ Podemos por ejemplo darlo a un juguete?
		</src>
		<tgt system="rbmt3">
			Can we give it for example to a toy?
		</tgt>
		<tgt system="uedin">
			We can for example give it to a plaything?
		</tgt>
		<ref>
			?
		</ref>
	</judgedsentence>
	<judgedsentence id="862" langsrc="es" langtgt="en" rank="-1" src-length="10" src-long="0" src-short="0" src-toolong="0" testset="newstest2008">
		<src>
			Bush arranca un acuerdo entre israelíes y palestinos
		</src>
		<tgt system="rbmt3">
			Bush pulls an agreement between Israelis and Palestinians out
		</tgt>
		<tgt system="limsi">
			Bush begins an agreement between Israelis and Palestinians
		</tgt>
		<ref>
			?
		</ref>
	</judgedsentence>
	<judgedsentence id="862" langsrc="es" langtgt="en" rank="-1" src-length="10" src-long="0" src-short="0" src-toolong="0" testset="newstest2008">
		<src>
			Bush arranca un acuerdo entre israelíes y palestinos
		</src>
		<tgt system="rbmt3">
			Bush pulls an agreement between Israelis and Palestinians out
		</tgt>
		<tgt system="saar">
			Bush starts an agreement between Israelis and Palestinians
		</tgt>
		<ref>
			?
		</ref>
	</judgedsentence>
	<judgedsentence id="890" langsrc="es" langtgt="en" rank="-1" src-length="12" src-long="0" src-short="0" src-toolong="0" testset="newstest2008">
		<src>
			Los cuerpos de ambas víctimas han sido autopsiados ayer.
		</src>
		<tgt system="rbmt3">
			The bodies of both casualties have been autopsiadosyesterday.
		</tgt>
		<tgt system="uedin">
			The bodies of both victims have been autopsiados yesterday.
		</tgt>
		<ref>
			?
		</ref>
	</judgedsentence>
	<judgedsentence id="912" langsrc="es" langtgt="en" rank="-1" src-length="9" src-long="0" src-short="1" src-toolong="0" testset="newstest2008">
		<src>
			Por lo menos 350 abogados han sido interpelados.
		</src>
		<tgt system="rbmt3">
			At least 350 lawyers have been interpellated.
		</tgt>
		<tgt system="saar">
			At least 350 lawyers have been addressed.
		</tgt>
		<ref>
			?
		</ref>
	</judgedsentence>
	<judgedsentence id="1012" langsrc="es" langtgt="en" rank="1" src-length="18" src-long="0" src-short="0" src-toolong="0" testset="newstest2008">
		<src>
			La Unión Europea y la India quieren llegar a un acuerdo de libre cambio en 2008
		</src>
		<tgt system="rbmt3">
			The European Union and India want to arrive to an agreement of freetrade in 2008
		</tgt>
		<tgt system="limsi">
			The European Union and India want a free-trade agreement in 2008
		</tgt>
		<ref>
			?
		</ref>
	</judgedsentence>
	<judgedsentence id="1055" langsrc="es" langtgt="en" rank="1" src-length="9" src-long="0" src-short="1" src-toolong="0" testset="newstest2008">
		<src>
			Estos dos festivales tienen lugar en ambiente urbano.
		</src>
		<tgt system="rbmt3">
			These two festivals take place in urban atmosphere.
		</tgt>
		<tgt system="limsi">
			These two festivals in urban environment.
		</tgt>
		<ref>
			?
		</ref>
	</judgedsentence>
	<judgedsentence id="1069" langsrc="es" langtgt="en" rank="1" src-length="12" src-long="0" src-short="0" src-toolong="0" testset="newstest2008">
		<src>
			¿ Es difícil competir con el &quot;Governator&quot;?
		</src>
		<tgt system="rbmt3">
			Is it difficult to compete with the &quot;Governator&quot;?
		</tgt>
		<tgt system="saar">
			It is difficult to compete with the &quot;governator&quot;?
		</tgt>
		<ref>
			?
		</ref>
	</judgedsentence>
	<judgedsentence id="1119" langsrc="es" langtgt="en" rank="0" src-length="31" src-long="1" src-short="0" src-toolong="0" testset="newstest2008">
		<src>
			Captar los clientes particulares que se mueven por estas zonas para realizar sus compras, a las pymes, autónomos y comercios de las calles elegidas para abrir.
		</src>
		<tgt system="rbmt3">
			Collecting the particular customers who move through these areas to carry out its purchases, to the pymes, autonomous and trades of the streets chosen to open.
		</tgt>
		<tgt system="uedin">
			Attract private customers who are moving around these areas to shop, SMEs, self-employed and business in the streets chosen to open up.
		</tgt>
		<ref>
			?
		</ref>
	</judgedsentence>
	<judgedsentence id="1158" langsrc="es" langtgt="en" rank="0" src-length="2" src-long="0" src-short="1" src-toolong="0" testset="newstest2008">
		<src>
			1.
		</src>
		<tgt system="rbmt3">
			1.
		</tgt>
		<tgt system="saar">
			1.
		</tgt>
		<ref>
			?
		</ref>
	</judgedsentence>
	<judgedsentence id="1162" langsrc="es" langtgt="en" rank="-1" src-length="2" src-long="0" src-short="1" src-toolong="0" testset="newstest2008">
		<src>
			3.
		</src>
		<tgt system="rbmt3">
			3.
		</tgt>
		<tgt system="saar">
			3.
		</tgt>
		<ref>
			?
		</ref>
	</judgedsentence>
	<judgedsentence id="1218" langsrc="es" langtgt="en" rank="-1" src-length="10" src-long="0" src-short="0" src-toolong="0" testset="newstest2008">
		<src>
			Pero ni ha habido ni habrá esas explicaciones.
		</src>
		<tgt system="rbmt3">
			But not even there have been those explanations nor there will be thoseexplanations.
		</tgt>
		<tgt system="limsi">
			But neither has been and will these explanations.
		</tgt>
		<ref>
			?
		</ref>
	</judgedsentence>
	<judgedsentence id="1262" langsrc="es" langtgt="en" rank="1" src-length="45" src-long="1" src-short="0" src-toolong="0" testset="newstest2008">
		<src>
			F. La distribución de películas protegidas por copyright y sin autorización de los autores está más castigada que la distribución de material pornográfico a menores (artículo 186).
		</src>
		<tgt system="rbmt3">
			F. The distribution of films protected for copyright and without authorization of the authors is more punished than the distribution of pornographic material to smaller (article 186).
		</tgt>
		<tgt system="limsi">
			F. the distribution of films protected by copyright and without authorisation from the authors is worse than the distribution of pornographic material to minors (Article 186).
		</tgt>
		<ref>
			?
		</ref>
	</judgedsentence>
	<judgedsentence id="1301" langsrc="es" langtgt="en" rank="1" src-length="16" src-long="0" src-short="0" src-toolong="0" testset="newstest2008">
		<src>
			Por el contrario, una penalización es un recargo sobre dicha tarifa base.
		</src>
		<tgt system="rbmt3">
			On the contrary, a penalty is a surcharge on this fee base.
		</tgt>
		<tgt system="limsi">
			On the contrary, a penalty is a surcharge on this charge basis.
		</tgt>
		<ref>
			?
		</ref>
	</judgedsentence>
	<judgedsentence id="1362" langsrc="es" langtgt="en" rank="1" src-length="39" src-long="1" src-short="0" src-toolong="0" testset="newstest2008">
		<src>
			Bilal Abdullah, 28, un médico iraquí del Hospital Royal Alexandra de Paisley, fue arrestado en el aeropuerto después de chocar un jeep en las puertas del edificio terminal del aeropuerto.
		</src>
		<tgt system="rbmt3">
			Bilal Abdullah, 28, an Iraqi doctor of the Hospital Royal Alexandra de Paisley, was arrested in the airport after a jeep being startling in the doors of the terminal building of the airport.
		</tgt>
		<tgt system="uedin">
			Bilal Abdullah, 28, a doctor Iraqi Royal Alexandra hospital of Paisley, was arrested at the airport after one jeep head-on in the courtroom airport terminal.
		</tgt>
		<ref>
			?
		</ref>
	</judgedsentence>
	<judgedsentence id="1383" langsrc="es" langtgt="en" rank="1" src-length="13" src-long="0" src-short="0" src-toolong="0" testset="newstest2008">
		<src>
			Los premios fueron entregados en una ceremonia en la Roundhouse de Londres.
		</src>
		<tgt system="rbmt3">
			The prizes were delivered in a ceremony in the Roundhouse ofLondon.
		</tgt>
		<tgt system="uedin">
			The rewards were delivered in a ceremony in the roundhouse in London.
		</tgt>
		<ref>
			?
		</ref>
	</judgedsentence>
	<judgedsentence id="1389" langsrc="es" langtgt="en" rank="-1" src-length="29" src-long="1" src-short="0" src-toolong="0" testset="newstest2008">
		<src>
			Ray Winstone, que tiene reputación de jugar duro, recibió el premio Richard Jarris por su contribución al cine británico.
		</src>
		<tgt system="rbmt3">
			Ray Winstone, who reputation of playing has hard, received the prize Richard Jarris for its contribution to the British cinema.
		</tgt>
		<tgt system="uedin">
			Ray winstone, which has reputation of play tough, received the prize Richard jarris for their contribution to the cinema British.
		</tgt>
		<ref>
			?
		</ref>
	</judgedsentence>
	<judgedsentence id="1403" langsrc="es" langtgt="en" rank="1" src-length="46" src-long="1" src-short="0" src-toolong="0" testset="newstest2008">
		<src>
			El reporte, citando una declaración del Ministro del Interior saudí, dijo que 18 de los arrestados pertenecen a una célula liderada por un &quot;experto en lanzamiento de misiles&quot;, que ha entrado al país.
		</src>
		<tgt system="rbmt3">
			The report, mentioning a declaration of the Minister of the Saudi Arabian Interior, said that 18 of the arrested ones belong to a cell led by an &quot;expert in promotion of missiles&quot;, who has entered the country.
		</tgt>
		<tgt system="saar">
			The report, citing a statement of the Saudi Home Secretary, said that 18 of those arrested belong to a cell headed by an &quot;expert in launching missiles&quot;, that has entered the country.
		</tgt>
		<ref>
			?
		</ref>
	</judgedsentence>
	<judgedsentence id="1415" langsrc="es" langtgt="en" rank="-1" src-length="12" src-long="0" src-short="0" src-toolong="0" testset="newstest2008">
		<src>
			Venus es el planeta más cercano a la Tierra.
		</src>
		<tgt system="rbmt3">
			Venus is the planet nearest to the Earth.
		</tgt>
		<tgt system="uedin">
			It is the world's closest to the land.
		</tgt>
		<ref>
			?
		</ref>
	</judgedsentence>
	<judgedsentence id="1462" langsrc="es" langtgt="en" rank="1" src-length="55" src-long="1" src-short="0" src-toolong="1" testset="newstest2008">
		<src>
			Hace dos meses, cuando el primer ministro eludió llamar a una elección, insultando estúpidamente la inteligencia británica declarando que las encuestas de opinión no influyeron en su decisión, la esperanza era que proporcionaría un gobierno fuerte y eficiente.
		</src>
		<tgt system="rbmt3">
			Two months ago, when the first minister eluded calling to a choice, insulting stupidly the British intelligence declaring that the publi-opinion polls did not influence its decision, the expectation was that it would provide a strong and efficient government.
		</tgt>
		<tgt system="saar">
			Two months ago, when the Prime Minister avoided to call an election, insulting stupidly the British intelligence declaring that opinion polls not influence in its decision, the hope was that would provide a strong government and efficient.
		</tgt>
		<ref>
			?
		</ref>
	</judgedsentence>
	<judgedsentence id="1512" langsrc="es" langtgt="en" rank="-1" src-length="45" src-long="1" src-short="0" src-toolong="0" testset="newstest2008">
		<src>
			Pero los emisores de la tarjeta de crédito miran más el flujo de liquidez que los valores activos, de manera que los precios en caída no accionan necesariamente un cambio en la capacidad acreedora de los prestatarios.
		</src>
		<tgt system="rbmt3">
			But the issuers of the credit card look more the flow of liquidity than the active values, so that the prices in fall do not work necessarily a change in the deserving capacity of the borrowers.
		</tgt>
		<tgt system="saar">
			But the issuers of the credit card look more the flow of liquidity that the values assets, so that prices fall do not necessarily a change in the deserving capacity of the borrowers.
		</tgt>
		<ref>
			?
		</ref>
	</judgedsentence>
	<judgedsentence id="1562" langsrc="es" langtgt="en" rank="-1" src-length="22" src-long="0" src-short="0" src-toolong="0" testset="newstest2008">
		<src>
			(La conferencia es organizada por el International Herald Tribune, propiedad de la compañía New York Times)
		</src>
		<tgt system="rbmt3">
			(The conference is organized by the International Herald Tribune, estate of the company New York Times)
		</tgt>
		<tgt system="limsi">
			(The conference is organized by the International Herald Tribune, owned by the New York Times)
		</tgt>
		<ref>
			?
		</ref>
	</judgedsentence>
	<judgedsentence id="1585" langsrc="es" langtgt="en" rank="1" src-length="35" src-long="1" src-short="0" src-toolong="0" testset="newstest2008">
		<src>
			Incluso si muchos de sus clientes rusos son ricos, el sr. Karapetian aclara que la frase &quot;millonario ruso&quot; no significa exclusividad, dada la oleada de precios de las propiedades inmobiliarias.
		</src>
		<tgt system="rbmt3">
			Even if many of its Russian customers are rich, the sr. Karapetian clarifies that the sentence &quot;Russian millionaire&quot; does not mean exclusiveness, the wave of prices of the property estates given.
		</tgt>
		<tgt system="limsi">
			Even if many of their clients are rich Russians, Mr. Karapetian clarifies that the phrase &quot;Russian millionaire&quot; does not Mean exclusivity, given the wave of prices of properties.
		</tgt>
		<ref>
			?
		</ref>
	</judgedsentence>
	<judgedsentence id="1619" langsrc="es" langtgt="en" rank="0" src-length="53" src-long="1" src-short="0" src-toolong="1" testset="newstest2008">
		<src>
			El sr. McCarthy dijo que cuando llegó a Newark después de 25 años en el departamento del policía de Nueva York, la señora Arroyo fue de una inestimable ayuda para conocer la nueva ciudad insular y su ruda cultura política.
		</src>
		<tgt system="rbmt3">
			The sr. McCarthy said that when it reached Newark after 25 years in the department of the policeman of New York, Mrs. Arroyo was of an invaluable help to know the new insular city and its rough political culture.
		</tgt>
		<tgt system="uedin">
			Mr McCarthy said that when it came to Newark after 25 years in the department of the police in New York, Mrs Arroyo was a great help to see the new island town and its ruda political culture.
		</tgt>
		<ref>
			?
		</ref>
	</judgedsentence>
	<judgedsentence id="1636" langsrc="es" langtgt="en" rank="1" src-length="86" src-long="1" src-short="0" src-toolong="1" testset="newstest2008">
		<src>
			La presión al Banco de Inglaterra para seguir la actuación de la reserva federal y el ECB e inyectar fondos extra en los mercados de valores en Londres, tensionaron el crédito y las tasas de los préstamos a tres meses &quot;Libor&quot; entre los bancos británicos, lo significó el alza mayor desde septiembre, de un 6.59%, después de una subida constante desde el 12 de noviembre.
		</src>
		<tgt system="rbmt3">
			The pressure to the Bank of England to follow the performance of the federal reservation and the ECB and to inject backgrounds extra in the stock markets in London, tensionaron the loan and the rates of the loans at three months &quot;Libor&quot; among the British banks, the biggest rise since September, of 6.59%, meant it after a constant rise since the 12 of November.
		</tgt>
		<tgt system="uedin">
			The pressure to the Bank of England to the actions of the Federal Reserve and the ECB and inject extra funds in the stock markets in London, tensionaron credit and rates of loans to three months' libor &quot;between British banks, meant the greater since September, a 6.59%, after a constant increases from the 12 November.
		</tgt>
		<ref>
			?
		</ref>
	</judgedsentence>
	<judgedsentence id="1662" langsrc="es" langtgt="en" rank="1" src-length="15" src-long="0" src-short="0" src-toolong="0" testset="newstest2008">
		<src>
			Por el contrario, el equipo de Essex tiene joie de vivre en espadas.
		</src>
		<tgt system="rbmt3">
			On the contrary, the equipment of Essex has joie ofvivre in swords.
		</tgt>
		<tgt system="limsi">
			On the contrary, the team of Essex has in actual fact concerned with joie de vivre on swords.
		</tgt>
		<ref>
			?
		</ref>
	</judgedsentence>
	<judgedsentence id="1719" langsrc="es" langtgt="en" rank="-1" src-length="29" src-long="1" src-short="0" src-toolong="0" testset="newstest2008">
		<src>
			Como ha informado el Boletín Oficial del Estado venezolano, según la nueva ley, la hora pasará a menos cuatro horas GMT.
		</src>
		<tgt system="rbmt3">
			As it has informed the Venezuelan Official Gazette, according to the new law, the hour will pass to less four hours GMT.
		</tgt>
		<tgt system="limsi">
			As was reported by the Official State Bulletin Venezuelan, according to the new law will, unless four hours GMT.
		</tgt>
		<ref>
			?
		</ref>
	</judgedsentence>
	<judgedsentence id="1748" langsrc="es" langtgt="en" rank="-1" src-length="26" src-long="1" src-short="0" src-toolong="0" testset="newstest2008">
		<src>
			&quot;Posiblemente, Venus es un gemelo &quot;diabólico&quot; de la Tierra, pero sigue siendo un gemelo&quot;, dijo Russell.
		</src>
		<tgt system="rbmt3">
			&quot;Possibly, Venus is a &quot;diabolical&quot; cufflink of the Earth, but keeps being a cufflink&quot;, said Russell.
		</tgt>
		<tgt system="limsi">
			&quot;Possibly, sister Venus is a&quot; diabolical &quot; in the world, but remains a sister, &quot; said Russell.
		</tgt>
		<ref>
			?
		</ref>
	</judgedsentence>
	<judgedsentence id="1762" langsrc="es" langtgt="en" rank="-1" src-length="31" src-long="1" src-short="0" src-toolong="0" testset="newstest2008">
		<src>
			Koehler, el Presidente Federal, insiste en el fin de la pelea entre los partidos por la recepción de Dalai Lama en la Cancillería Federal.
		</src>
		<tgt system="rbmt3">
			Koehler, the Federal President, insists on the end of the fight among the matches through the reception of Dalai Lama in the Federal Chancellery.
		</tgt>
		<tgt system="saar">
			Koehler, the Federal President, insists on the end of the fight between the parties for the reception of Dalai Lama in the federal.
		</tgt>
		<ref>
			?
		</ref>
	</judgedsentence>
	<judgedsentence id="1762" langsrc="es" langtgt="en" rank="1" src-length="31" src-long="1" src-short="0" src-toolong="0" testset="newstest2008">
		<src>
			Koehler, el Presidente Federal, insiste en el fin de la pelea entre los partidos por la recepción de Dalai Lama en la Cancillería Federal.
		</src>
		<tgt system="rbmt3">
			Koehler, the Federal President, insists on the end of the fight among the matches through the reception of Dalai Lama in the Federal Chancellery.
		</tgt>
		<tgt system="uedin">
			Koehler, the German Federal President insists on the end of the fight between the parties for receiving Dalai Lama in the Federal Chancellor.
		</tgt>
		<ref>
			?
		</ref>
	</judgedsentence>
	<judgedsentence id="1812" langsrc="es" langtgt="en" rank="0" src-length="7" src-long="0" src-short="1" src-toolong="0" testset="newstest2008">
		<src>
			En el reino de Angela Wolke.
		</src>
		<tgt system="rbmt3">
			In the kingdom of Angela Wolke.
		</tgt>
		<tgt system="saar">
			In the realm of Angela wolke.
		</tgt>
		<ref>
			?
		</ref>
	</judgedsentence>
	<judgedsentence id="1812" langsrc="es" langtgt="en" rank="-1" src-length="7" src-long="0" src-short="1" src-toolong="0" testset="newstest2008">
		<src>
			En el reino de Angela Wolke.
		</src>
		<tgt system="rbmt3">
			In the kingdom of Angela Wolke.
		</tgt>
		<tgt system="limsi">
			In the realm of Angela Wolke.
		</tgt>
		<ref>
			?
		</ref>
	</judgedsentence>
	<judgedsentence id="1812" langsrc="es" langtgt="en" rank="1" src-length="7" src-long="0" src-short="1" src-toolong="0" testset="newstest2008">
		<src>
			En el reino de Angela Wolke.
		</src>
		<tgt system="rbmt3">
			In the kingdom of Angela Wolke.
		</tgt>
		<tgt system="saar">
			In the realm of Angela wolke.
		</tgt>
		<ref>
			?
		</ref>
	</judgedsentence>
	<judgedsentence id="1912" langsrc="es" langtgt="en" rank="1" src-length="45" src-long="1" src-short="0" src-toolong="0" testset="newstest2008">
		<src>
			No hacen nada más que fijar los micrófonos al órgano y a la batería para poder producir unos extraordinarios tonos con la ayuda de los aparatos de efectos que habían construido con sus propios manos.
		</src>
		<tgt system="rbmt3">
			They do not do anything else to fix the microphones to the organ and to the battery to be able to produce some extraordinary pitches with the help of the devices of effects that had built with his own hands.
		</tgt>
		<tgt system="limsi">
			Do nothing more than setting the body microphones and the battery to produce special tones with the help of equipment effects that was built with their own hands.
		</tgt>
		<ref>
			?
		</ref>
	</judgedsentence>
	<judgedsentence id="1925" langsrc="es" langtgt="en" rank="0" src-length="25" src-long="0" src-short="0" src-toolong="0" testset="newstest2008">
		<src>
			Las dos películas &quot;The Hunting Party&quot; y &quot;Moerderischer Frieden&quot; se dedican nuevamente a la guerra en los Balcanes.
		</src>
		<tgt system="rbmt3">
			The two films &quot;The Hunting Party&quot; and &quot;Moerderischer Frieden&quot; are dedicated again to the war in the Balkans.
		</tgt>
		<tgt system="saar">
			The two films &quot;the party&quot; and &quot;moerderischer Frieden&quot; engaged again to the war in the Balkans.
		</tgt>
		<ref>
			?
		</ref>
	</judgedsentence>
	<judgedsentence id="1994" langsrc="es" langtgt="en" rank="-1" src-length="46" src-long="1" src-short="0" src-toolong="0" testset="newstest2008">
		<src>
			En 1964 Warhol creó en Nueva York sus primeras &quot;Brillo-Boxes&quot;, pintó las cajas de madera de rojo, azul y blanco, con la misma muestra que tenían cartones de polvo de jabón &quot;Brillo&quot;.
		</src>
		<tgt system="rbmt3">
			In 1964 Warhol it created in New York his first &quot;Brightness-Boxes&quot;, painted the wooden boxes of red, blue and white, with the same exhibition that cardboards of dust of soap &quot;Brightness&quot; had.
		</tgt>
		<tgt system="uedin">
			In 1964 warhol created in New York their first &quot;'boxes brillo-boxes ’ s depiction of timber, blue red and white, with the same shows that had cartons of washing powder&quot; Europe &quot;.
		</tgt>
		<ref>
			?
		</ref>
	</judgedsentence>
	<judgedsentence id="2024" langsrc="es" langtgt="en" rank="0" src-length="13" src-long="0" src-short="0" src-toolong="0" testset="newstest2008">
		<src>
			Desde hace meses su gobierno recibe reproches por la corrupción.
		</src>
		<tgt system="rbmt3">
			Since months ago its government receives reproachesby the corruption.
		</tgt>
		<tgt system="limsi">
			For months, his government gets blamed for corruption.
		</tgt>
		<ref>
			?
		</ref>
	</judgedsentence>
</jcml>
